<?xml version="1.0" encoding="UTF-8"?>
<!-- Generated by org.testng.reporters.JUnitReportReporter -->
<testsuite hostname="Nom-31" failures="0" tests="1" name="Company_Director_Tests.TC86CD_StatePensionReached" time="46.339" errors="0" timestamp="2022-01-31T05:54:57 IST" skipped="0">
  <testcase classname="Company_Director_Tests.TC86CD_StatePensionReached" name="GoToUrlAssertUrlClickgotoReportsClickclickP11ClickgetLELAmountClickgetPTAmountClickgetUELAmou" time="46.339"/>
  <system-out/>
</testsuite> <!-- Company_Director_Tests.TC86CD_StatePensionReached -->
