<?xml version="1.0" encoding="UTF-8"?>
<!-- Generated by org.testng.reporters.JUnitReportReporter -->
<testsuite hostname="Nom-31" failures="0" tests="1" name="PaymentManagement.TC02_PM_MulFreq1" time="75.772" errors="0" timestamp="2021-06-04T19:03:03 IST" skipped="0">
  <testcase classname="PaymentManagement.TC02_PM_MulFreq1" name="GoToUrlAssertUrlPositiveEnterEnterUsernamePositiveEnterEnterpasswordClickLoginButtonGoToUrlAs" time="75.772"/>
  <system-out/>
</testsuite> <!-- PaymentManagement.TC02_PM_MulFreq1 -->
