<?xml version="1.0" encoding="UTF-8"?>
<!-- Generated by org.testng.reporters.JUnitReportReporter -->
<testsuite hostname="Nom-31" failures="0" tests="1" name="_1943_GrossPay_Reports_Test.T126TC02_GrossPayTest" time="68.829" errors="0" timestamp="2021-12-06T22:39:04 IST" skipped="0">
  <testcase classname="_1943_GrossPay_Reports_Test.T126TC02_GrossPayTest" name="GoToUrlAssertUrlPositiveEnterEnterUsernamePositiveEnterEnterpasswordClickLoginButtonGoToUrlAs1" time="68.829"/>
  <system-out/>
</testsuite> <!-- _1943_GrossPay_Reports_Test.T126TC02_GrossPayTest -->
