<?xml version="1.0" encoding="UTF-8"?>
<!-- Generated by org.testng.reporters.JUnitReportReporter -->
<testsuite hostname="Nom-31" failures="0" tests="1" name="Quaterly_Paye_Scheme_test.CIS_With_Enable_PaySchemetest" time="50.492" errors="0" timestamp="2021-06-06T19:52:02 IST" skipped="0">
  <testcase classname="Quaterly_Paye_Scheme_test.CIS_With_Enable_PaySchemetest" name="GoToUrlAssertUrlPositiveEnterEnterUsernamePositiveEnterEnterpasswordClickLoginButtonGoToUrlAs" time="50.492"/>
  <system-out/>
</testsuite> <!-- Quaterly_Paye_Scheme_test.CIS_With_Enable_PaySchemetest -->
