<?xml version="1.0" encoding="UTF-8"?>
<!-- Generated by org.testng.reporters.JUnitReportReporter -->
<testsuite hostname="Nom-31" failures="0" tests="1" name="SmallerEmployertest.T145TC10_SER_MidYearStat103Check" time="38.236" errors="0" timestamp="2022-03-14T15:26:38 IST" skipped="0">
  <testcase classname="SmallerEmployertest.T145TC10_SER_MidYearStat103Check" name="GoToUrlAssertUrlClickclickAllowancesSchemesClickselectYestosmallERClickselectNotosmallERClickc" time="38.236"/>
  <system-out/>
</testsuite> <!-- SmallerEmployertest.T145TC10_SER_MidYearStat103Check -->
