<?xml version="1.0" encoding="UTF-8"?>
<!-- Generated by org.testng.reporters.JUnitReportReporter -->
<testsuite hostname="Nom-31" failures="0" tests="1" name="_1760ER_Allow.T158TC06_1760_ERNI_EPSGen_DefaultProfile" time="63.840" errors="0" timestamp="2021-11-11T04:10:42 IST" skipped="0">
  <testcase classname="_1760ER_Allow.T158TC06_1760_ERNI_EPSGen_DefaultProfile" name="GoToUrlAssertUrlPositiveEnterEnterUsernamePositiveEnterEnterpasswordClickLoginButtonGoToUrlAs" time="63.840"/>
  <system-out/>
</testsuite> <!-- _1760ER_Allow.T158TC06_1760_ERNI_EPSGen_DefaultProfile -->
