<?xml version="1.0" encoding="UTF-8"?>
<!-- Generated by org.testng.reporters.JUnitReportReporter -->
<testsuite hostname="Nom-31" failures="0" tests="1" name="test.frequency.TC23subScriptExistingEmployerFrequency_DefaultProfile" time="52.629" errors="0" timestamp="2022-03-14T15:26:38 IST" skipped="0">
  <testcase classname="test.frequency.TC23subScriptExistingEmployerFrequency_DefaultProfile" name="GoToUrlAssertUrlPositiveEnterEnterUsernamePositiveEnterEnterpasswordClickLoginButtonGoToUrlAs1" time="52.629"/>
  <system-out/>
</testsuite> <!-- test.frequency.TC23subScriptExistingEmployerFrequency_DefaultProfile -->
