<?xml version="1.0" encoding="UTF-8"?>
<!-- Generated by org.testng.reporters.JUnitReportReporter -->
<testsuite hostname="Nom-31" failures="0" tests="1" name="verifySummaryReportsData.TC241verifysummaryreportwhenMonthly" time="49.743" errors="0" timestamp="2021-12-21T12:09:45 IST" skipped="0">
  <testcase classname="verifySummaryReportsData.TC241verifysummaryreportwhenMonthly" name="GoToUrlAssertUrlClickclickAllowancesSchemesClickmarkYesClickclickSaveClickgotoPayrollDashboard" time="49.743"/>
  <system-out/>
</testsuite> <!-- verifySummaryReportsData.TC241verifysummaryreportwhenMonthly -->
