<?xml version="1.0" encoding="UTF-8"?>
<!-- Generated by org.testng.reporters.JUnitReportReporter -->
<testsuite hostname="Nom-31" failures="0" tests="7" name="AOE.TC873_879AOE_ChildSupportPopupA1" time="362.534" errors="0" timestamp="2022-03-14T15:26:38 IST" skipped="0">
  <testcase classname="AOE.TC873_879AOE_ChildSupportPopupA1" name="GoToUrlAssertUrlPositiveEnterEnterUsernamePositiveEnterEnterpasswordClickLoginButtonGoToUrlAs1" time="44.412"/>
  <system-out/>
  <testcase classname="AOE.TC873_879AOE_ChildSupportPopupA1" name="GoToUrlAssertUrlPositiveEnterEnterUsernamePositiveEnterEnterpasswordClickLoginButtonGoToUrlAs2" time="46.137"/>
  <system-out/>
  <testcase classname="AOE.TC873_879AOE_ChildSupportPopupA1" name="GoToUrlAssertUrlPositiveEnterEnterUsernamePositiveEnterEnterpasswordClickLoginButtonGoToUrlAs3" time="52.909"/>
  <system-out/>
  <testcase classname="AOE.TC873_879AOE_ChildSupportPopupA1" name="GoToUrlAssertUrlPositiveEnterEnterUsernamePositiveEnterEnterpasswordClickLoginButtonGoToUrlAs4" time="53.445"/>
  <system-out/>
  <testcase classname="AOE.TC873_879AOE_ChildSupportPopupA1" name="GoToUrlAssertUrlPositiveEnterEnterUsernamePositiveEnterEnterpasswordClickLoginButtonGoToUrlAs5" time="53.679"/>
  <system-out/>
  <testcase classname="AOE.TC873_879AOE_ChildSupportPopupA1" name="GoToUrlAssertUrlPositiveEnterEnterUsernamePositiveEnterEnterpasswordClickLoginButtonGoToUrlAs6" time="57.691"/>
  <system-out/>
  <testcase classname="AOE.TC873_879AOE_ChildSupportPopupA1" name="GoToUrlAssertUrlPositiveEnterEnterUsernamePositiveEnterEnterpasswordClickLoginButtonGoToUrlAs7" time="54.261"/>
  <system-out/>
</testsuite> <!-- AOE.TC873_879AOE_ChildSupportPopupA1 -->
