<?xml version="1.0" encoding="UTF-8"?>
<!-- Generated by org.testng.reporters.JUnitReportReporter -->
<testsuite hostname="Nom-31" failures="0" tests="2" name="_2087EmailLog.TC453EmailLogMainContact" time="100.722" errors="0" timestamp="2021-08-25T00:05:23 IST" skipped="0">
  <testcase classname="_2087EmailLog.TC453EmailLogMainContact" name="GoToUrlAssertUrlClickclickAllowancesSchemesClickmarkYesClickclickSaveClickgotoPayrollDashboard" time="54.141"/>
  <system-out/>
  <testcase classname="_2087EmailLog.TC453EmailLogMainContact" name="GoToUrlAssertUrlClickclickAllowancesSchemesClickmarkYesClickclickSaveClickgotoPayrollDashboard1" time="46.581"/>
  <system-out/>
</testsuite> <!-- _2087EmailLog.TC453EmailLogMainContact -->
