<?xml version="1.0" encoding="UTF-8"?>
<!-- Generated by org.testng.reporters.JUnitReportReporter -->
<testsuite hostname="Nom-31" failures="0" tests="6" name="_1540EEInfoImport.TC933_938CheckPayroll_AwaitingReview" time="199.157" errors="0" timestamp="2022-03-14T15:26:38 IST" skipped="0">
  <testcase classname="_1540EEInfoImport.TC933_938CheckPayroll_AwaitingReview" name="AwaitingReview_Overdue" time="33.698"/>
  <system-out/>
  <testcase classname="_1540EEInfoImport.TC933_938CheckPayroll_AwaitingReview" name="AwaitingReview_1week" time="32.691"/>
  <system-out/>
  <testcase classname="_1540EEInfoImport.TC933_938CheckPayroll_AwaitingReview" name="AwaitingReview_1Month" time="33.368"/>
  <system-out/>
  <testcase classname="_1540EEInfoImport.TC933_938CheckPayroll_AwaitingReview" name="AwaitingReview_2Month" time="33.053"/>
  <system-out/>
  <testcase classname="_1540EEInfoImport.TC933_938CheckPayroll_AwaitingReview" name="AwaitingReview_3_6Month" time="32.745"/>
  <system-out/>
  <testcase classname="_1540EEInfoImport.TC933_938CheckPayroll_AwaitingReview" name="AwaitingReview_6plusMonth" time="33.602"/>
  <system-out/>
</testsuite> <!-- _1540EEInfoImport.TC933_938CheckPayroll_AwaitingReview -->
