<?xml version="1.0" encoding="UTF-8"?>
<!-- Generated by org.testng.reporters.JUnitReportReporter -->
<testsuite hostname="Nom-31" failures="0" tests="8" name="_1749PensionConribution.TC815_822PensionContributionPage" time="202.133" errors="0" timestamp="2022-03-14T15:26:38 IST" skipped="0">
  <testcase classname="_1749PensionConribution.TC815_822PensionContributionPage" name="verifyPentionContributionTable" time="23.889"/>
  <system-out/>
  <testcase classname="_1749PensionConribution.TC815_822PensionContributionPage" name="verifyAccountManagerSelectOption" time="25.072"/>
  <system-out/>
  <testcase classname="_1749PensionConribution.TC815_822PensionContributionPage" name="verifyCompanyNameSelectOption" time="26.322"/>
  <system-out/>
  <testcase classname="_1749PensionConribution.TC815_822PensionContributionPage" name="VerifyselectStatusPendin" time="25.476"/>
  <system-out/>
  <testcase classname="_1749PensionConribution.TC815_822PensionContributionPage" name="VerifyselectStatusFailed" time="24.792"/>
  <system-out/>
  <testcase classname="_1749PensionConribution.TC815_822PensionContributionPage" name="VerifyselectStatusAll" time="27.338"/>
  <system-out/>
  <testcase classname="_1749PensionConribution.TC815_822PensionContributionPage" name="verifySubmitContributionButtonAvailability" time="24.836"/>
  <system-out/>
  <testcase classname="_1749PensionConribution.TC815_822PensionContributionPage" name="verifySubmitContributionTotalRecord" time="24.408"/>
  <system-out/>
</testsuite> <!-- _1749PensionConribution.TC815_822PensionContributionPage -->
