<?xml version="1.0" encoding="UTF-8"?>
<!-- Generated by org.testng.reporters.JUnitReportReporter -->
<testsuite hostname="Nom-31" failures="0" tests="1" name="AlertsForEmployeeAge.TC485over25andEmpApperenticeInFirstYear" time="79.683" errors="0" timestamp="2022-01-31T05:54:55 IST" skipped="0">
  <testcase classname="AlertsForEmployeeAge.TC485over25andEmpApperenticeInFirstYear" name="GoToUrlAssertUrlPositiveEnterEnterUsernamePositiveEnterEnterpasswordClickLoginButtonGoToUrlAs" time="79.683"/>
  <system-out/>
</testsuite> <!-- AlertsForEmployeeAge.TC485over25andEmpApperenticeInFirstYear -->
