<?xml version="1.0" encoding="UTF-8"?>
<!-- Generated by org.testng.reporters.JUnitReportReporter -->
<testsuite hostname="Nom-31" failures="0" tests="1" name="PaymentManagement.TC71subscriptPaymentmmgtwhenMidyear" time="54.515" errors="0" timestamp="2022-01-31T05:54:56 IST" skipped="0">
  <testcase classname="PaymentManagement.TC71subscriptPaymentmmgtwhenMidyear" name="GoToUrlAssertUrlPositiveEnterEnterUsernamePositiveEnterEnterpasswordClickLoginButtonGoToUrlAs" time="54.515"/>
  <system-out/>
</testsuite> <!-- PaymentManagement.TC71subscriptPaymentmmgtwhenMidyear -->
