<?xml version="1.0" encoding="UTF-8"?>
<!-- Generated by org.testng.reporters.JUnitReportReporter -->
<testsuite hostname="Nom-31" failures="0" tests="2" name="_2170RTI_Submission.TC698_699CheckTaxablePayJoinMidFortNight" time="100.702" errors="0" timestamp="2022-01-31T05:54:55 IST" skipped="0">
  <testcase classname="_2170RTI_Submission.TC698_699CheckTaxablePayJoinMidFortNight" name="GoToUrlAssertUrlPositiveEnterEnterUsernamePositiveEnterEnterpasswordClickLoginButtonGoToUrlAs" time="57.166"/>
  <system-out/>
  <testcase classname="_2170RTI_Submission.TC698_699CheckTaxablePayJoinMidFortNight" name="GoToUrlAssertUrlPositiveEnterEnterUsernamePositiveEnterEnterpasswordClickLoginButtonGoToUrlAs1" time="43.536"/>
  <system-out/>
</testsuite> <!-- _2170RTI_Submission.TC698_699CheckTaxablePayJoinMidFortNight -->
