<?xml version="1.0" encoding="UTF-8"?>
<!-- Generated by org.testng.reporters.JUnitReportReporter -->
<testsuite hostname="Nom-31" failures="0" tests="2" name="_1743B.TC19" time="103.795" errors="0" timestamp="2022-01-31T05:54:56 IST" skipped="0">
  <testcase classname="_1743B.TC19" name="GoToUrlAssertUrlPositiveEnterEnterUsernamePositiveEnterEnterpasswordClickLoginButtonGoToUrlAs" time="59.299"/>
  <system-out/>
  <testcase classname="_1743B.TC19" name="GoToUrlAssertUrlPositiveEnterEnterUsernamePositiveEnterEnterpasswordClickLoginButtonGoToUrlAs1" time="44.496"/>
  <system-out/>
</testsuite> <!-- _1743B.TC19 -->
