<?xml version="1.0" encoding="UTF-8"?>
<!-- Generated by org.testng.reporters.JUnitReportReporter -->
<testsuite hostname="Nom-31" failures="0" tests="1" name="PaymentManagement.T118TC05_PM_MidYear2" time="59.572" errors="0" timestamp="2021-12-21T12:09:45 IST" skipped="0">
  <testcase classname="PaymentManagement.T118TC05_PM_MidYear2" name="GoToUrlAssertUrlPositiveEnterEnterUsernamePositiveEnterEnterpasswordClickLoginButtonGoToUrlAs" time="59.572"/>
  <system-out/>
</testsuite> <!-- PaymentManagement.T118TC05_PM_MidYear2 -->
