<?xml version="1.0" encoding="UTF-8"?>
<!-- Generated by org.testng.reporters.JUnitReportReporter -->
<testsuite hostname="Nom-31" failures="0" tests="1" name="AlertsForEmployeeAge.TC484over25andEmpApperenticeafterFirstYear" time="66.825" errors="0" timestamp="2021-12-06T22:39:04 IST" skipped="0">
  <testcase classname="AlertsForEmployeeAge.TC484over25andEmpApperenticeafterFirstYear" name="GoToUrlAssertUrlPositiveEnterEnterUsernamePositiveEnterEnterpasswordClickLoginButtonGoToUrlAs" time="66.825"/>
  <system-out/>
</testsuite> <!-- AlertsForEmployeeAge.TC484over25andEmpApperenticeafterFirstYear -->
