<?xml version="1.0" encoding="UTF-8"?>
<!-- Generated by org.testng.reporters.JUnitReportReporter -->
<testsuite hostname="Nom-31" failures="0" tests="1" name="EPStest.TC43_FinalEPSGen" time="43.296" errors="0" timestamp="2021-12-06T22:39:04 IST" skipped="0">
  <testcase classname="EPStest.TC43_FinalEPSGen" name="GoToUrlAssertUrlPositiveEnterEnterUsernamePositiveEnterEnterpasswordClickLoginButtonGoToUrlAs1" time="43.296"/>
  <system-out/>
</testsuite> <!-- EPStest.TC43_FinalEPSGen -->
