<?xml version="1.0" encoding="UTF-8"?>
<!-- Generated by org.testng.reporters.JUnitReportReporter -->
<testsuite hostname="Nom-31" failures="0" tests="1" name="frequencytest.TC62subscriptDiffFPSforDiffFreq" time="39.516" errors="0" timestamp="2022-03-14T15:26:37 IST" skipped="0">
  <testcase classname="frequencytest.TC62subscriptDiffFPSforDiffFreq" name="GoToUrlAssertUrlPositiveEnterEnterUsernamePositiveEnterEnterpasswordClickLoginButtonGoToUrlAs1" time="39.516"/>
  <system-out/>
</testsuite> <!-- frequencytest.TC62subscriptDiffFPSforDiffFreq -->
