<?xml version="1.0" encoding="UTF-8"?>
<!-- Generated by org.testng.reporters.JUnitReportReporter -->
<testsuite hostname="Nom-31" failures="0" tests="1" name="tests1.TC33SubScriptAddContractor_DefaultProfile" time="22.538" errors="0" timestamp="2022-01-31T05:54:57 IST" skipped="0">
  <testcase classname="tests1.TC33SubScriptAddContractor_DefaultProfile" name="GoToUrlAssertUrlPositiveEnterEnterUsernamePositiveEnterEnterpasswordClickLoginButtonGoToUrlAs" time="22.538"/>
  <system-out/>
</testsuite> <!-- tests1.TC33SubScriptAddContractor_DefaultProfile -->
