<?xml version="1.0" encoding="UTF-8"?>
<!-- Generated by org.testng.reporters.JUnitReportReporter -->
<testsuite hostname="Nom-31" failures="0" tests="1" name="_2134StarterDetail.TC661StarterDetailnotVisibleReportsof2Weekly" time="42.593" errors="0" timestamp="2021-12-06T22:39:04 IST" skipped="0">
  <testcase classname="_2134StarterDetail.TC661StarterDetailnotVisibleReportsof2Weekly" name="GoToUrlAssertUrlClickclickAllowancesSchemesClickmarkYesClickclickSaveClickgotoPayrollDashboard" time="42.593"/>
  <system-out/>
</testsuite> <!-- _2134StarterDetail.TC661StarterDetailnotVisibleReportsof2Weekly -->
