<?xml version="1.0" encoding="UTF-8"?>
<!-- Generated by org.testng.reporters.JUnitReportReporter -->
<testsuite hostname="Nom-31" failures="0" tests="1" name="_2118SMPDOB.TC561SMP_XMLFourWeekly10" time="40.006" errors="0" timestamp="2021-12-06T22:39:04 IST" skipped="0">
  <testcase classname="_2118SMPDOB.TC561SMP_XMLFourWeekly10" name="GoToUrlAssertUrlClickgotoReportsClickclickP11ClickgetLELAmountClickgetPTAmountClickgetUELAmou" time="40.006"/>
  <system-out/>
</testsuite> <!-- _2118SMPDOB.TC561SMP_XMLFourWeekly10 -->
