<?xml version="1.0" encoding="UTF-8"?>
<!-- Generated by org.testng.reporters.JUnitReportReporter -->
<testsuite hostname="Nom-31" failures="0" tests="2" name="_2087EmailLog.TC459_460EmailLogFromAgentPage" time="51.185" errors="0" timestamp="2022-03-14T15:26:38 IST" skipped="0">
  <testcase classname="_2087EmailLog.TC459_460EmailLogFromAgentPage" name="GoToUrlAssertUrlClickclickAllowancesSchemesClickmarkYesClickclickSaveClickgotoPayrollDashboard" time="25.820"/>
  <system-out/>
  <testcase classname="_2087EmailLog.TC459_460EmailLogFromAgentPage" name="GoToUrlAssertUrlClickclickAllowancesSchemesClickmarkYesClickclickSaveClickgotoPayrollDashboard1" time="25.365"/>
  <system-out/>
</testsuite> <!-- _2087EmailLog.TC459_460EmailLogFromAgentPage -->
