<?xml version="1.0" encoding="UTF-8"?>
<!-- Generated by org.testng.reporters.JUnitReportReporter -->
<testsuite hostname="Nom-31" failures="0" tests="1" name="Company_Director_Tests.TC11_CD_Pay4Monthonly3" time="50.366" errors="0" timestamp="2021-06-05T19:55:17 IST" skipped="0">
  <testcase classname="Company_Director_Tests.TC11_CD_Pay4Monthonly3" name="GoToUrlAssertUrlClickgotoReportsClickclickP11ClickgetLELAmountClickgetPTAmountClickgetUELAmou" time="50.366"/>
  <system-out/>
</testsuite> <!-- Company_Director_Tests.TC11_CD_Pay4Monthonly3 -->
