<?xml version="1.0" encoding="UTF-8"?>
<!-- Generated by org.testng.reporters.JUnitReportReporter -->
<testsuite hostname="Nom-31" failures="0" tests="2" name="_2170RTI_Submission.TC692_693CheckTaxablePayForMidYear" time="94.009" errors="0" timestamp="2021-12-21T12:09:45 IST" skipped="0">
  <testcase classname="_2170RTI_Submission.TC692_693CheckTaxablePayForMidYear" name="GoToUrlAssertUrlPositiveEnterEnterUsernamePositiveEnterEnterpasswordClickLoginButtonGoToUrlAs" time="54.175"/>
  <system-out/>
  <testcase classname="_2170RTI_Submission.TC692_693CheckTaxablePayForMidYear" name="GoToUrlAssertUrlPositiveEnterEnterUsernamePositiveEnterEnterpasswordClickLoginButtonGoToUrlAs1" time="39.834"/>
  <system-out/>
</testsuite> <!-- _2170RTI_Submission.TC692_693CheckTaxablePayForMidYear -->
