<?xml version="1.0" encoding="UTF-8"?>
<!-- Generated by org.testng.reporters.JUnitReportReporter -->
<testsuite hostname="Nom-31" failures="0" tests="1" name="tests.subscriptEmployerOpeningBalance_DefaultProfile" time="42.977" errors="0" timestamp="2021-05-06T17:11:07 IST" skipped="0">
  <testcase classname="tests.subscriptEmployerOpeningBalance_DefaultProfile" name="GoToUrlAssertUrlPositiveEnterEnterUsernamePositiveEnterEnterpasswordClickLoginButtonGoToUrlAs" time="42.977"/>
  <system-out/>
</testsuite> <!-- tests.subscriptEmployerOpeningBalance_DefaultProfile -->
