<?xml version="1.0" encoding="UTF-8"?>
<!-- Generated by org.testng.reporters.JUnitReportReporter -->
<testsuite hostname="Nom-31" failures="0" tests="1" name="_2128AutoPayProtection.TC620PDFProtectionwithEmployerSummaryEEMain" time="68.259" errors="0" timestamp="2021-12-06T22:39:04 IST" skipped="0">
  <testcase classname="_2128AutoPayProtection.TC620PDFProtectionwithEmployerSummaryEEMain" name="GoToUrlAssertUrlPositiveEnterEnterUsernamePositiveEnterEnterpasswordClickLoginButtonGoToUrlAs" time="68.259"/>
  <system-out/>
</testsuite> <!-- _2128AutoPayProtection.TC620PDFProtectionwithEmployerSummaryEEMain -->
