<?xml version="1.0" encoding="UTF-8"?>
<!-- Generated by org.testng.reporters.JUnitReportReporter -->
<testsuite hostname="Nom-31" failures="0" tests="6" name="_1540EEInfoImport.TC939_944CheckPayroll_AwaitingReviewClient" time="199.585" errors="0" timestamp="2022-03-14T15:26:38 IST" skipped="0">
  <testcase classname="_1540EEInfoImport.TC939_944CheckPayroll_AwaitingReviewClient" name="AwaitingReview_Overdue" time="33.067"/>
  <system-out/>
  <testcase classname="_1540EEInfoImport.TC939_944CheckPayroll_AwaitingReviewClient" name="AwaitingReview_1week" time="33.484"/>
  <system-out/>
  <testcase classname="_1540EEInfoImport.TC939_944CheckPayroll_AwaitingReviewClient" name="AwaitingReview_1Month" time="33.277"/>
  <system-out/>
  <testcase classname="_1540EEInfoImport.TC939_944CheckPayroll_AwaitingReviewClient" name="AwaitingReview_2Month" time="32.117"/>
  <system-out/>
  <testcase classname="_1540EEInfoImport.TC939_944CheckPayroll_AwaitingReviewClient" name="AwaitingReview_3_6Month" time="33.914"/>
  <system-out/>
  <testcase classname="_1540EEInfoImport.TC939_944CheckPayroll_AwaitingReviewClient" name="AwaitingReview_6plusMonth" time="33.726"/>
  <system-out/>
</testsuite> <!-- _1540EEInfoImport.TC939_944CheckPayroll_AwaitingReviewClient -->
