<?xml version="1.0" encoding="UTF-8"?>
<!-- Generated by org.testng.reporters.JUnitReportReporter -->
<testsuite hostname="Nom-31" failures="0" tests="1" name="_2129SummaryCustomized.TC594SummaryDsbEmailQtr" time="75.594" errors="0" timestamp="2021-11-11T22:30:22 IST" skipped="0">
  <testcase classname="_2129SummaryCustomized.TC594SummaryDsbEmailQtr" name="GoToUrlAssertUrlClickPayslipsPositiveSelectPayrollDateClickEmailPayslipsClickTickCompanyemaila" time="75.594"/>
  <system-out/>
</testsuite> <!-- _2129SummaryCustomized.TC594SummaryDsbEmailQtr -->
