<?xml version="1.0" encoding="UTF-8"?>
<!-- Generated by org.testng.reporters.JUnitReportReporter -->
<testsuite hostname="Nom-31" failures="0" tests="1" name="test.frequency.TC21subScriptPayFrequencyWeekly_DefaultProfile" time="51.616" errors="0" timestamp="2021-12-06T22:39:04 IST" skipped="0">
  <testcase classname="test.frequency.TC21subScriptPayFrequencyWeekly_DefaultProfile" name="GoToUrlAssertUrlPositiveEnterEnterUsernamePositiveEnterEnterpasswordClickLoginButtonGoToUrlAs1" time="51.616"/>
  <system-out/>
</testsuite> <!-- test.frequency.TC21subScriptPayFrequencyWeekly_DefaultProfile -->
