<?xml version="1.0" encoding="UTF-8"?>
<!-- Generated by org.testng.reporters.JUnitReportReporter -->
<testsuite hostname="Nom-31" failures="0" tests="2" name="_1744CISDSBTest.TC498_499InactiveActiveContractor" time="67.343" errors="0" timestamp="2021-11-11T04:10:42 IST" skipped="0">
  <testcase classname="_1744CISDSBTest.TC498_499InactiveActiveContractor" name="GoToUrlAssertUrlPositiveEnterEnterUsernamePositiveEnterEnterpasswordClickLoginButtonGoToUrlAs" time="36.697"/>
  <system-out/>
  <testcase classname="_1744CISDSBTest.TC498_499InactiveActiveContractor" name="GoToUrlAssertUrlPositiveEnterEnterUsernamePositiveEnterEnterpasswordClickLoginButtonGoToUrlAs1" time="30.646"/>
  <system-out/>
</testsuite> <!-- _1744CISDSBTest.TC498_499InactiveActiveContractor -->
