<?xml version="1.0" encoding="UTF-8"?>
<!-- Generated by org.testng.reporters.JUnitReportReporter -->
<testsuite hostname="Nom-31" failures="0" tests="1" name="Quaterly_Paye_Scheme_test.subscriptAllowenceScheme_DefaultProfile" time="47.596" errors="0" timestamp="2021-06-05T00:47:01 IST" skipped="0">
  <testcase classname="Quaterly_Paye_Scheme_test.subscriptAllowenceScheme_DefaultProfile" name="GoToUrlAssertUrlPositiveEnterEnterUsernamePositiveEnterEnterpasswordClickLoginButtonGoToUrlAs" time="47.596"/>
  <system-out/>
</testsuite> <!-- Quaterly_Paye_Scheme_test.subscriptAllowenceScheme_DefaultProfile -->
