<?xml version="1.0" encoding="UTF-8"?>
<!-- Generated by org.testng.reporters.JUnitReportReporter -->
<testsuite hostname="Nom-31" failures="0" tests="2" name="_1743PayrollDSB.TC702CheckTaxablePayJoinMidFourWeekly8" time="52.920" errors="0" timestamp="2022-01-31T05:54:56 IST" skipped="1">
  <testcase classname="_1743PayrollDSB.TC702CheckTaxablePayJoinMidFourWeekly8" name="GoToUrlAssertUrlPositiveEnterEnterUsernamePositiveEnterEnterpasswordClickLoginButtonGoToUrlAs" time="52.920"/>
  <system-out/>
  <testcase classname="_1743PayrollDSB.TC702CheckTaxablePayJoinMidFourWeekly8" name="GoToUrlAssertUrlPositiveEnterEnterUsernamePositiveEnterEnterpasswordClickLoginButtonGoToUrlAs1">
    <skipped/>
  </testcase> <!-- GoToUrlAssertUrlPositiveEnterEnterUsernamePositiveEnterEnterpasswordClickLoginButtonGoToUrlAs1 -->
  <system-out/>
</testsuite> <!-- _1743PayrollDSB.TC702CheckTaxablePayJoinMidFourWeekly8 -->
