<?xml version="1.0" encoding="UTF-8"?>
<!-- Generated by org.testng.reporters.JUnitReportReporter -->
<testsuite hostname="Nom-31" failures="0" tests="1" name="tests.TC03WrongPayeCloseSubscript_DefaultProfile" time="32.826" errors="0" timestamp="2021-11-11T22:30:22 IST" skipped="0">
  <testcase classname="tests.TC03WrongPayeCloseSubscript_DefaultProfile" name="GoToUrlAssertUrlPositiveEnterEnterUsernamePositiveEnterEnterpasswordClickLoginButtonGoToUrlAs1" time="32.826"/>
  <system-out/>
</testsuite> <!-- tests.TC03WrongPayeCloseSubscript_DefaultProfile -->
