<?xml version="1.0" encoding="UTF-8"?>
<!-- Generated by org.testng.reporters.JUnitReportReporter -->
<testsuite hostname="Nom-31" failures="0" tests="1" name="SMP_XML.TC545SMP_XML1" time="47.361" errors="0" timestamp="2022-01-31T05:54:55 IST" skipped="0">
  <testcase classname="SMP_XML.TC545SMP_XML1" name="GoToUrlAssertUrlClickgotoReportsClickclickP11ClickgetLELAmountClickgetPTAmountClickgetUELAmou" time="47.361"/>
  <system-out/>
</testsuite> <!-- SMP_XML.TC545SMP_XML1 -->
