<?xml version="1.0" encoding="UTF-8"?>
<!-- Generated by org.testng.reporters.JUnitReportReporter -->
<testsuite hostname="Nom-31" failures="0" tests="1" name="tests.TC12SubscriptPswdProtectionPDF_DefaultProfile" time="56.587" errors="0" timestamp="2021-11-11T04:10:41 IST" skipped="0">
  <testcase classname="tests.TC12SubscriptPswdProtectionPDF_DefaultProfile" name="GoToUrlAssertUrlPositiveEnterEnterUsernamePositiveEnterEnterpasswordClickLoginButtonGoToUrlAs1" time="56.587"/>
  <system-out/>
</testsuite> <!-- tests.TC12SubscriptPswdProtectionPDF_DefaultProfile -->
