<?xml version="1.0" encoding="UTF-8"?>
<!-- Generated by org.testng.reporters.JUnitReportReporter -->
<testsuite hostname="Nom-31" failures="0" tests="1" name="frequencytest.subscriptT13EPSpermonth" time="31.351" errors="0" timestamp="2021-05-06T14:26:41 IST" skipped="0">
  <testcase classname="frequencytest.subscriptT13EPSpermonth" name="GoToUrlAssertUrlPositiveEnterEnterUsernamePositiveEnterEnterpasswordClickLoginButtonGoToUrlAs1" time="31.351"/>
  <system-out/>
</testsuite> <!-- frequencytest.subscriptT13EPSpermonth -->
