<?xml version="1.0" encoding="UTF-8"?>
<!-- Generated by org.testng.reporters.JUnitReportReporter -->
<testsuite hostname="Nom-31" failures="0" tests="3" name="_1930.TC341_343_1930DirPaidTwoMonthonly" time="129.986" errors="0" timestamp="2021-11-11T04:10:41 IST" skipped="0">
  <testcase classname="_1930.TC341_343_1930DirPaidTwoMonthonly" name="GoToUrlAssertUrlClickRunPayroll1ClickRunPayroll2ClickgetSuccessMsgClickUndoLastPayrollClickcl" time="42.629"/>
  <system-out/>
  <testcase classname="_1930.TC341_343_1930DirPaidTwoMonthonly" name="GoToUrlAssertUrlClickRunPayroll1ClickRunPayroll2ClickgetSuccessMsgClickUndoLastPayrollClickc2" time="42.742"/>
  <system-out/>
  <testcase classname="_1930.TC341_343_1930DirPaidTwoMonthonly" name="GoToUrlAssertUrlClickRunPayroll1ClickRunPayroll2ClickgetSuccessMsgClickUndoLastPayrollClickc3" time="44.615"/>
  <system-out/>
</testsuite> <!-- _1930.TC341_343_1930DirPaidTwoMonthonly -->
