<?xml version="1.0" encoding="UTF-8"?>
<!-- Generated by org.testng.reporters.JUnitReportReporter -->
<testsuite hostname="Nom-31" failures="0" tests="1" name="verifySummaryReportsData.TC281chkCFofsummarywhenSMP_Mnthly" time="75.328" errors="0" timestamp="2021-11-11T04:10:42 IST" skipped="0">
  <testcase classname="verifySummaryReportsData.TC281chkCFofsummarywhenSMP_Mnthly" name="GoToUrlAssertUrlClickclickAllowancesSchemesClickmarkYesClickclickSaveClickgotoPayrollDashboard" time="75.328"/>
  <system-out/>
</testsuite> <!-- verifySummaryReportsData.TC281chkCFofsummarywhenSMP_Mnthly -->
