<?xml version="1.0" encoding="UTF-8"?>
<!-- Generated by org.testng.reporters.JUnitReportReporter -->
<testsuite hostname="Nom-31" failures="0" tests="4" name="_2078Test.TC398_401PaymentofMonthwhen5" time="164.718" errors="0" timestamp="2021-12-21T12:09:45 IST" skipped="0">
  <testcase classname="_2078Test.TC398_401PaymentofMonthwhen5" name="GoToUrlAssertUrlPositiveEnterEnterUsernamePositiveEnterEnterpasswordClickLoginButtonGoToUrlAs1" time="43.678"/>
  <system-out/>
  <testcase classname="_2078Test.TC398_401PaymentofMonthwhen5" name="GoToUrlAssertUrlClickRunPayroll1ClickRunPayroll2ClickgetSuccessMsgClickUndoLastPayrollClickcl" time="37.722"/>
  <system-out/>
  <testcase classname="_2078Test.TC398_401PaymentofMonthwhen5" name="GoToUrlAssertUrlClickRunPayroll1ClickRunPayroll2ClickgetSuccessMsgClickUndoLastPayrollClickc2" time="42.060"/>
  <system-out/>
  <testcase classname="_2078Test.TC398_401PaymentofMonthwhen5" name="GoToUrlAssertUrlClickRunPayroll1ClickRunPayroll2ClickgetSuccessMsgClickUndoLastPayrollClickc4" time="41.258"/>
  <system-out/>
</testsuite> <!-- _2078Test.TC398_401PaymentofMonthwhen5 -->
