<?xml version="1.0" encoding="UTF-8"?>
<!-- Generated by org.testng.reporters.JUnitReportReporter -->
<testsuite hostname="Nom-31" failures="0" tests="1" name="tests1.subscriptAllowenceScheme_DefaultProfile" time="54.009" errors="0" timestamp="2021-04-14T16:05:17 IST" skipped="0">
  <testcase classname="tests1.subscriptAllowenceScheme_DefaultProfile" name="GoToUrlAssertUrlPositiveEnterEnterUsernamePositiveEnterEnterpasswordClickLoginButtonGoToUrlAs" time="54.009"/>
  <system-out/>
</testsuite> <!-- tests1.subscriptAllowenceScheme_DefaultProfile -->
