<?xml version="1.0" encoding="UTF-8"?>
<!-- Generated by org.testng.reporters.JUnitReportReporter -->
<testsuite hostname="Nom-31" failures="0" tests="1" name="SmallerEmployertest.TC63SmallerEmployer_DefaultProfile" time="45.466" errors="0" timestamp="2021-12-21T12:09:45 IST" skipped="0">
  <testcase classname="SmallerEmployertest.TC63SmallerEmployer_DefaultProfile" name="GoToUrlAssertUrlClickclickAllowancesSchemesClickselectYestosmallERClickselectNotosmallERClickc" time="45.466"/>
  <system-out/>
</testsuite> <!-- SmallerEmployertest.TC63SmallerEmployer_DefaultProfile -->
