<?xml version="1.0" encoding="UTF-8"?>
<!-- Generated by org.testng.reporters.JUnitReportReporter -->
<testsuite hostname="Nom-31" failures="0" tests="1" name="_2134StarterDetail.TC660LeaverDetailnotVisibleReportsof4Weekly" time="43.576" errors="0" timestamp="2022-01-31T05:54:55 IST" skipped="0">
  <testcase classname="_2134StarterDetail.TC660LeaverDetailnotVisibleReportsof4Weekly" name="GoToUrlAssertUrlClickclickAllowancesSchemesClickmarkYesClickclickSaveClickgotoPayrollDashboard" time="43.576"/>
  <system-out/>
</testsuite> <!-- _2134StarterDetail.TC660LeaverDetailnotVisibleReportsof4Weekly -->
