<?xml version="1.0" encoding="UTF-8"?>
<!-- Generated by org.testng.reporters.JUnitReportReporter -->
<testsuite hostname="Nom-31" failures="0" tests="6" name="_1743PayrollDSB.TC756_761CheckPayroll_OnHoldClient" time="184.081" errors="0" timestamp="2021-12-24T14:37:57 IST" skipped="0">
  <testcase classname="_1743PayrollDSB.TC756_761CheckPayroll_OnHoldClient" name="OnHold_Overdue" time="28.890"/>
  <system-out/>
  <testcase classname="_1743PayrollDSB.TC756_761CheckPayroll_OnHoldClient" name="OnHold_1week" time="26.887"/>
  <system-out/>
  <testcase classname="_1743PayrollDSB.TC756_761CheckPayroll_OnHoldClient" name="OnHold_1Month" time="27.458"/>
  <system-out/>
  <testcase classname="_1743PayrollDSB.TC756_761CheckPayroll_OnHoldClient" name="OnHold_2Month" time="27.168"/>
  <system-out/>
  <testcase classname="_1743PayrollDSB.TC756_761CheckPayroll_OnHoldClient" name="OnHold_3_6Month" time="28.302"/>
  <system-out/>
  <testcase classname="_1743PayrollDSB.TC756_761CheckPayroll_OnHoldClient" name="OnHold_6plusMonth" time="45.376"/>
  <system-out/>
</testsuite> <!-- _1743PayrollDSB.TC756_761CheckPayroll_OnHoldClient -->
