<?xml version="1.0" encoding="UTF-8"?>
<!-- Generated by org.testng.reporters.JUnitReportReporter -->
<testsuite hostname="Nom-31" failures="0" tests="4" name="_1706Test.TC449_452P11DeductionReport" time="203.067" errors="0" timestamp="2021-12-06T22:39:04 IST" skipped="0">
  <testcase classname="_1706Test.TC449_452P11DeductionReport" name="GoToUrlAssertUrlClickRunPayroll1ClickRunPayroll2ClickgetSuccessMsgClickUndoLastPayrollClickcl" time="55.021"/>
  <system-out/>
  <testcase classname="_1706Test.TC449_452P11DeductionReport" name="GoToUrlAssertUrlClickRunPayroll1ClickRunPayroll2ClickgetSuccessMsgClickUndoLastPayrollClickc4" time="55.832"/>
  <system-out/>
  <testcase classname="_1706Test.TC449_452P11DeductionReport" name="GoToUrlAssertUrlClickRunPayroll1ClickRunPayroll2ClickgetSuccessMsgClickUndoLastPayrollClickc2" time="51.085"/>
  <system-out/>
  <testcase classname="_1706Test.TC449_452P11DeductionReport" name="GoToUrlAssertUrlClickRunPayroll1ClickRunPayroll2ClickgetSuccessMsgClickUndoLastPayrollClickcl1" time="41.129"/>
  <system-out/>
</testsuite> <!-- _1706Test.TC449_452P11DeductionReport -->
