<?xml version="1.0" encoding="UTF-8"?>
<!-- Generated by org.testng.reporters.JUnitReportReporter -->
<testsuite hostname="Nom-31" failures="0" tests="4" name="_2078Test.TC422_425PaymentofMonthwhenQtrPAYE" time="173.990" errors="0" timestamp="2021-12-21T12:09:45 IST" skipped="0">
  <testcase classname="_2078Test.TC422_425PaymentofMonthwhenQtrPAYE" name="GoToUrlAssertUrlPositiveEnterEnterUsernamePositiveEnterEnterpasswordClickLoginButtonGoToUrlAs1" time="47.123"/>
  <system-out/>
  <testcase classname="_2078Test.TC422_425PaymentofMonthwhenQtrPAYE" name="GoToUrlAssertUrlClickRunPayroll1ClickRunPayroll2ClickgetSuccessMsgClickUndoLastPayrollClickcl" time="38.843"/>
  <system-out/>
  <testcase classname="_2078Test.TC422_425PaymentofMonthwhenQtrPAYE" name="GoToUrlAssertUrlClickRunPayroll1ClickRunPayroll2ClickgetSuccessMsgClickUndoLastPayrollClickc2" time="41.533"/>
  <system-out/>
  <testcase classname="_2078Test.TC422_425PaymentofMonthwhenQtrPAYE" name="GoToUrlAssertUrlClickRunPayroll1ClickRunPayroll2ClickgetSuccessMsgClickUndoLastPayrollClickc4" time="46.491"/>
  <system-out/>
</testsuite> <!-- _2078Test.TC422_425PaymentofMonthwhenQtrPAYE -->
