<?xml version="1.0" encoding="UTF-8"?>
<!-- Generated by org.testng.reporters.JUnitReportReporter -->
<testsuite hostname="Nom-31" failures="0" tests="1" name="test.frequency.TC21subScriptPayFrequencyWeekly_DefaultProfile" time="51.092" errors="0" timestamp="2021-11-11T04:10:42 IST" skipped="0">
  <testcase classname="test.frequency.TC21subScriptPayFrequencyWeekly_DefaultProfile" name="GoToUrlAssertUrlPositiveEnterEnterUsernamePositiveEnterEnterpasswordClickLoginButtonGoToUrlAs1" time="51.092"/>
  <system-out/>
</testsuite> <!-- test.frequency.TC21subScriptPayFrequencyWeekly_DefaultProfile -->
