<?xml version="1.0" encoding="UTF-8"?>
<!-- Generated by org.testng.reporters.JUnitReportReporter -->
<testsuite hostname="Nom-31" failures="0" tests="1" name="EPStest.TC59subscriptEPSwhenNoEmp" time="39.362" errors="0" timestamp="2022-01-31T05:54:55 IST" skipped="0">
  <testcase classname="EPStest.TC59subscriptEPSwhenNoEmp" name="GoToUrlAssertUrlPositiveEnterEnterUsernamePositiveEnterEnterpasswordClickLoginButtonGoToUrlAs1" time="39.362"/>
  <system-out/>
</testsuite> <!-- EPStest.TC59subscriptEPSwhenNoEmp -->
