<?xml version="1.0" encoding="UTF-8"?>
<!-- Generated by org.testng.reporters.JUnitReportReporter -->
<testsuite hostname="Nom-31" failures="0" tests="1" name="frequencytest.TC54subScriptWklytoMnth_DefaultProfile" time="79.670" errors="0" timestamp="2021-12-06T22:39:04 IST" skipped="0">
  <testcase classname="frequencytest.TC54subScriptWklytoMnth_DefaultProfile" name="GoToUrlAssertUrlPositiveEnterEnterUsernamePositiveEnterEnterpasswordClickLoginButtonGoToUrlAs1" time="79.670"/>
  <system-out/>
</testsuite> <!-- frequencytest.TC54subScriptWklytoMnth_DefaultProfile -->
