<?xml version="1.0" encoding="UTF-8"?>
<!-- Generated by org.testng.reporters.JUnitReportReporter -->
<testsuite hostname="Nom-31" failures="0" tests="6" name="_1743PayrollDSB.TC756_761CheckPayroll_OnHoldClient" time="199.857" errors="0" timestamp="2022-03-14T15:26:38 IST" skipped="0">
  <testcase classname="_1743PayrollDSB.TC756_761CheckPayroll_OnHoldClient" name="OnHold_Overdue" time="32.829"/>
  <system-out/>
  <testcase classname="_1743PayrollDSB.TC756_761CheckPayroll_OnHoldClient" name="OnHold_1week" time="33.032"/>
  <system-out/>
  <testcase classname="_1743PayrollDSB.TC756_761CheckPayroll_OnHoldClient" name="OnHold_1Month" time="33.973"/>
  <system-out/>
  <testcase classname="_1743PayrollDSB.TC756_761CheckPayroll_OnHoldClient" name="OnHold_2Month" time="33.316"/>
  <system-out/>
  <testcase classname="_1743PayrollDSB.TC756_761CheckPayroll_OnHoldClient" name="OnHold_3_6Month" time="32.905"/>
  <system-out/>
  <testcase classname="_1743PayrollDSB.TC756_761CheckPayroll_OnHoldClient" name="OnHold_6plusMonth" time="33.802"/>
  <system-out/>
</testsuite> <!-- _1743PayrollDSB.TC756_761CheckPayroll_OnHoldClient -->
