<?xml version="1.0" encoding="UTF-8"?>
<!-- Generated by org.testng.reporters.JUnitReportReporter -->
<testsuite hostname="Nom-31" failures="0" tests="1" name="_1399subContr.TC207VerifySubContrwithUTRDump" time="42.056" errors="0" timestamp="2021-12-06T22:39:04 IST" skipped="0">
  <testcase classname="_1399subContr.TC207VerifySubContrwithUTRDump" name="GoToUrlAssertUrlPositiveEnterEnterUsernamePositiveEnterEnterpasswordClickLoginButtonGoToUrlAs1" time="42.056"/>
  <system-out/>
</testsuite> <!-- _1399subContr.TC207VerifySubContrwithUTRDump -->
