<?xml version="1.0" encoding="UTF-8"?>
<!-- Generated by org.testng.reporters.JUnitReportReporter -->
<testsuite hostname="Nom-31" failures="0" tests="1" name="_1744CISDSBTest.TC490UpcomingReturn" time="28.148" errors="0" timestamp="2021-11-11T04:10:41 IST" skipped="0">
  <testcase classname="_1744CISDSBTest.TC490UpcomingReturn" name="GoToUrlAssertUrlPositiveEnterEnterUsernamePositiveEnterEnterpasswordClickLoginButtonGoToUrlAs" time="28.148"/>
  <system-out/>
</testsuite> <!-- _1744CISDSBTest.TC490UpcomingReturn -->
