<?xml version="1.0" encoding="UTF-8"?>
<!-- Generated by org.testng.reporters.JUnitReportReporter -->
<testsuite hostname="Nom-31" failures="0" tests="1" name="tests1.TC32createContractorInCIS_DefaultProfile" time="42.866" errors="0" timestamp="2021-12-06T22:39:04 IST" skipped="0">
  <testcase classname="tests1.TC32createContractorInCIS_DefaultProfile" name="GoToUrlAssertUrlPositiveEnterEnterUsernamePositiveEnterEnterpasswordClickLoginButtonGoToUrlAs1" time="42.866"/>
  <system-out/>
</testsuite> <!-- tests1.TC32createContractorInCIS_DefaultProfile -->
