<?xml version="1.0" encoding="UTF-8"?>
<!-- Generated by org.testng.reporters.JUnitReportReporter -->
<testsuite hostname="Nom-31" failures="0" tests="8" name="_2099PreviousEmployment.TC830_837EE_Previous_Yr_Detail" time="422.295" errors="0" timestamp="2022-01-31T17:53:57 IST" skipped="0">
  <testcase classname="_2099PreviousEmployment.TC830_837EE_Previous_Yr_Detail" name="GoToUrlAssertUrlPositiveEnterEnterUsernamePositiveEnterEnterpasswordClickLoginButtonGoToUrlAs1" time="53.970"/>
  <system-out/>
  <testcase classname="_2099PreviousEmployment.TC830_837EE_Previous_Yr_Detail" name="GoToUrlAssertUrlPositiveEnterEnterUsernamePositiveEnterEnterpasswordClickLoginButtonGoToUrlAs2" time="53.108"/>
  <system-out/>
  <testcase classname="_2099PreviousEmployment.TC830_837EE_Previous_Yr_Detail" name="GoToUrlAssertUrlPositiveEnterEnterUsernamePositiveEnterEnterpasswordClickLoginButtonGoToUrlAs3" time="50.690"/>
  <system-out/>
  <testcase classname="_2099PreviousEmployment.TC830_837EE_Previous_Yr_Detail" name="GoToUrlAssertUrlPositiveEnterEnterUsernamePositiveEnterEnterpasswordClickLoginButtonGoToUrlAs4" time="53.653"/>
  <system-out/>
  <testcase classname="_2099PreviousEmployment.TC830_837EE_Previous_Yr_Detail" name="GoToUrlAssertUrlPositiveEnterEnterUsernamePositiveEnterEnterpasswordClickLoginButtonGoToUrlAs5" time="54.717"/>
  <system-out/>
  <testcase classname="_2099PreviousEmployment.TC830_837EE_Previous_Yr_Detail" name="GoToUrlAssertUrlPositiveEnterEnterUsernamePositiveEnterEnterpasswordClickLoginButtonGoToUrlAs6" time="51.751"/>
  <system-out/>
  <testcase classname="_2099PreviousEmployment.TC830_837EE_Previous_Yr_Detail" name="GoToUrlAssertUrlPositiveEnterEnterUsernamePositiveEnterEnterpasswordClickLoginButtonGoToUrlAs7" time="52.824"/>
  <system-out/>
  <testcase classname="_2099PreviousEmployment.TC830_837EE_Previous_Yr_Detail" name="GoToUrlAssertUrlPositiveEnterEnterUsernamePositiveEnterEnterpasswordClickLoginButtonGoToUrlAs8" time="51.582"/>
  <system-out/>
</testsuite> <!-- _2099PreviousEmployment.TC830_837EE_Previous_Yr_Detail -->
