<?xml version="1.0" encoding="UTF-8"?>
<!-- Generated by org.testng.reporters.JUnitReportReporter -->
<testsuite hostname="Nom-31" failures="0" tests="1" name="verifySummaryReportsData.TC289chkPaymentofsummarywhenSPP_Mnthly" time="79.571" errors="0" timestamp="2022-03-14T15:26:37 IST" skipped="0">
  <testcase classname="verifySummaryReportsData.TC289chkPaymentofsummarywhenSPP_Mnthly" name="GoToUrlAssertUrlClickclickAllowancesSchemesClickmarkYesClickclickSaveClickgotoPayrollDashboard" time="79.571"/>
  <system-out/>
</testsuite> <!-- verifySummaryReportsData.TC289chkPaymentofsummarywhenSPP_Mnthly -->
