<?xml version="1.0" encoding="UTF-8"?>
<!-- Generated by org.testng.reporters.JUnitReportReporter -->
<testsuite hostname="Nom-31" failures="0" tests="1" name="SmallerEmployertest.T3NotQualifiedforSmallerEmployer_DefaultProfile" time="54.722" errors="0" timestamp="2021-06-05T14:29:46 IST" skipped="0">
  <testcase classname="SmallerEmployertest.T3NotQualifiedforSmallerEmployer_DefaultProfile" name="GoToUrlAssertUrlClickclickAllowancesSchemesClickselectYestosmallERClickselectNotosmallERClickc" time="54.722"/>
  <system-out/>
</testsuite> <!-- SmallerEmployertest.T3NotQualifiedforSmallerEmployer_DefaultProfile -->
