<?xml version="1.0" encoding="UTF-8"?>
<!-- Generated by org.testng.reporters.JUnitReportReporter -->
<testsuite hostname="Nom-31" failures="0" tests="3" name="_2129SummaryCustomized.TC591_593SummaryPayslipofQtr" time="131.140" errors="0" timestamp="2022-03-14T15:26:38 IST" skipped="0">
  <testcase classname="_2129SummaryCustomized.TC591_593SummaryPayslipofQtr" name="GoToUrlAssertUrlClickPayslipsPositiveSelectPayrollDateClickEmailPayslipsClickTickCompanyemaila" time="44.376"/>
  <system-out/>
  <testcase classname="_2129SummaryCustomized.TC591_593SummaryPayslipofQtr" name="GoToUrlAssertUrlClickPayslipsPositiveSelectPayrollDateClickEmailPayslipsClickTickCompanyemaila1" time="43.021"/>
  <system-out/>
  <testcase classname="_2129SummaryCustomized.TC591_593SummaryPayslipofQtr" name="GoToUrlAssertUrlClickPayslipsPositiveSelectPayrollDateClickEmailPayslipsClickTickCompanyemaila2" time="43.743"/>
  <system-out/>
</testsuite> <!-- _2129SummaryCustomized.TC591_593SummaryPayslipofQtr -->
