<?xml version="1.0" encoding="UTF-8"?>
<!-- Generated by org.testng.reporters.JUnitReportReporter -->
<testsuite hostname="Nom-31" failures="0" tests="7" name="AOE.TC894_900AOE_ChildSupportPopupA3" time="405.792" errors="0" timestamp="2022-01-31T05:54:56 IST" skipped="0">
  <testcase classname="AOE.TC894_900AOE_ChildSupportPopupA3" name="GoToUrlAssertUrlPositiveEnterEnterUsernamePositiveEnterEnterpasswordClickLoginButtonGoToUrlAs1" time="49.999"/>
  <system-out/>
  <testcase classname="AOE.TC894_900AOE_ChildSupportPopupA3" name="GoToUrlAssertUrlPositiveEnterEnterUsernamePositiveEnterEnterpasswordClickLoginButtonGoToUrlAs2" time="51.759"/>
  <system-out/>
  <testcase classname="AOE.TC894_900AOE_ChildSupportPopupA3" name="GoToUrlAssertUrlPositiveEnterEnterUsernamePositiveEnterEnterpasswordClickLoginButtonGoToUrlAs3" time="61.992"/>
  <system-out/>
  <testcase classname="AOE.TC894_900AOE_ChildSupportPopupA3" name="GoToUrlAssertUrlPositiveEnterEnterUsernamePositiveEnterEnterpasswordClickLoginButtonGoToUrlAs4" time="58.063"/>
  <system-out/>
  <testcase classname="AOE.TC894_900AOE_ChildSupportPopupA3" name="GoToUrlAssertUrlPositiveEnterEnterUsernamePositiveEnterEnterpasswordClickLoginButtonGoToUrlAs5" time="59.604"/>
  <system-out/>
  <testcase classname="AOE.TC894_900AOE_ChildSupportPopupA3" name="GoToUrlAssertUrlPositiveEnterEnterUsernamePositiveEnterEnterpasswordClickLoginButtonGoToUrlAs6" time="62.923"/>
  <system-out/>
  <testcase classname="AOE.TC894_900AOE_ChildSupportPopupA3" name="GoToUrlAssertUrlPositiveEnterEnterUsernamePositiveEnterEnterpasswordClickLoginButtonGoToUrlAs7" time="61.452"/>
  <system-out/>
</testsuite> <!-- AOE.TC894_900AOE_ChildSupportPopupA3 -->
