<?xml version="1.0" encoding="UTF-8"?>
<!-- Generated by org.testng.reporters.JUnitReportReporter -->
<testsuite hostname="Nom-31" failures="0" tests="7" name="AOE.TC859_865AOE_ChildSupportPopupA5" time="394.916" errors="0" timestamp="2022-01-31T05:54:56 IST" skipped="0">
  <testcase classname="AOE.TC859_865AOE_ChildSupportPopupA5" name="GoToUrlAssertUrlPositiveEnterEnterUsernamePositiveEnterEnterpasswordClickLoginButtonGoToUrlAs1" time="47.271"/>
  <system-out/>
  <testcase classname="AOE.TC859_865AOE_ChildSupportPopupA5" name="GoToUrlAssertUrlPositiveEnterEnterUsernamePositiveEnterEnterpasswordClickLoginButtonGoToUrlAs2" time="51.618"/>
  <system-out/>
  <testcase classname="AOE.TC859_865AOE_ChildSupportPopupA5" name="GoToUrlAssertUrlPositiveEnterEnterUsernamePositiveEnterEnterpasswordClickLoginButtonGoToUrlAs3" time="56.756"/>
  <system-out/>
  <testcase classname="AOE.TC859_865AOE_ChildSupportPopupA5" name="GoToUrlAssertUrlPositiveEnterEnterUsernamePositiveEnterEnterpasswordClickLoginButtonGoToUrlAs4" time="59.435"/>
  <system-out/>
  <testcase classname="AOE.TC859_865AOE_ChildSupportPopupA5" name="GoToUrlAssertUrlPositiveEnterEnterUsernamePositiveEnterEnterpasswordClickLoginButtonGoToUrlAs5" time="57.187"/>
  <system-out/>
  <testcase classname="AOE.TC859_865AOE_ChildSupportPopupA5" name="GoToUrlAssertUrlPositiveEnterEnterUsernamePositiveEnterEnterpasswordClickLoginButtonGoToUrlAs6" time="62.346"/>
  <system-out/>
  <testcase classname="AOE.TC859_865AOE_ChildSupportPopupA5" name="GoToUrlAssertUrlPositiveEnterEnterUsernamePositiveEnterEnterpasswordClickLoginButtonGoToUrlAs7" time="60.303"/>
  <system-out/>
</testsuite> <!-- AOE.TC859_865AOE_ChildSupportPopupA5 -->
