<?xml version="1.0" encoding="UTF-8"?>
<!-- Generated by org.testng.reporters.JUnitReportReporter -->
<testsuite hostname="Nom-31" failures="0" tests="2" name="_1706Test.TC694_695CheckTaxablePayJoinMid4" time="93.386" errors="0" timestamp="2022-03-14T15:26:38 IST" skipped="0">
  <testcase classname="_1706Test.TC694_695CheckTaxablePayJoinMid4" name="GoToUrlAssertUrlPositiveEnterEnterUsernamePositiveEnterEnterpasswordClickLoginButtonGoToUrlAs" time="54.529"/>
  <system-out/>
  <testcase classname="_1706Test.TC694_695CheckTaxablePayJoinMid4" name="GoToUrlAssertUrlPositiveEnterEnterUsernamePositiveEnterEnterpasswordClickLoginButtonGoToUrlAs1" time="38.857"/>
  <system-out/>
</testsuite> <!-- _1706Test.TC694_695CheckTaxablePayJoinMid4 -->
