<?xml version="1.0" encoding="UTF-8"?>
<!-- Generated by org.testng.reporters.JUnitReportReporter -->
<testsuite hostname="Nom-31" failures="0" tests="3" name="_2129SummaryCustomized.TC601_603SummaryPayslipofQtrWhenWeekly" time="134.087" errors="0" timestamp="2022-03-14T15:26:38 IST" skipped="0">
  <testcase classname="_2129SummaryCustomized.TC601_603SummaryPayslipofQtrWhenWeekly" name="GoToUrlAssertUrlClickPayslipsPositiveSelectPayrollDateClickEmailPayslipsClickTickCompanyemaila" time="46.010"/>
  <system-out/>
  <testcase classname="_2129SummaryCustomized.TC601_603SummaryPayslipofQtrWhenWeekly" name="GoToUrlAssertUrlClickPayslipsPositiveSelectPayrollDateClickEmailPayslipsClickTickCompanyemaila1" time="44.713"/>
  <system-out/>
  <testcase classname="_2129SummaryCustomized.TC601_603SummaryPayslipofQtrWhenWeekly" name="GoToUrlAssertUrlClickPayslipsPositiveSelectPayrollDateClickEmailPayslipsClickTickCompanyemaila2" time="43.364"/>
  <system-out/>
</testsuite> <!-- _2129SummaryCustomized.TC601_603SummaryPayslipofQtrWhenWeekly -->
