<?xml version="1.0" encoding="UTF-8"?>
<!-- Generated by org.testng.reporters.JUnitReportReporter -->
<testsuite hostname="Nom-31" failures="0" tests="3" name="_1912.TC371_373_1912DirMidYrJoin" time="127.046" errors="0" timestamp="2022-03-14T15:26:38 IST" skipped="0">
  <testcase classname="_1912.TC371_373_1912DirMidYrJoin" name="GoToUrlAssertUrlClickRunPayroll1ClickRunPayroll2ClickgetSuccessMsgClickUndoLastPayrollClickcl" time="42.576"/>
  <system-out/>
  <testcase classname="_1912.TC371_373_1912DirMidYrJoin" name="GoToUrlAssertUrlClickRunPayroll1ClickRunPayroll2ClickgetSuccessMsgClickUndoLastPayrollClickc2" time="41.773"/>
  <system-out/>
  <testcase classname="_1912.TC371_373_1912DirMidYrJoin" name="GoToUrlAssertUrlClickRunPayroll1ClickRunPayroll2ClickgetSuccessMsgClickUndoLastPayrollClickc3" time="42.697"/>
  <system-out/>
</testsuite> <!-- _1912.TC371_373_1912DirMidYrJoin -->
