<?xml version="1.0" encoding="UTF-8"?>
<!-- Generated by org.testng.reporters.JUnitReportReporter -->
<testsuite hostname="Nom-31" failures="0" tests="2" name="tests.TC12SubscriptPswdProtectionPDF_DefaultProfile" time="83.155" errors="0" timestamp="2022-03-14T15:26:37 IST" skipped="0">
  <testcase classname="tests.TC12SubscriptPswdProtectionPDF_DefaultProfile" name="GoToUrlAssertUrlPositiveEnterEnterUsernamePositiveEnterEnterpasswordClickLoginButtonGoToUrlAs1" time="40.692"/>
  <system-out/>
  <testcase classname="tests.TC12SubscriptPswdProtectionPDF_DefaultProfile" name="GoToUrlAssertUrlPositiveEnterEnterUsernamePositiveEnterEnterpasswordClickLoginButtonGoToUrlAs1" time="42.463"/>
  <system-out/>
</testsuite> <!-- tests.TC12SubscriptPswdProtectionPDF_DefaultProfile -->
