<?xml version="1.0" encoding="UTF-8"?>
<!-- Generated by org.testng.reporters.JUnitReportReporter -->
<testsuite hostname="Nom-31" failures="0" tests="1" name="_2128AutoPayProtection.TC630NOProtectionandPayslip" time="66.147" errors="0" timestamp="2022-01-31T05:54:56 IST" skipped="0">
  <testcase classname="_2128AutoPayProtection.TC630NOProtectionandPayslip" name="GoToUrlAssertUrlPositiveEnterEnterUsernamePositiveEnterEnterpasswordClickLoginButtonGoToUrlAs" time="66.147"/>
  <system-out/>
</testsuite> <!-- _2128AutoPayProtection.TC630NOProtectionandPayslip -->
