<?xml version="1.0" encoding="UTF-8"?>
<!-- Generated by org.testng.reporters.JUnitReportReporter -->
<testsuite hostname="Nom-31" failures="0" tests="1" name="tests.TC02CompanyInactiveSubscript_DefaultProfile" time="66.858" errors="0" timestamp="2022-01-31T05:54:56 IST" skipped="0">
  <testcase classname="tests.TC02CompanyInactiveSubscript_DefaultProfile" name="GoToUrlAssertUrlPositiveEnterEnterUsernamePositiveEnterEnterpasswordClickLoginButtonGoToUrlAs1" time="66.858"/>
  <system-out/>
</testsuite> <!-- tests.TC02CompanyInactiveSubscript_DefaultProfile -->
