<?xml version="1.0" encoding="UTF-8"?>
<!-- Generated by org.testng.reporters.JUnitReportReporter -->
<testsuite hostname="Nom-31" failures="0" tests="2" name="_1750Test.TC790_791RTI_Submission" time="55.725" errors="0" timestamp="2021-12-24T14:37:57 IST" skipped="0">
  <testcase classname="_1750Test.TC790_791RTI_Submission" name="GoToUrlAssertUrlPositiveEnterEnterUsernamePositiveEnterEnterpasswordClickLoginButtonGoToUrlAs" time="29.178"/>
  <system-out/>
  <testcase classname="_1750Test.TC790_791RTI_Submission" name="GoToUrlAssertUrlPositiveEnterEnterUsernamePositiveEnterEnterpasswordClickLoginButtonGoToUrlAs1" time="26.547"/>
  <system-out/>
</testsuite> <!-- _1750Test.TC790_791RTI_Submission -->
