<?xml version="1.0" encoding="UTF-8"?>
<!-- Generated by org.testng.reporters.JUnitReportReporter -->
<testsuite hostname="Nom-31" failures="0" tests="1" name="_1911test.TC670ZIPEmailfromDSBtoNoContact" time="59.117" errors="0" timestamp="2021-12-21T12:09:45 IST" skipped="0">
  <testcase classname="_1911test.TC670ZIPEmailfromDSBtoNoContact" name="GoToUrlAssertUrlPositiveEnterEnterUsernamePositiveEnterEnterpasswordClickLoginButtonGoToUrlAs" time="59.117"/>
  <system-out/>
</testsuite> <!-- _1911test.TC670ZIPEmailfromDSBtoNoContact -->
