<?xml version="1.0" encoding="UTF-8"?>
<!-- Generated by org.testng.reporters.JUnitReportReporter -->
<testsuite hostname="Nom-31" failures="0" tests="7" name="AOE.TC852_858AOE_ChildSupportPopupA4" time="403.516" errors="0" timestamp="2022-01-31T05:54:56 IST" skipped="0">
  <testcase classname="AOE.TC852_858AOE_ChildSupportPopupA4" name="GoToUrlAssertUrlPositiveEnterEnterUsernamePositiveEnterEnterpasswordClickLoginButtonGoToUrlAs1" time="48.832"/>
  <system-out/>
  <testcase classname="AOE.TC852_858AOE_ChildSupportPopupA4" name="GoToUrlAssertUrlPositiveEnterEnterUsernamePositiveEnterEnterpasswordClickLoginButtonGoToUrlAs2" time="52.159"/>
  <system-out/>
  <testcase classname="AOE.TC852_858AOE_ChildSupportPopupA4" name="GoToUrlAssertUrlPositiveEnterEnterUsernamePositiveEnterEnterpasswordClickLoginButtonGoToUrlAs3" time="57.256"/>
  <system-out/>
  <testcase classname="AOE.TC852_858AOE_ChildSupportPopupA4" name="GoToUrlAssertUrlPositiveEnterEnterUsernamePositiveEnterEnterpasswordClickLoginButtonGoToUrlAs4" time="61.973"/>
  <system-out/>
  <testcase classname="AOE.TC852_858AOE_ChildSupportPopupA4" name="GoToUrlAssertUrlPositiveEnterEnterUsernamePositiveEnterEnterpasswordClickLoginButtonGoToUrlAs5" time="61.427"/>
  <system-out/>
  <testcase classname="AOE.TC852_858AOE_ChildSupportPopupA4" name="GoToUrlAssertUrlPositiveEnterEnterUsernamePositiveEnterEnterpasswordClickLoginButtonGoToUrlAs6" time="62.044"/>
  <system-out/>
  <testcase classname="AOE.TC852_858AOE_ChildSupportPopupA4" name="GoToUrlAssertUrlPositiveEnterEnterUsernamePositiveEnterEnterpasswordClickLoginButtonGoToUrlAs7" time="59.825"/>
  <system-out/>
</testsuite> <!-- AOE.TC852_858AOE_ChildSupportPopupA4 -->
