<?xml version="1.0" encoding="UTF-8"?>
<!-- Generated by org.testng.reporters.JUnitReportReporter -->
<testsuite hostname="Nom-31" failures="0" tests="1" name="verifySummaryReportsData.TC275chkCFofsummarywhenMonthly_AllowanceinMid" time="75.427" errors="0" timestamp="2022-01-31T05:54:56 IST" skipped="0">
  <testcase classname="verifySummaryReportsData.TC275chkCFofsummarywhenMonthly_AllowanceinMid" name="GoToUrlAssertUrlClickclickAllowancesSchemesClickmarkYesClickclickSaveClickgotoPayrollDashboard" time="75.427"/>
  <system-out/>
</testsuite> <!-- verifySummaryReportsData.TC275chkCFofsummarywhenMonthly_AllowanceinMid -->
