<?xml version="1.0" encoding="UTF-8"?>
<!-- Generated by org.testng.reporters.JUnitReportReporter -->
<testsuite hostname="Nom-31" failures="0" tests="1" name="_1995subContractorPayReportTest.TC203subcontractorPayReportNoPayDump" time="32.506" errors="0" timestamp="2022-01-31T05:54:56 IST" skipped="0">
  <testcase classname="_1995subContractorPayReportTest.TC203subcontractorPayReportNoPayDump" name="GoToUrlAssertUrlPositiveEnterEnterUsernamePositiveEnterEnterpasswordClickLoginButtonGoToUrlAs1" time="32.506"/>
  <system-out/>
</testsuite> <!-- _1995subContractorPayReportTest.TC203subcontractorPayReportNoPayDump -->
