<?xml version="1.0" encoding="UTF-8"?>
<!-- Generated by org.testng.reporters.JUnitReportReporter -->
<testsuite hostname="Nom-31" failures="0" tests="17" name="_1748RunPayrollfromAgent.TC792_808AgentRunPayrollPDF_EE" time="778.141" errors="0" timestamp="2022-03-14T15:26:38 IST" skipped="0">
  <testcase classname="_1748RunPayrollfromAgent.TC792_808AgentRunPayrollPDF_EE" name="runPayrollPopup" time="21.811"/>
  <system-out/>
  <testcase classname="_1748RunPayrollfromAgent.TC792_808AgentRunPayrollPDF_EE" name="AgentRunPayrollPDF_EE" time="49.228"/>
  <system-out/>
  <testcase classname="_1748RunPayrollfromAgent.TC792_808AgentRunPayrollPDF_EE" name="AgentRunPayrollZIP_EE" time="48.042"/>
  <system-out/>
  <testcase classname="_1748RunPayrollfromAgent.TC792_808AgentRunPayrollPDF_EE" name="AgentRunPayrollNoProt_EE" time="48.047"/>
  <system-out/>
  <testcase classname="_1748RunPayrollfromAgent.TC792_808AgentRunPayrollPDF_EE" name="AgentRunPayrollPDF_ER" time="48.673"/>
  <system-out/>
  <testcase classname="_1748RunPayrollfromAgent.TC792_808AgentRunPayrollPDF_EE" name="AgentRunPayrollZIP_ER" time="48.759"/>
  <system-out/>
  <testcase classname="_1748RunPayrollfromAgent.TC792_808AgentRunPayrollPDF_EE" name="AgentRunPayrollNoProt_ER" time="47.941"/>
  <system-out/>
  <testcase classname="_1748RunPayrollfromAgent.TC792_808AgentRunPayrollPDF_EE" name="AgentRunPayrollPDF_Both" time="49.650"/>
  <system-out/>
  <testcase classname="_1748RunPayrollfromAgent.TC792_808AgentRunPayrollPDF_EE" name="AgentRunPayrollZIP_Both" time="48.978"/>
  <system-out/>
  <testcase classname="_1748RunPayrollfromAgent.TC792_808AgentRunPayrollPDF_EE" name="AgentRunPayrollNoProt_Both" time="49.397"/>
  <system-out/>
  <testcase classname="_1748RunPayrollfromAgent.TC792_808AgentRunPayrollPDF_EE" name="AgentRunPayrollPDF_Dont" time="49.000"/>
  <system-out/>
  <testcase classname="_1748RunPayrollfromAgent.TC792_808AgentRunPayrollPDF_EE" name="AgentRunPayrollZIP_Dont" time="48.023"/>
  <system-out/>
  <testcase classname="_1748RunPayrollfromAgent.TC792_808AgentRunPayrollPDF_EE" name="AgentRunPayrollNoProt_Dont" time="49.176"/>
  <system-out/>
  <testcase classname="_1748RunPayrollfromAgent.TC792_808AgentRunPayrollPDF_EE" name="AgentRunPayrollPDF_EEwithRTI" time="50.606"/>
  <system-out/>
  <testcase classname="_1748RunPayrollfromAgent.TC792_808AgentRunPayrollPDF_EE" name="AgentRunPayrollZIP_ERwithRTI" time="49.437"/>
  <system-out/>
  <testcase classname="_1748RunPayrollfromAgent.TC792_808AgentRunPayrollPDF_EE" name="AgentRunPayrollPDF_BothWithRTI" time="49.880"/>
  <system-out/>
  <testcase classname="_1748RunPayrollfromAgent.TC792_808AgentRunPayrollPDF_EE" name="runPayrollPopupNoRTI" time="21.493"/>
  <system-out/>
</testsuite> <!-- _1748RunPayrollfromAgent.TC792_808AgentRunPayrollPDF_EE -->
