<?xml version="1.0" encoding="UTF-8"?>
<!-- Generated by org.testng.reporters.JUnitReportReporter -->
<testsuite hostname="Nom-31" failures="0" tests="1" name="_1744CISDSBTest.TC507QuickJumpOption" time="30.340" errors="0" timestamp="2022-03-14T15:26:37 IST" skipped="0">
  <testcase classname="_1744CISDSBTest.TC507QuickJumpOption" name="GoToUrlAssertUrlPositiveEnterEnterUsernamePositiveEnterEnterpasswordClickLoginButtonGoToUrlAs" time="30.340"/>
  <system-out/>
</testsuite> <!-- _1744CISDSBTest.TC507QuickJumpOption -->
