<?xml version="1.0" encoding="UTF-8"?>
<!-- Generated by org.testng.reporters.JUnitReportReporter -->
<testsuite hostname="Nom-31" failures="0" tests="1" name="SmallerEmployertest.T2QualifiedforSmallerEmployer2022_DefaultProfile" time="55.768" errors="0" timestamp="2021-06-05T14:26:01 IST" skipped="0">
  <testcase classname="SmallerEmployertest.T2QualifiedforSmallerEmployer2022_DefaultProfile" name="GoToUrlAssertUrlClickclickAllowancesSchemesClickselectYestosmallERClickselectNotosmallERClickc" time="55.768"/>
  <system-out/>
</testsuite> <!-- SmallerEmployertest.T2QualifiedforSmallerEmployer2022_DefaultProfile -->
