<?xml version="1.0" encoding="UTF-8"?>
<!-- Generated by org.testng.reporters.JUnitReportReporter -->
<testsuite hostname="Nom-31" failures="0" tests="1" name="_1756PayrollSummary.TC220verifysummarychngetoMonthly" time="55.341" errors="0" timestamp="2021-11-11T04:10:42 IST" skipped="0">
  <testcase classname="_1756PayrollSummary.TC220verifysummarychngetoMonthly" name="GoToUrlAssertUrlClickclickAllowancesSchemesClickmarkYesClickclickSaveClickgotoPayrollDashboard" time="55.341"/>
  <system-out/>
</testsuite> <!-- _1756PayrollSummary.TC220verifysummarychngetoMonthly -->
