<?xml version="1.0" encoding="UTF-8"?>
<!-- Generated by org.testng.reporters.JUnitReportReporter -->
<testsuite hostname="Nom-31" failures="0" tests="1" name="SmallerEmployertest.TC144_SER_MidYearWhenEnable" time="38.926" errors="0" timestamp="2021-12-21T12:09:45 IST" skipped="0">
  <testcase classname="SmallerEmployertest.TC144_SER_MidYearWhenEnable" name="GoToUrlAssertUrlClickclickAllowancesSchemesClickselectYestosmallERClickselectNotosmallERClickc" time="38.926"/>
  <system-out/>
</testsuite> <!-- SmallerEmployertest.TC144_SER_MidYearWhenEnable -->
