<?xml version="1.0" encoding="UTF-8"?>
<!-- Generated by org.testng.reporters.JUnitReportReporter -->
<testsuite hostname="Nom-31" failures="0" tests="4" name="PayrollDashboardUItest.TC330_333EditCopannypage" time="192.204" errors="0" timestamp="2021-11-11T04:10:42 IST" skipped="0">
  <testcase classname="PayrollDashboardUItest.TC330_333EditCopannypage" name="GoToUrlAssertUrlClickRunPayroll1ClickRunPayroll2ClickgetSuccessMsgClickUndoLastPayrollClickcl" time="46.992"/>
  <system-out/>
  <testcase classname="PayrollDashboardUItest.TC330_333EditCopannypage" name="GoToUrlAssertUrlClickRunPayroll1ClickRunPayroll2ClickgetSuccessMsgClickUndoLastPayrollClickc" time="55.018"/>
  <system-out/>
  <testcase classname="PayrollDashboardUItest.TC330_333EditCopannypage" name="GoToUrlAssertUrlClickRunPayroll1ClickRunPayroll2ClickgetSuccessMsgClickUndoLastPayrollClickc3" time="48.197"/>
  <system-out/>
  <testcase classname="PayrollDashboardUItest.TC330_333EditCopannypage" name="GoToUrlAssertUrlClickRunPayroll1ClickRunPayroll2ClickgetSuccessMsgClickUndoLastPayrollClickc2" time="41.997"/>
  <system-out/>
</testsuite> <!-- PayrollDashboardUItest.TC330_333EditCopannypage -->
