<?xml version="1.0" encoding="UTF-8"?>
<!-- Generated by org.testng.reporters.JUnitReportReporter -->
<testsuite hostname="Nom-31" failures="0" tests="1" name="verifySummaryReportsData.TC253SummryWhenCISinAprforQtr" time="62.936" errors="0" timestamp="2022-01-31T05:54:57 IST" skipped="0">
  <testcase classname="verifySummaryReportsData.TC253SummryWhenCISinAprforQtr" name="GoToUrlAssertUrlClickclickAllowancesSchemesClickmarkYesClickclickSaveClickgotoPayrollDashboard" time="62.936"/>
  <system-out/>
</testsuite> <!-- verifySummaryReportsData.TC253SummryWhenCISinAprforQtr -->
