<?xml version="1.0" encoding="UTF-8"?>
<!-- Generated by org.testng.reporters.JUnitReportReporter -->
<testsuite hostname="Nom-31" failures="0" tests="3" name="_1956Test.TC324_326_1956LeaveManagement" time="186.207" errors="0" timestamp="2021-11-11T04:10:42 IST" skipped="0">
  <testcase classname="_1956Test.TC324_326_1956LeaveManagement" name="GoToUrlAssertUrlClickAddLeavePositiveSelectselectEmployeePositiveSelectselectLeaveTypePositive" time="65.036"/>
  <system-out/>
  <testcase classname="_1956Test.TC324_326_1956LeaveManagement" name="GoToUrlAssertUrlClickAddLeavePositiveSelectselectEmployeePositiveSelectselectLeaveTypePositive1" time="55.735"/>
  <system-out/>
  <testcase classname="_1956Test.TC324_326_1956LeaveManagement" name="GoToUrlAssertUrlClickAddLeavePositiveSelectselectEmployeePositiveSelectselectLeaveTypePositive2" time="65.436"/>
  <system-out/>
</testsuite> <!-- _1956Test.TC324_326_1956LeaveManagement -->
