<?xml version="1.0" encoding="UTF-8"?>
<!-- Generated by org.testng.reporters.JUnitReportReporter -->
<testsuite hostname="Nom-31" failures="0" tests="1" name="SmallerEmployertest.TC03_SER_PrevEmpEligible" time="53.929" errors="0" timestamp="2021-06-05T15:12:58 IST" skipped="0">
  <testcase classname="SmallerEmployertest.TC03_SER_PrevEmpEligible" name="GoToUrlAssertUrlClickclickAllowancesSchemesClickselectYestosmallERClickselectNotosmallERClickc" time="53.929"/>
  <system-out/>
</testsuite> <!-- SmallerEmployertest.TC03_SER_PrevEmpEligible -->
