<?xml version="1.0" encoding="UTF-8"?>
<!-- Generated by org.testng.reporters.JUnitReportReporter -->
<testsuite hostname="Nom-31" failures="0" tests="4" name="_2078Test.TC406_409PaymentofMonthwhen3" time="196.949" errors="0" timestamp="2022-01-31T05:54:56 IST" skipped="0">
  <testcase classname="_2078Test.TC406_409PaymentofMonthwhen3" name="GoToUrlAssertUrlPositiveEnterEnterUsernamePositiveEnterEnterpasswordClickLoginButtonGoToUrlAs1" time="61.908"/>
  <system-out/>
  <testcase classname="_2078Test.TC406_409PaymentofMonthwhen3" name="GoToUrlAssertUrlClickRunPayroll1ClickRunPayroll2ClickgetSuccessMsgClickUndoLastPayrollClickcl" time="44.704"/>
  <system-out/>
  <testcase classname="_2078Test.TC406_409PaymentofMonthwhen3" name="GoToUrlAssertUrlClickRunPayroll1ClickRunPayroll2ClickgetSuccessMsgClickUndoLastPayrollClickc2" time="46.013"/>
  <system-out/>
  <testcase classname="_2078Test.TC406_409PaymentofMonthwhen3" name="GoToUrlAssertUrlClickRunPayroll1ClickRunPayroll2ClickgetSuccessMsgClickUndoLastPayrollClickc4" time="44.324"/>
  <system-out/>
</testsuite> <!-- _2078Test.TC406_409PaymentofMonthwhen3 -->
