<?xml version="1.0" encoding="UTF-8"?>
<!-- Generated by org.testng.reporters.JUnitReportReporter -->
<testsuite hostname="Nom-31" failures="0" tests="2" name="TaxCode.TC435DiffTaxCodeDeduction" time="80.907" errors="0" timestamp="2021-08-18T15:11:25 IST" skipped="0">
  <testcase classname="TaxCode.TC435DiffTaxCodeDeduction" name="GoToUrlAssertUrlClickRunPayroll1ClickRunPayroll2ClickgetSuccessMsgClickUndoLastPayrollClickcl" time="45.140"/>
  <system-out/>
  <testcase classname="TaxCode.TC435DiffTaxCodeDeduction" name="GoToUrlAssertUrlClickRunPayroll1ClickRunPayroll2ClickgetSuccessMsgClickUndoLastPayrollClickc4" time="35.767"/>
  <system-out/>
</testsuite> <!-- TaxCode.TC435DiffTaxCodeDeduction -->
