<?xml version="1.0" encoding="UTF-8"?>
<!-- Generated by org.testng.reporters.JUnitReportReporter -->
<testsuite hostname="Nom-31" failures="0" tests="1" name="_1942_2010.TC198DeleteFreqAffectDump" time="39.372" errors="0" timestamp="2021-12-06T22:39:04 IST" skipped="0">
  <testcase classname="_1942_2010.TC198DeleteFreqAffectDump" name="GoToUrlAssertUrlPositiveEnterEnterUsernamePositiveEnterEnterpasswordClickLoginButtonGoToUrlAs1" time="39.372"/>
  <system-out/>
</testsuite> <!-- _1942_2010.TC198DeleteFreqAffectDump -->
