<?xml version="1.0" encoding="UTF-8"?>
<!-- Generated by org.testng.reporters.JUnitReportReporter -->
<testsuite hostname="Nom-31" failures="0" tests="1" name="tests.TC19subscriptEmployerOpeningBalance_DefaultProfile" time="57.175" errors="0" timestamp="2022-01-31T05:54:56 IST" skipped="0">
  <testcase classname="tests.TC19subscriptEmployerOpeningBalance_DefaultProfile" name="GoToUrlAssertUrlPositiveEnterEnterUsernamePositiveEnterEnterpasswordClickLoginButtonGoToUrlAs" time="57.175"/>
  <system-out/>
</testsuite> <!-- tests.TC19subscriptEmployerOpeningBalance_DefaultProfile -->
