<?xml version="1.0" encoding="UTF-8"?>
<!-- Generated by org.testng.reporters.JUnitReportReporter -->
<testsuite hostname="Nom-31" failures="0" tests="1" name="_2105EmailTest.TC530EmailSettingfromBusiness" time="24.624" errors="0" timestamp="2022-01-31T05:54:56 IST" skipped="0">
  <testcase classname="_2105EmailTest.TC530EmailSettingfromBusiness" name="GoToUrlAssertUrlPositiveEnterEnterUsernamePositiveEnterEnterpasswordClickLoginButtonGoToUrlAs" time="24.624"/>
  <system-out/>
</testsuite> <!-- _2105EmailTest.TC530EmailSettingfromBusiness -->
