<?xml version="1.0" encoding="UTF-8"?>
<!-- Generated by org.testng.reporters.JUnitReportReporter -->
<testsuite hostname="Nom-31" failures="0" tests="4" name="_2078Test.TC430_433PaymentofMonthwhenPaymentManagement" time="173.307" errors="0" timestamp="2021-11-11T04:10:42 IST" skipped="0">
  <testcase classname="_2078Test.TC430_433PaymentofMonthwhenPaymentManagement" name="GoToUrlAssertUrlPositiveEnterEnterUsernamePositiveEnterEnterpasswordClickLoginButtonGoToUrlAs1" time="44.080"/>
  <system-out/>
  <testcase classname="_2078Test.TC430_433PaymentofMonthwhenPaymentManagement" name="GoToUrlAssertUrlClickRunPayroll1ClickRunPayroll2ClickgetSuccessMsgClickUndoLastPayrollClickcl" time="39.107"/>
  <system-out/>
  <testcase classname="_2078Test.TC430_433PaymentofMonthwhenPaymentManagement" name="GoToUrlAssertUrlClickRunPayroll1ClickRunPayroll2ClickgetSuccessMsgClickUndoLastPayrollClickc2" time="40.728"/>
  <system-out/>
  <testcase classname="_2078Test.TC430_433PaymentofMonthwhenPaymentManagement" name="GoToUrlAssertUrlClickRunPayroll1ClickRunPayroll2ClickgetSuccessMsgClickUndoLastPayrollClickc4" time="49.392"/>
  <system-out/>
</testsuite> <!-- _2078Test.TC430_433PaymentofMonthwhenPaymentManagement -->
