<?xml version="1.0" encoding="UTF-8"?>
<!-- Generated by org.testng.reporters.JUnitReportReporter -->
<testsuite hostname="Nom-31" failures="0" tests="4" name="_2078Test.TC398_401PaymentofMonthwhen5" time="178.813" errors="0" timestamp="2021-12-06T22:39:04 IST" skipped="0">
  <testcase classname="_2078Test.TC398_401PaymentofMonthwhen5" name="GoToUrlAssertUrlPositiveEnterEnterUsernamePositiveEnterEnterpasswordClickLoginButtonGoToUrlAs1" time="48.115"/>
  <system-out/>
  <testcase classname="_2078Test.TC398_401PaymentofMonthwhen5" name="GoToUrlAssertUrlClickRunPayroll1ClickRunPayroll2ClickgetSuccessMsgClickUndoLastPayrollClickcl" time="39.745"/>
  <system-out/>
  <testcase classname="_2078Test.TC398_401PaymentofMonthwhen5" name="GoToUrlAssertUrlClickRunPayroll1ClickRunPayroll2ClickgetSuccessMsgClickUndoLastPayrollClickc2" time="50.379"/>
  <system-out/>
  <testcase classname="_2078Test.TC398_401PaymentofMonthwhen5" name="GoToUrlAssertUrlClickRunPayroll1ClickRunPayroll2ClickgetSuccessMsgClickUndoLastPayrollClickc4" time="40.574"/>
  <system-out/>
</testsuite> <!-- _2078Test.TC398_401PaymentofMonthwhen5 -->
