<?xml version="1.0" encoding="UTF-8"?>
<!-- Generated by org.testng.reporters.JUnitReportReporter -->
<testsuite hostname="Nom-31" failures="0" tests="1" name="_1399subContr.TC193VerifySubContrwithNI_0" time="33.658" errors="0" timestamp="2022-01-31T05:54:56 IST" skipped="0">
  <testcase classname="_1399subContr.TC193VerifySubContrwithNI_0" name="GoToUrlAssertUrlPositiveEnterEnterUsernamePositiveEnterEnterpasswordClickLoginButtonGoToUrlAs1" time="33.658"/>
  <system-out/>
</testsuite> <!-- _1399subContr.TC193VerifySubContrwithNI_0 -->
