<?xml version="1.0" encoding="UTF-8"?>
<!-- Generated by org.testng.reporters.JUnitReportReporter -->
<testsuite hostname="Nom-31" failures="0" tests="3" name="_1912.TC386_388_1912MiddleFPSWithHighSalary" time="126.715" errors="0" timestamp="2021-12-21T12:09:45 IST" skipped="0">
  <testcase classname="_1912.TC386_388_1912MiddleFPSWithHighSalary" name="GoToUrlAssertUrlClickRunPayroll1ClickRunPayroll2ClickgetSuccessMsgClickUndoLastPayrollClickcl" time="42.447"/>
  <system-out/>
  <testcase classname="_1912.TC386_388_1912MiddleFPSWithHighSalary" name="GoToUrlAssertUrlClickRunPayroll1ClickRunPayroll2ClickgetSuccessMsgClickUndoLastPayrollClickc2" time="41.822"/>
  <system-out/>
  <testcase classname="_1912.TC386_388_1912MiddleFPSWithHighSalary" name="GoToUrlAssertUrlClickRunPayroll1ClickRunPayroll2ClickgetSuccessMsgClickUndoLastPayrollClickc3" time="42.446"/>
  <system-out/>
</testsuite> <!-- _1912.TC386_388_1912MiddleFPSWithHighSalary -->
