<?xml version="1.0" encoding="UTF-8"?>
<!-- Generated by org.testng.reporters.JUnitReportReporter -->
<testsuite hostname="Nom-31" failures="0" tests="2" name="_1743PayrollDSB.TC698_699CheckTaxablePayJoinMidFortNight6" time="104.429" errors="0" timestamp="2022-01-31T05:54:55 IST" skipped="0">
  <testcase classname="_1743PayrollDSB.TC698_699CheckTaxablePayJoinMidFortNight6" name="GoToUrlAssertUrlPositiveEnterEnterUsernamePositiveEnterEnterpasswordClickLoginButtonGoToUrlAs" time="60.312"/>
  <system-out/>
  <testcase classname="_1743PayrollDSB.TC698_699CheckTaxablePayJoinMidFortNight6" name="GoToUrlAssertUrlPositiveEnterEnterUsernamePositiveEnterEnterpasswordClickLoginButtonGoToUrlAs1" time="44.117"/>
  <system-out/>
</testsuite> <!-- _1743PayrollDSB.TC698_699CheckTaxablePayJoinMidFortNight6 -->
