<?xml version="1.0" encoding="UTF-8"?>
<!-- Generated by org.testng.reporters.JUnitReportReporter -->
<testsuite hostname="Nom-31" failures="0" tests="7" name="AOE.TC901_906AOE_ChildSupportPopup5" time="395.521" errors="0" timestamp="2022-01-31T05:54:55 IST" skipped="0">
  <testcase classname="AOE.TC901_906AOE_ChildSupportPopup5" name="GoToUrlAssertUrlPositiveEnterEnterUsernamePositiveEnterEnterpasswordClickLoginButtonGoToUrlAs1" time="49.810"/>
  <system-out/>
  <testcase classname="AOE.TC901_906AOE_ChildSupportPopup5" name="GoToUrlAssertUrlPositiveEnterEnterUsernamePositiveEnterEnterpasswordClickLoginButtonGoToUrlAs2" time="51.482"/>
  <system-out/>
  <testcase classname="AOE.TC901_906AOE_ChildSupportPopup5" name="GoToUrlAssertUrlPositiveEnterEnterUsernamePositiveEnterEnterpasswordClickLoginButtonGoToUrlAs3" time="55.865"/>
  <system-out/>
  <testcase classname="AOE.TC901_906AOE_ChildSupportPopup5" name="GoToUrlAssertUrlPositiveEnterEnterUsernamePositiveEnterEnterpasswordClickLoginButtonGoToUrlAs4" time="58.517"/>
  <system-out/>
  <testcase classname="AOE.TC901_906AOE_ChildSupportPopup5" name="GoToUrlAssertUrlPositiveEnterEnterUsernamePositiveEnterEnterpasswordClickLoginButtonGoToUrlAs5" time="59.148"/>
  <system-out/>
  <testcase classname="AOE.TC901_906AOE_ChildSupportPopup5" name="GoToUrlAssertUrlPositiveEnterEnterUsernamePositiveEnterEnterpasswordClickLoginButtonGoToUrlAs6" time="62.025"/>
  <system-out/>
  <testcase classname="AOE.TC901_906AOE_ChildSupportPopup5" name="GoToUrlAssertUrlPositiveEnterEnterUsernamePositiveEnterEnterpasswordClickLoginButtonGoToUrlAs7" time="58.674"/>
  <system-out/>
</testsuite> <!-- AOE.TC901_906AOE_ChildSupportPopup5 -->
