<?xml version="1.0" encoding="UTF-8"?>
<!-- Generated by org.testng.reporters.JUnitReportReporter -->
<testsuite hostname="Nom-31" failures="0" tests="1" name="PaymentManagement.TC72subscriptPaymentmmgtwhenfreqFortnightly" time="54.379" errors="0" timestamp="2022-01-31T05:54:56 IST" skipped="0">
  <testcase classname="PaymentManagement.TC72subscriptPaymentmmgtwhenfreqFortnightly" name="GoToUrlAssertUrlPositiveEnterEnterUsernamePositiveEnterEnterpasswordClickLoginButtonGoToUrlAs" time="54.379"/>
  <system-out/>
</testsuite> <!-- PaymentManagement.TC72subscriptPaymentmmgtwhenfreqFortnightly -->
