<?xml version="1.0" encoding="UTF-8"?>
<!-- Generated by org.testng.reporters.JUnitReportReporter -->
<testsuite hostname="Nom-31" failures="0" tests="3" name="_2129SummaryCustomized.TC598_600SendEmailofQtrPayrollWeeklyFrq" time="142.569" errors="0" timestamp="2021-12-06T22:39:04 IST" skipped="0">
  <testcase classname="_2129SummaryCustomized.TC598_600SendEmailofQtrPayrollWeeklyFrq" name="GoToUrlAssertUrlPositiveSelectPayrollDateClickEmailClickTickCompanyemailaddressClickTickEmploy" time="48.255"/>
  <system-out/>
  <testcase classname="_2129SummaryCustomized.TC598_600SendEmailofQtrPayrollWeeklyFrq" name="GoToUrlAssertUrlPositiveSelectPayrollDateClickEmailClickTickCompanyemailaddressClickTickEmploy2" time="45.309"/>
  <system-out/>
  <testcase classname="_2129SummaryCustomized.TC598_600SendEmailofQtrPayrollWeeklyFrq" name="GoToUrlAssertUrlPositiveSelectPayrollDateClickEmailClickTickCompanyemailaddressClickTickEmploy1" time="49.005"/>
  <system-out/>
</testsuite> <!-- _2129SummaryCustomized.TC598_600SendEmailofQtrPayrollWeeklyFrq -->
