<?xml version="1.0" encoding="UTF-8"?>
<!-- Generated by org.testng.reporters.JUnitReportReporter -->
<testsuite hostname="Nom-31" failures="0" tests="1" name="verifyEmailsDataTest.TC246ErrorwhenNoEmailinMainContact" time="46.443" errors="0" timestamp="2021-11-11T04:10:41 IST" skipped="0">
  <testcase classname="verifyEmailsDataTest.TC246ErrorwhenNoEmailinMainContact" name="GoToUrlAssertUrlClickclickAllowancesSchemesClickmarkYesClickclickSaveClickgotoPayrollDashboard" time="46.443"/>
  <system-out/>
</testsuite> <!-- verifyEmailsDataTest.TC246ErrorwhenNoEmailinMainContact -->
