<?xml version="1.0" encoding="UTF-8"?>
<!-- Generated by org.testng.reporters.JUnitReportReporter -->
<testsuite hostname="Nom-31" failures="0" tests="1" name="tests1.createContractorInCIS_DefaultProfile" time="42.054" errors="0" timestamp="2021-05-13T14:54:23 IST" skipped="0">
  <testcase classname="tests1.createContractorInCIS_DefaultProfile" name="GoToUrlAssertUrlPositiveEnterEnterUsernamePositiveEnterEnterpasswordClickLoginButtonGoToUrlAs1" time="42.054"/>
  <system-out/>
</testsuite> <!-- tests1.createContractorInCIS_DefaultProfile -->
