<?xml version="1.0" encoding="UTF-8"?>
<!-- Generated by org.testng.reporters.JUnitReportReporter -->
<testsuite hostname="Nom-31" failures="0" tests="1" name="_1756PayrollSummary.TC221verifysummarychngetoMonthlyDump" time="40.276" errors="0" timestamp="2021-12-06T22:39:04 IST" skipped="0">
  <testcase classname="_1756PayrollSummary.TC221verifysummarychngetoMonthlyDump" name="GoToUrlAssertUrlClickclickAllowancesSchemesClickmarkYesClickclickSaveClickgotoPayrollDashboard" time="40.276"/>
  <system-out/>
</testsuite> <!-- _1756PayrollSummary.TC221verifysummarychngetoMonthlyDump -->
