<?xml version="1.0" encoding="UTF-8"?>
<!-- Generated by org.testng.reporters.JUnitReportReporter -->
<testsuite hostname="Nom-31" failures="0" tests="1" name="AlertsForEmployeeAge.TC477over26andEmpFirstYrApprenticeComplete" time="73.328" errors="0" timestamp="2022-03-14T15:26:38 IST" skipped="0">
  <testcase classname="AlertsForEmployeeAge.TC477over26andEmpFirstYrApprenticeComplete" name="GoToUrlAssertUrlPositiveEnterEnterUsernamePositiveEnterEnterpasswordClickLoginButtonGoToUrlAs" time="73.328"/>
  <system-out/>
</testsuite> <!-- AlertsForEmployeeAge.TC477over26andEmpFirstYrApprenticeComplete -->
