<?xml version="1.0" encoding="UTF-8"?>
<!-- Generated by org.testng.reporters.JUnitReportReporter -->
<testsuite hostname="Nom-31" failures="0" tests="1" name="tests1.TC29subscriptEmployerNotes_DefaultProfile" time="44.446" errors="0" timestamp="2021-11-11T04:10:41 IST" skipped="0">
  <testcase classname="tests1.TC29subscriptEmployerNotes_DefaultProfile" name="GoToUrlAssertUrlPositiveEnterEnterUsernamePositiveEnterEnterpasswordClickLoginButtonGoToUrlAs" time="44.446"/>
  <system-out/>
</testsuite> <!-- tests1.TC29subscriptEmployerNotes_DefaultProfile -->
