<?xml version="1.0" encoding="UTF-8"?>
<!-- Generated by org.testng.reporters.JUnitReportReporter -->
<testsuite hostname="Nom-31" failures="0" tests="8" name="_1749PensionConribution.TC815_822PensionContributionPage" time="228.097" errors="0" timestamp="2022-01-31T05:54:56 IST" skipped="0">
  <testcase classname="_1749PensionConribution.TC815_822PensionContributionPage" name="verifyPentionContributionTable" time="28.137"/>
  <system-out/>
  <testcase classname="_1749PensionConribution.TC815_822PensionContributionPage" name="verifyAccountManagerSelectOption" time="28.383"/>
  <system-out/>
  <testcase classname="_1749PensionConribution.TC815_822PensionContributionPage" name="verifyCompanyNameSelectOption" time="29.013"/>
  <system-out/>
  <testcase classname="_1749PensionConribution.TC815_822PensionContributionPage" name="VerifyselectStatusPendin" time="29.085"/>
  <system-out/>
  <testcase classname="_1749PensionConribution.TC815_822PensionContributionPage" name="VerifyselectStatusFailed" time="29.148"/>
  <system-out/>
  <testcase classname="_1749PensionConribution.TC815_822PensionContributionPage" name="VerifyselectStatusAll" time="29.518"/>
  <system-out/>
  <testcase classname="_1749PensionConribution.TC815_822PensionContributionPage" name="verifySubmitContributionButtonAvailability" time="27.743"/>
  <system-out/>
  <testcase classname="_1749PensionConribution.TC815_822PensionContributionPage" name="verifySubmitContributionTotalRecord" time="27.070"/>
  <system-out/>
</testsuite> <!-- _1749PensionConribution.TC815_822PensionContributionPage -->
