<?xml version="1.0" encoding="UTF-8"?>
<!-- Generated by org.testng.reporters.JUnitReportReporter -->
<testsuite hostname="Nom-31" failures="0" tests="1" name="_1939_tests.TC11_AutoRunPayrollErrorMsgChecked" time="63.539" errors="0" timestamp="2021-12-21T12:09:45 IST" skipped="0">
  <testcase classname="_1939_tests.TC11_AutoRunPayrollErrorMsgChecked" name="GoToUrlAssertUrlPositiveEnterEnterUsernamePositiveEnterEnterpasswordClickLoginButtonGoToUrlAs" time="63.539"/>
  <system-out/>
</testsuite> <!-- _1939_tests.TC11_AutoRunPayrollErrorMsgChecked -->
