<?xml version="1.0" encoding="UTF-8"?>
<!-- Generated by org.testng.reporters.JUnitReportReporter -->
<testsuite hostname="Nom-31" failures="0" tests="1" name="PaymentManagement.T110TS01_PM" time="72.721" errors="0" timestamp="2021-11-11T04:10:42 IST" skipped="0">
  <testcase classname="PaymentManagement.T110TS01_PM" name="GoToUrlAssertUrlPositiveEnterEnterUsernamePositiveEnterEnterpasswordClickLoginButtonGoToUrlAs" time="72.721"/>
  <system-out/>
</testsuite> <!-- PaymentManagement.T110TS01_PM -->
