<?xml version="1.0" encoding="UTF-8"?>
<!-- Generated by org.testng.reporters.JUnitReportReporter -->
<testsuite hostname="Nom-31" failures="0" tests="1" name="SmallerEmployertest.T145TC10_SER_MidYearStat103Check" time="41.740" errors="0" timestamp="2022-01-31T05:54:55 IST" skipped="0">
  <testcase classname="SmallerEmployertest.T145TC10_SER_MidYearStat103Check" name="GoToUrlAssertUrlClickclickAllowancesSchemesClickselectYestosmallERClickselectNotosmallERClickc" time="41.740"/>
  <system-out/>
</testsuite> <!-- SmallerEmployertest.T145TC10_SER_MidYearStat103Check -->
