<?xml version="1.0" encoding="UTF-8"?>
<!-- Generated by org.testng.reporters.JUnitReportReporter -->
<testsuite hostname="Nom-31" failures="0" tests="1" name="_1744CISDSBTest.TC507QuickJumpOption" time="32.687" errors="0" timestamp="2021-12-21T12:09:45 IST" skipped="0">
  <testcase classname="_1744CISDSBTest.TC507QuickJumpOption" name="GoToUrlAssertUrlPositiveEnterEnterUsernamePositiveEnterEnterpasswordClickLoginButtonGoToUrlAs" time="32.687"/>
  <system-out/>
</testsuite> <!-- _1744CISDSBTest.TC507QuickJumpOption -->
