<?xml version="1.0" encoding="UTF-8"?>
<!-- Generated by org.testng.reporters.JUnitReportReporter -->
<testsuite hostname="Nom-31" failures="0" tests="4" name="_2078Test.TC402_405PaymentofMonthwhen4" time="177.318" errors="0" timestamp="2022-03-14T15:26:38 IST" skipped="0">
  <testcase classname="_2078Test.TC402_405PaymentofMonthwhen4" name="GoToUrlAssertUrlPositiveEnterEnterUsernamePositiveEnterEnterpasswordClickLoginButtonGoToUrlAs1" time="55.200"/>
  <system-out/>
  <testcase classname="_2078Test.TC402_405PaymentofMonthwhen4" name="GoToUrlAssertUrlClickRunPayroll1ClickRunPayroll2ClickgetSuccessMsgClickUndoLastPayrollClickcl" time="43.396"/>
  <system-out/>
  <testcase classname="_2078Test.TC402_405PaymentofMonthwhen4" name="GoToUrlAssertUrlClickRunPayroll1ClickRunPayroll2ClickgetSuccessMsgClickUndoLastPayrollClickc2" time="39.337"/>
  <system-out/>
  <testcase classname="_2078Test.TC402_405PaymentofMonthwhen4" name="GoToUrlAssertUrlClickRunPayroll1ClickRunPayroll2ClickgetSuccessMsgClickUndoLastPayrollClickc4" time="39.385"/>
  <system-out/>
</testsuite> <!-- _2078Test.TC402_405PaymentofMonthwhen4 -->
