<?xml version="1.0" encoding="UTF-8"?>
<!-- Generated by org.testng.reporters.JUnitReportReporter -->
<testsuite hostname="Nom-31" failures="0" tests="2" name="_2129SummaryCustomized.TC595SummaryEmailWhenAutoPayrollQtr" time="75.633" errors="0" timestamp="2022-01-31T05:54:56 IST" skipped="0">
  <testcase classname="_2129SummaryCustomized.TC595SummaryEmailWhenAutoPayrollQtr" name="GoToUrlAssertUrlClickPayslipsPositiveSelectPayrollDateClickEmailPayslipsClickTickCompanyemaila" time="37.411"/>
  <system-out/>
  <testcase classname="_2129SummaryCustomized.TC595SummaryEmailWhenAutoPayrollQtr" name="GoToUrlAssertUrlClickPayslipsPositiveSelectPayrollDateClickEmailPayslipsClickTickCompanyemaila" time="38.222"/>
  <system-out/>
</testsuite> <!-- _2129SummaryCustomized.TC595SummaryEmailWhenAutoPayrollQtr -->
