<?xml version="1.0" encoding="UTF-8"?>
<!-- Generated by org.testng.reporters.JUnitReportReporter -->
<testsuite hostname="Nom-31" failures="0" tests="1" name="PaymentManagement.T121TC02_PM_MulFreq3" time="56.111" errors="0" timestamp="2022-01-31T05:54:56 IST" skipped="0">
  <testcase classname="PaymentManagement.T121TC02_PM_MulFreq3" name="GoToUrlAssertUrlPositiveEnterEnterUsernamePositiveEnterEnterpasswordClickLoginButtonGoToUrlAs" time="56.111"/>
  <system-out/>
</testsuite> <!-- PaymentManagement.T121TC02_PM_MulFreq3 -->
