<?xml version="1.0" encoding="UTF-8"?>
<!-- Generated by org.testng.reporters.JUnitReportReporter -->
<testsuite hostname="Nom-31" failures="0" tests="4" name="DeleteAddEmpTest.TC445_448EmpAddDel" time="190.179" errors="0" timestamp="2021-11-11T04:10:41 IST" skipped="0">
  <testcase classname="DeleteAddEmpTest.TC445_448EmpAddDel" name="GoToUrlAssertUrlClickRunPayroll1ClickRunPayroll2ClickgetSuccessMsgClickUndoLastPayrollClickcl" time="51.027"/>
  <system-out/>
  <testcase classname="DeleteAddEmpTest.TC445_448EmpAddDel" name="GoToUrlAssertUrlClickRunPayroll1ClickRunPayroll2ClickgetSuccessMsgClickUndoLastPayrollClickc4" time="47.657"/>
  <system-out/>
  <testcase classname="DeleteAddEmpTest.TC445_448EmpAddDel" name="GoToUrlAssertUrlClickRunPayroll1ClickRunPayroll2ClickgetSuccessMsgClickUndoLastPayrollClickc3" time="48.095"/>
  <system-out/>
  <testcase classname="DeleteAddEmpTest.TC445_448EmpAddDel" name="GoToUrlAssertUrlClickRunPayroll1ClickRunPayroll2ClickgetSuccessMsgClickUndoLastPayrollClickc2" time="43.400"/>
  <system-out/>
</testsuite> <!-- DeleteAddEmpTest.TC445_448EmpAddDel -->
