<?xml version="1.0" encoding="UTF-8"?>
<!-- Generated by org.testng.reporters.JUnitReportReporter -->
<testsuite hostname="Nom-31" failures="0" tests="1" name="verifyEmailsDataTest.TC227verifyAlertWhenNoContact" time="39.556" errors="0" timestamp="2022-03-14T15:26:38 IST" skipped="0">
  <testcase classname="verifyEmailsDataTest.TC227verifyAlertWhenNoContact" name="GoToUrlAssertUrlClickclickAllowancesSchemesClickmarkYesClickclickSaveClickgotoPayrollDashboard" time="39.556"/>
  <system-out/>
</testsuite> <!-- verifyEmailsDataTest.TC227verifyAlertWhenNoContact -->
