<?xml version="1.0" encoding="UTF-8"?>
<!-- Generated by org.testng.reporters.JUnitReportReporter -->
<testsuite hostname="Nom-31" failures="0" tests="2" name="_2087EmailLog.TC461_462EmailLogFromP60" time="96.023" errors="0" timestamp="2021-12-21T12:09:45 IST" skipped="0">
  <testcase classname="_2087EmailLog.TC461_462EmailLogFromP60" name="GoToUrlAssertUrlClickclickAllowancesSchemesClickmarkYesClickclickSaveClickgotoPayrollDashboard" time="51.093"/>
  <system-out/>
  <testcase classname="_2087EmailLog.TC461_462EmailLogFromP60" name="GoToUrlAssertUrlClickclickAllowancesSchemesClickmarkYesClickclickSaveClickgotoPayrollDashboard1" time="44.930"/>
  <system-out/>
</testsuite> <!-- _2087EmailLog.TC461_462EmailLogFromP60 -->
