<?xml version="1.0" encoding="UTF-8"?>
<!-- Generated by org.testng.reporters.JUnitReportReporter -->
<testsuite hostname="Nom-31" failures="0" tests="1" name="_1743PayrollDSB.TC715CheckPayroll_1Week_NotStarted" time="36.158" errors="0" timestamp="2022-01-31T05:54:56 IST" skipped="0">
  <testcase classname="_1743PayrollDSB.TC715CheckPayroll_1Week_NotStarted" name="GoToUrlAssertUrlPositiveEnterEnterUsernamePositiveEnterEnterpasswordClickLoginButtonGoToUrlAs" time="36.158"/>
  <system-out/>
</testsuite> <!-- _1743PayrollDSB.TC715CheckPayroll_1Week_NotStarted -->
