<?xml version="1.0" encoding="UTF-8"?>
<!-- Generated by org.testng.reporters.JUnitReportReporter -->
<testsuite hostname="Nom-31" failures="0" tests="7" name="AOE.TC845_851AOE_ChildSupportPopupA6" time="400.520" errors="0" timestamp="2022-01-31T05:54:56 IST" skipped="0">
  <testcase classname="AOE.TC845_851AOE_ChildSupportPopupA6" name="GoToUrlAssertUrlPositiveEnterEnterUsernamePositiveEnterEnterpasswordClickLoginButtonGoToUrlAs1" time="48.451"/>
  <system-out/>
  <testcase classname="AOE.TC845_851AOE_ChildSupportPopupA6" name="GoToUrlAssertUrlPositiveEnterEnterUsernamePositiveEnterEnterpasswordClickLoginButtonGoToUrlAs2" time="50.192"/>
  <system-out/>
  <testcase classname="AOE.TC845_851AOE_ChildSupportPopupA6" name="GoToUrlAssertUrlPositiveEnterEnterUsernamePositiveEnterEnterpasswordClickLoginButtonGoToUrlAs3" time="57.684"/>
  <system-out/>
  <testcase classname="AOE.TC845_851AOE_ChildSupportPopupA6" name="GoToUrlAssertUrlPositiveEnterEnterUsernamePositiveEnterEnterpasswordClickLoginButtonGoToUrlAs4" time="59.102"/>
  <system-out/>
  <testcase classname="AOE.TC845_851AOE_ChildSupportPopupA6" name="GoToUrlAssertUrlPositiveEnterEnterUsernamePositiveEnterEnterpasswordClickLoginButtonGoToUrlAs5" time="59.703"/>
  <system-out/>
  <testcase classname="AOE.TC845_851AOE_ChildSupportPopupA6" name="GoToUrlAssertUrlPositiveEnterEnterUsernamePositiveEnterEnterpasswordClickLoginButtonGoToUrlAs6" time="67.063"/>
  <system-out/>
  <testcase classname="AOE.TC845_851AOE_ChildSupportPopupA6" name="GoToUrlAssertUrlPositiveEnterEnterUsernamePositiveEnterEnterpasswordClickLoginButtonGoToUrlAs7" time="58.325"/>
  <system-out/>
</testsuite> <!-- AOE.TC845_851AOE_ChildSupportPopupA6 -->
