<?xml version="1.0" encoding="UTF-8"?>
<!-- Generated by org.testng.reporters.JUnitReportReporter -->
<testsuite hostname="Nom-31" failures="0" tests="6" name="_1743PayrollDSB.TC780_785CheckPension_Overdue" time="197.674" errors="0" timestamp="2022-03-14T15:26:37 IST" skipped="0">
  <testcase classname="_1743PayrollDSB.TC780_785CheckPension_Overdue" name="NotstartedOverdue" time="32.556"/>
  <system-out/>
  <testcase classname="_1743PayrollDSB.TC780_785CheckPension_Overdue" name="Notstarted1Week" time="34.153"/>
  <system-out/>
  <testcase classname="_1743PayrollDSB.TC780_785CheckPension_Overdue" name="Notstarted1Month" time="32.787"/>
  <system-out/>
  <testcase classname="_1743PayrollDSB.TC780_785CheckPension_Overdue" name="Notstarted2Months" time="32.622"/>
  <system-out/>
  <testcase classname="_1743PayrollDSB.TC780_785CheckPension_Overdue" name="Notstarted3_6Months" time="32.486"/>
  <system-out/>
  <testcase classname="_1743PayrollDSB.TC780_785CheckPension_Overdue" name="Notstarted6plus" time="33.070"/>
  <system-out/>
</testsuite> <!-- _1743PayrollDSB.TC780_785CheckPension_Overdue -->
