<?xml version="1.0" encoding="UTF-8"?>
<!-- Generated by org.testng.reporters.JUnitReportReporter -->
<testsuite hostname="Nom-31" failures="0" tests="6" name="_1748RunPayrollfromAgent.TC732_737CheckPayroll_AwaitingReviewClient2" time="220.136" errors="0" timestamp="2022-01-31T05:54:56 IST" skipped="0">
  <testcase classname="_1748RunPayrollfromAgent.TC732_737CheckPayroll_AwaitingReviewClient2" name="AwaitingReview_Overdue" time="36.277"/>
  <system-out/>
  <testcase classname="_1748RunPayrollfromAgent.TC732_737CheckPayroll_AwaitingReviewClient2" name="AwaitingReview_1week" time="36.465"/>
  <system-out/>
  <testcase classname="_1748RunPayrollfromAgent.TC732_737CheckPayroll_AwaitingReviewClient2" name="AwaitingReview_1Month" time="36.899"/>
  <system-out/>
  <testcase classname="_1748RunPayrollfromAgent.TC732_737CheckPayroll_AwaitingReviewClient2" name="AwaitingReview_2Month" time="37.383"/>
  <system-out/>
  <testcase classname="_1748RunPayrollfromAgent.TC732_737CheckPayroll_AwaitingReviewClient2" name="AwaitingReview_3_6Month" time="36.946"/>
  <system-out/>
  <testcase classname="_1748RunPayrollfromAgent.TC732_737CheckPayroll_AwaitingReviewClient2" name="AwaitingReview_6plusMonth" time="36.166"/>
  <system-out/>
</testsuite> <!-- _1748RunPayrollfromAgent.TC732_737CheckPayroll_AwaitingReviewClient2 -->
