<?xml version="1.0" encoding="UTF-8"?>
<!-- Generated by org.testng.reporters.JUnitReportReporter -->
<testsuite hostname="Nom-31" failures="0" tests="1" name="_1743PayrollDSB.TC704CheckManualPayroll" time="36.966" errors="0" timestamp="2022-01-31T05:54:55 IST" skipped="0">
  <testcase classname="_1743PayrollDSB.TC704CheckManualPayroll" name="GoToUrlAssertUrlPositiveEnterEnterUsernamePositiveEnterEnterpasswordClickLoginButtonGoToUrlAs" time="36.966"/>
  <system-out/>
</testsuite> <!-- _1743PayrollDSB.TC704CheckManualPayroll -->
