<?xml version="1.0" encoding="UTF-8"?>
<!-- Generated by org.testng.reporters.JUnitReportReporter -->
<testsuite hostname="Nom-31" failures="0" tests="1" name="_1747EPSverification.TC179EPSgeninlast" time="43.011" errors="0" timestamp="2022-01-31T05:54:57 IST" skipped="0">
  <testcase classname="_1747EPSverification.TC179EPSgeninlast" name="GoToUrlAssertUrlPositiveEnterEnterUsernamePositiveEnterEnterpasswordClickLoginButtonGoToUrlAs1" time="43.011"/>
  <system-out/>
</testsuite> <!-- _1747EPSverification.TC179EPSgeninlast -->
