<?xml version="1.0" encoding="UTF-8"?>
<!-- Generated by org.testng.reporters.JUnitReportReporter -->
<testsuite hostname="Nom-31" failures="0" tests="1" name="Volentry_Pension.TC75VCPension_DefaultProfile" time="70.350" errors="0" timestamp="2021-11-11T04:10:41 IST" skipped="0">
  <testcase classname="Volentry_Pension.TC75VCPension_DefaultProfile" name="GoToUrlAssertUrlClickgotoReportsClickgetEEPensionClickgetERpensionClickgotoPensionDashboardCl" time="70.350"/>
  <system-out/>
</testsuite> <!-- Volentry_Pension.TC75VCPension_DefaultProfile -->
