<?xml version="1.0" encoding="UTF-8"?>
<!-- Generated by org.testng.reporters.JUnitReportReporter -->
<testsuite hostname="Nom-31" failures="0" tests="2" name="_2087EmailLog.TC457_458EmailLogFromSummary" time="100.332" errors="0" timestamp="2021-12-21T12:09:45 IST" skipped="0">
  <testcase classname="_2087EmailLog.TC457_458EmailLogFromSummary" name="GoToUrlAssertUrlClickclickAllowancesSchemesClickmarkYesClickclickSaveClickgotoPayrollDashboard" time="54.744"/>
  <system-out/>
  <testcase classname="_2087EmailLog.TC457_458EmailLogFromSummary" name="GoToUrlAssertUrlClickclickAllowancesSchemesClickmarkYesClickclickSaveClickgotoPayrollDashboard1" time="45.588"/>
  <system-out/>
</testsuite> <!-- _2087EmailLog.TC457_458EmailLogFromSummary -->
