<?xml version="1.0" encoding="UTF-8"?>
<!-- Generated by org.testng.reporters.JUnitReportReporter -->
<testsuite hostname="Nom-31" failures="0" tests="3" name="PayrollDashboardUItest.TC321_323PayrollDoUndo" time="107.426" errors="0" timestamp="2022-03-14T15:26:38 IST" skipped="0">
  <testcase classname="PayrollDashboardUItest.TC321_323PayrollDoUndo" name="GoToUrlAssertUrlClickRunPayroll1ClickRunPayroll2ClickgetSuccessMsgClickUndoLastPayrollClickcl" time="33.871"/>
  <system-out/>
  <testcase classname="PayrollDashboardUItest.TC321_323PayrollDoUndo" name="GoToUrlAssertUrlClickRunPayroll1ClickRunPayroll2ClickgetSuccessMsgClickUndoLastPayrollClickc" time="38.328"/>
  <system-out/>
  <testcase classname="PayrollDashboardUItest.TC321_323PayrollDoUndo" name="GoToUrlAssertUrlClickRunPayroll1ClickRunPayroll2ClickgetSuccessMsgClickUndoLastPayrollClickc2" time="35.227"/>
  <system-out/>
</testsuite> <!-- PayrollDashboardUItest.TC321_323PayrollDoUndo -->
