<?xml version="1.0" encoding="UTF-8"?>
<!-- Generated by org.testng.reporters.JUnitReportReporter -->
<testsuite hostname="Nom-31" failures="0" tests="1" name="_1743PayrollDSB.TC716CheckPayroll_1Months_NotStarted" time="33.392" errors="0" timestamp="2022-03-14T15:26:37 IST" skipped="0">
  <testcase classname="_1743PayrollDSB.TC716CheckPayroll_1Months_NotStarted" name="GoToUrlAssertUrlPositiveEnterEnterUsernamePositiveEnterEnterpasswordClickLoginButtonGoToUrlAs" time="33.392"/>
  <system-out/>
</testsuite> <!-- _1743PayrollDSB.TC716CheckPayroll_1Months_NotStarted -->
