<?xml version="1.0" encoding="UTF-8"?>
<!-- Generated by org.testng.reporters.JUnitReportReporter -->
<testsuite hostname="Nom-31" failures="0" tests="1" name="SmallerEmployertest.TC65QualifiedforSmallerEmployer2022_DefaultProfile" time="46.932" errors="0" timestamp="2022-03-14T15:26:37 IST" skipped="0">
  <testcase classname="SmallerEmployertest.TC65QualifiedforSmallerEmployer2022_DefaultProfile" name="GoToUrlAssertUrlClickclickAllowancesSchemesClickselectYestosmallERClickselectNotosmallERClickc" time="46.932"/>
  <system-out/>
</testsuite> <!-- SmallerEmployertest.TC65QualifiedforSmallerEmployer2022_DefaultProfile -->
