<?xml version="1.0" encoding="UTF-8"?>
<!-- Generated by org.testng.reporters.JUnitReportReporter -->
<testsuite hostname="Nom-31" failures="0" tests="1" name="verifySummaryReportsData.TC275chkCFofsummarywhenMonthly_AllowanceinMid" time="69.438" errors="0" timestamp="2021-12-21T12:09:45 IST" skipped="0">
  <testcase classname="verifySummaryReportsData.TC275chkCFofsummarywhenMonthly_AllowanceinMid" name="GoToUrlAssertUrlClickclickAllowancesSchemesClickmarkYesClickclickSaveClickgotoPayrollDashboard" time="69.438"/>
  <system-out/>
</testsuite> <!-- verifySummaryReportsData.TC275chkCFofsummarywhenMonthly_AllowanceinMid -->
