<?xml version="1.0" encoding="UTF-8"?>
<!-- Generated by org.testng.reporters.JUnitReportReporter -->
<testsuite hostname="Nom-31" failures="0" tests="1" name="_2134StarterDetail.TC656LeaverAndStarterDetailinReports" time="43.131" errors="0" timestamp="2021-12-06T22:39:04 IST" skipped="0">
  <testcase classname="_2134StarterDetail.TC656LeaverAndStarterDetailinReports" name="GoToUrlAssertUrlClickclickAllowancesSchemesClickmarkYesClickclickSaveClickgotoPayrollDashboard" time="43.131"/>
  <system-out/>
</testsuite> <!-- _2134StarterDetail.TC656LeaverAndStarterDetailinReports -->
