<?xml version="1.0" encoding="UTF-8"?>
<!-- Generated by org.testng.reporters.JUnitReportReporter -->
<testsuite hostname="Nom-31" failures="0" tests="1" name="_1911test.TC668ZIPEmailfromDSBtoEmp" time="65.117" errors="0" timestamp="2021-12-10T13:22:31 IST" skipped="0">
  <testcase classname="_1911test.TC668ZIPEmailfromDSBtoEmp" name="GoToUrlAssertUrlPositiveEnterEnterUsernamePositiveEnterEnterpasswordClickLoginButtonGoToUrlAs" time="65.117"/>
  <system-out/>
</testsuite> <!-- _1911test.TC668ZIPEmailfromDSBtoEmp -->
