<?xml version="1.0" encoding="UTF-8"?>
<!-- Generated by org.testng.reporters.JUnitReportReporter -->
<testsuite hostname="Nom-31" failures="0" tests="1" name="PaymentManagement.TC73subscriptPaymentmmgtwhenfreqFourweekly" time="70.555" errors="0" timestamp="2021-12-06T22:39:04 IST" skipped="0">
  <testcase classname="PaymentManagement.TC73subscriptPaymentmmgtwhenfreqFourweekly" name="GoToUrlAssertUrlPositiveEnterEnterUsernamePositiveEnterEnterpasswordClickLoginButtonGoToUrlAs" time="70.555"/>
  <system-out/>
</testsuite> <!-- PaymentManagement.TC73subscriptPaymentmmgtwhenfreqFourweekly -->
