<?xml version="1.0" encoding="UTF-8"?>
<!-- Generated by org.testng.reporters.JUnitReportReporter -->
<testsuite hostname="Nom-31" failures="0" tests="2" name="TaxCode.TC435_436DiffTaxCodeDeduction" time="95.913" errors="0" timestamp="2021-12-06T22:39:04 IST" skipped="0">
  <testcase classname="TaxCode.TC435_436DiffTaxCodeDeduction" name="GoToUrlAssertUrlClickRunPayroll1ClickRunPayroll2ClickgetSuccessMsgClickUndoLastPayrollClickcl" time="54.738"/>
  <system-out/>
  <testcase classname="TaxCode.TC435_436DiffTaxCodeDeduction" name="GoToUrlAssertUrlClickRunPayroll1ClickRunPayroll2ClickgetSuccessMsgClickUndoLastPayrollClickc4" time="41.175"/>
  <system-out/>
</testsuite> <!-- TaxCode.TC435_436DiffTaxCodeDeduction -->
