<?xml version="1.0" encoding="UTF-8"?>
<!-- Generated by org.testng.reporters.JUnitReportReporter -->
<testsuite hostname="Nom-31" failures="0" tests="1" name="tests1.subscriptDisableSchemeWithEndDay5_DefaultProfile" time="41.456" errors="0" timestamp="2021-05-06T14:26:41 IST" skipped="0">
  <testcase classname="tests1.subscriptDisableSchemeWithEndDay5_DefaultProfile" name="GoToUrlAssertUrlPositiveEnterEnterUsernamePositiveEnterEnterpasswordClickLoginButtonGoToUrlAs" time="41.456"/>
  <system-out/>
</testsuite> <!-- tests1.subscriptDisableSchemeWithEndDay5_DefaultProfile -->
