<?xml version="1.0" encoding="UTF-8"?>
<!-- Generated by org.testng.reporters.JUnitReportReporter -->
<testsuite hostname="Nom-31" failures="0" tests="11" name="PayrollDashboardUItest.TC310_320PayrollDshboardChk" time="468.988" errors="0" timestamp="2022-01-31T05:54:56 IST" skipped="0">
  <testcase classname="PayrollDashboardUItest.TC310_320PayrollDshboardChk" name="GoToUrlAssertUrlClickclickAllowancesSchemesClickmarkYesClickclickSaveClickgotoPayrollDashboard" time="41.844"/>
  <system-out/>
  <testcase classname="PayrollDashboardUItest.TC310_320PayrollDshboardChk" name="GoToUrlAssertUrlClickclickAllowancesSchemesClickmarkYesClickclickSaveClickgotoPayrollDashboard1" time="40.959"/>
  <system-out/>
  <testcase classname="PayrollDashboardUItest.TC310_320PayrollDshboardChk" name="GoToUrlAssertUrlClickclickAllowancesSchemesClickmarkYesClickclickSaveClickgotoPayrollDashboard2" time="43.166"/>
  <system-out/>
  <testcase classname="PayrollDashboardUItest.TC310_320PayrollDshboardChk" name="GoToUrlAssertUrlClickclickAllowancesSchemesClickmarkYesClickclickSaveClickgotoPayrollDashboard3" time="41.844"/>
  <system-out/>
  <testcase classname="PayrollDashboardUItest.TC310_320PayrollDshboardChk" name="GoToUrlAssertUrlClickclickAllowancesSchemesClickmarkYesClickclickSaveClickgotoPayrollDashboard4" time="41.594"/>
  <system-out/>
  <testcase classname="PayrollDashboardUItest.TC310_320PayrollDshboardChk" name="GoToUrlAssertUrlClickclickAllowancesSchemesClickmarkYesClickclickSaveClickgotoPayrollDashboard5" time="42.803"/>
  <system-out/>
  <testcase classname="PayrollDashboardUItest.TC310_320PayrollDshboardChk" name="GoToUrlAssertUrlClickclickAllowancesSchemesClickmarkYesClickclickSaveClickgotoPayrollDashboard6" time="43.142"/>
  <system-out/>
  <testcase classname="PayrollDashboardUItest.TC310_320PayrollDshboardChk" name="GoToUrlAssertUrlClickclickAllowancesSchemesClickmarkYesClickclickSaveClickgotoPayrollDashboard7" time="43.752"/>
  <system-out/>
  <testcase classname="PayrollDashboardUItest.TC310_320PayrollDshboardChk" name="GoToUrlAssertUrlClickclickAllowancesSchemesClickmarkYesClickclickSaveClickgotoPayrollDashboard8" time="41.982"/>
  <system-out/>
  <testcase classname="PayrollDashboardUItest.TC310_320PayrollDshboardChk" name="GoToUrlAssertUrlClickclickAllowancesSchemesClickmarkYesClickclickSaveClickgotoPayrollDashboard9" time="44.978"/>
  <system-out/>
  <testcase classname="PayrollDashboardUItest.TC310_320PayrollDshboardChk" name="GoToUrlAssertUrlClickclickAllowancesSchemesClickmarkYesClickclickSaveClickgotoPayrollDashboard10" time="42.924"/>
  <system-out/>
</testsuite> <!-- PayrollDashboardUItest.TC310_320PayrollDshboardChk -->
