<?xml version="1.0" encoding="UTF-8"?>
<!-- Generated by org.testng.reporters.JUnitReportReporter -->
<testsuite hostname="Nom-31" failures="0" tests="1" name="tests.TC10subscriptDeregisterWithEmploye_DefaultProfile" time="193.868" errors="0" timestamp="2022-01-31T05:54:56 IST" skipped="0">
  <testcase classname="tests.TC10subscriptDeregisterWithEmploye_DefaultProfile" name="GoToUrlAssertUrlPositiveSelectStatusSearch1ClickSelectCheckBoxPositiveSelectSubmitReasonClickS1" time="193.868"/>
  <system-out/>
</testsuite> <!-- tests.TC10subscriptDeregisterWithEmploye_DefaultProfile -->
