<?xml version="1.0" encoding="UTF-8"?>
<!-- Generated by org.testng.reporters.JUnitReportReporter -->
<testsuite hostname="Nom-31" failures="0" tests="2" name="_2170RTI_Submission.TC700_701CheckTaxablePayJoinMidFourWeekly" time="93.594" errors="0" timestamp="2021-12-06T22:39:04 IST" skipped="0">
  <testcase classname="_2170RTI_Submission.TC700_701CheckTaxablePayJoinMidFourWeekly" name="GoToUrlAssertUrlPositiveEnterEnterUsernamePositiveEnterEnterpasswordClickLoginButtonGoToUrlAs" time="53.478"/>
  <system-out/>
  <testcase classname="_2170RTI_Submission.TC700_701CheckTaxablePayJoinMidFourWeekly" name="GoToUrlAssertUrlPositiveEnterEnterUsernamePositiveEnterEnterpasswordClickLoginButtonGoToUrlAs1" time="40.116"/>
  <system-out/>
</testsuite> <!-- _2170RTI_Submission.TC700_701CheckTaxablePayJoinMidFourWeekly -->
