<?xml version="1.0" encoding="UTF-8"?>
<!-- Generated by org.testng.reporters.JUnitReportReporter -->
<testsuite hostname="Nom-31" failures="0" tests="6" name="_1743PayrollDSB.TC750_755CheckPention_InprogressClient" time="200.302" errors="0" timestamp="2022-03-14T15:26:38 IST" skipped="0">
  <testcase classname="_1743PayrollDSB.TC750_755CheckPention_InprogressClient" name="Inprogress_Overdue" time="33.778"/>
  <system-out/>
  <testcase classname="_1743PayrollDSB.TC750_755CheckPention_InprogressClient" name="Inprogress_1week" time="33.209"/>
  <system-out/>
  <testcase classname="_1743PayrollDSB.TC750_755CheckPention_InprogressClient" name="Inprogress_1Month" time="33.963"/>
  <system-out/>
  <testcase classname="_1743PayrollDSB.TC750_755CheckPention_InprogressClient" name="Inprogress_2Month" time="31.994"/>
  <system-out/>
  <testcase classname="_1743PayrollDSB.TC750_755CheckPention_InprogressClient" name="Inprogress_3_6Month" time="33.433"/>
  <system-out/>
  <testcase classname="_1743PayrollDSB.TC750_755CheckPention_InprogressClient" name="Inprogress_6plusMonth" time="33.925"/>
  <system-out/>
</testsuite> <!-- _1743PayrollDSB.TC750_755CheckPention_InprogressClient -->
