<?xml version="1.0" encoding="UTF-8"?>
<!-- Generated by org.testng.reporters.JUnitReportReporter -->
<testsuite hostname="Nom-31" failures="0" tests="1" name="verifySummaryReportsData.TC277chkPaymentofsummarywhenMonthly_AllowanceinMid" time="72.949" errors="0" timestamp="2022-03-14T15:26:38 IST" skipped="0">
  <testcase classname="verifySummaryReportsData.TC277chkPaymentofsummarywhenMonthly_AllowanceinMid" name="GoToUrlAssertUrlClickclickAllowancesSchemesClickmarkYesClickclickSaveClickgotoPayrollDashboard" time="72.949"/>
  <system-out/>
</testsuite> <!-- verifySummaryReportsData.TC277chkPaymentofsummarywhenMonthly_AllowanceinMid -->
