<?xml version="1.0" encoding="UTF-8"?>
<!-- Generated by org.testng.reporters.JUnitReportReporter -->
<testsuite hostname="Nom-31" failures="0" tests="2" name="_2129SummaryCustomized.TC595SummaryEmailWhenAutoPayrollQtr" time="70.312" errors="0" timestamp="2021-11-11T04:10:41 IST" skipped="0">
  <testcase classname="_2129SummaryCustomized.TC595SummaryEmailWhenAutoPayrollQtr" name="GoToUrlAssertUrlClickPayslipsPositiveSelectPayrollDateClickEmailPayslipsClickTickCompanyemaila" time="35.597"/>
  <system-out/>
  <testcase classname="_2129SummaryCustomized.TC595SummaryEmailWhenAutoPayrollQtr" name="GoToUrlAssertUrlClickPayslipsPositiveSelectPayrollDateClickEmailPayslipsClickTickCompanyemaila" time="34.715"/>
  <system-out/>
</testsuite> <!-- _2129SummaryCustomized.TC595SummaryEmailWhenAutoPayrollQtr -->
