<?xml version="1.0" encoding="UTF-8"?>
<!-- Generated by org.testng.reporters.JUnitReportReporter -->
<testsuite hostname="Nom-31" failures="0" tests="3" name="_2129SummaryCustomized.TC588_590SendEmailofQtrPayroll" time="141.185" errors="0" timestamp="2022-03-14T15:26:38 IST" skipped="0">
  <testcase classname="_2129SummaryCustomized.TC588_590SendEmailofQtrPayroll" name="GoToUrlAssertUrlPositiveSelectPayrollDateClickEmailClickTickCompanyemailaddressClickTickEmploy1" time="47.457"/>
  <system-out/>
  <testcase classname="_2129SummaryCustomized.TC588_590SendEmailofQtrPayroll" name="GoToUrlAssertUrlPositiveSelectPayrollDateClickEmailClickTickCompanyemailaddressClickTickEmploy" time="47.753"/>
  <system-out/>
  <testcase classname="_2129SummaryCustomized.TC588_590SendEmailofQtrPayroll" name="GoToUrlAssertUrlPositiveSelectPayrollDateClickEmailClickTickCompanyemailaddressClickTickEmploy2" time="45.975"/>
  <system-out/>
</testsuite> <!-- _2129SummaryCustomized.TC588_590SendEmailofQtrPayroll -->
