<?xml version="1.0" encoding="UTF-8"?>
<!-- Generated by org.testng.reporters.JUnitReportReporter -->
<testsuite hostname="Nom-31" failures="0" tests="2" name="tests.TC15subScriptOpeningBalance_DefaultProfile" time="162.389" errors="0" timestamp="2022-03-14T15:26:37 IST" skipped="0">
  <testcase classname="tests.TC15subScriptOpeningBalance_DefaultProfile" name="GoToUrlAssertUrlPositiveEnterEnterUsernamePositiveEnterEnterpasswordClickLoginButtonGoToUrlAs" time="81.161"/>
  <system-out/>
  <testcase classname="tests.TC15subScriptOpeningBalance_DefaultProfile" name="GoToUrlAssertUrlPositiveEnterEnterUsernamePositiveEnterEnterpasswordClickLoginButtonGoToUrlAs" time="81.228"/>
  <system-out/>
</testsuite> <!-- tests.TC15subScriptOpeningBalance_DefaultProfile -->
