<?xml version="1.0" encoding="UTF-8"?>
<!-- Generated by org.testng.reporters.JUnitReportReporter -->
<testsuite hostname="Nom-31" failures="0" tests="7" name="AOE.TC873_879AOE_ChildSupportPopupA1" time="402.839" errors="0" timestamp="2022-01-31T05:54:55 IST" skipped="0">
  <testcase classname="AOE.TC873_879AOE_ChildSupportPopupA1" name="GoToUrlAssertUrlPositiveEnterEnterUsernamePositiveEnterEnterpasswordClickLoginButtonGoToUrlAs1" time="50.845"/>
  <system-out/>
  <testcase classname="AOE.TC873_879AOE_ChildSupportPopupA1" name="GoToUrlAssertUrlPositiveEnterEnterUsernamePositiveEnterEnterpasswordClickLoginButtonGoToUrlAs2" time="52.050"/>
  <system-out/>
  <testcase classname="AOE.TC873_879AOE_ChildSupportPopupA1" name="GoToUrlAssertUrlPositiveEnterEnterUsernamePositiveEnterEnterpasswordClickLoginButtonGoToUrlAs3" time="61.425"/>
  <system-out/>
  <testcase classname="AOE.TC873_879AOE_ChildSupportPopupA1" name="GoToUrlAssertUrlPositiveEnterEnterUsernamePositiveEnterEnterpasswordClickLoginButtonGoToUrlAs4" time="59.972"/>
  <system-out/>
  <testcase classname="AOE.TC873_879AOE_ChildSupportPopupA1" name="GoToUrlAssertUrlPositiveEnterEnterUsernamePositiveEnterEnterpasswordClickLoginButtonGoToUrlAs5" time="58.064"/>
  <system-out/>
  <testcase classname="AOE.TC873_879AOE_ChildSupportPopupA1" name="GoToUrlAssertUrlPositiveEnterEnterUsernamePositiveEnterEnterpasswordClickLoginButtonGoToUrlAs6" time="61.641"/>
  <system-out/>
  <testcase classname="AOE.TC873_879AOE_ChildSupportPopupA1" name="GoToUrlAssertUrlPositiveEnterEnterUsernamePositiveEnterEnterpasswordClickLoginButtonGoToUrlAs7" time="58.842"/>
  <system-out/>
</testsuite> <!-- AOE.TC873_879AOE_ChildSupportPopupA1 -->
