<?xml version="1.0" encoding="UTF-8"?>
<!-- Generated by org.testng.reporters.JUnitReportReporter -->
<testsuite hostname="Nom-31" failures="0" tests="1" name="_1957PagingandSorting.TC185sendEmailduringPayrolltoMainContact" time="56.991" errors="0" timestamp="2021-11-11T04:10:41 IST" skipped="0">
  <testcase classname="_1957PagingandSorting.TC185sendEmailduringPayrolltoMainContact" name="GoToUrlAssertUrlPositiveEnterEnterUsernamePositiveEnterEnterpasswordClickLoginButtonGoToUrlAs1" time="56.991"/>
  <system-out/>
</testsuite> <!-- _1957PagingandSorting.TC185sendEmailduringPayrolltoMainContact -->
