<?xml version="1.0" encoding="UTF-8"?>
<!-- Generated by org.testng.reporters.JUnitReportReporter -->
<testsuite hostname="Nom-31" failures="0" tests="1" name="_1943_GrossPay_Reports_Test.TC02_1943_Addition_gross_pay_DefaultProfile" time="153.921" errors="0" timestamp="2021-06-06T17:57:23 IST" skipped="0">
  <testcase classname="_1943_GrossPay_Reports_Test.TC02_1943_Addition_gross_pay_DefaultProfile" name="GoToUrlAssertUrlClickEEGrossPayClickclickRunPayroll1ClickclickRunPayroll2ClickgotoReportsClic" time="153.921"/>
  <system-out/>
</testsuite> <!-- _1943_GrossPay_Reports_Test.TC02_1943_Addition_gross_pay_DefaultProfile -->
