<?xml version="1.0" encoding="UTF-8"?>
<!-- Generated by org.testng.reporters.JUnitReportReporter -->
<testsuite hostname="Nom-31" failures="0" tests="1" name="_2134StarterDetail.TC657StarterDateinXML" time="39.980" errors="0" timestamp="2021-11-11T04:10:41 IST" skipped="0">
  <testcase classname="_2134StarterDetail.TC657StarterDateinXML" name="GoToUrlAssertUrlClickgotoReportsClickclickP11ClickgetLELAmountClickgetPTAmountClickgetUELAmou" time="39.980"/>
  <system-out/>
</testsuite> <!-- _2134StarterDetail.TC657StarterDateinXML -->
