<?xml version="1.0" encoding="UTF-8"?>
<!-- Generated by org.testng.reporters.JUnitReportReporter -->
<testsuite hostname="Nom-31" failures="0" tests="6" name="_1743PayrollDSB.TC756_761CheckPayroll_OnHoldClient" time="335.011" errors="0" timestamp="2021-12-10T15:23:01 IST" skipped="0">
  <testcase classname="_1743PayrollDSB.TC756_761CheckPayroll_OnHoldClient" name="OnHold_Overdue" time="50.518"/>
  <system-out/>
  <testcase classname="_1743PayrollDSB.TC756_761CheckPayroll_OnHoldClient" name="OnHold_1week" time="53.141"/>
  <system-out/>
  <testcase classname="_1743PayrollDSB.TC756_761CheckPayroll_OnHoldClient" name="OnHold_1Month" time="49.675"/>
  <system-out/>
  <testcase classname="_1743PayrollDSB.TC756_761CheckPayroll_OnHoldClient" name="OnHold_2Month" time="52.036"/>
  <system-out/>
  <testcase classname="_1743PayrollDSB.TC756_761CheckPayroll_OnHoldClient" name="OnHold_3_6Month" time="76.239"/>
  <system-out/>
  <testcase classname="_1743PayrollDSB.TC756_761CheckPayroll_OnHoldClient" name="OnHold_6plusMonth" time="53.402"/>
  <system-out/>
</testsuite> <!-- _1743PayrollDSB.TC756_761CheckPayroll_OnHoldClient -->
