<?xml version="1.0" encoding="UTF-8"?>
<!-- Generated by org.testng.reporters.JUnitReportReporter -->
<testsuite hostname="Nom-31" failures="0" tests="4" name="_2078Test.TC422_425PaymentofMonthwhenQtrPAYE" time="196.951" errors="0" timestamp="2022-01-31T05:54:56 IST" skipped="0">
  <testcase classname="_2078Test.TC422_425PaymentofMonthwhenQtrPAYE" name="GoToUrlAssertUrlPositiveEnterEnterUsernamePositiveEnterEnterpasswordClickLoginButtonGoToUrlAs1" time="50.981"/>
  <system-out/>
  <testcase classname="_2078Test.TC422_425PaymentofMonthwhenQtrPAYE" name="GoToUrlAssertUrlClickRunPayroll1ClickRunPayroll2ClickgetSuccessMsgClickUndoLastPayrollClickcl" time="47.629"/>
  <system-out/>
  <testcase classname="_2078Test.TC422_425PaymentofMonthwhenQtrPAYE" name="GoToUrlAssertUrlClickRunPayroll1ClickRunPayroll2ClickgetSuccessMsgClickUndoLastPayrollClickc2" time="45.491"/>
  <system-out/>
  <testcase classname="_2078Test.TC422_425PaymentofMonthwhenQtrPAYE" name="GoToUrlAssertUrlClickRunPayroll1ClickRunPayroll2ClickgetSuccessMsgClickUndoLastPayrollClickc4" time="52.850"/>
  <system-out/>
</testsuite> <!-- _2078Test.TC422_425PaymentofMonthwhenQtrPAYE -->
