<?xml version="1.0" encoding="UTF-8"?>
<!-- Generated by org.testng.reporters.JUnitReportReporter -->
<testsuite hostname="Nom-31" failures="0" tests="1" name="PaymentManagement.TC73subscriptPaymentmmgtwhenfreqFourweekly" time="48.433" errors="0" timestamp="2021-11-11T04:10:42 IST" skipped="0">
  <testcase classname="PaymentManagement.TC73subscriptPaymentmmgtwhenfreqFourweekly" name="GoToUrlAssertUrlPositiveEnterEnterUsernamePositiveEnterEnterpasswordClickLoginButtonGoToUrlAs" time="48.433"/>
  <system-out/>
</testsuite> <!-- PaymentManagement.TC73subscriptPaymentmmgtwhenfreqFourweekly -->
