<?xml version="1.0" encoding="UTF-8"?>
<!-- Generated by org.testng.reporters.JUnitReportReporter -->
<testsuite hostname="Nom-31" failures="0" tests="3" name="_1930.TC344_346_1930DirPaidTwoMonthonly" time="128.677" errors="0" timestamp="2021-12-06T22:39:04 IST" skipped="0">
  <testcase classname="_1930.TC344_346_1930DirPaidTwoMonthonly" name="GoToUrlAssertUrlClickRunPayroll1ClickRunPayroll2ClickgetSuccessMsgClickUndoLastPayrollClickcl" time="42.246"/>
  <system-out/>
  <testcase classname="_1930.TC344_346_1930DirPaidTwoMonthonly" name="GoToUrlAssertUrlClickRunPayroll1ClickRunPayroll2ClickgetSuccessMsgClickUndoLastPayrollClickc2" time="42.852"/>
  <system-out/>
  <testcase classname="_1930.TC344_346_1930DirPaidTwoMonthonly" name="GoToUrlAssertUrlClickRunPayroll1ClickRunPayroll2ClickgetSuccessMsgClickUndoLastPayrollClickc3" time="43.579"/>
  <system-out/>
</testsuite> <!-- _1930.TC344_346_1930DirPaidTwoMonthonly -->
