<?xml version="1.0" encoding="UTF-8"?>
<!-- Generated by org.testng.reporters.JUnitReportReporter -->
<testsuite hostname="Nom-31" failures="0" tests="1" name="_2118SMPDOB.TC560SMPDOB" time="56.323" errors="0" timestamp="2022-01-31T05:54:56 IST" skipped="0">
  <testcase classname="_2118SMPDOB.TC560SMPDOB" name="GoToUrlAssertUrlClickgotoReportsClickclickP11ClickgetLELAmountClickgetPTAmountClickgetUELAmou" time="56.323"/>
  <system-out/>
</testsuite> <!-- _2118SMPDOB.TC560SMPDOB -->
