<?xml version="1.0" encoding="UTF-8"?>
<!-- Generated by org.testng.reporters.JUnitReportReporter -->
<testsuite hostname="Nom-31" failures="0" tests="1" name="_1964_RunPayroll.TC01_1943_GrossPayCalculation_DefaultProfile" time="42.153" errors="0" timestamp="2021-05-31T16:53:43 IST" skipped="0">
  <testcase classname="_1964_RunPayroll.TC01_1943_GrossPayCalculation_DefaultProfile" name="GoToUrlAssertUrlClickEEGrossPayClickclickRunPayroll1ClickclickRunPayroll2ClickgotoReportsClic" time="42.153"/>
  <system-out/>
</testsuite> <!-- _1964_RunPayroll.TC01_1943_GrossPayCalculation_DefaultProfile -->
