<?xml version="1.0" encoding="UTF-8"?>
<!-- Generated by org.testng.reporters.JUnitReportReporter -->
<testsuite hostname="Nom-31" failures="0" tests="1" name="_2118SMPDOB.TC577SMP_XML" time="39.208" errors="0" timestamp="2021-11-11T04:10:41 IST" skipped="0">
  <testcase classname="_2118SMPDOB.TC577SMP_XML" name="GoToUrlAssertUrlClickgotoReportsClickclickP11ClickgetLELAmountClickgetPTAmountClickgetUELAmou" time="39.208"/>
  <system-out/>
</testsuite> <!-- _2118SMPDOB.TC577SMP_XML -->
