<?xml version="1.0" encoding="UTF-8"?>
<!-- Generated by org.testng.reporters.JUnitReportReporter -->
<testsuite hostname="Nom-31" failures="0" tests="4" name="_2078Test.TC406_409PaymentofMonthwhen3" time="177.847" errors="0" timestamp="2021-12-21T12:09:45 IST" skipped="0">
  <testcase classname="_2078Test.TC406_409PaymentofMonthwhen3" name="GoToUrlAssertUrlPositiveEnterEnterUsernamePositiveEnterEnterpasswordClickLoginButtonGoToUrlAs1" time="54.727"/>
  <system-out/>
  <testcase classname="_2078Test.TC406_409PaymentofMonthwhen3" name="GoToUrlAssertUrlClickRunPayroll1ClickRunPayroll2ClickgetSuccessMsgClickUndoLastPayrollClickcl" time="42.752"/>
  <system-out/>
  <testcase classname="_2078Test.TC406_409PaymentofMonthwhen3" name="GoToUrlAssertUrlClickRunPayroll1ClickRunPayroll2ClickgetSuccessMsgClickUndoLastPayrollClickc2" time="40.914"/>
  <system-out/>
  <testcase classname="_2078Test.TC406_409PaymentofMonthwhen3" name="GoToUrlAssertUrlClickRunPayroll1ClickRunPayroll2ClickgetSuccessMsgClickUndoLastPayrollClickc4" time="39.454"/>
  <system-out/>
</testsuite> <!-- _2078Test.TC406_409PaymentofMonthwhen3 -->
