<?xml version="1.0" encoding="UTF-8"?>
<!-- Generated by org.testng.reporters.JUnitReportReporter -->
<testsuite hostname="Nom-31" failures="0" tests="1" name="verifyEmailsDataTest.TC225verifyEmailAtDsbToEmp" time="46.506" errors="0" timestamp="2021-12-06T22:39:04 IST" skipped="0">
  <testcase classname="verifyEmailsDataTest.TC225verifyEmailAtDsbToEmp" name="GoToUrlAssertUrlClickclickAllowancesSchemesClickmarkYesClickclickSaveClickgotoPayrollDashboard" time="46.506"/>
  <system-out/>
</testsuite> <!-- verifyEmailsDataTest.TC225verifyEmailAtDsbToEmp -->
