<?xml version="1.0" encoding="UTF-8"?>
<!-- Generated by org.testng.reporters.JUnitReportReporter -->
<testsuite hostname="Nom-31" failures="0" tests="1" name="verifyEmailsDataTest.TC232PreCheckedCompanyEmailOptioninSummary" time="44.213" errors="0" timestamp="2021-11-11T04:10:41 IST" skipped="0">
  <testcase classname="verifyEmailsDataTest.TC232PreCheckedCompanyEmailOptioninSummary" name="GoToUrlAssertUrlClickclickAllowancesSchemesClickmarkYesClickclickSaveClickgotoPayrollDashboard" time="44.213"/>
  <system-out/>
</testsuite> <!-- verifyEmailsDataTest.TC232PreCheckedCompanyEmailOptioninSummary -->
