<?xml version="1.0" encoding="UTF-8"?>
<!-- Generated by org.testng.reporters.JUnitReportReporter -->
<testsuite hostname="Nom-31" failures="0" tests="11" name="PayrollDashboardUItest.TC310_320PayrollDshboardChk" time="424.813" errors="0" timestamp="2021-12-06T22:39:04 IST" skipped="0">
  <testcase classname="PayrollDashboardUItest.TC310_320PayrollDshboardChk" name="GoToUrlAssertUrlClickclickAllowancesSchemesClickmarkYesClickclickSaveClickgotoPayrollDashboard" time="37.576"/>
  <system-out/>
  <testcase classname="PayrollDashboardUItest.TC310_320PayrollDshboardChk" name="GoToUrlAssertUrlClickclickAllowancesSchemesClickmarkYesClickclickSaveClickgotoPayrollDashboard1" time="37.965"/>
  <system-out/>
  <testcase classname="PayrollDashboardUItest.TC310_320PayrollDshboardChk" name="GoToUrlAssertUrlClickclickAllowancesSchemesClickmarkYesClickclickSaveClickgotoPayrollDashboard2" time="39.644"/>
  <system-out/>
  <testcase classname="PayrollDashboardUItest.TC310_320PayrollDshboardChk" name="GoToUrlAssertUrlClickclickAllowancesSchemesClickmarkYesClickclickSaveClickgotoPayrollDashboard3" time="39.305"/>
  <system-out/>
  <testcase classname="PayrollDashboardUItest.TC310_320PayrollDshboardChk" name="GoToUrlAssertUrlClickclickAllowancesSchemesClickmarkYesClickclickSaveClickgotoPayrollDashboard4" time="37.534"/>
  <system-out/>
  <testcase classname="PayrollDashboardUItest.TC310_320PayrollDshboardChk" name="GoToUrlAssertUrlClickclickAllowancesSchemesClickmarkYesClickclickSaveClickgotoPayrollDashboard5" time="38.369"/>
  <system-out/>
  <testcase classname="PayrollDashboardUItest.TC310_320PayrollDshboardChk" name="GoToUrlAssertUrlClickclickAllowancesSchemesClickmarkYesClickclickSaveClickgotoPayrollDashboard6" time="38.754"/>
  <system-out/>
  <testcase classname="PayrollDashboardUItest.TC310_320PayrollDshboardChk" name="GoToUrlAssertUrlClickclickAllowancesSchemesClickmarkYesClickclickSaveClickgotoPayrollDashboard7" time="38.669"/>
  <system-out/>
  <testcase classname="PayrollDashboardUItest.TC310_320PayrollDshboardChk" name="GoToUrlAssertUrlClickclickAllowancesSchemesClickmarkYesClickclickSaveClickgotoPayrollDashboard8" time="39.396"/>
  <system-out/>
  <testcase classname="PayrollDashboardUItest.TC310_320PayrollDshboardChk" name="GoToUrlAssertUrlClickclickAllowancesSchemesClickmarkYesClickclickSaveClickgotoPayrollDashboard9" time="39.213"/>
  <system-out/>
  <testcase classname="PayrollDashboardUItest.TC310_320PayrollDshboardChk" name="GoToUrlAssertUrlClickclickAllowancesSchemesClickmarkYesClickclickSaveClickgotoPayrollDashboard10" time="38.388"/>
  <system-out/>
</testsuite> <!-- PayrollDashboardUItest.TC310_320PayrollDshboardChk -->
