<?xml version="1.0" encoding="UTF-8"?>
<!-- Generated by org.testng.reporters.JUnitReportReporter -->
<testsuite hostname="Nom-31" failures="0" tests="1" name="_1747EPSverification.TC182EPSwhenCIS" time="43.488" errors="0" timestamp="2021-12-21T12:09:45 IST" skipped="0">
  <testcase classname="_1747EPSverification.TC182EPSwhenCIS" name="GoToUrlAssertUrlPositiveEnterEnterUsernamePositiveEnterEnterpasswordClickLoginButtonGoToUrlAs1" time="43.488"/>
  <system-out/>
</testsuite> <!-- _1747EPSverification.TC182EPSwhenCIS -->
