<?xml version="1.0" encoding="UTF-8"?>
<!-- Generated by org.testng.reporters.JUnitReportReporter -->
<testsuite hostname="Nom-31" failures="0" tests="1" name="tests1.subscriptP11D_DefaultProfile" time="64.208" errors="0" timestamp="2021-05-06T14:26:41 IST" skipped="0">
  <testcase classname="tests1.subscriptP11D_DefaultProfile" name="GoToUrlAssertUrlPositiveEnterEnterUsernamePositiveEnterEnterpasswordClickLoginButtonGoToUrlAs" time="64.208"/>
  <system-out/>
</testsuite> <!-- tests1.subscriptP11D_DefaultProfile -->
