<?xml version="1.0" encoding="UTF-8"?>
<!-- Generated by org.testng.reporters.JUnitReportReporter -->
<testsuite hostname="Nom-31" failures="0" tests="1" name="verifySummaryReportsData.TC267NIcheckSummryWhenCISinMayforQtr" time="64.517" errors="0" timestamp="2021-12-21T12:09:45 IST" skipped="0">
  <testcase classname="verifySummaryReportsData.TC267NIcheckSummryWhenCISinMayforQtr" name="GoToUrlAssertUrlClickclickAllowancesSchemesClickmarkYesClickclickSaveClickgotoPayrollDashboard" time="64.517"/>
  <system-out/>
</testsuite> <!-- verifySummaryReportsData.TC267NIcheckSummryWhenCISinMayforQtr -->
