<?xml version="1.0" encoding="UTF-8"?>
<!-- Generated by org.testng.reporters.JUnitReportReporter -->
<testsuite hostname="Nom-31" failures="0" tests="1" name="_1744CISDSBTest.TC498InactiveContractor" time="32.925" errors="0" timestamp="2021-09-07T23:14:39 IST" skipped="0">
  <testcase classname="_1744CISDSBTest.TC498InactiveContractor" name="GoToUrlAssertUrlPositiveEnterEnterUsernamePositiveEnterEnterpasswordClickLoginButtonGoToUrlAs" time="32.925"/>
  <system-out/>
</testsuite> <!-- _1744CISDSBTest.TC498InactiveContractor -->
