<?xml version="1.0" encoding="UTF-8"?>
<!-- Generated by org.testng.reporters.JUnitReportReporter -->
<testsuite hostname="Nom-31" failures="0" tests="4" name="DeleteAddEmpTest.TC445_447EmpAddDel" time="178.192" errors="0" timestamp="2021-08-24T00:55:28 IST" skipped="0">
  <testcase classname="DeleteAddEmpTest.TC445_447EmpAddDel" name="GoToUrlAssertUrlClickRunPayroll1ClickRunPayroll2ClickgetSuccessMsgClickUndoLastPayrollClickcl" time="47.256"/>
  <system-out/>
  <testcase classname="DeleteAddEmpTest.TC445_447EmpAddDel" name="GoToUrlAssertUrlClickRunPayroll1ClickRunPayroll2ClickgetSuccessMsgClickUndoLastPayrollClickc4" time="44.832"/>
  <system-out/>
  <testcase classname="DeleteAddEmpTest.TC445_447EmpAddDel" name="GoToUrlAssertUrlClickRunPayroll1ClickRunPayroll2ClickgetSuccessMsgClickUndoLastPayrollClickc3" time="45.279"/>
  <system-out/>
  <testcase classname="DeleteAddEmpTest.TC445_447EmpAddDel" name="GoToUrlAssertUrlClickRunPayroll1ClickRunPayroll2ClickgetSuccessMsgClickUndoLastPayrollClickc2" time="40.825"/>
  <system-out/>
</testsuite> <!-- DeleteAddEmpTest.TC445_447EmpAddDel -->
