<?xml version="1.0" encoding="UTF-8"?>
<!-- Generated by org.testng.reporters.JUnitReportReporter -->
<testsuite hostname="Nom-31" failures="0" tests="6" name="_1743PayrollDSB.TC726_731CheckPayroll_OnHoldClient" time="202.039" errors="0" timestamp="2022-03-14T15:26:38 IST" skipped="0">
  <testcase classname="_1743PayrollDSB.TC726_731CheckPayroll_OnHoldClient" name="OnHold_Overdue" time="33.332"/>
  <system-out/>
  <testcase classname="_1743PayrollDSB.TC726_731CheckPayroll_OnHoldClient" name="OnHold_1week" time="32.689"/>
  <system-out/>
  <testcase classname="_1743PayrollDSB.TC726_731CheckPayroll_OnHoldClient" name="OnHold_1Month" time="34.608"/>
  <system-out/>
  <testcase classname="_1743PayrollDSB.TC726_731CheckPayroll_OnHoldClient" name="OnHold_2Month" time="33.393"/>
  <system-out/>
  <testcase classname="_1743PayrollDSB.TC726_731CheckPayroll_OnHoldClient" name="OnHold_3_6Month" time="33.423"/>
  <system-out/>
  <testcase classname="_1743PayrollDSB.TC726_731CheckPayroll_OnHoldClient" name="OnHold_6plusMonth" time="34.594"/>
  <system-out/>
</testsuite> <!-- _1743PayrollDSB.TC726_731CheckPayroll_OnHoldClient -->
