<?xml version="1.0" encoding="UTF-8"?>
<!-- Generated by org.testng.reporters.JUnitReportReporter -->
<testsuite hostname="Nom-31" failures="0" tests="1" name="SmallerEmployertest.TC136_SER_EnablewhenPrevEmp" time="46.749" errors="0" timestamp="2021-12-06T22:39:04 IST" skipped="0">
  <testcase classname="SmallerEmployertest.TC136_SER_EnablewhenPrevEmp" name="GoToUrlAssertUrlClickclickAllowancesSchemesClickselectYestosmallERClickselectNotosmallERClickc" time="46.749"/>
  <system-out/>
</testsuite> <!-- SmallerEmployertest.TC136_SER_EnablewhenPrevEmp -->
