<?xml version="1.0" encoding="UTF-8"?>
<!-- Generated by org.testng.reporters.JUnitReportReporter -->
<testsuite hostname="Nom-31" failures="0" tests="1" name="PaymentManagement.TC05_PM_MidYear2" time="60.423" errors="0" timestamp="2021-06-04T19:27:09 IST" skipped="0">
  <testcase classname="PaymentManagement.TC05_PM_MidYear2" name="GoToUrlAssertUrlPositiveEnterEnterUsernamePositiveEnterEnterpasswordClickLoginButtonGoToUrlAs" time="60.423"/>
  <system-out/>
</testsuite> <!-- PaymentManagement.TC05_PM_MidYear2 -->
