<?xml version="1.0" encoding="UTF-8"?>
<!-- Generated by org.testng.reporters.JUnitReportReporter -->
<testsuite hostname="Nom-31" failures="0" tests="1" name="Company_Director_Tests.TC6CDJoiningBeforeTxYr_DefaultProfile" time="58.483" errors="0" timestamp="2021-06-05T20:33:11 IST" skipped="0">
  <testcase classname="Company_Director_Tests.TC6CDJoiningBeforeTxYr_DefaultProfile" name="GoToUrlAssertUrlClickgotoReportsClickclickP11ClickgetLELAmountClickgetPTAmountClickgetUELAmou" time="58.483"/>
  <system-out/>
</testsuite> <!-- Company_Director_Tests.TC6CDJoiningBeforeTxYr_DefaultProfile -->
