<?xml version="1.0" encoding="UTF-8"?>
<!-- Generated by org.testng.reporters.JUnitReportReporter -->
<testsuite hostname="Nom-31" failures="0" tests="1" name="verifySummaryReportsData.TC267NIcheckSummryWhenCISinMayforQtr" time="67.928" errors="0" timestamp="2022-03-14T15:26:37 IST" skipped="0">
  <testcase classname="verifySummaryReportsData.TC267NIcheckSummryWhenCISinMayforQtr" name="GoToUrlAssertUrlClickclickAllowancesSchemesClickmarkYesClickclickSaveClickgotoPayrollDashboard" time="67.928"/>
  <system-out/>
</testsuite> <!-- verifySummaryReportsData.TC267NIcheckSummryWhenCISinMayforQtr -->
