<?xml version="1.0" encoding="UTF-8"?>
<!-- Generated by org.testng.reporters.JUnitReportReporter -->
<testsuite hostname="Nom-31" failures="0" tests="6" name="_1743PayrollDSB.TC726_731CheckPayroll_OnHoldClient" time="220.693" errors="0" timestamp="2022-01-31T05:54:55 IST" skipped="0">
  <testcase classname="_1743PayrollDSB.TC726_731CheckPayroll_OnHoldClient" name="OnHold_Overdue" time="36.305"/>
  <system-out/>
  <testcase classname="_1743PayrollDSB.TC726_731CheckPayroll_OnHoldClient" name="OnHold_1week" time="36.209"/>
  <system-out/>
  <testcase classname="_1743PayrollDSB.TC726_731CheckPayroll_OnHoldClient" name="OnHold_1Month" time="35.873"/>
  <system-out/>
  <testcase classname="_1743PayrollDSB.TC726_731CheckPayroll_OnHoldClient" name="OnHold_2Month" time="37.442"/>
  <system-out/>
  <testcase classname="_1743PayrollDSB.TC726_731CheckPayroll_OnHoldClient" name="OnHold_3_6Month" time="36.464"/>
  <system-out/>
  <testcase classname="_1743PayrollDSB.TC726_731CheckPayroll_OnHoldClient" name="OnHold_6plusMonth" time="38.400"/>
  <system-out/>
</testsuite> <!-- _1743PayrollDSB.TC726_731CheckPayroll_OnHoldClient -->
