<?xml version="1.0" encoding="UTF-8"?>
<!-- Generated by org.testng.reporters.JUnitReportReporter -->
<testsuite hostname="Nom-31" failures="0" tests="2" name="_2087EmailLog.TC459_460EmailLogFromAgentPage" time="53.434" errors="0" timestamp="2021-12-06T22:39:04 IST" skipped="0">
  <testcase classname="_2087EmailLog.TC459_460EmailLogFromAgentPage" name="GoToUrlAssertUrlClickclickAllowancesSchemesClickmarkYesClickclickSaveClickgotoPayrollDashboard" time="25.350"/>
  <system-out/>
  <testcase classname="_2087EmailLog.TC459_460EmailLogFromAgentPage" name="GoToUrlAssertUrlClickclickAllowancesSchemesClickmarkYesClickclickSaveClickgotoPayrollDashboard1" time="28.084"/>
  <system-out/>
</testsuite> <!-- _2087EmailLog.TC459_460EmailLogFromAgentPage -->
