<?xml version="1.0" encoding="UTF-8"?>
<!-- Generated by org.testng.reporters.JUnitReportReporter -->
<testsuite hostname="Nom-31" failures="0" tests="6" name="_1748RunPayrollfromAgent.TC726_731CheckPayroll_OnHoldClient1" time="219.742" errors="0" timestamp="2022-01-31T05:54:56 IST" skipped="0">
  <testcase classname="_1748RunPayrollfromAgent.TC726_731CheckPayroll_OnHoldClient1" name="OnHold_Overdue" time="36.407"/>
  <system-out/>
  <testcase classname="_1748RunPayrollfromAgent.TC726_731CheckPayroll_OnHoldClient1" name="OnHold_1week" time="36.840"/>
  <system-out/>
  <testcase classname="_1748RunPayrollfromAgent.TC726_731CheckPayroll_OnHoldClient1" name="OnHold_1Month" time="35.975"/>
  <system-out/>
  <testcase classname="_1748RunPayrollfromAgent.TC726_731CheckPayroll_OnHoldClient1" name="OnHold_2Month" time="38.103"/>
  <system-out/>
  <testcase classname="_1748RunPayrollfromAgent.TC726_731CheckPayroll_OnHoldClient1" name="OnHold_3_6Month" time="36.434"/>
  <system-out/>
  <testcase classname="_1748RunPayrollfromAgent.TC726_731CheckPayroll_OnHoldClient1" name="OnHold_6plusMonth" time="35.983"/>
  <system-out/>
</testsuite> <!-- _1748RunPayrollfromAgent.TC726_731CheckPayroll_OnHoldClient1 -->
