<?xml version="1.0" encoding="UTF-8"?>
<!-- Generated by org.testng.reporters.JUnitReportReporter -->
<testsuite hostname="Nom-31" failures="0" tests="1" name="AlertsForEmployeeAge.TC487over18andEmpRateis5" time="72.561" errors="0" timestamp="2022-03-14T15:26:38 IST" skipped="0">
  <testcase classname="AlertsForEmployeeAge.TC487over18andEmpRateis5" name="GoToUrlAssertUrlPositiveEnterEnterUsernamePositiveEnterEnterpasswordClickLoginButtonGoToUrlAs" time="72.561"/>
  <system-out/>
</testsuite> <!-- AlertsForEmployeeAge.TC487over18andEmpRateis5 -->
