<?xml version="1.0" encoding="UTF-8"?>
<!-- Generated by org.testng.reporters.JUnitReportReporter -->
<testsuite hostname="Nom-31" failures="0" tests="3" name="_2129SummaryCustomized.TC591_593SummaryPayslipofQtr" time="128.990" errors="0" timestamp="2021-11-11T04:10:41 IST" skipped="0">
  <testcase classname="_2129SummaryCustomized.TC591_593SummaryPayslipofQtr" name="GoToUrlAssertUrlClickPayslipsPositiveSelectPayrollDateClickEmailPayslipsClickTickCompanyemaila" time="42.844"/>
  <system-out/>
  <testcase classname="_2129SummaryCustomized.TC591_593SummaryPayslipofQtr" name="GoToUrlAssertUrlClickPayslipsPositiveSelectPayrollDateClickEmailPayslipsClickTickCompanyemaila2" time="41.171"/>
  <system-out/>
  <testcase classname="_2129SummaryCustomized.TC591_593SummaryPayslipofQtr" name="GoToUrlAssertUrlClickPayslipsPositiveSelectPayrollDateClickEmailPayslipsClickTickCompanyemaila1" time="44.975"/>
  <system-out/>
</testsuite> <!-- _2129SummaryCustomized.TC591_593SummaryPayslipofQtr -->
