<?xml version="1.0" encoding="UTF-8"?>
<!-- Generated by org.testng.reporters.JUnitReportReporter -->
<testsuite hostname="Nom-31" failures="0" tests="1" name="verifySummaryReportsData.TC262summarywhenQtr_AllowanceinStart" time="74.253" errors="0" timestamp="2021-11-11T04:10:41 IST" skipped="0">
  <testcase classname="verifySummaryReportsData.TC262summarywhenQtr_AllowanceinStart" name="GoToUrlAssertUrlClickclickAllowancesSchemesClickmarkYesClickclickSaveClickgotoPayrollDashboard" time="74.253"/>
  <system-out/>
</testsuite> <!-- verifySummaryReportsData.TC262summarywhenQtr_AllowanceinStart -->
