<?xml version="1.0" encoding="UTF-8"?>
<!-- Generated by org.testng.reporters.JUnitReportReporter -->
<testsuite hostname="Nom-31" failures="0" tests="2" name="_1743PayrollDSB.TC709_710CheckTaxablePayForTwoMonths10" time="58.867" errors="0" timestamp="2022-01-31T05:54:55 IST" skipped="0">
  <testcase classname="_1743PayrollDSB.TC709_710CheckTaxablePayForTwoMonths10" name="GoToUrlAssertUrlPositiveEnterEnterUsernamePositiveEnterEnterpasswordClickLoginButtonGoToUrlAs" time="28.667"/>
  <system-out/>
  <testcase classname="_1743PayrollDSB.TC709_710CheckTaxablePayForTwoMonths10" name="GoToUrlAssertUrlPositiveEnterEnterUsernamePositiveEnterEnterpasswordClickLoginButtonGoToUrlAs1" time="30.200"/>
  <system-out/>
</testsuite> <!-- _1743PayrollDSB.TC709_710CheckTaxablePayForTwoMonths10 -->
