<?xml version="1.0" encoding="UTF-8"?>
<!-- Generated by org.testng.reporters.JUnitReportReporter -->
<testsuite hostname="Nom-31" failures="0" tests="1" name="PaymentManagement.T115TC03_PM_weekly3" time="57.810" errors="0" timestamp="2022-01-31T05:54:55 IST" skipped="0">
  <testcase classname="PaymentManagement.T115TC03_PM_weekly3" name="GoToUrlAssertUrlPositiveEnterEnterUsernamePositiveEnterEnterpasswordClickLoginButtonGoToUrlAs" time="57.810"/>
  <system-out/>
</testsuite> <!-- PaymentManagement.T115TC03_PM_weekly3 -->
