<?xml version="1.0" encoding="UTF-8"?>
<!-- Generated by org.testng.reporters.JUnitReportReporter -->
<testsuite hostname="Nom-31" failures="0" tests="1" name="SmallerEmployertest.T146TC11_SER_MidYrReportsSumarry_EPS" time="40.534" errors="0" timestamp="2021-12-21T12:09:45 IST" skipped="0">
  <testcase classname="SmallerEmployertest.T146TC11_SER_MidYrReportsSumarry_EPS" name="GoToUrlAssertUrlClickclickAllowancesSchemesClickselectYestosmallERClickselectNotosmallERClickc" time="40.534"/>
  <system-out/>
</testsuite> <!-- SmallerEmployertest.T146TC11_SER_MidYrReportsSumarry_EPS -->
