<?xml version="1.0" encoding="UTF-8"?>
<!-- Generated by org.testng.reporters.JUnitReportReporter -->
<testsuite hostname="Nom-31" failures="0" tests="7" name="AOE.TC859_865AOE_ChildSupportPopup6" time="403.693" errors="0" timestamp="2022-01-31T05:54:55 IST" skipped="0">
  <testcase classname="AOE.TC859_865AOE_ChildSupportPopup6" name="GoToUrlAssertUrlPositiveEnterEnterUsernamePositiveEnterEnterpasswordClickLoginButtonGoToUrlAs1" time="50.686"/>
  <system-out/>
  <testcase classname="AOE.TC859_865AOE_ChildSupportPopup6" name="GoToUrlAssertUrlPositiveEnterEnterUsernamePositiveEnterEnterpasswordClickLoginButtonGoToUrlAs2" time="51.587"/>
  <system-out/>
  <testcase classname="AOE.TC859_865AOE_ChildSupportPopup6" name="GoToUrlAssertUrlPositiveEnterEnterUsernamePositiveEnterEnterpasswordClickLoginButtonGoToUrlAs3" time="58.320"/>
  <system-out/>
  <testcase classname="AOE.TC859_865AOE_ChildSupportPopup6" name="GoToUrlAssertUrlPositiveEnterEnterUsernamePositiveEnterEnterpasswordClickLoginButtonGoToUrlAs4" time="58.816"/>
  <system-out/>
  <testcase classname="AOE.TC859_865AOE_ChildSupportPopup6" name="GoToUrlAssertUrlPositiveEnterEnterUsernamePositiveEnterEnterpasswordClickLoginButtonGoToUrlAs5" time="61.941"/>
  <system-out/>
  <testcase classname="AOE.TC859_865AOE_ChildSupportPopup6" name="GoToUrlAssertUrlPositiveEnterEnterUsernamePositiveEnterEnterpasswordClickLoginButtonGoToUrlAs6" time="63.645"/>
  <system-out/>
  <testcase classname="AOE.TC859_865AOE_ChildSupportPopup6" name="GoToUrlAssertUrlPositiveEnterEnterUsernamePositiveEnterEnterpasswordClickLoginButtonGoToUrlAs7" time="58.698"/>
  <system-out/>
</testsuite> <!-- AOE.TC859_865AOE_ChildSupportPopup6 -->
