<?xml version="1.0" encoding="UTF-8"?>
<!-- Generated by org.testng.reporters.JUnitReportReporter -->
<testsuite hostname="Nom-31" failures="0" tests="1" name="Quaterly_Paye_Scheme_test.TC38CIS_With_Disable_Scheme_test" time="46.767" errors="0" timestamp="2021-11-11T04:10:41 IST" skipped="0">
  <testcase classname="Quaterly_Paye_Scheme_test.TC38CIS_With_Disable_Scheme_test" name="GoToUrlAssertUrlPositiveEnterEnterUsernamePositiveEnterEnterpasswordClickLoginButtonGoToUrlAs" time="46.767"/>
  <system-out/>
</testsuite> <!-- Quaterly_Paye_Scheme_test.TC38CIS_With_Disable_Scheme_test -->
