<?xml version="1.0" encoding="UTF-8"?>
<!-- Generated by org.testng.reporters.JUnitReportReporter -->
<testsuite hostname="Nom-31" failures="0" tests="1" name="test.frequency.subScriptPayFrequencyWeekly_DefaultProfile" time="50.036" errors="0" timestamp="2021-06-04T17:47:05 IST" skipped="0">
  <testcase classname="test.frequency.subScriptPayFrequencyWeekly_DefaultProfile" name="GoToUrlAssertUrlPositiveEnterEnterUsernamePositiveEnterEnterpasswordClickLoginButtonGoToUrlAs1" time="50.036"/>
  <system-out/>
</testsuite> <!-- test.frequency.subScriptPayFrequencyWeekly_DefaultProfile -->
