<?xml version="1.0" encoding="UTF-8"?>
<!-- Generated by org.testng.reporters.JUnitReportReporter -->
<testsuite hostname="Nom-31" failures="0" tests="1" name="PaymentManagement.TC04_PM_Fortnight3" time="51.998" errors="0" timestamp="2021-06-04T19:22:02 IST" skipped="0">
  <testcase classname="PaymentManagement.TC04_PM_Fortnight3" name="GoToUrlAssertUrlPositiveEnterEnterUsernamePositiveEnterEnterpasswordClickLoginButtonGoToUrlAs" time="51.998"/>
  <system-out/>
</testsuite> <!-- PaymentManagement.TC04_PM_Fortnight3 -->
