<?xml version="1.0" encoding="UTF-8"?>
<!-- Generated by org.testng.reporters.JUnitReportReporter -->
<testsuite hostname="Nom-31" failures="0" tests="2" name="_2170RTI_Submission.TC702CheckTaxablePayJoinMidFourWeekly" time="46.408" errors="0" timestamp="2021-12-21T12:09:45 IST" skipped="1">
  <testcase classname="_2170RTI_Submission.TC702CheckTaxablePayJoinMidFourWeekly" name="GoToUrlAssertUrlPositiveEnterEnterUsernamePositiveEnterEnterpasswordClickLoginButtonGoToUrlAs" time="46.408"/>
  <system-out/>
  <testcase classname="_2170RTI_Submission.TC702CheckTaxablePayJoinMidFourWeekly" name="GoToUrlAssertUrlPositiveEnterEnterUsernamePositiveEnterEnterpasswordClickLoginButtonGoToUrlAs1">
    <skipped/>
  </testcase> <!-- GoToUrlAssertUrlPositiveEnterEnterUsernamePositiveEnterEnterpasswordClickLoginButtonGoToUrlAs1 -->
  <system-out/>
</testsuite> <!-- _2170RTI_Submission.TC702CheckTaxablePayJoinMidFourWeekly -->
