<?xml version="1.0" encoding="UTF-8"?>
<!-- Generated by org.testng.reporters.JUnitReportReporter -->
<testsuite hostname="Nom-31" failures="0" tests="1" name="_1918NMW_Alert.TC06over22andEmpApperenticeafterFirstYear" time="70.635" errors="0" timestamp="2021-11-11T04:10:41 IST" skipped="0">
  <testcase classname="_1918NMW_Alert.TC06over22andEmpApperenticeafterFirstYear" name="GoToUrlAssertUrlPositiveEnterEnterUsernamePositiveEnterEnterpasswordClickLoginButtonGoToUrlAs" time="70.635"/>
  <system-out/>
</testsuite> <!-- _1918NMW_Alert.TC06over22andEmpApperenticeafterFirstYear -->
