<?xml version="1.0" encoding="UTF-8"?>
<!-- Generated by org.testng.reporters.JUnitReportReporter -->
<testsuite hostname="Nom-31" failures="0" tests="1" name="SmallerEmployertest.TC02_SER_EnablewhenPrevEmp" time="54.494" errors="0" timestamp="2021-06-05T15:07:38 IST" skipped="0">
  <testcase classname="SmallerEmployertest.TC02_SER_EnablewhenPrevEmp" name="GoToUrlAssertUrlClickclickAllowancesSchemesClickselectYestosmallERClickselectNotosmallERClickc" time="54.494"/>
  <system-out/>
</testsuite> <!-- SmallerEmployertest.TC02_SER_EnablewhenPrevEmp -->
