<?xml version="1.0" encoding="UTF-8"?>
<!-- Generated by org.testng.reporters.JUnitReportReporter -->
<testsuite hostname="Nom-31" failures="0" tests="2" name="_1956Test.TC327_328_1956LeaveNegativBalance" time="90.515" errors="0" timestamp="2021-11-11T04:10:41 IST" skipped="0">
  <testcase classname="_1956Test.TC327_328_1956LeaveNegativBalance" name="GoToUrlAssertUrlClickAddLeavePositiveSelectselectEmployeePositiveSelectselectLeaveTypePositive1" time="44.731"/>
  <system-out/>
  <testcase classname="_1956Test.TC327_328_1956LeaveNegativBalance" name="GoToUrlAssertUrlClickAddLeavePositiveSelectselectEmployeePositiveSelectselectLeaveTypePositive2" time="45.784"/>
  <system-out/>
</testsuite> <!-- _1956Test.TC327_328_1956LeaveNegativBalance -->
