<?xml version="1.0" encoding="UTF-8"?>
<!-- Generated by org.testng.reporters.JUnitReportReporter -->
<testsuite hostname="Nom-31" failures="0" tests="1" name="test.frequency.TC21subScriptPayFrequencyWeekly_DefaultProfile" time="61.816" errors="0" timestamp="2022-01-31T05:54:56 IST" skipped="0">
  <testcase classname="test.frequency.TC21subScriptPayFrequencyWeekly_DefaultProfile" name="GoToUrlAssertUrlPositiveEnterEnterUsernamePositiveEnterEnterpasswordClickLoginButtonGoToUrlAs1" time="61.816"/>
  <system-out/>
</testsuite> <!-- test.frequency.TC21subScriptPayFrequencyWeekly_DefaultProfile -->
