<?xml version="1.0" encoding="UTF-8"?>
<!-- Generated by org.testng.reporters.JUnitReportReporter -->
<testsuite hostname="Nom-31" failures="0" tests="3" name="_1912.TC347_349_1912TC01" time="120.893" errors="0" timestamp="2021-12-21T12:09:45 IST" skipped="0">
  <testcase classname="_1912.TC347_349_1912TC01" name="GoToUrlAssertUrlClickRunPayroll1ClickRunPayroll2ClickgetSuccessMsgClickUndoLastPayrollClickcl" time="40.088"/>
  <system-out/>
  <testcase classname="_1912.TC347_349_1912TC01" name="GoToUrlAssertUrlClickRunPayroll1ClickRunPayroll2ClickgetSuccessMsgClickUndoLastPayrollClickc2" time="40.289"/>
  <system-out/>
  <testcase classname="_1912.TC347_349_1912TC01" name="GoToUrlAssertUrlClickRunPayroll1ClickRunPayroll2ClickgetSuccessMsgClickUndoLastPayrollClickc3" time="40.516"/>
  <system-out/>
</testsuite> <!-- _1912.TC347_349_1912TC01 -->
