<?xml version="1.0" encoding="UTF-8"?>
<!-- Generated by org.testng.reporters.JUnitReportReporter -->
<testsuite hostname="Nom-31" failures="0" tests="1" name="_1743PayrollDSB.TC708CheckPayroll_Overdue_NotStarted" time="33.958" errors="0" timestamp="2022-03-14T15:26:38 IST" skipped="0">
  <testcase classname="_1743PayrollDSB.TC708CheckPayroll_Overdue_NotStarted" name="GoToUrlAssertUrlPositiveEnterEnterUsernamePositiveEnterEnterpasswordClickLoginButtonGoToUrlAs" time="33.958"/>
  <system-out/>
</testsuite> <!-- _1743PayrollDSB.TC708CheckPayroll_Overdue_NotStarted -->
