<?xml version="1.0" encoding="UTF-8"?>
<!-- Generated by org.testng.reporters.JUnitReportReporter -->
<testsuite hostname="Nom-31" failures="0" tests="2" name="_1743B.TC11" time="102.381" errors="0" timestamp="2022-01-31T05:54:56 IST" skipped="0">
  <testcase classname="_1743B.TC11" name="GoToUrlAssertUrlPositiveEnterEnterUsernamePositiveEnterEnterpasswordClickLoginButtonGoToUrlAs" time="58.818"/>
  <system-out/>
  <testcase classname="_1743B.TC11" name="GoToUrlAssertUrlPositiveEnterEnterUsernamePositiveEnterEnterpasswordClickLoginButtonGoToUrlAs1" time="43.563"/>
  <system-out/>
</testsuite> <!-- _1743B.TC11 -->
