<?xml version="1.0" encoding="UTF-8"?>
<!-- Generated by org.testng.reporters.JUnitReportReporter -->
<testsuite hostname="Nom-31" failures="0" tests="1" name="_1995subContractorPayReportTest.TC200subcontractorPayReport" time="37.812" errors="0" timestamp="2021-12-06T22:39:04 IST" skipped="0">
  <testcase classname="_1995subContractorPayReportTest.TC200subcontractorPayReport" name="GoToUrlAssertUrlPositiveEnterEnterUsernamePositiveEnterEnterpasswordClickLoginButtonGoToUrlAs1" time="37.812"/>
  <system-out/>
</testsuite> <!-- _1995subContractorPayReportTest.TC200subcontractorPayReport -->
