<?xml version="1.0" encoding="UTF-8"?>
<!-- Generated by org.testng.reporters.JUnitReportReporter -->
<testsuite hostname="Nom-31" failures="0" tests="1" name="_2129SummaryCustomized.TC606PAYE_NIinAgent" time="21.694" errors="0" timestamp="2021-12-06T22:39:04 IST" skipped="0">
  <testcase classname="_2129SummaryCustomized.TC606PAYE_NIinAgent" name="GoToUrlAssertUrlClickPayslipsPositiveSelectPayrollDateClickEmailPayslipsClickTickCompanyemaila" time="21.694"/>
  <system-out/>
</testsuite> <!-- _2129SummaryCustomized.TC606PAYE_NIinAgent -->
