<?xml version="1.0" encoding="UTF-8"?>
<!-- Generated by org.testng.reporters.JUnitReportReporter -->
<testsuite hostname="Nom-31" failures="0" tests="1" name="tests.TC14SubscriptPswdProtectionNoProtection_DefaultProfile" time="53.070" errors="0" timestamp="2021-12-06T22:39:04 IST" skipped="0">
  <testcase classname="tests.TC14SubscriptPswdProtectionNoProtection_DefaultProfile" name="GoToUrlAssertUrlPositiveEnterEnterUsernamePositiveEnterEnterpasswordClickLoginButtonGoToUrlAs1" time="53.070"/>
  <system-out/>
</testsuite> <!-- tests.TC14SubscriptPswdProtectionNoProtection_DefaultProfile -->
