<?xml version="1.0" encoding="UTF-8"?>
<!-- Generated by org.testng.reporters.JUnitReportReporter -->
<testsuite hostname="Nom-31" failures="0" tests="1" name="PaymentManagement.T119TC05_PM_MidYear3" time="50.427" errors="0" timestamp="2021-12-06T22:39:04 IST" skipped="0">
  <testcase classname="PaymentManagement.T119TC05_PM_MidYear3" name="GoToUrlAssertUrlPositiveEnterEnterUsernamePositiveEnterEnterpasswordClickLoginButtonGoToUrlAs" time="50.427"/>
  <system-out/>
</testsuite> <!-- PaymentManagement.T119TC05_PM_MidYear3 -->
