<?xml version="1.0" encoding="UTF-8"?>
<!-- Generated by org.testng.reporters.JUnitReportReporter -->
<testsuite hostname="Nom-31" failures="0" tests="1" name="SmallerEmployertest.TC138_SER_NoPrevEmp" time="41.158" errors="0" timestamp="2022-03-14T15:26:38 IST" skipped="0">
  <testcase classname="SmallerEmployertest.TC138_SER_NoPrevEmp" name="GoToUrlAssertUrlClickclickAllowancesSchemesClickselectYestosmallERClickselectNotosmallERClickc" time="41.158"/>
  <system-out/>
</testsuite> <!-- SmallerEmployertest.TC138_SER_NoPrevEmp -->
