<?xml version="1.0" encoding="UTF-8"?>
<!-- Generated by org.testng.reporters.JUnitReportReporter -->
<testsuite hostname="Nom-31" failures="0" tests="1" name="test.frequency.TC26subscriptFillingManagment_DefaultProfile" time="150.523" errors="0" timestamp="2021-12-21T12:09:45 IST" skipped="0">
  <testcase classname="test.frequency.TC26subscriptFillingManagment_DefaultProfile" name="GoToUrlAssertUrlPositiveSelectStatusSearch1ClickSelectCheckBoxPositiveSelectSubmitReasonClickS1" time="150.523"/>
  <system-out/>
</testsuite> <!-- test.frequency.TC26subscriptFillingManagment_DefaultProfile -->
