<?xml version="1.0" encoding="UTF-8"?>
<!-- Generated by org.testng.reporters.JUnitReportReporter -->
<testsuite hostname="Nom-31" failures="0" tests="2" name="TaxCode.TC439_440TaxCode_CD0" time="120.156" errors="0" timestamp="2021-12-21T12:09:45 IST" skipped="0">
  <testcase classname="TaxCode.TC439_440TaxCode_CD0" name="GoToUrlAssertUrlClickRunPayroll1ClickRunPayroll2ClickgetSuccessMsgClickUndoLastPayrollClickcl" time="43.383"/>
  <system-out/>
  <testcase classname="TaxCode.TC439_440TaxCode_CD0" name="GoToUrlAssertUrlClickRunPayroll1ClickRunPayroll2ClickgetSuccessMsgClickUndoLastPayrollClickc4" time="76.773"/>
  <system-out/>
</testsuite> <!-- TaxCode.TC439_440TaxCode_CD0 -->
