<?xml version="1.0" encoding="UTF-8"?>
<!-- Generated by org.testng.reporters.JUnitReportReporter -->
<testsuite hostname="Nom-31" failures="0" tests="6" name="_1912.TC377_382_1912TwoDir" time="243.515" errors="0" timestamp="2021-12-21T12:09:45 IST" skipped="0">
  <testcase classname="_1912.TC377_382_1912TwoDir" name="GoToUrlAssertUrlClickRunPayroll1ClickRunPayroll2ClickgetSuccessMsgClickUndoLastPayrollClickcl" time="41.407"/>
  <system-out/>
  <testcase classname="_1912.TC377_382_1912TwoDir" name="GoToUrlAssertUrlClickRunPayroll1ClickRunPayroll2ClickgetSuccessMsgClickUndoLastPayrollClickc2" time="40.379"/>
  <system-out/>
  <testcase classname="_1912.TC377_382_1912TwoDir" name="GoToUrlAssertUrlClickRunPayroll1ClickRunPayroll2ClickgetSuccessMsgClickUndoLastPayrollClickc3" time="41.523"/>
  <system-out/>
  <testcase classname="_1912.TC377_382_1912TwoDir" name="GoToUrlAssertUrlClickRunPayroll1ClickRunPayroll2ClickgetSuccessMsgClickUndoLastPayrollClickc4" time="39.608"/>
  <system-out/>
  <testcase classname="_1912.TC377_382_1912TwoDir" name="GoToUrlAssertUrlClickRunPayroll1ClickRunPayroll2ClickgetSuccessMsgClickUndoLastPayrollClickc5" time="40.371"/>
  <system-out/>
  <testcase classname="_1912.TC377_382_1912TwoDir" name="GoToUrlAssertUrlClickRunPayroll1ClickRunPayroll2ClickgetSuccessMsgClickUndoLastPayrollClickc6" time="40.227"/>
  <system-out/>
</testsuite> <!-- _1912.TC377_382_1912TwoDir -->
