<?xml version="1.0" encoding="UTF-8"?>
<!-- Generated by org.testng.reporters.JUnitReportReporter -->
<testsuite hostname="Nom-31" failures="0" tests="1" name="_1918NMW_Alert.TC02Under19AndnotApperentice" time="67.645" errors="0" timestamp="2021-12-21T12:09:45 IST" skipped="0">
  <testcase classname="_1918NMW_Alert.TC02Under19AndnotApperentice" name="GoToUrlAssertUrlPositiveEnterEnterUsernamePositiveEnterEnterpasswordClickLoginButtonGoToUrlAs" time="67.645"/>
  <system-out/>
</testsuite> <!-- _1918NMW_Alert.TC02Under19AndnotApperentice -->
