<?xml version="1.0" encoding="UTF-8"?>
<!-- Generated by org.testng.reporters.JUnitReportReporter -->
<testsuite hostname="Nom-31" failures="0" tests="1" name="PaymentManagement.T121TC02_PM_MulFreq3" time="54.253" errors="0" timestamp="2022-03-14T15:26:38 IST" skipped="0">
  <testcase classname="PaymentManagement.T121TC02_PM_MulFreq3" name="GoToUrlAssertUrlPositiveEnterEnterUsernamePositiveEnterEnterpasswordClickLoginButtonGoToUrlAs" time="54.253"/>
  <system-out/>
</testsuite> <!-- PaymentManagement.T121TC02_PM_MulFreq3 -->
