<?xml version="1.0" encoding="UTF-8"?>
<!-- Generated by org.testng.reporters.JUnitReportReporter -->
<testsuite hostname="Nom-31" failures="0" tests="1" name="verifyEmailsDataTest.TC237EmailHeaderWhenMainContactDump" time="49.275" errors="0" timestamp="2022-01-31T05:54:56 IST" skipped="0">
  <testcase classname="verifyEmailsDataTest.TC237EmailHeaderWhenMainContactDump" name="GoToUrlAssertUrlClickclickAllowancesSchemesClickmarkYesClickclickSaveClickgotoPayrollDashboard" time="49.275"/>
  <system-out/>
</testsuite> <!-- verifyEmailsDataTest.TC237EmailHeaderWhenMainContactDump -->
