<?xml version="1.0" encoding="UTF-8"?>
<!-- Generated by org.testng.reporters.JUnitReportReporter -->
<testsuite hostname="Nom-31" failures="0" tests="6" name="_1743PayrollDSB.TC780_785CheckPension_Overdue" time="401.930" errors="0" timestamp="2021-12-10T15:23:01 IST" skipped="0">
  <testcase classname="_1743PayrollDSB.TC780_785CheckPension_Overdue" name="NotstartedOverdue" time="84.663"/>
  <system-out/>
  <testcase classname="_1743PayrollDSB.TC780_785CheckPension_Overdue" name="Notstarted1Week" time="92.842"/>
  <system-out/>
  <testcase classname="_1743PayrollDSB.TC780_785CheckPension_Overdue" name="Notstarted1Month" time="51.557"/>
  <system-out/>
  <testcase classname="_1743PayrollDSB.TC780_785CheckPension_Overdue" name="Notstarted2Months" time="58.267"/>
  <system-out/>
  <testcase classname="_1743PayrollDSB.TC780_785CheckPension_Overdue" name="Notstarted3_6Months" time="58.986"/>
  <system-out/>
  <testcase classname="_1743PayrollDSB.TC780_785CheckPension_Overdue" name="Notstarted6plus" time="55.615"/>
  <system-out/>
</testsuite> <!-- _1743PayrollDSB.TC780_785CheckPension_Overdue -->
