<?xml version="1.0" encoding="UTF-8"?>
<!-- Generated by org.testng.reporters.JUnitReportReporter -->
<testsuite hostname="Nom-31" failures="0" tests="2" name="_1930.TC329and334_1930CummulativeDirector" time="100.750" errors="0" timestamp="2022-03-14T15:26:37 IST" skipped="0">
  <testcase classname="_1930.TC329and334_1930CummulativeDirector" name="GoToUrlAssertUrlClickRunPayroll1ClickRunPayroll2ClickgetSuccessMsgClickUndoLastPayrollClickcl" time="57.261"/>
  <system-out/>
  <testcase classname="_1930.TC329and334_1930CummulativeDirector" name="GoToUrlAssertUrlClickRunPayroll1ClickRunPayroll2ClickgetSuccessMsgClickUndoLastPayrollClickc2" time="43.489"/>
  <system-out/>
</testsuite> <!-- _1930.TC329and334_1930CummulativeDirector -->
