<?xml version="1.0" encoding="UTF-8"?>
<!-- Generated by org.testng.reporters.JUnitReportReporter -->
<testsuite hostname="Nom-31" failures="0" tests="1" name="AlertsForEmployeeAge.TC463over19AndnotApperentice" time="66.452" errors="0" timestamp="2021-11-11T04:10:42 IST" skipped="0">
  <testcase classname="AlertsForEmployeeAge.TC463over19AndnotApperentice" name="GoToUrlAssertUrlPositiveEnterEnterUsernamePositiveEnterEnterpasswordClickLoginButtonGoToUrlAs" time="66.452"/>
  <system-out/>
</testsuite> <!-- AlertsForEmployeeAge.TC463over19AndnotApperentice -->
