<?xml version="1.0" encoding="UTF-8"?>
<!-- Generated by org.testng.reporters.JUnitReportReporter -->
<testsuite hostname="Nom-31" failures="0" tests="2" name="_1750Test.TC790_791RTI_Submission" time="55.509" errors="0" timestamp="2022-03-14T15:26:38 IST" skipped="0">
  <testcase classname="_1750Test.TC790_791RTI_Submission" name="GoToUrlAssertUrlPositiveEnterEnterUsernamePositiveEnterEnterpasswordClickLoginButtonGoToUrlAs" time="24.211"/>
  <system-out/>
  <testcase classname="_1750Test.TC790_791RTI_Submission" name="GoToUrlAssertUrlPositiveEnterEnterUsernamePositiveEnterEnterpasswordClickLoginButtonGoToUrlAs1" time="31.298"/>
  <system-out/>
</testsuite> <!-- _1750Test.TC790_791RTI_Submission -->
