<?xml version="1.0" encoding="UTF-8"?>
<!-- Generated by org.testng.reporters.JUnitReportReporter -->
<testsuite hostname="Nom-31" failures="0" tests="7" name="AOE.TC866_872AOE_ChildSupportPopupA3" time="397.798" errors="0" timestamp="2022-01-31T05:54:57 IST" skipped="0">
  <testcase classname="AOE.TC866_872AOE_ChildSupportPopupA3" name="GoToUrlAssertUrlPositiveEnterEnterUsernamePositiveEnterEnterpasswordClickLoginButtonGoToUrlAs1" time="50.542"/>
  <system-out/>
  <testcase classname="AOE.TC866_872AOE_ChildSupportPopupA3" name="GoToUrlAssertUrlPositiveEnterEnterUsernamePositiveEnterEnterpasswordClickLoginButtonGoToUrlAs2" time="51.847"/>
  <system-out/>
  <testcase classname="AOE.TC866_872AOE_ChildSupportPopupA3" name="GoToUrlAssertUrlPositiveEnterEnterUsernamePositiveEnterEnterpasswordClickLoginButtonGoToUrlAs3" time="57.971"/>
  <system-out/>
  <testcase classname="AOE.TC866_872AOE_ChildSupportPopupA3" name="GoToUrlAssertUrlPositiveEnterEnterUsernamePositiveEnterEnterpasswordClickLoginButtonGoToUrlAs4" time="59.139"/>
  <system-out/>
  <testcase classname="AOE.TC866_872AOE_ChildSupportPopupA3" name="GoToUrlAssertUrlPositiveEnterEnterUsernamePositiveEnterEnterpasswordClickLoginButtonGoToUrlAs5" time="57.194"/>
  <system-out/>
  <testcase classname="AOE.TC866_872AOE_ChildSupportPopupA3" name="GoToUrlAssertUrlPositiveEnterEnterUsernamePositiveEnterEnterpasswordClickLoginButtonGoToUrlAs6" time="61.658"/>
  <system-out/>
  <testcase classname="AOE.TC866_872AOE_ChildSupportPopupA3" name="GoToUrlAssertUrlPositiveEnterEnterUsernamePositiveEnterEnterpasswordClickLoginButtonGoToUrlAs7" time="59.447"/>
  <system-out/>
</testsuite> <!-- AOE.TC866_872AOE_ChildSupportPopupA3 -->
