<?xml version="1.0" encoding="UTF-8"?>
<!-- Generated by org.testng.reporters.JUnitReportReporter -->
<testsuite hostname="Nom-31" failures="0" tests="1" name="Company_Director_Tests.CDBetweenTxYrLowFilingmngmnt_DefaultProfile" time="50.786" errors="0" timestamp="2021-06-05T19:37:15 IST" skipped="0">
  <testcase classname="Company_Director_Tests.CDBetweenTxYrLowFilingmngmnt_DefaultProfile" name="GoToUrlAssertUrlClickgotoReportsClickclickP11ClickgetLELAmountClickgetPTAmountClickgetUELAmou" time="50.786"/>
  <system-out/>
</testsuite> <!-- Company_Director_Tests.CDBetweenTxYrLowFilingmngmnt_DefaultProfile -->
