<?xml version="1.0" encoding="UTF-8"?>
<!-- Generated by org.testng.reporters.JUnitReportReporter -->
<testsuite hostname="Nom-31" failures="0" tests="1" name="_1399subContr.TC189VerifySubContrwithUTR" time="41.547" errors="0" timestamp="2021-11-11T04:10:42 IST" skipped="0">
  <testcase classname="_1399subContr.TC189VerifySubContrwithUTR" name="GoToUrlAssertUrlPositiveEnterEnterUsernamePositiveEnterEnterpasswordClickLoginButtonGoToUrlAs1" time="41.547"/>
  <system-out/>
</testsuite> <!-- _1399subContr.TC189VerifySubContrwithUTR -->
