<?xml version="1.0" encoding="UTF-8"?>
<!-- Generated by org.testng.reporters.JUnitReportReporter -->
<testsuite hostname="Nom-31" failures="0" tests="1" name="AlertsForEmployeeAge.TC481Over19AndApperentice" time="69.976" errors="0" timestamp="2022-03-14T15:26:38 IST" skipped="0">
  <testcase classname="AlertsForEmployeeAge.TC481Over19AndApperentice" name="GoToUrlAssertUrlPositiveEnterEnterUsernamePositiveEnterEnterpasswordClickLoginButtonGoToUrlAs" time="69.976"/>
  <system-out/>
</testsuite> <!-- AlertsForEmployeeAge.TC481Over19AndApperentice -->
