<?xml version="1.0" encoding="UTF-8"?>
<!-- Generated by org.testng.reporters.JUnitReportReporter -->
<testsuite hostname="Nom-31" failures="0" tests="3" name="_1912.TC374_376_1912DirLeaveDuringTxYr" time="125.157" errors="0" timestamp="2021-12-21T12:09:45 IST" skipped="0">
  <testcase classname="_1912.TC374_376_1912DirLeaveDuringTxYr" name="GoToUrlAssertUrlClickRunPayroll1ClickRunPayroll2ClickgetSuccessMsgClickUndoLastPayrollClickcl" time="42.437"/>
  <system-out/>
  <testcase classname="_1912.TC374_376_1912DirLeaveDuringTxYr" name="GoToUrlAssertUrlClickRunPayroll1ClickRunPayroll2ClickgetSuccessMsgClickUndoLastPayrollClickc2" time="41.792"/>
  <system-out/>
  <testcase classname="_1912.TC374_376_1912DirLeaveDuringTxYr" name="GoToUrlAssertUrlClickRunPayroll1ClickRunPayroll2ClickgetSuccessMsgClickUndoLastPayrollClickc3" time="40.928"/>
  <system-out/>
</testsuite> <!-- _1912.TC374_376_1912DirLeaveDuringTxYr -->
