<?xml version="1.0" encoding="UTF-8"?>
<!-- Generated by org.testng.reporters.JUnitReportReporter -->
<testsuite hostname="Nom-31" failures="0" tests="1" name="SmallerEmployertest.TC12_SER_MidYearStat103Check" time="45.406" errors="0" timestamp="2021-06-06T20:36:07 IST" skipped="0">
  <testcase classname="SmallerEmployertest.TC12_SER_MidYearStat103Check" name="GoToUrlAssertUrlClickclickAllowancesSchemesClickselectYestosmallERClickselectNotosmallERClickc" time="45.406"/>
  <system-out/>
</testsuite> <!-- SmallerEmployertest.TC12_SER_MidYearStat103Check -->
