<?xml version="1.0" encoding="UTF-8"?>
<!-- Generated by org.testng.reporters.JUnitReportReporter -->
<testsuite hostname="Nom-31" failures="0" tests="1" name="EPStest.subscriptEPSwhenNoEmp" time="42.137" errors="0" timestamp="2021-06-03T17:17:15 IST" skipped="0">
  <testcase classname="EPStest.subscriptEPSwhenNoEmp" name="GoToUrlAssertUrlPositiveEnterEnterUsernamePositiveEnterEnterpasswordClickLoginButtonGoToUrlAs1" time="42.137"/>
  <system-out/>
</testsuite> <!-- EPStest.subscriptEPSwhenNoEmp -->
