<?xml version="1.0" encoding="UTF-8"?>
<!-- Generated by org.testng.reporters.JUnitReportReporter -->
<testsuite hostname="Nom-31" failures="0" tests="1" name="AlertsForEmployeeAge.TC481Over19AndApperentice" time="68.721" errors="0" timestamp="2021-11-11T04:10:41 IST" skipped="0">
  <testcase classname="AlertsForEmployeeAge.TC481Over19AndApperentice" name="GoToUrlAssertUrlPositiveEnterEnterUsernamePositiveEnterEnterpasswordClickLoginButtonGoToUrlAs" time="68.721"/>
  <system-out/>
</testsuite> <!-- AlertsForEmployeeAge.TC481Over19AndApperentice -->
