<?xml version="1.0" encoding="UTF-8"?>
<!-- Generated by org.testng.reporters.JUnitReportReporter -->
<testsuite hostname="Nom-31" failures="0" tests="4" name="_2078Test.TC410_413PaymentofMonthwhen2" time="171.997" errors="0" timestamp="2022-03-14T15:26:38 IST" skipped="0">
  <testcase classname="_2078Test.TC410_413PaymentofMonthwhen2" name="GoToUrlAssertUrlPositiveEnterEnterUsernamePositiveEnterEnterpasswordClickLoginButtonGoToUrlAs1" time="54.562"/>
  <system-out/>
  <testcase classname="_2078Test.TC410_413PaymentofMonthwhen2" name="GoToUrlAssertUrlClickRunPayroll1ClickRunPayroll2ClickgetSuccessMsgClickUndoLastPayrollClickcl" time="37.852"/>
  <system-out/>
  <testcase classname="_2078Test.TC410_413PaymentofMonthwhen2" name="GoToUrlAssertUrlClickRunPayroll1ClickRunPayroll2ClickgetSuccessMsgClickUndoLastPayrollClickc2" time="40.279"/>
  <system-out/>
  <testcase classname="_2078Test.TC410_413PaymentofMonthwhen2" name="GoToUrlAssertUrlClickRunPayroll1ClickRunPayroll2ClickgetSuccessMsgClickUndoLastPayrollClickc4" time="39.304"/>
  <system-out/>
</testsuite> <!-- _2078Test.TC410_413PaymentofMonthwhen2 -->
