<?xml version="1.0" encoding="UTF-8"?>
<!-- Generated by org.testng.reporters.JUnitReportReporter -->
<testsuite hostname="Nom-31" failures="0" tests="1" name="SmallerEmployertest.TC136_SER_EnablewhenPrevEmp" time="56.059" errors="0" timestamp="2022-01-31T05:54:56 IST" skipped="0">
  <testcase classname="SmallerEmployertest.TC136_SER_EnablewhenPrevEmp" name="GoToUrlAssertUrlClickclickAllowancesSchemesClickselectYestosmallERClickselectNotosmallERClickc" time="56.059"/>
  <system-out/>
</testsuite> <!-- SmallerEmployertest.TC136_SER_EnablewhenPrevEmp -->
