<?xml version="1.0" encoding="UTF-8"?>
<!-- Generated by org.testng.reporters.JUnitReportReporter -->
<testsuite hostname="Nom-31" failures="0" tests="1" name="test.frequency.subscriptFillingManagmentNotToSubmit_DefaultProfile" time="41.649" errors="0" timestamp="2021-06-04T15:51:08 IST" skipped="0">
  <testcase classname="test.frequency.subscriptFillingManagmentNotToSubmit_DefaultProfile" name="GoToUrlAssertUrlPositiveSelectStatusSearch1ClickSelectCheckBoxPositiveSelectSubmitReasonClickS1" time="41.649"/>
  <system-out/>
</testsuite> <!-- test.frequency.subscriptFillingManagmentNotToSubmit_DefaultProfile -->
