<?xml version="1.0" encoding="UTF-8"?>
<!-- Generated by org.testng.reporters.JUnitReportReporter -->
<testsuite hostname="Nom-31" failures="0" tests="1" name="Company_Director_Tests.CD_StatePensionReachedfiling" time="70.130" errors="0" timestamp="2021-06-05T19:26:09 IST" skipped="0">
  <testcase classname="Company_Director_Tests.CD_StatePensionReachedfiling" name="GoToUrlAssertUrlClickgotoReportsClickclickP11ClickgetLELAmountClickgetPTAmountClickgetUELAmou" time="70.130"/>
  <system-out/>
</testsuite> <!-- Company_Director_Tests.CD_StatePensionReachedfiling -->
