<?xml version="1.0" encoding="UTF-8"?>
<!-- Generated by org.testng.reporters.JUnitReportReporter -->
<testsuite hostname="Nom-31" failures="0" tests="1" name="Company_Director_Tests.TC6CDJoiningBeforeTxYr_DefaultProfile3" time="48.808" errors="0" timestamp="2021-06-05T20:44:57 IST" skipped="0">
  <testcase classname="Company_Director_Tests.TC6CDJoiningBeforeTxYr_DefaultProfile3" name="GoToUrlAssertUrlClickgotoReportsClickclickP11ClickgetLELAmountClickgetPTAmountClickgetUELAmou" time="48.808"/>
  <system-out/>
</testsuite> <!-- Company_Director_Tests.TC6CDJoiningBeforeTxYr_DefaultProfile3 -->
