<?xml version="1.0" encoding="UTF-8"?>
<!-- Generated by org.testng.reporters.JUnitReportReporter -->
<testsuite hostname="Nom-31" failures="0" tests="1" name="_1743PayrollDSB.TC716CheckPayroll_2Months_NotStarted" time="43.576" errors="0" timestamp="2021-12-09T16:24:06 IST" skipped="0">
  <testcase classname="_1743PayrollDSB.TC716CheckPayroll_2Months_NotStarted" name="GoToUrlAssertUrlPositiveEnterEnterUsernamePositiveEnterEnterpasswordClickLoginButtonGoToUrlAs" time="43.576"/>
  <system-out/>
</testsuite> <!-- _1743PayrollDSB.TC716CheckPayroll_2Months_NotStarted -->
