<?xml version="1.0" encoding="UTF-8"?>
<!-- Generated by org.testng.reporters.JUnitReportReporter -->
<testsuite hostname="Nom-31" failures="0" tests="7" name="AOE.TC859_865AOE_ChildSupportPopupA2" time="398.911" errors="0" timestamp="2022-01-31T05:54:54 IST" skipped="0">
  <testcase classname="AOE.TC859_865AOE_ChildSupportPopupA2" name="GoToUrlAssertUrlPositiveEnterEnterUsernamePositiveEnterEnterpasswordClickLoginButtonGoToUrlAs1" time="47.954"/>
  <system-out/>
  <testcase classname="AOE.TC859_865AOE_ChildSupportPopupA2" name="GoToUrlAssertUrlPositiveEnterEnterUsernamePositiveEnterEnterpasswordClickLoginButtonGoToUrlAs2" time="50.389"/>
  <system-out/>
  <testcase classname="AOE.TC859_865AOE_ChildSupportPopupA2" name="GoToUrlAssertUrlPositiveEnterEnterUsernamePositiveEnterEnterpasswordClickLoginButtonGoToUrlAs3" time="58.550"/>
  <system-out/>
  <testcase classname="AOE.TC859_865AOE_ChildSupportPopupA2" name="GoToUrlAssertUrlPositiveEnterEnterUsernamePositiveEnterEnterpasswordClickLoginButtonGoToUrlAs4" time="59.307"/>
  <system-out/>
  <testcase classname="AOE.TC859_865AOE_ChildSupportPopupA2" name="GoToUrlAssertUrlPositiveEnterEnterUsernamePositiveEnterEnterpasswordClickLoginButtonGoToUrlAs5" time="59.329"/>
  <system-out/>
  <testcase classname="AOE.TC859_865AOE_ChildSupportPopupA2" name="GoToUrlAssertUrlPositiveEnterEnterUsernamePositiveEnterEnterpasswordClickLoginButtonGoToUrlAs6" time="63.243"/>
  <system-out/>
  <testcase classname="AOE.TC859_865AOE_ChildSupportPopupA2" name="GoToUrlAssertUrlPositiveEnterEnterUsernamePositiveEnterEnterpasswordClickLoginButtonGoToUrlAs7" time="60.139"/>
  <system-out/>
</testsuite> <!-- AOE.TC859_865AOE_ChildSupportPopupA2 -->
