<?xml version="1.0" encoding="UTF-8"?>
<!-- Generated by org.testng.reporters.JUnitReportReporter -->
<testsuite hostname="Nom-31" failures="0" tests="2" name="_1744CISDSBTest.TC498_499InactiveActiveContractor" time="75.199" errors="0" timestamp="2022-03-14T15:26:38 IST" skipped="0">
  <testcase classname="_1744CISDSBTest.TC498_499InactiveActiveContractor" name="GoToUrlAssertUrlPositiveEnterEnterUsernamePositiveEnterEnterpasswordClickLoginButtonGoToUrlAs" time="39.630"/>
  <system-out/>
  <testcase classname="_1744CISDSBTest.TC498_499InactiveActiveContractor" name="GoToUrlAssertUrlPositiveEnterEnterUsernamePositiveEnterEnterpasswordClickLoginButtonGoToUrlAs1" time="35.569"/>
  <system-out/>
</testsuite> <!-- _1744CISDSBTest.TC498_499InactiveActiveContractor -->
