<?xml version="1.0" encoding="UTF-8"?>
<!-- Generated by org.testng.reporters.JUnitReportReporter -->
<testsuite hostname="Nom-31" failures="0" tests="1" name="verifyEmailsDataTest.TC291VerifySummaryDatainEmailAttachment" time="65.769" errors="0" timestamp="2022-03-14T15:26:38 IST" skipped="0">
  <testcase classname="verifyEmailsDataTest.TC291VerifySummaryDatainEmailAttachment" name="GoToUrlAssertUrlClickclickAllowancesSchemesClickmarkYesClickclickSaveClickgotoPayrollDashboard" time="65.769"/>
  <system-out/>
</testsuite> <!-- verifyEmailsDataTest.TC291VerifySummaryDatainEmailAttachment -->
