<?xml version="1.0" encoding="UTF-8"?>
<!-- Generated by org.testng.reporters.JUnitReportReporter -->
<testsuite hostname="Nom-31" failures="0" tests="6" name="_1743PayrollDSB.TC732_737CheckPayroll_AwaitingReviewClient" time="163.871" errors="0" timestamp="2021-12-24T14:37:57 IST" skipped="0">
  <testcase classname="_1743PayrollDSB.TC732_737CheckPayroll_AwaitingReviewClient" name="AwaitingReview_Overdue" time="27.192"/>
  <system-out/>
  <testcase classname="_1743PayrollDSB.TC732_737CheckPayroll_AwaitingReviewClient" name="AwaitingReview_1week" time="28.615"/>
  <system-out/>
  <testcase classname="_1743PayrollDSB.TC732_737CheckPayroll_AwaitingReviewClient" name="AwaitingReview_1Month" time="28.020"/>
  <system-out/>
  <testcase classname="_1743PayrollDSB.TC732_737CheckPayroll_AwaitingReviewClient" name="AwaitingReview_2Month" time="26.774"/>
  <system-out/>
  <testcase classname="_1743PayrollDSB.TC732_737CheckPayroll_AwaitingReviewClient" name="AwaitingReview_3_6Month" time="27.628"/>
  <system-out/>
  <testcase classname="_1743PayrollDSB.TC732_737CheckPayroll_AwaitingReviewClient" name="AwaitingReview_6plusMonth" time="25.642"/>
  <system-out/>
</testsuite> <!-- _1743PayrollDSB.TC732_737CheckPayroll_AwaitingReviewClient -->
