<?xml version="1.0" encoding="UTF-8"?>
<!-- Generated by org.testng.reporters.JUnitReportReporter -->
<testsuite hostname="Nom-31" failures="0" tests="2" name="TaxCode.TC443_444TaxCode_CD1" time="126.327" errors="0" timestamp="2021-12-21T12:09:45 IST" skipped="0">
  <testcase classname="TaxCode.TC443_444TaxCode_CD1" name="GoToUrlAssertUrlClickRunPayroll1ClickRunPayroll2ClickgetSuccessMsgClickUndoLastPayrollClickcl" time="42.562"/>
  <system-out/>
  <testcase classname="TaxCode.TC443_444TaxCode_CD1" name="GoToUrlAssertUrlClickRunPayroll1ClickRunPayroll2ClickgetSuccessMsgClickUndoLastPayrollClickc4" time="83.765"/>
  <system-out/>
</testsuite> <!-- TaxCode.TC443_444TaxCode_CD1 -->
