<?xml version="1.0" encoding="UTF-8"?>
<!-- Generated by org.testng.reporters.JUnitReportReporter -->
<testsuite hostname="Nom-31" failures="0" tests="6" name="_1743PayrollDSB.TC762_767CheckPayroll_AwaitingReviewClient" time="219.316" errors="0" timestamp="2022-01-31T05:54:55 IST" skipped="0">
  <testcase classname="_1743PayrollDSB.TC762_767CheckPayroll_AwaitingReviewClient" name="AwaitingReview_Overdue" time="37.316"/>
  <system-out/>
  <testcase classname="_1743PayrollDSB.TC762_767CheckPayroll_AwaitingReviewClient" name="AwaitingReview_1week" time="36.147"/>
  <system-out/>
  <testcase classname="_1743PayrollDSB.TC762_767CheckPayroll_AwaitingReviewClient" name="AwaitingReview_1Month" time="37.042"/>
  <system-out/>
  <testcase classname="_1743PayrollDSB.TC762_767CheckPayroll_AwaitingReviewClient" name="AwaitingReview_2Month" time="36.294"/>
  <system-out/>
  <testcase classname="_1743PayrollDSB.TC762_767CheckPayroll_AwaitingReviewClient" name="AwaitingReview_3_6Month" time="36.089"/>
  <system-out/>
  <testcase classname="_1743PayrollDSB.TC762_767CheckPayroll_AwaitingReviewClient" name="AwaitingReview_6plusMonth" time="36.428"/>
  <system-out/>
</testsuite> <!-- _1743PayrollDSB.TC762_767CheckPayroll_AwaitingReviewClient -->
