<?xml version="1.0" encoding="UTF-8"?>
<!-- Generated by org.testng.reporters.JUnitReportReporter -->
<testsuite hostname="Nom-31" failures="0" tests="1" name="_1760ER_Allow.T155TC02_1760_ERNI_MaxEmpAllow_DefaultProfile" time="52.336" errors="0" timestamp="2022-01-31T05:54:56 IST" skipped="0">
  <testcase classname="_1760ER_Allow.T155TC02_1760_ERNI_MaxEmpAllow_DefaultProfile" name="GoToUrlAssertUrlPositiveEnterEnterUsernamePositiveEnterEnterpasswordClickLoginButtonGoToUrlAs" time="52.336"/>
  <system-out/>
</testsuite> <!-- _1760ER_Allow.T155TC02_1760_ERNI_MaxEmpAllow_DefaultProfile -->
