<?xml version="1.0" encoding="UTF-8"?>
<!-- Generated by org.testng.reporters.JUnitReportReporter -->
<testsuite hostname="Nom-31" failures="0" tests="4" name="_2078Test.TC414_417PaymentofMonthwhen1" time="182.663" errors="0" timestamp="2021-12-06T22:39:04 IST" skipped="0">
  <testcase classname="_2078Test.TC414_417PaymentofMonthwhen1" name="GoToUrlAssertUrlPositiveEnterEnterUsernamePositiveEnterEnterpasswordClickLoginButtonGoToUrlAs1" time="56.698"/>
  <system-out/>
  <testcase classname="_2078Test.TC414_417PaymentofMonthwhen1" name="GoToUrlAssertUrlClickRunPayroll1ClickRunPayroll2ClickgetSuccessMsgClickUndoLastPayrollClickcl" time="44.967"/>
  <system-out/>
  <testcase classname="_2078Test.TC414_417PaymentofMonthwhen1" name="GoToUrlAssertUrlClickRunPayroll1ClickRunPayroll2ClickgetSuccessMsgClickUndoLastPayrollClickc2" time="41.531"/>
  <system-out/>
  <testcase classname="_2078Test.TC414_417PaymentofMonthwhen1" name="GoToUrlAssertUrlClickRunPayroll1ClickRunPayroll2ClickgetSuccessMsgClickUndoLastPayrollClickc4" time="39.467"/>
  <system-out/>
</testsuite> <!-- _2078Test.TC414_417PaymentofMonthwhen1 -->
