<?xml version="1.0" encoding="UTF-8"?>
<!-- Generated by org.testng.reporters.JUnitReportReporter -->
<testsuite hostname="Nom-31" failures="0" tests="2" name="_1885ClosePaye.TC329_330ClosePaye" time="86.405" errors="0" timestamp="2022-03-14T15:26:38 IST" skipped="0">
  <testcase classname="_1885ClosePaye.TC329_330ClosePaye" name="GoToUrlAssertUrlPositiveEnterEnterUsernamePositiveEnterEnterpasswordClickLoginButtonGoToUrlAs1" time="42.340"/>
  <system-out/>
  <testcase classname="_1885ClosePaye.TC329_330ClosePaye" name="GoToUrlAssertUrlPositiveEnterEnterUsernamePositiveEnterEnterpasswordClickLoginButtonGoToUrlAs2" time="44.065"/>
  <system-out/>
</testsuite> <!-- _1885ClosePaye.TC329_330ClosePaye -->
