<?xml version="1.0" encoding="UTF-8"?>
<!-- Generated by org.testng.reporters.JUnitReportReporter -->
<testsuite hostname="Nom-31" failures="0" tests="1" name="tests.TC14SubscriptPswdProtectionNoProtection_DefaultProfile" time="52.432" errors="0" timestamp="2021-12-21T12:09:45 IST" skipped="0">
  <testcase classname="tests.TC14SubscriptPswdProtectionNoProtection_DefaultProfile" name="GoToUrlAssertUrlPositiveEnterEnterUsernamePositiveEnterEnterpasswordClickLoginButtonGoToUrlAs1" time="52.432"/>
  <system-out/>
</testsuite> <!-- tests.TC14SubscriptPswdProtectionNoProtection_DefaultProfile -->
