<?xml version="1.0" encoding="UTF-8"?>
<!-- Generated by org.testng.reporters.JUnitReportReporter -->
<testsuite hostname="Nom-31" failures="0" tests="3" name="_1930.TC338_340_1930AlternativeMidYrDirector" time="128.319" errors="0" timestamp="2021-12-06T22:39:04 IST" skipped="0">
  <testcase classname="_1930.TC338_340_1930AlternativeMidYrDirector" name="GoToUrlAssertUrlClickRunPayroll1ClickRunPayroll2ClickgetSuccessMsgClickUndoLastPayrollClickcl" time="42.094"/>
  <system-out/>
  <testcase classname="_1930.TC338_340_1930AlternativeMidYrDirector" name="GoToUrlAssertUrlClickRunPayroll1ClickRunPayroll2ClickgetSuccessMsgClickUndoLastPayrollClickc2" time="43.615"/>
  <system-out/>
  <testcase classname="_1930.TC338_340_1930AlternativeMidYrDirector" name="GoToUrlAssertUrlClickRunPayroll1ClickRunPayroll2ClickgetSuccessMsgClickUndoLastPayrollClickc3" time="42.610"/>
  <system-out/>
</testsuite> <!-- _1930.TC338_340_1930AlternativeMidYrDirector -->
