<?xml version="1.0" encoding="UTF-8"?>
<!-- Generated by org.testng.reporters.JUnitReportReporter -->
<testsuite hostname="Nom-31" failures="0" tests="1" name="_1399subContr.TC195VerifySubContrwithNI_n_UTR_0" time="34.594" errors="0" timestamp="2022-01-31T05:54:56 IST" skipped="0">
  <testcase classname="_1399subContr.TC195VerifySubContrwithNI_n_UTR_0" name="GoToUrlAssertUrlPositiveEnterEnterUsernamePositiveEnterEnterpasswordClickLoginButtonGoToUrlAs1" time="34.594"/>
  <system-out/>
</testsuite> <!-- _1399subContr.TC195VerifySubContrwithNI_n_UTR_0 -->
