<?xml version="1.0" encoding="UTF-8"?>
<!-- Generated by org.testng.reporters.JUnitReportReporter -->
<testsuite hostname="Nom-31" failures="0" tests="1" name="Quaterly_Paye_Scheme_test.T39CIS_With_Enable_PaySchemetest" time="46.875" errors="0" timestamp="2021-12-21T12:09:45 IST" skipped="0">
  <testcase classname="Quaterly_Paye_Scheme_test.T39CIS_With_Enable_PaySchemetest" name="GoToUrlAssertUrlPositiveEnterEnterUsernamePositiveEnterEnterpasswordClickLoginButtonGoToUrlAs" time="46.875"/>
  <system-out/>
</testsuite> <!-- Quaterly_Paye_Scheme_test.T39CIS_With_Enable_PaySchemetest -->
