<?xml version="1.0" encoding="UTF-8"?>
<!-- Generated by org.testng.reporters.JUnitReportReporter -->
<testsuite hostname="Nom-31" failures="0" tests="1" name="PaymentManagement.T123TC04_PM_Fortnight2" time="58.015" errors="0" timestamp="2021-11-11T04:10:42 IST" skipped="0">
  <testcase classname="PaymentManagement.T123TC04_PM_Fortnight2" name="GoToUrlAssertUrlPositiveEnterEnterUsernamePositiveEnterEnterpasswordClickLoginButtonGoToUrlAs" time="58.015"/>
  <system-out/>
</testsuite> <!-- PaymentManagement.T123TC04_PM_Fortnight2 -->
