<?xml version="1.0" encoding="UTF-8"?>
<!-- Generated by org.testng.reporters.JUnitReportReporter -->
<testsuite hostname="Nom-31" failures="0" tests="1" name="_1964_RunPayroll.T151TC01_1964_RunPayroll_OverDue_DefaultProfile" time="52.689" errors="0" timestamp="2022-01-31T05:54:57 IST" skipped="0">
  <testcase classname="_1964_RunPayroll.T151TC01_1964_RunPayroll_OverDue_DefaultProfile" name="GoToUrlAssertUrlClickEEGrossPayClickclickRunPayroll1ClickclickRunPayroll2ClickgotoReportsClic" time="52.689"/>
  <system-out/>
</testsuite> <!-- _1964_RunPayroll.T151TC01_1964_RunPayroll_OverDue_DefaultProfile -->
