<?xml version="1.0" encoding="UTF-8"?>
<!-- Generated by org.testng.reporters.JUnitReportReporter -->
<testsuite hostname="Nom-31" failures="0" tests="1" name="AlertsForEmployeeAge.TC487over18andEmpRateis5" time="69.566" errors="0" timestamp="2021-12-21T12:09:45 IST" skipped="0">
  <testcase classname="AlertsForEmployeeAge.TC487over18andEmpRateis5" name="GoToUrlAssertUrlPositiveEnterEnterUsernamePositiveEnterEnterpasswordClickLoginButtonGoToUrlAs" time="69.566"/>
  <system-out/>
</testsuite> <!-- AlertsForEmployeeAge.TC487over18andEmpRateis5 -->
