<?xml version="1.0" encoding="UTF-8"?>
<!-- Generated by org.testng.reporters.JUnitReportReporter -->
<testsuite hostname="Nom-31" failures="0" tests="2" name="_1743B.TC6" time="93.832" errors="0" timestamp="2021-12-21T12:09:45 IST" skipped="0">
  <testcase classname="_1743B.TC6" name="GoToUrlAssertUrlPositiveEnterEnterUsernamePositiveEnterEnterpasswordClickLoginButtonGoToUrlAs" time="52.322"/>
  <system-out/>
  <testcase classname="_1743B.TC6" name="GoToUrlAssertUrlPositiveEnterEnterUsernamePositiveEnterEnterpasswordClickLoginButtonGoToUrlAs1" time="41.510"/>
  <system-out/>
</testsuite> <!-- _1743B.TC6 -->
