<?xml version="1.0" encoding="UTF-8"?>
<!-- Generated by org.testng.reporters.JUnitReportReporter -->
<testsuite hostname="Nom-31" failures="0" tests="1" name="Company_Director_Tests.TC100_CD_SalaryinOneMonth" time="46.417" errors="0" timestamp="2021-11-11T04:10:41 IST" skipped="0">
  <testcase classname="Company_Director_Tests.TC100_CD_SalaryinOneMonth" name="GoToUrlAssertUrlClickgotoReportsClickclickP11ClickgetLELAmountClickgetPTAmountClickgetUELAmou" time="46.417"/>
  <system-out/>
</testsuite> <!-- Company_Director_Tests.TC100_CD_SalaryinOneMonth -->
