<?xml version="1.0" encoding="UTF-8"?>
<!-- Generated by org.testng.reporters.JUnitReportReporter -->
<testsuite hostname="Nom-31" failures="0" tests="1" name="AlertsForEmployeeAge.TC476over19andEmpApperenticeInFirstYear" time="68.197" errors="0" timestamp="2021-11-11T04:10:41 IST" skipped="0">
  <testcase classname="AlertsForEmployeeAge.TC476over19andEmpApperenticeInFirstYear" name="GoToUrlAssertUrlPositiveEnterEnterUsernamePositiveEnterEnterpasswordClickLoginButtonGoToUrlAs" time="68.197"/>
  <system-out/>
</testsuite> <!-- AlertsForEmployeeAge.TC476over19andEmpApperenticeInFirstYear -->
