<?xml version="1.0" encoding="UTF-8"?>
<!-- Generated by org.testng.reporters.JUnitReportReporter -->
<testsuite hostname="Nom-31" failures="0" tests="3" name="_1748RunPayrollfromAgent.TC809_811RunPayrollTable" time="88.259" errors="0" timestamp="2022-01-31T05:54:56 IST" skipped="0">
  <testcase classname="_1748RunPayrollfromAgent.TC809_811RunPayrollTable" name="runPayrollPageTable" time="26.715"/>
  <system-out/>
  <testcase classname="_1748RunPayrollfromAgent.TC809_811RunPayrollTable" name="runPayrollPageAccMngrinAlphabetic" time="28.613"/>
  <system-out/>
  <testcase classname="_1748RunPayrollfromAgent.TC809_811RunPayrollTable" name="runPayrollPageShowSelectedAccoutMngrClient" time="32.931"/>
  <system-out/>
</testsuite> <!-- _1748RunPayrollfromAgent.TC809_811RunPayrollTable -->
