<?xml version="1.0" encoding="UTF-8"?>
<!-- Generated by org.testng.reporters.JUnitReportReporter -->
<testsuite hostname="Nom-31" failures="0" tests="1" name="Company_Director_Tests.TC78CDBetweenTxYrLow_DefaultProfile" time="51.722" errors="0" timestamp="2022-01-31T05:54:57 IST" skipped="0">
  <testcase classname="Company_Director_Tests.TC78CDBetweenTxYrLow_DefaultProfile" name="GoToUrlAssertUrlClickgotoReportsClickclickP11ClickgetLELAmountClickgetPTAmountClickgetUELAmou" time="51.722"/>
  <system-out/>
</testsuite> <!-- Company_Director_Tests.TC78CDBetweenTxYrLow_DefaultProfile -->
