<?xml version="1.0" encoding="UTF-8"?>
<!-- Generated by org.testng.reporters.JUnitReportReporter -->
<testsuite hostname="Nom-31" failures="0" tests="2" name="_1743PayrollDSB.TC692_693CheckTaxablePayForMidYear3" time="93.184" errors="0" timestamp="2021-12-06T22:39:04 IST" skipped="0">
  <testcase classname="_1743PayrollDSB.TC692_693CheckTaxablePayForMidYear3" name="GoToUrlAssertUrlPositiveEnterEnterUsernamePositiveEnterEnterpasswordClickLoginButtonGoToUrlAs" time="52.080"/>
  <system-out/>
  <testcase classname="_1743PayrollDSB.TC692_693CheckTaxablePayForMidYear3" name="GoToUrlAssertUrlPositiveEnterEnterUsernamePositiveEnterEnterpasswordClickLoginButtonGoToUrlAs1" time="41.104"/>
  <system-out/>
</testsuite> <!-- _1743PayrollDSB.TC692_693CheckTaxablePayForMidYear3 -->
