<?xml version="1.0" encoding="UTF-8"?>
<!-- Generated by org.testng.reporters.JUnitReportReporter -->
<testsuite hostname="Nom-31" failures="0" tests="3" name="_2129SummaryCustomized.TC598_600SendEmailofQtrPayrollWeeklyFrq" time="142.297" errors="0" timestamp="2022-03-14T15:26:38 IST" skipped="0">
  <testcase classname="_2129SummaryCustomized.TC598_600SendEmailofQtrPayrollWeeklyFrq" name="GoToUrlAssertUrlPositiveSelectPayrollDateClickEmailClickTickCompanyemailaddressClickTickEmploy" time="48.602"/>
  <system-out/>
  <testcase classname="_2129SummaryCustomized.TC598_600SendEmailofQtrPayrollWeeklyFrq" name="GoToUrlAssertUrlPositiveSelectPayrollDateClickEmailClickTickCompanyemailaddressClickTickEmploy2" time="45.332"/>
  <system-out/>
  <testcase classname="_2129SummaryCustomized.TC598_600SendEmailofQtrPayrollWeeklyFrq" name="GoToUrlAssertUrlPositiveSelectPayrollDateClickEmailClickTickCompanyemailaddressClickTickEmploy1" time="48.363"/>
  <system-out/>
</testsuite> <!-- _2129SummaryCustomized.TC598_600SendEmailofQtrPayrollWeeklyFrq -->
