<?xml version="1.0" encoding="UTF-8"?>
<!-- Generated by org.testng.reporters.JUnitReportReporter -->
<testsuite hostname="Nom-31" failures="0" tests="1" name="Nidhi.LedgerBook" time="188.134" errors="0" timestamp="2021-08-16T19:35:17 IST" skipped="0">
  <testcase classname="Nidhi.LedgerBook" name="GoToUrlAssertUrlPositiveEnterEnterUsernamePositiveEnterEnterpasswordClickLoginButtonGoToUrlAs1" time="188.134"/>
  <system-out/>
</testsuite> <!-- Nidhi.LedgerBook -->
