<?xml version="1.0" encoding="UTF-8"?>
<!-- Generated by org.testng.reporters.JUnitReportReporter -->
<testsuite hostname="Nom-31" failures="0" tests="1" name="_2068.TC524EmpPayslip" time="48.212" errors="0" timestamp="2022-03-14T15:26:37 IST" skipped="0">
  <testcase classname="_2068.TC524EmpPayslip" name="GoToUrlAssertUrlPositiveEnterEnterUsernamePositiveEnterEnterpasswordClickLoginButtonGoToUrlAs" time="48.212"/>
  <system-out/>
</testsuite> <!-- _2068.TC524EmpPayslip -->
