<?xml version="1.0" encoding="UTF-8"?>
<!-- Generated by org.testng.reporters.JUnitReportReporter -->
<testsuite hostname="Nom-31" failures="0" tests="4" name="DeleteAddEmpTest.TC445_448EmpAddDel" time="181.787" errors="0" timestamp="2021-12-21T12:09:45 IST" skipped="0">
  <testcase classname="DeleteAddEmpTest.TC445_448EmpAddDel" name="GoToUrlAssertUrlClickRunPayroll1ClickRunPayroll2ClickgetSuccessMsgClickUndoLastPayrollClickcl" time="49.757"/>
  <system-out/>
  <testcase classname="DeleteAddEmpTest.TC445_448EmpAddDel" name="GoToUrlAssertUrlClickRunPayroll1ClickRunPayroll2ClickgetSuccessMsgClickUndoLastPayrollClickc4" time="46.122"/>
  <system-out/>
  <testcase classname="DeleteAddEmpTest.TC445_448EmpAddDel" name="GoToUrlAssertUrlClickRunPayroll1ClickRunPayroll2ClickgetSuccessMsgClickUndoLastPayrollClickc3" time="45.752"/>
  <system-out/>
  <testcase classname="DeleteAddEmpTest.TC445_448EmpAddDel" name="GoToUrlAssertUrlClickRunPayroll1ClickRunPayroll2ClickgetSuccessMsgClickUndoLastPayrollClickc2" time="40.156"/>
  <system-out/>
</testsuite> <!-- DeleteAddEmpTest.TC445_448EmpAddDel -->
