<?xml version="1.0" encoding="UTF-8"?>
<!-- Generated by org.testng.reporters.JUnitReportReporter -->
<testsuite hostname="Nom-31" failures="0" tests="1" name="test.frequency.subScriptFourWeeklyFrequency_DefaultProfile" time="54.856" errors="0" timestamp="2021-06-04T17:14:32 IST" skipped="0">
  <testcase classname="test.frequency.subScriptFourWeeklyFrequency_DefaultProfile" name="GoToUrlAssertUrlPositiveEnterEnterUsernamePositiveEnterEnterpasswordClickLoginButtonGoToUrlAs1" time="54.856"/>
  <system-out/>
</testsuite> <!-- test.frequency.subScriptFourWeeklyFrequency_DefaultProfile -->
