<?xml version="1.0" encoding="UTF-8"?>
<!-- Generated by org.testng.reporters.JUnitReportReporter -->
<testsuite hostname="Nom-31" failures="0" tests="1" name="frequencytest.TC50subscriptChngfrqMtoFortnightly" time="66.148" errors="0" timestamp="2022-01-31T05:54:56 IST" skipped="0">
  <testcase classname="frequencytest.TC50subscriptChngfrqMtoFortnightly" name="GoToUrlAssertUrlPositiveEnterEnterUsernamePositiveEnterEnterpasswordClickLoginButtonGoToUrlAs1" time="66.148"/>
  <system-out/>
</testsuite> <!-- frequencytest.TC50subscriptChngfrqMtoFortnightly -->
