<?xml version="1.0" encoding="UTF-8"?>
<!-- Generated by org.testng.reporters.JUnitReportReporter -->
<testsuite hostname="Nom-31" failures="0" tests="1" name="_1918NMW_Alert.TC09under18andEmpApperenticeInFirstYear" time="67.600" errors="0" timestamp="2021-12-06T22:39:04 IST" skipped="0">
  <testcase classname="_1918NMW_Alert.TC09under18andEmpApperenticeInFirstYear" name="GoToUrlAssertUrlPositiveEnterEnterUsernamePositiveEnterEnterpasswordClickLoginButtonGoToUrlAs" time="67.600"/>
  <system-out/>
</testsuite> <!-- _1918NMW_Alert.TC09under18andEmpApperenticeInFirstYear -->
