<?xml version="1.0" encoding="UTF-8"?>
<!-- Generated by org.testng.reporters.JUnitReportReporter -->
<testsuite hostname="Nom-31" failures="0" tests="3" name="_1912.TC374_376_1912DirLeaveDuringTxYr" time="127.481" errors="0" timestamp="2021-12-06T22:39:04 IST" skipped="0">
  <testcase classname="_1912.TC374_376_1912DirLeaveDuringTxYr" name="GoToUrlAssertUrlClickRunPayroll1ClickRunPayroll2ClickgetSuccessMsgClickUndoLastPayrollClickcl" time="43.831"/>
  <system-out/>
  <testcase classname="_1912.TC374_376_1912DirLeaveDuringTxYr" name="GoToUrlAssertUrlClickRunPayroll1ClickRunPayroll2ClickgetSuccessMsgClickUndoLastPayrollClickc2" time="42.042"/>
  <system-out/>
  <testcase classname="_1912.TC374_376_1912DirLeaveDuringTxYr" name="GoToUrlAssertUrlClickRunPayroll1ClickRunPayroll2ClickgetSuccessMsgClickUndoLastPayrollClickc3" time="41.608"/>
  <system-out/>
</testsuite> <!-- _1912.TC374_376_1912DirLeaveDuringTxYr -->
