<?xml version="1.0" encoding="UTF-8"?>
<!-- Generated by org.testng.reporters.JUnitReportReporter -->
<testsuite hostname="Nom-31" failures="0" tests="2" name="tests.TC16subScriptAutomaticPayroll_DefaultProfile" time="109.496" errors="0" timestamp="2022-03-14T15:26:38 IST" skipped="0">
  <testcase classname="tests.TC16subScriptAutomaticPayroll_DefaultProfile" name="GoToUrlAssertUrlPositiveEnterEnterUsernamePositiveEnterEnterpasswordClickLoginButtonGoToUrlAs" time="54.945"/>
  <system-out/>
  <testcase classname="tests.TC16subScriptAutomaticPayroll_DefaultProfile" name="GoToUrlAssertUrlPositiveEnterEnterUsernamePositiveEnterEnterpasswordClickLoginButtonGoToUrlAs" time="54.551"/>
  <system-out/>
</testsuite> <!-- tests.TC16subScriptAutomaticPayroll_DefaultProfile -->
