<?xml version="1.0" encoding="UTF-8"?>
<!-- Generated by org.testng.reporters.JUnitReportReporter -->
<testsuite hostname="Nom-31" failures="0" tests="1" name="_1743PayrollDSB.TC718CheckPayroll_3_6Months_NotStarte" time="25.657" errors="0" timestamp="2021-12-24T14:37:57 IST" skipped="0">
  <testcase classname="_1743PayrollDSB.TC718CheckPayroll_3_6Months_NotStarte" name="GoToUrlAssertUrlPositiveEnterEnterUsernamePositiveEnterEnterpasswordClickLoginButtonGoToUrlAs" time="25.657"/>
  <system-out/>
</testsuite> <!-- _1743PayrollDSB.TC718CheckPayroll_3_6Months_NotStarte -->
