<?xml version="1.0" encoding="UTF-8"?>
<!-- Generated by org.testng.reporters.JUnitReportReporter -->
<testsuite hostname="Nom-31" failures="0" tests="13" name="PayrollDashboardUItest.TC310_318PayrollDshboardChk" time="55.190" errors="0" timestamp="2021-07-19T13:14:19 IST" skipped="12">
  <testcase classname="PayrollDashboardUItest.TC310_318PayrollDshboardChk" name="GoToUrlAssertUrlClickclickAllowancesSchemesClickmarkYesClickclickSaveClickgotoPayrollDashboard10" time="55.190"/>
  <system-out/>
  <testcase classname="PayrollDashboardUItest.TC310_318PayrollDshboardChk" name="GoToUrlAssertUrlClickclickAllowancesSchemesClickmarkYesClickclickSaveClickgotoPayrollDashboard2">
    <skipped/>
  </testcase> <!-- GoToUrlAssertUrlClickclickAllowancesSchemesClickmarkYesClickclickSaveClickgotoPayrollDashboard2 -->
  <system-out/>
  <testcase classname="PayrollDashboardUItest.TC310_318PayrollDshboardChk" name="GoToUrlAssertUrlClickclickAllowancesSchemesClickmarkYesClickclickSaveClickgotoPayrollDashboard1">
    <skipped/>
  </testcase> <!-- GoToUrlAssertUrlClickclickAllowancesSchemesClickmarkYesClickclickSaveClickgotoPayrollDashboard1 -->
  <system-out/>
  <testcase classname="PayrollDashboardUItest.TC310_318PayrollDshboardChk" name="GoToUrlAssertUrlClickclickAllowancesSchemesClickmarkYesClickclickSaveClickgotoPayrollDashboard12">
    <skipped/>
  </testcase> <!-- GoToUrlAssertUrlClickclickAllowancesSchemesClickmarkYesClickclickSaveClickgotoPayrollDashboard12 -->
  <system-out/>
  <testcase classname="PayrollDashboardUItest.TC310_318PayrollDshboardChk" name="GoToUrlAssertUrlClickclickAllowancesSchemesClickmarkYesClickclickSaveClickgotoPayrollDashboard4">
    <skipped/>
  </testcase> <!-- GoToUrlAssertUrlClickclickAllowancesSchemesClickmarkYesClickclickSaveClickgotoPayrollDashboard4 -->
  <system-out/>
  <testcase classname="PayrollDashboardUItest.TC310_318PayrollDshboardChk" name="GoToUrlAssertUrlClickclickAllowancesSchemesClickmarkYesClickclickSaveClickgotoPayrollDashboard">
    <skipped/>
  </testcase> <!-- GoToUrlAssertUrlClickclickAllowancesSchemesClickmarkYesClickclickSaveClickgotoPayrollDashboard -->
  <system-out/>
  <testcase classname="PayrollDashboardUItest.TC310_318PayrollDshboardChk" name="GoToUrlAssertUrlClickclickAllowancesSchemesClickmarkYesClickclickSaveClickgotoPayrollDashboard7">
    <skipped/>
  </testcase> <!-- GoToUrlAssertUrlClickclickAllowancesSchemesClickmarkYesClickclickSaveClickgotoPayrollDashboard7 -->
  <system-out/>
  <testcase classname="PayrollDashboardUItest.TC310_318PayrollDshboardChk" name="GoToUrlAssertUrlClickclickAllowancesSchemesClickmarkYesClickclickSaveClickgotoPayrollDashboard9">
    <skipped/>
  </testcase> <!-- GoToUrlAssertUrlClickclickAllowancesSchemesClickmarkYesClickclickSaveClickgotoPayrollDashboard9 -->
  <system-out/>
  <testcase classname="PayrollDashboardUItest.TC310_318PayrollDshboardChk" name="GoToUrlAssertUrlClickclickAllowancesSchemesClickmarkYesClickclickSaveClickgotoPayrollDashboard3">
    <skipped/>
  </testcase> <!-- GoToUrlAssertUrlClickclickAllowancesSchemesClickmarkYesClickclickSaveClickgotoPayrollDashboard3 -->
  <system-out/>
  <testcase classname="PayrollDashboardUItest.TC310_318PayrollDshboardChk" name="GoToUrlAssertUrlClickclickAllowancesSchemesClickmarkYesClickclickSaveClickgotoPayrollDashboard6">
    <skipped/>
  </testcase> <!-- GoToUrlAssertUrlClickclickAllowancesSchemesClickmarkYesClickclickSaveClickgotoPayrollDashboard6 -->
  <system-out/>
  <testcase classname="PayrollDashboardUItest.TC310_318PayrollDshboardChk" name="GoToUrlAssertUrlClickclickAllowancesSchemesClickmarkYesClickclickSaveClickgotoPayrollDashboard5">
    <skipped/>
  </testcase> <!-- GoToUrlAssertUrlClickclickAllowancesSchemesClickmarkYesClickclickSaveClickgotoPayrollDashboard5 -->
  <system-out/>
  <testcase classname="PayrollDashboardUItest.TC310_318PayrollDshboardChk" name="GoToUrlAssertUrlClickclickAllowancesSchemesClickmarkYesClickclickSaveClickgotoPayrollDashboard11">
    <skipped/>
  </testcase> <!-- GoToUrlAssertUrlClickclickAllowancesSchemesClickmarkYesClickclickSaveClickgotoPayrollDashboard11 -->
  <system-out/>
  <testcase classname="PayrollDashboardUItest.TC310_318PayrollDshboardChk" name="GoToUrlAssertUrlClickclickAllowancesSchemesClickmarkYesClickclickSaveClickgotoPayrollDashboard8">
    <skipped/>
  </testcase> <!-- GoToUrlAssertUrlClickclickAllowancesSchemesClickmarkYesClickclickSaveClickgotoPayrollDashboard8 -->
  <system-out/>
</testsuite> <!-- PayrollDashboardUItest.TC310_318PayrollDshboardChk -->
