<?xml version="1.0" encoding="UTF-8"?>
<!-- Generated by org.testng.reporters.JUnitReportReporter -->
<testsuite hostname="Nom-31" failures="0" tests="17" name="_1748RunPayrollfromAgent.TC792_808AgentRunPayrollPDF_EE" time="73.748" errors="0" timestamp="2021-12-24T15:39:44 IST" skipped="16">
  <testcase classname="_1748RunPayrollfromAgent.TC792_808AgentRunPayrollPDF_EE" name="runPayrollPopupNoRTI" time="73.748"/>
  <system-out/>
  <testcase classname="_1748RunPayrollfromAgent.TC792_808AgentRunPayrollPDF_EE" name="AgentRunPayrollZIP_ERwithRTI">
    <skipped/>
  </testcase> <!-- AgentRunPayrollZIP_ERwithRTI -->
  <system-out/>
  <testcase classname="_1748RunPayrollfromAgent.TC792_808AgentRunPayrollPDF_EE" name="AgentRunPayrollPDF_Dont">
    <skipped/>
  </testcase> <!-- AgentRunPayrollPDF_Dont -->
  <system-out/>
  <testcase classname="_1748RunPayrollfromAgent.TC792_808AgentRunPayrollPDF_EE" name="AgentRunPayrollPDF_EEwithRTI">
    <skipped/>
  </testcase> <!-- AgentRunPayrollPDF_EEwithRTI -->
  <system-out/>
  <testcase classname="_1748RunPayrollfromAgent.TC792_808AgentRunPayrollPDF_EE" name="AgentRunPayrollNoProt_Dont">
    <skipped/>
  </testcase> <!-- AgentRunPayrollNoProt_Dont -->
  <system-out/>
  <testcase classname="_1748RunPayrollfromAgent.TC792_808AgentRunPayrollPDF_EE" name="runPayrollPopup">
    <skipped/>
  </testcase> <!-- runPayrollPopup -->
  <system-out/>
  <testcase classname="_1748RunPayrollfromAgent.TC792_808AgentRunPayrollPDF_EE" name="AgentRunPayrollNoProt_ER">
    <skipped/>
  </testcase> <!-- AgentRunPayrollNoProt_ER -->
  <system-out/>
  <testcase classname="_1748RunPayrollfromAgent.TC792_808AgentRunPayrollPDF_EE" name="AgentRunPayrollPDF_EE">
    <skipped/>
  </testcase> <!-- AgentRunPayrollPDF_EE -->
  <system-out/>
  <testcase classname="_1748RunPayrollfromAgent.TC792_808AgentRunPayrollPDF_EE" name="AgentRunPayrollZIP_Dont">
    <skipped/>
  </testcase> <!-- AgentRunPayrollZIP_Dont -->
  <system-out/>
  <testcase classname="_1748RunPayrollfromAgent.TC792_808AgentRunPayrollPDF_EE" name="AgentRunPayrollZIP_ER">
    <skipped/>
  </testcase> <!-- AgentRunPayrollZIP_ER -->
  <system-out/>
  <testcase classname="_1748RunPayrollfromAgent.TC792_808AgentRunPayrollPDF_EE" name="AgentRunPayrollNoProt_EE">
    <skipped/>
  </testcase> <!-- AgentRunPayrollNoProt_EE -->
  <system-out/>
  <testcase classname="_1748RunPayrollfromAgent.TC792_808AgentRunPayrollPDF_EE" name="AgentRunPayrollPDF_Both">
    <skipped/>
  </testcase> <!-- AgentRunPayrollPDF_Both -->
  <system-out/>
  <testcase classname="_1748RunPayrollfromAgent.TC792_808AgentRunPayrollPDF_EE" name="AgentRunPayrollZIP_EE">
    <skipped/>
  </testcase> <!-- AgentRunPayrollZIP_EE -->
  <system-out/>
  <testcase classname="_1748RunPayrollfromAgent.TC792_808AgentRunPayrollPDF_EE" name="AgentRunPayrollPDF_ER">
    <skipped/>
  </testcase> <!-- AgentRunPayrollPDF_ER -->
  <system-out/>
  <testcase classname="_1748RunPayrollfromAgent.TC792_808AgentRunPayrollPDF_EE" name="AgentRunPayrollZIP_Both">
    <skipped/>
  </testcase> <!-- AgentRunPayrollZIP_Both -->
  <system-out/>
  <testcase classname="_1748RunPayrollfromAgent.TC792_808AgentRunPayrollPDF_EE" name="AgentRunPayrollNoProt_Both">
    <skipped/>
  </testcase> <!-- AgentRunPayrollNoProt_Both -->
  <system-out/>
  <testcase classname="_1748RunPayrollfromAgent.TC792_808AgentRunPayrollPDF_EE" name="AgentRunPayrollPDF_BothWithRTI">
    <skipped/>
  </testcase> <!-- AgentRunPayrollPDF_BothWithRTI -->
  <system-out/>
</testsuite> <!-- _1748RunPayrollfromAgent.TC792_808AgentRunPayrollPDF_EE -->
