<?xml version="1.0" encoding="UTF-8"?>
<!-- Generated by org.testng.reporters.JUnitReportReporter -->
<testsuite hostname="Nom-31" failures="0" tests="6" name="_1743PayrollDSB.TC744_749CheckPayroll_DefferedClient" time="35.259" errors="0" timestamp="2022-01-31T05:54:56 IST" skipped="5">
  <testcase classname="_1743PayrollDSB.TC744_749CheckPayroll_DefferedClient" name="Deffered_6plusMonth" time="35.259"/>
  <system-out/>
  <testcase classname="_1743PayrollDSB.TC744_749CheckPayroll_DefferedClient" name="Deffered_2Month">
    <skipped/>
  </testcase> <!-- Deffered_2Month -->
  <system-out/>
  <testcase classname="_1743PayrollDSB.TC744_749CheckPayroll_DefferedClient" name="Deffered_3_6Month">
    <skipped/>
  </testcase> <!-- Deffered_3_6Month -->
  <system-out/>
  <testcase classname="_1743PayrollDSB.TC744_749CheckPayroll_DefferedClient" name="Deffered_1Month">
    <skipped/>
  </testcase> <!-- Deffered_1Month -->
  <system-out/>
  <testcase classname="_1743PayrollDSB.TC744_749CheckPayroll_DefferedClient" name="Deffered_1week">
    <skipped/>
  </testcase> <!-- Deffered_1week -->
  <system-out/>
  <testcase classname="_1743PayrollDSB.TC744_749CheckPayroll_DefferedClient" name="Deffered_Overdue">
    <skipped/>
  </testcase> <!-- Deffered_Overdue -->
  <system-out/>
</testsuite> <!-- _1743PayrollDSB.TC744_749CheckPayroll_DefferedClient -->
