<?xml version="1.0" encoding="UTF-8"?>
<!-- Generated by org.testng.reporters.JUnitReportReporter -->
<testsuite hostname="Nom-31" failures="0" tests="4" name="_2078Test.TC418_421PaymentofMonthwhenLastDayOfMonth" time="176.472" errors="0" timestamp="2021-11-11T04:10:41 IST" skipped="0">
  <testcase classname="_2078Test.TC418_421PaymentofMonthwhenLastDayOfMonth" name="GoToUrlAssertUrlPositiveEnterEnterUsernamePositiveEnterEnterpasswordClickLoginButtonGoToUrlAs1" time="54.811"/>
  <system-out/>
  <testcase classname="_2078Test.TC418_421PaymentofMonthwhenLastDayOfMonth" name="GoToUrlAssertUrlClickRunPayroll1ClickRunPayroll2ClickgetSuccessMsgClickUndoLastPayrollClickcl" time="40.118"/>
  <system-out/>
  <testcase classname="_2078Test.TC418_421PaymentofMonthwhenLastDayOfMonth" name="GoToUrlAssertUrlClickRunPayroll1ClickRunPayroll2ClickgetSuccessMsgClickUndoLastPayrollClickc2" time="40.926"/>
  <system-out/>
  <testcase classname="_2078Test.TC418_421PaymentofMonthwhenLastDayOfMonth" name="GoToUrlAssertUrlClickRunPayroll1ClickRunPayroll2ClickgetSuccessMsgClickUndoLastPayrollClickc4" time="40.617"/>
  <system-out/>
</testsuite> <!-- _2078Test.TC418_421PaymentofMonthwhenLastDayOfMonth -->
