<?xml version="1.0" encoding="UTF-8"?>
<!-- Generated by org.testng.reporters.JUnitReportReporter -->
<testsuite hostname="Nom-31" failures="0" tests="1" name="PaymentManagement.T123TC04_PM_Fortnight2" time="63.336" errors="0" timestamp="2022-01-31T05:54:56 IST" skipped="0">
  <testcase classname="PaymentManagement.T123TC04_PM_Fortnight2" name="GoToUrlAssertUrlPositiveEnterEnterUsernamePositiveEnterEnterpasswordClickLoginButtonGoToUrlAs" time="63.336"/>
  <system-out/>
</testsuite> <!-- PaymentManagement.T123TC04_PM_Fortnight2 -->
