<?xml version="1.0" encoding="UTF-8"?>
<!-- Generated by org.testng.reporters.JUnitReportReporter -->
<testsuite hostname="Nom-31" failures="0" tests="3" name="_1956Test.TC324_326_1956LeaveManagement" time="167.130" errors="0" timestamp="2021-12-06T22:39:04 IST" skipped="0">
  <testcase classname="_1956Test.TC324_326_1956LeaveManagement" name="GoToUrlAssertUrlClickAddLeavePositiveSelectselectEmployeePositiveSelectselectLeaveTypePositive" time="63.400"/>
  <system-out/>
  <testcase classname="_1956Test.TC324_326_1956LeaveManagement" name="GoToUrlAssertUrlClickAddLeavePositiveSelectselectEmployeePositiveSelectselectLeaveTypePositive1" time="55.749"/>
  <system-out/>
  <testcase classname="_1956Test.TC324_326_1956LeaveManagement" name="GoToUrlAssertUrlClickAddLeavePositiveSelectselectEmployeePositiveSelectselectLeaveTypePositive2" time="47.981"/>
  <system-out/>
</testsuite> <!-- _1956Test.TC324_326_1956LeaveManagement -->
