<?xml version="1.0" encoding="UTF-8"?>
<!-- Generated by org.testng.reporters.JUnitReportReporter -->
<testsuite hostname="Nom-31" failures="0" tests="1" name="_1853Test.TC578NotToSubmit" time="44.319" errors="0" timestamp="2022-03-14T15:26:38 IST" skipped="0">
  <testcase classname="_1853Test.TC578NotToSubmit" name="GoToUrlAssertUrlPositiveSelectselectTaxYearsEnterEnterNotesPositiveSelectSubmitReasonClickNott" time="44.319"/>
  <system-out/>
</testsuite> <!-- _1853Test.TC578NotToSubmit -->
