<?xml version="1.0" encoding="UTF-8"?>
<!-- Generated by org.testng.reporters.JUnitReportReporter -->
<testsuite hostname="Nom-31" failures="0" tests="1" name="SMP_XML.TC570SMP_XMLFortNight8" time="44.084" errors="0" timestamp="2022-01-31T05:54:57 IST" skipped="0">
  <testcase classname="SMP_XML.TC570SMP_XMLFortNight8" name="GoToUrlAssertUrlClickgotoReportsClickclickP11ClickgetLELAmountClickgetPTAmountClickgetUELAmou" time="44.084"/>
  <system-out/>
</testsuite> <!-- SMP_XML.TC570SMP_XMLFortNight8 -->
