<?xml version="1.0" encoding="UTF-8"?>
<!-- Generated by org.testng.reporters.JUnitReportReporter -->
<testsuite hostname="Nom-31" failures="0" tests="1" name="verifySummaryReportsData.TC280chkPaymntspfsummarywhenQtr_AllowanceinStart" time="77.844" errors="0" timestamp="2022-01-31T05:54:56 IST" skipped="0">
  <testcase classname="verifySummaryReportsData.TC280chkPaymntspfsummarywhenQtr_AllowanceinStart" name="GoToUrlAssertUrlClickclickAllowancesSchemesClickmarkYesClickclickSaveClickgotoPayrollDashboard" time="77.844"/>
  <system-out/>
</testsuite> <!-- verifySummaryReportsData.TC280chkPaymntspfsummarywhenQtr_AllowanceinStart -->
