<?xml version="1.0" encoding="UTF-8"?>
<!-- Generated by org.testng.reporters.JUnitReportReporter -->
<testsuite hostname="Nom-31" failures="0" tests="1" name="_1768Test.T_1768verifysummaryCFreportwhenMonthly" time="46.843" errors="0" timestamp="2022-03-14T15:26:38 IST" skipped="0">
  <testcase classname="_1768Test.T_1768verifysummaryCFreportwhenMonthly" name="GoToUrlAssertUrlClickclickAllowancesSchemesClickmarkYesClickclickSaveClickgotoPayrollDashboard" time="46.843"/>
  <system-out/>
</testsuite> <!-- _1768Test.T_1768verifysummaryCFreportwhenMonthly -->
