<?xml version="1.0" encoding="UTF-8"?>
<!-- Generated by org.testng.reporters.JUnitReportReporter -->
<testsuite hostname="Nom-31" failures="0" tests="1" name="verifyEmailsDataTest.verifyEmail_DefaultProfile" time="46.121" errors="0" timestamp="2021-06-05T00:26:55 IST" skipped="0">
  <testcase classname="verifyEmailsDataTest.verifyEmail_DefaultProfile" name="GoToUrlAssertUrlClickRunPayroll1PositiveSelectSelecttoMainContactClickRunPayroll2ClickopenPayr" time="46.121"/>
  <system-out/>
</testsuite> <!-- verifyEmailsDataTest.verifyEmail_DefaultProfile -->
