<?xml version="1.0" encoding="UTF-8"?>
<!-- Generated by org.testng.reporters.JUnitReportReporter -->
<testsuite hostname="Nom-31" failures="0" tests="1" name="_1399subContr.TC209VerifySubContrwithoutNI_n_UTRDump" time="48.140" errors="0" timestamp="2021-12-06T22:39:04 IST" skipped="0">
  <testcase classname="_1399subContr.TC209VerifySubContrwithoutNI_n_UTRDump" name="GoToUrlAssertUrlPositiveEnterEnterUsernamePositiveEnterEnterpasswordClickLoginButtonGoToUrlAs1" time="48.140"/>
  <system-out/>
</testsuite> <!-- _1399subContr.TC209VerifySubContrwithoutNI_n_UTRDump -->
