<?xml version="1.0" encoding="UTF-8"?>
<!-- Generated by org.testng.reporters.JUnitReportReporter -->
<testsuite hostname="Nom-31" failures="0" tests="1" name="_1939_tests.TC06_AutoRunPayrollMakeEnable" time="78.943" errors="0" timestamp="2021-07-15T18:49:40 IST" skipped="0">
  <testcase classname="_1939_tests.TC06_AutoRunPayrollMakeEnable" name="GoToUrlAssertUrlPositiveEnterEnterUsernamePositiveEnterEnterpasswordClickLoginButtonGoToUrlAs" time="78.943"/>
  <system-out/>
</testsuite> <!-- _1939_tests.TC06_AutoRunPayrollMakeEnable -->
