<?xml version="1.0" encoding="UTF-8"?>
<!-- Generated by org.testng.reporters.JUnitReportReporter -->
<testsuite hostname="Nom-31" failures="0" tests="1" name="SmallerEmployertest.TC08_SER_ReportsSumarry_EPS" time="54.206" errors="0" timestamp="2021-06-06T20:18:14 IST" skipped="0">
  <testcase classname="SmallerEmployertest.TC08_SER_ReportsSumarry_EPS" name="GoToUrlAssertUrlClickclickAllowancesSchemesClickselectYestosmallERClickselectNotosmallERClickc" time="54.206"/>
  <system-out/>
</testsuite> <!-- SmallerEmployertest.TC08_SER_ReportsSumarry_EPS -->
