<?xml version="1.0" encoding="UTF-8"?>
<!-- Generated by org.testng.reporters.JUnitReportReporter -->
<testsuite hostname="Nom-31" failures="0" tests="1" name="verifyEmailsDataTest.TC245whenUncheckPayrollSummaryandPayslip" time="51.789" errors="0" timestamp="2022-01-31T05:54:55 IST" skipped="0">
  <testcase classname="verifyEmailsDataTest.TC245whenUncheckPayrollSummaryandPayslip" name="GoToUrlAssertUrlClickclickAllowancesSchemesClickmarkYesClickclickSaveClickgotoPayrollDashboard" time="51.789"/>
  <system-out/>
</testsuite> <!-- verifyEmailsDataTest.TC245whenUncheckPayrollSummaryandPayslip -->
