<?xml version="1.0" encoding="UTF-8"?>
<!-- Generated by org.testng.reporters.JUnitReportReporter -->
<testsuite hostname="Nom-31" failures="0" tests="7" name="AOE.TC914_920AOE_ChildSupportPopupA2" time="396.857" errors="0" timestamp="2022-01-31T05:54:56 IST" skipped="0">
  <testcase classname="AOE.TC914_920AOE_ChildSupportPopupA2" name="GoToUrlAssertUrlPositiveEnterEnterUsernamePositiveEnterEnterpasswordClickLoginButtonGoToUrlAs1" time="49.948"/>
  <system-out/>
  <testcase classname="AOE.TC914_920AOE_ChildSupportPopupA2" name="GoToUrlAssertUrlPositiveEnterEnterUsernamePositiveEnterEnterpasswordClickLoginButtonGoToUrlAs2" time="51.134"/>
  <system-out/>
  <testcase classname="AOE.TC914_920AOE_ChildSupportPopupA2" name="GoToUrlAssertUrlPositiveEnterEnterUsernamePositiveEnterEnterpasswordClickLoginButtonGoToUrlAs3" time="55.947"/>
  <system-out/>
  <testcase classname="AOE.TC914_920AOE_ChildSupportPopupA2" name="GoToUrlAssertUrlPositiveEnterEnterUsernamePositiveEnterEnterpasswordClickLoginButtonGoToUrlAs4" time="58.537"/>
  <system-out/>
  <testcase classname="AOE.TC914_920AOE_ChildSupportPopupA2" name="GoToUrlAssertUrlPositiveEnterEnterUsernamePositiveEnterEnterpasswordClickLoginButtonGoToUrlAs5" time="58.907"/>
  <system-out/>
  <testcase classname="AOE.TC914_920AOE_ChildSupportPopupA2" name="GoToUrlAssertUrlPositiveEnterEnterUsernamePositiveEnterEnterpasswordClickLoginButtonGoToUrlAs6" time="61.080"/>
  <system-out/>
  <testcase classname="AOE.TC914_920AOE_ChildSupportPopupA2" name="GoToUrlAssertUrlPositiveEnterEnterUsernamePositiveEnterEnterpasswordClickLoginButtonGoToUrlAs7" time="61.304"/>
  <system-out/>
</testsuite> <!-- AOE.TC914_920AOE_ChildSupportPopupA2 -->
