<?xml version="1.0" encoding="UTF-8"?>
<!-- Generated by org.testng.reporters.JUnitReportReporter -->
<testsuite hostname="Nom-31" failures="0" tests="1" name="_1939_tests.TC01_AutoRunPayroll" time="77.383" errors="0" timestamp="2021-12-10T13:22:31 IST" skipped="0">
  <testcase classname="_1939_tests.TC01_AutoRunPayroll" name="GoToUrlAssertUrlPositiveEnterEnterUsernamePositiveEnterEnterpasswordClickLoginButtonGoToUrlAs" time="77.383"/>
  <system-out/>
</testsuite> <!-- _1939_tests.TC01_AutoRunPayroll -->
