<?xml version="1.0" encoding="UTF-8"?>
<!-- Generated by org.testng.reporters.JUnitReportReporter -->
<testsuite hostname="Nom-31" failures="0" tests="7" name="AOE.TC866_872AOE_ChildSupportPopup5" time="364.645" errors="0" timestamp="2022-03-14T15:26:38 IST" skipped="0">
  <testcase classname="AOE.TC866_872AOE_ChildSupportPopup5" name="GoToUrlAssertUrlPositiveEnterEnterUsernamePositiveEnterEnterpasswordClickLoginButtonGoToUrlAs1" time="44.282"/>
  <system-out/>
  <testcase classname="AOE.TC866_872AOE_ChildSupportPopup5" name="GoToUrlAssertUrlPositiveEnterEnterUsernamePositiveEnterEnterpasswordClickLoginButtonGoToUrlAs2" time="47.645"/>
  <system-out/>
  <testcase classname="AOE.TC866_872AOE_ChildSupportPopup5" name="GoToUrlAssertUrlPositiveEnterEnterUsernamePositiveEnterEnterpasswordClickLoginButtonGoToUrlAs3" time="52.778"/>
  <system-out/>
  <testcase classname="AOE.TC866_872AOE_ChildSupportPopup5" name="GoToUrlAssertUrlPositiveEnterEnterUsernamePositiveEnterEnterpasswordClickLoginButtonGoToUrlAs4" time="53.442"/>
  <system-out/>
  <testcase classname="AOE.TC866_872AOE_ChildSupportPopup5" name="GoToUrlAssertUrlPositiveEnterEnterUsernamePositiveEnterEnterpasswordClickLoginButtonGoToUrlAs5" time="54.146"/>
  <system-out/>
  <testcase classname="AOE.TC866_872AOE_ChildSupportPopup5" name="GoToUrlAssertUrlPositiveEnterEnterUsernamePositiveEnterEnterpasswordClickLoginButtonGoToUrlAs6" time="57.475"/>
  <system-out/>
  <testcase classname="AOE.TC866_872AOE_ChildSupportPopup5" name="GoToUrlAssertUrlPositiveEnterEnterUsernamePositiveEnterEnterpasswordClickLoginButtonGoToUrlAs7" time="54.877"/>
  <system-out/>
</testsuite> <!-- AOE.TC866_872AOE_ChildSupportPopup5 -->
