<?xml version="1.0" encoding="UTF-8"?>
<!-- Generated by org.testng.reporters.JUnitReportReporter -->
<testsuite hostname="Nom-31" failures="0" tests="1" name="frequencytest.TC54subScriptWklytoMnth_DefaultProfile" time="81.721" errors="0" timestamp="2021-11-11T04:10:41 IST" skipped="0">
  <testcase classname="frequencytest.TC54subScriptWklytoMnth_DefaultProfile" name="GoToUrlAssertUrlPositiveEnterEnterUsernamePositiveEnterEnterpasswordClickLoginButtonGoToUrlAs1" time="81.721"/>
  <system-out/>
</testsuite> <!-- frequencytest.TC54subScriptWklytoMnth_DefaultProfile -->
