<?xml version="1.0" encoding="UTF-8"?>
<!-- Generated by org.testng.reporters.JUnitReportReporter -->
<testsuite hostname="Nom-31" failures="0" tests="11" name="PayrollDashboardUItest.TC310_320PayrollDshboardChk" time="414.109" errors="0" timestamp="2022-03-14T15:26:38 IST" skipped="0">
  <testcase classname="PayrollDashboardUItest.TC310_320PayrollDshboardChk" name="GoToUrlAssertUrlClickclickAllowancesSchemesClickmarkYesClickclickSaveClickgotoPayrollDashboard" time="36.955"/>
  <system-out/>
  <testcase classname="PayrollDashboardUItest.TC310_320PayrollDshboardChk" name="GoToUrlAssertUrlClickclickAllowancesSchemesClickmarkYesClickclickSaveClickgotoPayrollDashboard1" time="38.666"/>
  <system-out/>
  <testcase classname="PayrollDashboardUItest.TC310_320PayrollDshboardChk" name="GoToUrlAssertUrlClickclickAllowancesSchemesClickmarkYesClickclickSaveClickgotoPayrollDashboard2" time="37.540"/>
  <system-out/>
  <testcase classname="PayrollDashboardUItest.TC310_320PayrollDshboardChk" name="GoToUrlAssertUrlClickclickAllowancesSchemesClickmarkYesClickclickSaveClickgotoPayrollDashboard3" time="36.692"/>
  <system-out/>
  <testcase classname="PayrollDashboardUItest.TC310_320PayrollDshboardChk" name="GoToUrlAssertUrlClickclickAllowancesSchemesClickmarkYesClickclickSaveClickgotoPayrollDashboard4" time="36.254"/>
  <system-out/>
  <testcase classname="PayrollDashboardUItest.TC310_320PayrollDshboardChk" name="GoToUrlAssertUrlClickclickAllowancesSchemesClickmarkYesClickclickSaveClickgotoPayrollDashboard5" time="38.068"/>
  <system-out/>
  <testcase classname="PayrollDashboardUItest.TC310_320PayrollDshboardChk" name="GoToUrlAssertUrlClickclickAllowancesSchemesClickmarkYesClickclickSaveClickgotoPayrollDashboard6" time="37.002"/>
  <system-out/>
  <testcase classname="PayrollDashboardUItest.TC310_320PayrollDshboardChk" name="GoToUrlAssertUrlClickclickAllowancesSchemesClickmarkYesClickclickSaveClickgotoPayrollDashboard7" time="37.911"/>
  <system-out/>
  <testcase classname="PayrollDashboardUItest.TC310_320PayrollDshboardChk" name="GoToUrlAssertUrlClickclickAllowancesSchemesClickmarkYesClickclickSaveClickgotoPayrollDashboard8" time="38.738"/>
  <system-out/>
  <testcase classname="PayrollDashboardUItest.TC310_320PayrollDshboardChk" name="GoToUrlAssertUrlClickclickAllowancesSchemesClickmarkYesClickclickSaveClickgotoPayrollDashboard9" time="38.455"/>
  <system-out/>
  <testcase classname="PayrollDashboardUItest.TC310_320PayrollDshboardChk" name="GoToUrlAssertUrlClickclickAllowancesSchemesClickmarkYesClickclickSaveClickgotoPayrollDashboard10" time="37.828"/>
  <system-out/>
</testsuite> <!-- PayrollDashboardUItest.TC310_320PayrollDshboardChk -->
