<?xml version="1.0" encoding="UTF-8"?>
<!-- Generated by org.testng.reporters.JUnitReportReporter -->
<testsuite hostname="Nom-31" failures="0" tests="2" name="_1743PayrollDSB.TC700_701CheckTaxablePayJoinMidFourWeekly7" time="100.168" errors="0" timestamp="2021-12-24T14:37:57 IST" skipped="0">
  <testcase classname="_1743PayrollDSB.TC700_701CheckTaxablePayJoinMidFourWeekly7" name="GoToUrlAssertUrlPositiveEnterEnterUsernamePositiveEnterEnterpasswordClickLoginButtonGoToUrlAs" time="61.603"/>
  <system-out/>
  <testcase classname="_1743PayrollDSB.TC700_701CheckTaxablePayJoinMidFourWeekly7" name="GoToUrlAssertUrlPositiveEnterEnterUsernamePositiveEnterEnterpasswordClickLoginButtonGoToUrlAs1" time="38.565"/>
  <system-out/>
</testsuite> <!-- _1743PayrollDSB.TC700_701CheckTaxablePayJoinMidFourWeekly7 -->
