<?xml version="1.0" encoding="UTF-8"?>
<!-- Generated by org.testng.reporters.JUnitReportReporter -->
<testsuite hostname="Nom-31" failures="0" tests="1" name="EPStest.SubscriptlastEPS" time="45.433" errors="0" timestamp="2021-06-03T23:47:46 IST" skipped="0">
  <testcase classname="EPStest.SubscriptlastEPS" name="GoToUrlAssertUrlPositiveEnterEnterUsernamePositiveEnterEnterpasswordClickLoginButtonGoToUrlAs1" time="45.433"/>
  <system-out/>
</testsuite> <!-- EPStest.SubscriptlastEPS -->
