<?xml version="1.0" encoding="UTF-8"?>
<!-- Generated by org.testng.reporters.JUnitReportReporter -->
<testsuite hostname="Nom-31" failures="0" tests="1" name="SMP_XML.TC546SMP_XML6" time="42.676" errors="0" timestamp="2021-09-29T16:48:30 IST" skipped="0">
  <testcase classname="SMP_XML.TC546SMP_XML6" name="GoToUrlAssertUrlClickgotoReportsClickclickP11ClickgetLELAmountClickgetPTAmountClickgetUELAmou" time="42.676"/>
  <system-out/>
</testsuite> <!-- SMP_XML.TC546SMP_XML6 -->
