<?xml version="1.0" encoding="UTF-8"?>
<!-- Generated by org.testng.reporters.JUnitReportReporter -->
<testsuite hostname="Nom-31" failures="0" tests="1" name="tests.SubscriptPswdProtectionZIP_DefaultProfile" time="59.886" errors="0" timestamp="2021-06-05T00:37:18 IST" skipped="0">
  <testcase classname="tests.SubscriptPswdProtectionZIP_DefaultProfile" name="GoToUrlAssertUrlPositiveEnterEnterUsernamePositiveEnterEnterpasswordClickLoginButtonGoToUrlAs1" time="59.886"/>
  <system-out/>
</testsuite> <!-- tests.SubscriptPswdProtectionZIP_DefaultProfile -->
