<?xml version="1.0" encoding="UTF-8"?>
<!-- Generated by org.testng.reporters.JUnitReportReporter -->
<testsuite hostname="Nom-31" failures="0" tests="1" name="PaymentManagement.TC72subscriptPaymentmmgtwhenfreqFortnightly" time="46.109" errors="0" timestamp="2021-12-21T12:09:45 IST" skipped="0">
  <testcase classname="PaymentManagement.TC72subscriptPaymentmmgtwhenfreqFortnightly" name="GoToUrlAssertUrlPositiveEnterEnterUsernamePositiveEnterEnterpasswordClickLoginButtonGoToUrlAs" time="46.109"/>
  <system-out/>
</testsuite> <!-- PaymentManagement.TC72subscriptPaymentmmgtwhenfreqFortnightly -->
