<?xml version="1.0" encoding="UTF-8"?>
<!-- Generated by org.testng.reporters.JUnitReportReporter -->
<testsuite hostname="Nom-31" failures="0" tests="1" name="SmallerEmployertest.TC05_SER_StatwhenSEREnable" time="54.095" errors="0" timestamp="2021-06-05T15:18:37 IST" skipped="0">
  <testcase classname="SmallerEmployertest.TC05_SER_StatwhenSEREnable" name="GoToUrlAssertUrlClickclickAllowancesSchemesClickselectYestosmallERClickselectNotosmallERClickc" time="54.095"/>
  <system-out/>
</testsuite> <!-- SmallerEmployertest.TC05_SER_StatwhenSEREnable -->
