<?xml version="1.0" encoding="UTF-8"?>
<!-- Generated by org.testng.reporters.JUnitReportReporter -->
<testsuite hostname="Nom-31" failures="0" tests="6" name="_1748RunPayrollfromAgent.TC732_737CheckPayroll_AwaitingReviewClient2" time="162.724" errors="0" timestamp="2021-12-24T14:37:57 IST" skipped="0">
  <testcase classname="_1748RunPayrollfromAgent.TC732_737CheckPayroll_AwaitingReviewClient2" name="AwaitingReview_Overdue" time="27.367"/>
  <system-out/>
  <testcase classname="_1748RunPayrollfromAgent.TC732_737CheckPayroll_AwaitingReviewClient2" name="AwaitingReview_1week" time="27.108"/>
  <system-out/>
  <testcase classname="_1748RunPayrollfromAgent.TC732_737CheckPayroll_AwaitingReviewClient2" name="AwaitingReview_1Month" time="27.309"/>
  <system-out/>
  <testcase classname="_1748RunPayrollfromAgent.TC732_737CheckPayroll_AwaitingReviewClient2" name="AwaitingReview_2Month" time="26.379"/>
  <system-out/>
  <testcase classname="_1748RunPayrollfromAgent.TC732_737CheckPayroll_AwaitingReviewClient2" name="AwaitingReview_3_6Month" time="27.933"/>
  <system-out/>
  <testcase classname="_1748RunPayrollfromAgent.TC732_737CheckPayroll_AwaitingReviewClient2" name="AwaitingReview_6plusMonth" time="26.628"/>
  <system-out/>
</testsuite> <!-- _1748RunPayrollfromAgent.TC732_737CheckPayroll_AwaitingReviewClient2 -->
