<?xml version="1.0" encoding="UTF-8"?>
<!-- Generated by org.testng.reporters.JUnitReportReporter -->
<testsuite hostname="Nom-31" failures="0" tests="1" name="_1918NMW_Alert.TC15over26andEmpFirstYrApprenticeComplete" time="80.349" errors="0" timestamp="2022-01-31T05:54:56 IST" skipped="0">
  <testcase classname="_1918NMW_Alert.TC15over26andEmpFirstYrApprenticeComplete" name="GoToUrlAssertUrlPositiveEnterEnterUsernamePositiveEnterEnterpasswordClickLoginButtonGoToUrlAs" time="80.349"/>
  <system-out/>
</testsuite> <!-- _1918NMW_Alert.TC15over26andEmpFirstYrApprenticeComplete -->
