<?xml version="1.0" encoding="UTF-8"?>
<!-- Generated by org.testng.reporters.JUnitReportReporter -->
<testsuite hostname="Nom-31" failures="0" tests="1" name="_2068.TC544TaxWhenCD2" time="53.402" errors="0" timestamp="2022-03-14T15:26:37 IST" skipped="0">
  <testcase classname="_2068.TC544TaxWhenCD2" name="GoToUrlAssertUrlPositiveEnterEnterUsernamePositiveEnterEnterpasswordClickLoginButtonGoToUrlAs" time="53.402"/>
  <system-out/>
</testsuite> <!-- _2068.TC544TaxWhenCD2 -->
