<?xml version="1.0" encoding="UTF-8"?>
<!-- Generated by org.testng.reporters.JUnitReportReporter -->
<testsuite hostname="Nom-31" failures="0" tests="13" name="PayrollDashboardUItest.TC297_309PayrollDshboardChk" time="502.449" errors="0" timestamp="2022-03-14T15:26:38 IST" skipped="0">
  <testcase classname="PayrollDashboardUItest.TC297_309PayrollDshboardChk" name="GoToUrlAssertUrlClickclickAllowancesSchemesClickmarkYesClickclickSaveClickgotoPayrollDashboard" time="37.689"/>
  <system-out/>
  <testcase classname="PayrollDashboardUItest.TC297_309PayrollDshboardChk" name="GoToUrlAssertUrlClickclickAllowancesSchemesClickmarkYesClickclickSaveClickgotoPayrollDashboard1" time="37.301"/>
  <system-out/>
  <testcase classname="PayrollDashboardUItest.TC297_309PayrollDshboardChk" name="GoToUrlAssertUrlClickclickAllowancesSchemesClickmarkYesClickclickSaveClickgotoPayrollDashboard2" time="37.534"/>
  <system-out/>
  <testcase classname="PayrollDashboardUItest.TC297_309PayrollDshboardChk" name="GoToUrlAssertUrlClickclickAllowancesSchemesClickmarkYesClickclickSaveClickgotoPayrollDashboard3" time="38.743"/>
  <system-out/>
  <testcase classname="PayrollDashboardUItest.TC297_309PayrollDshboardChk" name="GoToUrlAssertUrlClickclickAllowancesSchemesClickmarkYesClickclickSaveClickgotoPayrollDashboard4" time="38.045"/>
  <system-out/>
  <testcase classname="PayrollDashboardUItest.TC297_309PayrollDshboardChk" name="GoToUrlAssertUrlClickclickAllowancesSchemesClickmarkYesClickclickSaveClickgotoPayrollDashboard5" time="40.370"/>
  <system-out/>
  <testcase classname="PayrollDashboardUItest.TC297_309PayrollDshboardChk" name="GoToUrlAssertUrlClickclickAllowancesSchemesClickmarkYesClickclickSaveClickgotoPayrollDashboard6" time="41.355"/>
  <system-out/>
  <testcase classname="PayrollDashboardUItest.TC297_309PayrollDshboardChk" name="GoToUrlAssertUrlClickclickAllowancesSchemesClickmarkYesClickclickSaveClickgotoPayrollDashboard7" time="36.509"/>
  <system-out/>
  <testcase classname="PayrollDashboardUItest.TC297_309PayrollDshboardChk" name="GoToUrlAssertUrlClickclickAllowancesSchemesClickmarkYesClickclickSaveClickgotoPayrollDashboard8" time="38.420"/>
  <system-out/>
  <testcase classname="PayrollDashboardUItest.TC297_309PayrollDshboardChk" name="GoToUrlAssertUrlClickclickAllowancesSchemesClickmarkYesClickclickSaveClickgotoPayrollDashboard9" time="37.151"/>
  <system-out/>
  <testcase classname="PayrollDashboardUItest.TC297_309PayrollDshboardChk" name="GoToUrlAssertUrlClickclickAllowancesSchemesClickmarkYesClickclickSaveClickgotoPayrollDashboard10" time="39.007"/>
  <system-out/>
  <testcase classname="PayrollDashboardUItest.TC297_309PayrollDshboardChk" name="GoToUrlAssertUrlClickclickAllowancesSchemesClickmarkYesClickclickSaveClickgotoPayrollDashboard11" time="40.360"/>
  <system-out/>
  <testcase classname="PayrollDashboardUItest.TC297_309PayrollDshboardChk" name="GoToUrlAssertUrlClickclickAllowancesSchemesClickmarkYesClickclickSaveClickgotoPayrollDashboard12" time="39.965"/>
  <system-out/>
</testsuite> <!-- PayrollDashboardUItest.TC297_309PayrollDshboardChk -->
