<?xml version="1.0" encoding="UTF-8"?>
<!-- Generated by org.testng.reporters.JUnitReportReporter -->
<testsuite hostname="Nom-31" failures="0" tests="1" name="_1756PayrollSummary.TC215verifysummaryreportforMonthMay" time="71.507" errors="0" timestamp="2022-01-31T05:54:56 IST" skipped="0">
  <testcase classname="_1756PayrollSummary.TC215verifysummaryreportforMonthMay" name="GoToUrlAssertUrlClickclickAllowancesSchemesClickmarkYesClickclickSaveClickgotoPayrollDashboard" time="71.507"/>
  <system-out/>
</testsuite> <!-- _1756PayrollSummary.TC215verifysummaryreportforMonthMay -->
