<?xml version="1.0" encoding="UTF-8"?>
<!-- Generated by org.testng.reporters.JUnitReportReporter -->
<testsuite hostname="Nom-31" failures="0" tests="2" name="_2170RTI_Submission.TC700_701CheckTaxablePayJoinMidFourWeekly" time="92.384" errors="0" timestamp="2022-03-14T15:26:37 IST" skipped="0">
  <testcase classname="_2170RTI_Submission.TC700_701CheckTaxablePayJoinMidFourWeekly" name="GoToUrlAssertUrlPositiveEnterEnterUsernamePositiveEnterEnterpasswordClickLoginButtonGoToUrlAs" time="52.737"/>
  <system-out/>
  <testcase classname="_2170RTI_Submission.TC700_701CheckTaxablePayJoinMidFourWeekly" name="GoToUrlAssertUrlPositiveEnterEnterUsernamePositiveEnterEnterpasswordClickLoginButtonGoToUrlAs1" time="39.647"/>
  <system-out/>
</testsuite> <!-- _2170RTI_Submission.TC700_701CheckTaxablePayJoinMidFourWeekly -->
