<?xml version="1.0" encoding="UTF-8"?>
<!-- Generated by org.testng.reporters.JUnitReportReporter -->
<testsuite hostname="Nom-31" failures="0" tests="3" name="_2129SummaryCustomized.TC601_603SummaryPayslipofQtrWhenWeekly" time="152.116" errors="0" timestamp="2022-01-31T05:54:55 IST" skipped="0">
  <testcase classname="_2129SummaryCustomized.TC601_603SummaryPayslipofQtrWhenWeekly" name="GoToUrlAssertUrlClickPayslipsPositiveSelectPayrollDateClickEmailPayslipsClickTickCompanyemaila2" time="50.216"/>
  <system-out/>
  <testcase classname="_2129SummaryCustomized.TC601_603SummaryPayslipofQtrWhenWeekly" name="GoToUrlAssertUrlClickPayslipsPositiveSelectPayrollDateClickEmailPayslipsClickTickCompanyemaila1" time="49.591"/>
  <system-out/>
  <testcase classname="_2129SummaryCustomized.TC601_603SummaryPayslipofQtrWhenWeekly" name="GoToUrlAssertUrlClickPayslipsPositiveSelectPayrollDateClickEmailPayslipsClickTickCompanyemaila" time="52.309"/>
  <system-out/>
</testsuite> <!-- _2129SummaryCustomized.TC601_603SummaryPayslipofQtrWhenWeekly -->
