<?xml version="1.0" encoding="UTF-8"?>
<!-- Generated by org.testng.reporters.JUnitReportReporter -->
<testsuite hostname="Nom-31" failures="0" tests="3" name="_1912.TC392_394_1912WeeklyHighSalary" time="136.069" errors="0" timestamp="2022-03-14T15:26:38 IST" skipped="0">
  <testcase classname="_1912.TC392_394_1912WeeklyHighSalary" name="GoToUrlAssertUrlClickRunPayroll1ClickRunPayroll2ClickgetSuccessMsgClickUndoLastPayrollClickcl" time="45.561"/>
  <system-out/>
  <testcase classname="_1912.TC392_394_1912WeeklyHighSalary" name="GoToUrlAssertUrlClickRunPayroll1ClickRunPayroll2ClickgetSuccessMsgClickUndoLastPayrollClickc2" time="45.164"/>
  <system-out/>
  <testcase classname="_1912.TC392_394_1912WeeklyHighSalary" name="GoToUrlAssertUrlClickRunPayroll1ClickRunPayroll2ClickgetSuccessMsgClickUndoLastPayrollClickc3" time="45.344"/>
  <system-out/>
</testsuite> <!-- _1912.TC392_394_1912WeeklyHighSalary -->
