<?xml version="1.0" encoding="UTF-8"?>
<!-- Generated by org.testng.reporters.JUnitReportReporter -->
<testsuite hostname="Nom-31" failures="0" tests="1" name="Company_Director_Tests.TC97_CD_Pay4Monthonly" time="41.580" errors="0" timestamp="2022-03-14T15:26:38 IST" skipped="0">
  <testcase classname="Company_Director_Tests.TC97_CD_Pay4Monthonly" name="GoToUrlAssertUrlClickgotoReportsClickclickP11ClickgetLELAmountClickgetPTAmountClickgetUELAmou" time="41.580"/>
  <system-out/>
</testsuite> <!-- Company_Director_Tests.TC97_CD_Pay4Monthonly -->
