<?xml version="1.0" encoding="UTF-8"?>
<!-- Generated by org.testng.reporters.JUnitReportReporter -->
<testsuite hostname="Nom-31" failures="0" tests="1" name="Quaterly_Paye_Scheme_test.subscriptT12EmployemntAllowence" time="66.740" errors="0" timestamp="2021-06-05T13:59:21 IST" skipped="0">
  <testcase classname="Quaterly_Paye_Scheme_test.subscriptT12EmployemntAllowence" name="GoToUrlAssertUrlPositiveEnterEnterUsernamePositiveEnterEnterpasswordClickLoginButtonGoToUrlAs" time="66.740"/>
  <system-out/>
</testsuite> <!-- Quaterly_Paye_Scheme_test.subscriptT12EmployemntAllowence -->
