<?xml version="1.0" encoding="UTF-8"?>
<!-- Generated by org.testng.reporters.JUnitReportReporter -->
<testsuite hostname="Nom-31" failures="0" tests="1" name="frequencytest.TC57subScriptremoveweeklyschedule_DefaultProfile" time="79.001" errors="0" timestamp="2022-03-14T15:26:38 IST" skipped="0">
  <testcase classname="frequencytest.TC57subScriptremoveweeklyschedule_DefaultProfile" name="GoToUrlAssertUrlPositiveEnterEnterUsernamePositiveEnterEnterpasswordClickLoginButtonGoToUrlAs1" time="79.001"/>
  <system-out/>
</testsuite> <!-- frequencytest.TC57subScriptremoveweeklyschedule_DefaultProfile -->
