<?xml version="1.0" encoding="UTF-8"?>
<!-- Generated by org.testng.reporters.JUnitReportReporter -->
<testsuite hostname="Nom-31" failures="0" tests="1" name="_1744CISDSBTest.TC509InactiveFromDsb" time="54.855" errors="0" timestamp="2021-11-11T04:10:42 IST" skipped="0">
  <testcase classname="_1744CISDSBTest.TC509InactiveFromDsb" name="GoToUrlAssertUrlPositiveEnterEnterUsernamePositiveEnterEnterpasswordClickLoginButtonGoToUrlAs" time="54.855"/>
  <system-out/>
</testsuite> <!-- _1744CISDSBTest.TC509InactiveFromDsb -->
