<?xml version="1.0" encoding="UTF-8"?>
<!-- Generated by org.testng.reporters.JUnitReportReporter -->
<testsuite hostname="Nom-31" failures="0" tests="1" name="frequencytest.TC42subscriptchangemonthlypaydate" time="53.203" errors="0" timestamp="2021-12-21T12:09:45 IST" skipped="0">
  <testcase classname="frequencytest.TC42subscriptchangemonthlypaydate" name="GoToUrlAssertUrlPositiveEnterEnterUsernamePositiveEnterEnterpasswordClickLoginButtonGoToUrlAs1" time="53.203"/>
  <system-out/>
</testsuite> <!-- frequencytest.TC42subscriptchangemonthlypaydate -->
