<?xml version="1.0" encoding="UTF-8"?>
<!-- Generated by org.testng.reporters.JUnitReportReporter -->
<testsuite hostname="Nom-31" failures="0" tests="2" name="_1939_tests.TC05_AutoRunPayrollMakeDisable" time="182.430" errors="0" timestamp="2022-01-31T05:54:56 IST" skipped="0">
  <testcase classname="_1939_tests.TC05_AutoRunPayrollMakeDisable" name="GoToUrlAssertUrlPositiveEnterEnterUsernamePositiveEnterEnterpasswordClickLoginButtonGoToUrlAs" time="93.783"/>
  <system-out/>
  <testcase classname="_1939_tests.TC05_AutoRunPayrollMakeDisable" name="GoToUrlAssertUrlPositiveEnterEnterUsernamePositiveEnterEnterpasswordClickLoginButtonGoToUrlAs1" time="88.647"/>
  <system-out/>
</testsuite> <!-- _1939_tests.TC05_AutoRunPayrollMakeDisable -->
