<?xml version="1.0" encoding="UTF-8"?>
<!-- Generated by org.testng.reporters.JUnitReportReporter -->
<testsuite hostname="Nom-31" failures="0" tests="2" name="_1939_tests.TC05_AutoRunPayrollMakeDisable" time="145.097" errors="0" timestamp="2022-03-14T15:26:38 IST" skipped="0">
  <testcase classname="_1939_tests.TC05_AutoRunPayrollMakeDisable" name="GoToUrlAssertUrlPositiveEnterEnterUsernamePositiveEnterEnterpasswordClickLoginButtonGoToUrlAs" time="70.370"/>
  <system-out/>
  <testcase classname="_1939_tests.TC05_AutoRunPayrollMakeDisable" name="GoToUrlAssertUrlPositiveEnterEnterUsernamePositiveEnterEnterpasswordClickLoginButtonGoToUrlAs1" time="74.727"/>
  <system-out/>
</testsuite> <!-- _1939_tests.TC05_AutoRunPayrollMakeDisable -->
