<?xml version="1.0" encoding="UTF-8"?>
<!-- Generated by org.testng.reporters.JUnitReportReporter -->
<testsuite hostname="Nom-31" failures="0" tests="2" name="_2170RTI_Submission.TC696_697CheckTaxablePayJoinMidWeekly" time="103.373" errors="0" timestamp="2022-01-31T05:54:55 IST" skipped="0">
  <testcase classname="_2170RTI_Submission.TC696_697CheckTaxablePayJoinMidWeekly" name="GoToUrlAssertUrlPositiveEnterEnterUsernamePositiveEnterEnterpasswordClickLoginButtonGoToUrlAs" time="58.745"/>
  <system-out/>
  <testcase classname="_2170RTI_Submission.TC696_697CheckTaxablePayJoinMidWeekly" name="GoToUrlAssertUrlPositiveEnterEnterUsernamePositiveEnterEnterpasswordClickLoginButtonGoToUrlAs1" time="44.628"/>
  <system-out/>
</testsuite> <!-- _2170RTI_Submission.TC696_697CheckTaxablePayJoinMidWeekly -->
