<?xml version="1.0" encoding="UTF-8"?>
<!-- Generated by org.testng.reporters.JUnitReportReporter -->
<testsuite hostname="Nom-31" failures="0" tests="1" name="AlertsForEmployeeAge.TC486under18andEmpApperenticeInFirstYear" time="76.559" errors="0" timestamp="2022-01-31T05:54:55 IST" skipped="0">
  <testcase classname="AlertsForEmployeeAge.TC486under18andEmpApperenticeInFirstYear" name="GoToUrlAssertUrlPositiveEnterEnterUsernamePositiveEnterEnterpasswordClickLoginButtonGoToUrlAs" time="76.559"/>
  <system-out/>
</testsuite> <!-- AlertsForEmployeeAge.TC486under18andEmpApperenticeInFirstYear -->
