<?xml version="1.0" encoding="UTF-8"?>
<!-- Generated by org.testng.reporters.JUnitReportReporter -->
<testsuite hostname="Nom-31" failures="0" tests="7" name="AOE.TC907_913AOE_ChildSupportPopupA5" time="359.064" errors="0" timestamp="2022-03-14T15:26:38 IST" skipped="0">
  <testcase classname="AOE.TC907_913AOE_ChildSupportPopupA5" name="GoToUrlAssertUrlPositiveEnterEnterUsernamePositiveEnterEnterpasswordClickLoginButtonGoToUrlAs1" time="43.904"/>
  <system-out/>
  <testcase classname="AOE.TC907_913AOE_ChildSupportPopupA5" name="GoToUrlAssertUrlPositiveEnterEnterUsernamePositiveEnterEnterpasswordClickLoginButtonGoToUrlAs2" time="47.661"/>
  <system-out/>
  <testcase classname="AOE.TC907_913AOE_ChildSupportPopupA5" name="GoToUrlAssertUrlPositiveEnterEnterUsernamePositiveEnterEnterpasswordClickLoginButtonGoToUrlAs3" time="51.401"/>
  <system-out/>
  <testcase classname="AOE.TC907_913AOE_ChildSupportPopupA5" name="GoToUrlAssertUrlPositiveEnterEnterUsernamePositiveEnterEnterpasswordClickLoginButtonGoToUrlAs4" time="52.894"/>
  <system-out/>
  <testcase classname="AOE.TC907_913AOE_ChildSupportPopupA5" name="GoToUrlAssertUrlPositiveEnterEnterUsernamePositiveEnterEnterpasswordClickLoginButtonGoToUrlAs5" time="53.166"/>
  <system-out/>
  <testcase classname="AOE.TC907_913AOE_ChildSupportPopupA5" name="GoToUrlAssertUrlPositiveEnterEnterUsernamePositiveEnterEnterpasswordClickLoginButtonGoToUrlAs6" time="56.576"/>
  <system-out/>
  <testcase classname="AOE.TC907_913AOE_ChildSupportPopupA5" name="GoToUrlAssertUrlPositiveEnterEnterUsernamePositiveEnterEnterpasswordClickLoginButtonGoToUrlAs7" time="53.462"/>
  <system-out/>
</testsuite> <!-- AOE.TC907_913AOE_ChildSupportPopupA5 -->
