<?xml version="1.0" encoding="UTF-8"?>
<!-- Generated by org.testng.reporters.JUnitReportReporter -->
<testsuite hostname="Nom-31" failures="0" tests="1" name="verifyEmailsDataTest.TC246ErrorwhenNoEmailinMainContact" time="44.587" errors="0" timestamp="2021-12-21T12:09:45 IST" skipped="0">
  <testcase classname="verifyEmailsDataTest.TC246ErrorwhenNoEmailinMainContact" name="GoToUrlAssertUrlClickclickAllowancesSchemesClickmarkYesClickclickSaveClickgotoPayrollDashboard" time="44.587"/>
  <system-out/>
</testsuite> <!-- verifyEmailsDataTest.TC246ErrorwhenNoEmailinMainContact -->
