<?xml version="1.0" encoding="UTF-8"?>
<!-- Generated by org.testng.reporters.JUnitReportReporter -->
<testsuite hostname="Nom-31" failures="0" tests="2" name="_2129SummaryCustomized.TC604_605JournalDataofSummary" time="93.927" errors="0" timestamp="2022-03-14T15:26:38 IST" skipped="0">
  <testcase classname="_2129SummaryCustomized.TC604_605JournalDataofSummary" name="GoToUrlAssertUrlClickPayslipsPositiveSelectPayrollDateClickEmailPayslipsClickTickCompanyemaila" time="53.432"/>
  <system-out/>
  <testcase classname="_2129SummaryCustomized.TC604_605JournalDataofSummary" name="GoToUrlAssertUrlClickPayslipsPositiveSelectPayrollDateClickEmailPayslipsClickTickCompanyemaila2" time="40.495"/>
  <system-out/>
</testsuite> <!-- _2129SummaryCustomized.TC604_605JournalDataofSummary -->
