<?xml version="1.0" encoding="UTF-8"?>
<!-- Generated by org.testng.reporters.JUnitReportReporter -->
<testsuite hostname="Nom-31" failures="0" tests="1" name="Company_Director_Tests.TC86CD_StatePensionReached" time="39.253" errors="0" timestamp="2021-12-21T12:09:45 IST" skipped="0">
  <testcase classname="Company_Director_Tests.TC86CD_StatePensionReached" name="GoToUrlAssertUrlClickgotoReportsClickclickP11ClickgetLELAmountClickgetPTAmountClickgetUELAmou" time="39.253"/>
  <system-out/>
</testsuite> <!-- Company_Director_Tests.TC86CD_StatePensionReached -->
