<?xml version="1.0" encoding="UTF-8"?>
<!-- Generated by org.testng.reporters.JUnitReportReporter -->
<testsuite hostname="Nom-31" failures="0" tests="1" name="SmallerEmployertest.TC63SmallerEmployer_DefaultProfile" time="52.920" errors="0" timestamp="2022-01-31T05:54:56 IST" skipped="0">
  <testcase classname="SmallerEmployertest.TC63SmallerEmployer_DefaultProfile" name="GoToUrlAssertUrlClickclickAllowancesSchemesClickselectYestosmallERClickselectNotosmallERClickc" time="52.920"/>
  <system-out/>
</testsuite> <!-- SmallerEmployertest.TC63SmallerEmployer_DefaultProfile -->
