<?xml version="1.0" encoding="UTF-8"?>
<!-- Generated by org.testng.reporters.JUnitReportReporter -->
<testsuite hostname="Nom-31" failures="0" tests="1" name="frequencytest.TC42subscriptchangemonthlypaydate" time="56.789" errors="0" timestamp="2021-11-11T04:10:41 IST" skipped="0">
  <testcase classname="frequencytest.TC42subscriptchangemonthlypaydate" name="GoToUrlAssertUrlPositiveEnterEnterUsernamePositiveEnterEnterpasswordClickLoginButtonGoToUrlAs1" time="56.789"/>
  <system-out/>
</testsuite> <!-- frequencytest.TC42subscriptchangemonthlypaydate -->
