<?xml version="1.0" encoding="UTF-8"?>
<!-- Generated by org.testng.reporters.JUnitReportReporter -->
<testsuite hostname="Nom-31" failures="0" tests="1" name="_1943_GrossPay_Reports_Test.T126TC02_GrossPayTest" time="77.149" errors="0" timestamp="2022-01-31T05:54:56 IST" skipped="0">
  <testcase classname="_1943_GrossPay_Reports_Test.T126TC02_GrossPayTest" name="GoToUrlAssertUrlPositiveEnterEnterUsernamePositiveEnterEnterpasswordClickLoginButtonGoToUrlAs1" time="77.149"/>
  <system-out/>
</testsuite> <!-- _1943_GrossPay_Reports_Test.T126TC02_GrossPayTest -->
