<?xml version="1.0" encoding="UTF-8"?>
<!-- Generated by org.testng.reporters.JUnitReportReporter -->
<testsuite hostname="Nom-31" failures="0" tests="1" name="frequencytest.TC40subscriptweeklyemployeeTS6" time="58.278" errors="0" timestamp="2021-11-11T04:10:41 IST" skipped="0">
  <testcase classname="frequencytest.TC40subscriptweeklyemployeeTS6" name="GoToUrlAssertUrlPositiveEnterEnterUsernamePositiveEnterEnterpasswordClickLoginButtonGoToUrlAs1" time="58.278"/>
  <system-out/>
</testsuite> <!-- frequencytest.TC40subscriptweeklyemployeeTS6 -->
