<?xml version="1.0" encoding="UTF-8"?>
<!-- Generated by org.testng.reporters.JUnitReportReporter -->
<testsuite hostname="Nom-31" failures="0" tests="17" name="_1748RunPayrollfromAgent.TC792_808AgentRunPayrollPDF_EE" time="1326.312" errors="0" timestamp="2022-01-31T05:54:56 IST" skipped="0">
  <testcase classname="_1748RunPayrollfromAgent.TC792_808AgentRunPayrollPDF_EE" name="runPayrollPopup" time="33.030"/>
  <system-out/>
  <testcase classname="_1748RunPayrollfromAgent.TC792_808AgentRunPayrollPDF_EE" name="AgentRunPayrollPDF_EE" time="77.954"/>
  <system-out/>
  <testcase classname="_1748RunPayrollfromAgent.TC792_808AgentRunPayrollPDF_EE" name="AgentRunPayrollZIP_EE" time="76.402"/>
  <system-out/>
  <testcase classname="_1748RunPayrollfromAgent.TC792_808AgentRunPayrollPDF_EE" name="AgentRunPayrollNoProt_EE" time="79.520"/>
  <system-out/>
  <testcase classname="_1748RunPayrollfromAgent.TC792_808AgentRunPayrollPDF_EE" name="AgentRunPayrollPDF_ER" time="76.158"/>
  <system-out/>
  <testcase classname="_1748RunPayrollfromAgent.TC792_808AgentRunPayrollPDF_EE" name="AgentRunPayrollZIP_ER" time="75.867"/>
  <system-out/>
  <testcase classname="_1748RunPayrollfromAgent.TC792_808AgentRunPayrollPDF_EE" name="AgentRunPayrollNoProt_ER" time="75.884"/>
  <system-out/>
  <testcase classname="_1748RunPayrollfromAgent.TC792_808AgentRunPayrollPDF_EE" name="AgentRunPayrollPDF_Both" time="75.840"/>
  <system-out/>
  <testcase classname="_1748RunPayrollfromAgent.TC792_808AgentRunPayrollPDF_EE" name="AgentRunPayrollZIP_Both" time="75.791"/>
  <system-out/>
  <testcase classname="_1748RunPayrollfromAgent.TC792_808AgentRunPayrollPDF_EE" name="AgentRunPayrollNoProt_Both" time="76.081"/>
  <system-out/>
  <testcase classname="_1748RunPayrollfromAgent.TC792_808AgentRunPayrollPDF_EE" name="AgentRunPayrollPDF_Dont" time="75.867"/>
  <system-out/>
  <testcase classname="_1748RunPayrollfromAgent.TC792_808AgentRunPayrollPDF_EE" name="AgentRunPayrollZIP_Dont" time="76.859"/>
  <system-out/>
  <testcase classname="_1748RunPayrollfromAgent.TC792_808AgentRunPayrollPDF_EE" name="AgentRunPayrollNoProt_Dont" time="78.700"/>
  <system-out/>
  <testcase classname="_1748RunPayrollfromAgent.TC792_808AgentRunPayrollPDF_EE" name="AgentRunPayrollPDF_EEwithRTI" time="101.567"/>
  <system-out/>
  <testcase classname="_1748RunPayrollfromAgent.TC792_808AgentRunPayrollPDF_EE" name="AgentRunPayrollZIP_ERwithRTI" time="101.521"/>
  <system-out/>
  <testcase classname="_1748RunPayrollfromAgent.TC792_808AgentRunPayrollPDF_EE" name="AgentRunPayrollPDF_BothWithRTI" time="104.636"/>
  <system-out/>
  <testcase classname="_1748RunPayrollfromAgent.TC792_808AgentRunPayrollPDF_EE" name="runPayrollPopupNoRTI" time="64.635"/>
  <system-out/>
</testsuite> <!-- _1748RunPayrollfromAgent.TC792_808AgentRunPayrollPDF_EE -->
