<?xml version="1.0" encoding="UTF-8"?>
<!-- Generated by org.testng.reporters.JUnitReportReporter -->
<testsuite hostname="Nom-31" failures="0" tests="2" name="_2170RTI_Submission.TC690_691CheckTaxablePayForTwoMonths" time="93.640" errors="0" timestamp="2022-03-14T15:26:38 IST" skipped="0">
  <testcase classname="_2170RTI_Submission.TC690_691CheckTaxablePayForTwoMonths" name="GoToUrlAssertUrlPositiveEnterEnterUsernamePositiveEnterEnterpasswordClickLoginButtonGoToUrlAs" time="52.965"/>
  <system-out/>
  <testcase classname="_2170RTI_Submission.TC690_691CheckTaxablePayForTwoMonths" name="GoToUrlAssertUrlPositiveEnterEnterUsernamePositiveEnterEnterpasswordClickLoginButtonGoToUrlAs1" time="40.675"/>
  <system-out/>
</testsuite> <!-- _2170RTI_Submission.TC690_691CheckTaxablePayForTwoMonths -->
