<?xml version="1.0" encoding="UTF-8"?>
<!-- Generated by org.testng.reporters.JUnitReportReporter -->
<testsuite hostname="Nom-31" failures="0" tests="1" name="PaymentManagement.T111TS01_PM_Dump" time="55.576" errors="0" timestamp="2022-01-31T05:54:55 IST" skipped="0">
  <testcase classname="PaymentManagement.T111TS01_PM_Dump" name="GoToUrlAssertUrlPositiveEnterEnterUsernamePositiveEnterEnterpasswordClickLoginButtonGoToUrlAs" time="55.576"/>
  <system-out/>
</testsuite> <!-- PaymentManagement.T111TS01_PM_Dump -->
