<?xml version="1.0" encoding="UTF-8"?>
<!-- Generated by org.testng.reporters.JUnitReportReporter -->
<testsuite hostname="Nom-31" failures="0" tests="1" name="Company_Director_Tests.TC84CDBetweenTxYrXMLVerify_Alternative_DefaultProfile" time="41.416" errors="0" timestamp="2022-03-14T15:26:38 IST" skipped="0">
  <testcase classname="Company_Director_Tests.TC84CDBetweenTxYrXMLVerify_Alternative_DefaultProfile" name="GoToUrlAssertUrlClickgotoReportsClickclickP11ClickgetLELAmountClickgetPTAmountClickgetUELAmou" time="41.416"/>
  <system-out/>
</testsuite> <!-- Company_Director_Tests.TC84CDBetweenTxYrXMLVerify_Alternative_DefaultProfile -->
