<?xml version="1.0" encoding="UTF-8"?>
<!-- Generated by org.testng.reporters.JUnitReportReporter -->
<testsuite hostname="Nom-31" failures="0" tests="2" name="_1744CISDSBTest.TC498_499InactiveActiveContractor" time="78.704" errors="0" timestamp="2021-12-21T12:09:45 IST" skipped="0">
  <testcase classname="_1744CISDSBTest.TC498_499InactiveActiveContractor" name="GoToUrlAssertUrlPositiveEnterEnterUsernamePositiveEnterEnterpasswordClickLoginButtonGoToUrlAs" time="41.400"/>
  <system-out/>
  <testcase classname="_1744CISDSBTest.TC498_499InactiveActiveContractor" name="GoToUrlAssertUrlPositiveEnterEnterUsernamePositiveEnterEnterpasswordClickLoginButtonGoToUrlAs1" time="37.304"/>
  <system-out/>
</testsuite> <!-- _1744CISDSBTest.TC498_499InactiveActiveContractor -->
