<?xml version="1.0" encoding="UTF-8"?>
<!-- Generated by org.testng.reporters.JUnitReportReporter -->
<testsuite hostname="Nom-31" failures="0" tests="1" name="tests.TC08GreenpayslipSubscript_DefaultProfile" time="54.570" errors="0" timestamp="2021-11-11T04:10:42 IST" skipped="0">
  <testcase classname="tests.TC08GreenpayslipSubscript_DefaultProfile" name="GoToUrlAssertUrlPositiveEnterEnterUsernamePositiveEnterEnterpasswordClickLoginButtonGoToUrlAs1" time="54.570"/>
  <system-out/>
</testsuite> <!-- tests.TC08GreenpayslipSubscript_DefaultProfile -->
