<?xml version="1.0" encoding="UTF-8"?>
<!-- Generated by org.testng.reporters.JUnitReportReporter -->
<testsuite hostname="Nom-31" failures="0" tests="1" name="_1744CISDSBTest.TC495UpcomingReturnViewWithPeriod60DaysOption" time="35.998" errors="0" timestamp="2021-12-06T22:39:04 IST" skipped="0">
  <testcase classname="_1744CISDSBTest.TC495UpcomingReturnViewWithPeriod60DaysOption" name="GoToUrlAssertUrlPositiveEnterEnterUsernamePositiveEnterEnterpasswordClickLoginButtonGoToUrlAs" time="35.998"/>
  <system-out/>
</testsuite> <!-- _1744CISDSBTest.TC495UpcomingReturnViewWithPeriod60DaysOption -->
