<?xml version="1.0" encoding="UTF-8"?>
<!-- Generated by org.testng.reporters.JUnitReportReporter -->
<testsuite hostname="Nom-31" failures="0" tests="1" name="_1939_tests.TC08_AutoRunPayrollChangeOther" time="80.780" errors="0" timestamp="2022-01-31T05:54:55 IST" skipped="0">
  <testcase classname="_1939_tests.TC08_AutoRunPayrollChangeOther" name="GoToUrlAssertUrlPositiveEnterEnterUsernamePositiveEnterEnterpasswordClickLoginButtonGoToUrlAs" time="80.780"/>
  <system-out/>
</testsuite> <!-- _1939_tests.TC08_AutoRunPayrollChangeOther -->
