<?xml version="1.0" encoding="UTF-8"?>
<!-- Generated by org.testng.reporters.JUnitReportReporter -->
<testsuite hostname="Nom-31" failures="0" tests="1" name="_2068.TC519FirstMonthSalary" time="51.275" errors="0" timestamp="2022-01-31T05:54:56 IST" skipped="0">
  <testcase classname="_2068.TC519FirstMonthSalary" name="GoToUrlAssertUrlPositiveEnterEnterUsernamePositiveEnterEnterpasswordClickLoginButtonGoToUrlAs" time="51.275"/>
  <system-out/>
</testsuite> <!-- _2068.TC519FirstMonthSalary -->
