<?xml version="1.0" encoding="UTF-8"?>
<!-- Generated by org.testng.reporters.JUnitReportReporter -->
<testsuite hostname="Nom-31" failures="0" tests="1" name="verifySummaryReportsData.TC263summarywhenSPP_Mnthly" time="72.892" errors="0" timestamp="2021-11-11T04:10:42 IST" skipped="0">
  <testcase classname="verifySummaryReportsData.TC263summarywhenSPP_Mnthly" name="GoToUrlAssertUrlClickclickAllowancesSchemesClickmarkYesClickclickSaveClickgotoPayrollDashboard" time="72.892"/>
  <system-out/>
</testsuite> <!-- verifySummaryReportsData.TC263summarywhenSPP_Mnthly -->
