<?xml version="1.0" encoding="UTF-8"?>
<!-- Generated by org.testng.reporters.JUnitReportReporter -->
<testsuite hostname="Nom-31" failures="0" tests="2" name="_1743PayrollDSB.TC692_693CheckTaxablePayForMidYear11" time="93.335" errors="0" timestamp="2021-12-06T22:39:04 IST" skipped="0">
  <testcase classname="_1743PayrollDSB.TC692_693CheckTaxablePayForMidYear11" name="GoToUrlAssertUrlPositiveEnterEnterUsernamePositiveEnterEnterpasswordClickLoginButtonGoToUrlAs" time="51.709"/>
  <system-out/>
  <testcase classname="_1743PayrollDSB.TC692_693CheckTaxablePayForMidYear11" name="GoToUrlAssertUrlPositiveEnterEnterUsernamePositiveEnterEnterpasswordClickLoginButtonGoToUrlAs1" time="41.626"/>
  <system-out/>
</testsuite> <!-- _1743PayrollDSB.TC692_693CheckTaxablePayForMidYear11 -->
