<?xml version="1.0" encoding="UTF-8"?>
<!-- Generated by org.testng.reporters.JUnitReportReporter -->
<testsuite hostname="Nom-31" failures="0" tests="1" name="AlertsForEmployeeAge.TC470over25andEmpApperenticeInFirstYear" time="82.190" errors="0" timestamp="2022-03-14T15:26:38 IST" skipped="0">
  <testcase classname="AlertsForEmployeeAge.TC470over25andEmpApperenticeInFirstYear" name="GoToUrlAssertUrlPositiveEnterEnterUsernamePositiveEnterEnterpasswordClickLoginButtonGoToUrlAs" time="82.190"/>
  <system-out/>
</testsuite> <!-- AlertsForEmployeeAge.TC470over25andEmpApperenticeInFirstYear -->
