<?xml version="1.0" encoding="UTF-8"?>
<!-- Generated by org.testng.reporters.JUnitReportReporter -->
<testsuite hostname="Nom-31" failures="0" tests="1" name="frequencytest.TC55subScriptFrwklytoMnthly_DefaultProfile" time="82.380" errors="0" timestamp="2021-11-11T04:10:42 IST" skipped="0">
  <testcase classname="frequencytest.TC55subScriptFrwklytoMnthly_DefaultProfile" name="GoToUrlAssertUrlPositiveEnterEnterUsernamePositiveEnterEnterpasswordClickLoginButtonGoToUrlAs1" time="82.380"/>
  <system-out/>
</testsuite> <!-- frequencytest.TC55subScriptFrwklytoMnthly_DefaultProfile -->
