<?xml version="1.0" encoding="UTF-8"?>
<!-- Generated by org.testng.reporters.JUnitReportReporter -->
<testsuite hostname="Nom-31" failures="0" tests="3" name="_2129SummaryCustomized.TC591_593SummaryPayslipofQtr" time="127.788" errors="0" timestamp="2021-12-21T12:09:45 IST" skipped="0">
  <testcase classname="_2129SummaryCustomized.TC591_593SummaryPayslipofQtr" name="GoToUrlAssertUrlClickPayslipsPositiveSelectPayrollDateClickEmailPayslipsClickTickCompanyemaila1" time="43.114"/>
  <system-out/>
  <testcase classname="_2129SummaryCustomized.TC591_593SummaryPayslipofQtr" name="GoToUrlAssertUrlClickPayslipsPositiveSelectPayrollDateClickEmailPayslipsClickTickCompanyemaila" time="42.618"/>
  <system-out/>
  <testcase classname="_2129SummaryCustomized.TC591_593SummaryPayslipofQtr" name="GoToUrlAssertUrlClickPayslipsPositiveSelectPayrollDateClickEmailPayslipsClickTickCompanyemaila2" time="42.056"/>
  <system-out/>
</testsuite> <!-- _2129SummaryCustomized.TC591_593SummaryPayslipofQtr -->
