<?xml version="1.0" encoding="UTF-8"?>
<!-- Generated by org.testng.reporters.JUnitReportReporter -->
<testsuite hostname="Nom-31" failures="0" tests="2" name="TaxCode.TC435_436DiffTaxCodeDeduction" time="93.344" errors="0" timestamp="2021-12-21T12:09:45 IST" skipped="0">
  <testcase classname="TaxCode.TC435_436DiffTaxCodeDeduction" name="GoToUrlAssertUrlClickRunPayroll1ClickRunPayroll2ClickgetSuccessMsgClickUndoLastPayrollClickcl" time="51.617"/>
  <system-out/>
  <testcase classname="TaxCode.TC435_436DiffTaxCodeDeduction" name="GoToUrlAssertUrlClickRunPayroll1ClickRunPayroll2ClickgetSuccessMsgClickUndoLastPayrollClickc4" time="41.727"/>
  <system-out/>
</testsuite> <!-- TaxCode.TC435_436DiffTaxCodeDeduction -->
