<?xml version="1.0" encoding="UTF-8"?>
<!-- Generated by org.testng.reporters.JUnitReportReporter -->
<testsuite hostname="Nom-31" failures="0" tests="1" name="PaymentManagement.TC04_PM_Fortnight1" time="49.024" errors="0" timestamp="2021-06-04T19:18:38 IST" skipped="0">
  <testcase classname="PaymentManagement.TC04_PM_Fortnight1" name="GoToUrlAssertUrlPositiveEnterEnterUsernamePositiveEnterEnterpasswordClickLoginButtonGoToUrlAs" time="49.024"/>
  <system-out/>
</testsuite> <!-- PaymentManagement.TC04_PM_Fortnight1 -->
