<?xml version="1.0" encoding="UTF-8"?>
<!-- Generated by org.testng.reporters.JUnitReportReporter -->
<testsuite hostname="Nom-31" failures="0" tests="1" name="tests.TC17subScriptMannualPayroll_DefaultProfile" time="54.101" errors="0" timestamp="2022-01-31T05:54:55 IST" skipped="0">
  <testcase classname="tests.TC17subScriptMannualPayroll_DefaultProfile" name="GoToUrlAssertUrlPositiveEnterEnterUsernamePositiveEnterEnterpasswordClickLoginButtonGoToUrlAs" time="54.101"/>
  <system-out/>
</testsuite> <!-- tests.TC17subScriptMannualPayroll_DefaultProfile -->
