<?xml version="1.0" encoding="UTF-8"?>
<!-- Generated by org.testng.reporters.JUnitReportReporter -->
<testsuite hostname="Nom-31" failures="0" tests="1" name="_2128AutoPayProtection.TC625PDFProtectionTOZIPandthenNoProtectionwithEmployerSummaryEE" time="82.464" errors="0" timestamp="2021-11-11T04:10:41 IST" skipped="0">
  <testcase classname="_2128AutoPayProtection.TC625PDFProtectionTOZIPandthenNoProtectionwithEmployerSummaryEE" name="GoToUrlAssertUrlPositiveEnterEnterUsernamePositiveEnterEnterpasswordClickLoginButtonGoToUrlAs" time="82.464"/>
  <system-out/>
</testsuite> <!-- _2128AutoPayProtection.TC625PDFProtectionTOZIPandthenNoProtectionwithEmployerSummaryEE -->
