<?xml version="1.0" encoding="UTF-8"?>
<!-- Generated by org.testng.reporters.JUnitReportReporter -->
<testsuite hostname="Nom-31" failures="0" tests="1" name="SmallerEmployertest.TC65QualifiedforSmallerEmployer2022_DefaultProfile" time="46.503" errors="0" timestamp="2021-12-06T22:39:04 IST" skipped="0">
  <testcase classname="SmallerEmployertest.TC65QualifiedforSmallerEmployer2022_DefaultProfile" name="GoToUrlAssertUrlClickclickAllowancesSchemesClickselectYestosmallERClickselectNotosmallERClickc" time="46.503"/>
  <system-out/>
</testsuite> <!-- SmallerEmployertest.TC65QualifiedforSmallerEmployer2022_DefaultProfile -->
