<?xml version="1.0" encoding="UTF-8"?>
<!-- Generated by org.testng.reporters.JUnitReportReporter -->
<testsuite hostname="Nom-31" failures="0" tests="1" name="Company_Director_Tests.TC104_CDwithPreviousEmpScreenshot3" time="47.126" errors="0" timestamp="2021-11-11T04:10:41 IST" skipped="0">
  <testcase classname="Company_Director_Tests.TC104_CDwithPreviousEmpScreenshot3" name="GoToUrlAssertUrlClickgotoReportsClickclickP11ClickgetLELAmountClickgetPTAmountClickgetUELAmou" time="47.126"/>
  <system-out/>
</testsuite> <!-- Company_Director_Tests.TC104_CDwithPreviousEmpScreenshot3 -->
