<?xml version="1.0" encoding="UTF-8"?>
<!-- Generated by org.testng.reporters.JUnitReportReporter -->
<testsuite hostname="Nom-31" failures="0" tests="1" name="_2106AutoPayroll.TC610AutoPayrollAndPayslipToEmpwithSummary" time="61.565" errors="0" timestamp="2021-11-11T04:10:42 IST" skipped="0">
  <testcase classname="_2106AutoPayroll.TC610AutoPayrollAndPayslipToEmpwithSummary" name="GoToUrlAssertUrlPositiveEnterEnterUsernamePositiveEnterEnterpasswordClickLoginButtonGoToUrlAs" time="61.565"/>
  <system-out/>
</testsuite> <!-- _2106AutoPayroll.TC610AutoPayrollAndPayslipToEmpwithSummary -->
