<?xml version="1.0" encoding="UTF-8"?>
<!-- Generated by org.testng.reporters.JUnitReportReporter -->
<testsuite hostname="Nom-31" failures="0" tests="4" name="_2078Test.TC418_421PaymentofMonthwhenLastDayOfMonth" time="173.992" errors="0" timestamp="2022-03-14T15:26:38 IST" skipped="0">
  <testcase classname="_2078Test.TC418_421PaymentofMonthwhenLastDayOfMonth" name="GoToUrlAssertUrlPositiveEnterEnterUsernamePositiveEnterEnterpasswordClickLoginButtonGoToUrlAs1" time="54.340"/>
  <system-out/>
  <testcase classname="_2078Test.TC418_421PaymentofMonthwhenLastDayOfMonth" name="GoToUrlAssertUrlClickRunPayroll1ClickRunPayroll2ClickgetSuccessMsgClickUndoLastPayrollClickcl" time="39.746"/>
  <system-out/>
  <testcase classname="_2078Test.TC418_421PaymentofMonthwhenLastDayOfMonth" name="GoToUrlAssertUrlClickRunPayroll1ClickRunPayroll2ClickgetSuccessMsgClickUndoLastPayrollClickc2" time="40.339"/>
  <system-out/>
  <testcase classname="_2078Test.TC418_421PaymentofMonthwhenLastDayOfMonth" name="GoToUrlAssertUrlClickRunPayroll1ClickRunPayroll2ClickgetSuccessMsgClickUndoLastPayrollClickc4" time="39.567"/>
  <system-out/>
</testsuite> <!-- _2078Test.TC418_421PaymentofMonthwhenLastDayOfMonth -->
