<?xml version="1.0" encoding="UTF-8"?>
<!-- Generated by org.testng.reporters.JUnitReportReporter -->
<testsuite hostname="Nom-31" failures="0" tests="2" name="tests.TC06LeaverSubscript_DefaultProfile" time="91.833" errors="0" timestamp="2022-03-14T15:26:38 IST" skipped="0">
  <testcase classname="tests.TC06LeaverSubscript_DefaultProfile" name="GoToUrlAssertUrlPositiveEnterEnterUsernamePositiveEnterEnterpasswordClickLoginButtonGoToUrlAs1" time="45.231"/>
  <system-out/>
  <testcase classname="tests.TC06LeaverSubscript_DefaultProfile" name="GoToUrlAssertUrlPositiveEnterEnterUsernamePositiveEnterEnterpasswordClickLoginButtonGoToUrlAs1" time="46.602"/>
  <system-out/>
</testsuite> <!-- tests.TC06LeaverSubscript_DefaultProfile -->
