<?xml version="1.0" encoding="UTF-8"?>
<!-- Generated by org.testng.reporters.JUnitReportReporter -->
<testsuite hostname="Nom-31" failures="0" tests="3" name="PayrollDashboardUItest.TC321_323PayrollDoUndo" time="119.594" errors="0" timestamp="2021-11-11T04:10:42 IST" skipped="0">
  <testcase classname="PayrollDashboardUItest.TC321_323PayrollDoUndo" name="GoToUrlAssertUrlClickRunPayroll1ClickRunPayroll2ClickgetSuccessMsgClickUndoLastPayrollClickcl" time="45.451"/>
  <system-out/>
  <testcase classname="PayrollDashboardUItest.TC321_323PayrollDoUndo" name="GoToUrlAssertUrlClickRunPayroll1ClickRunPayroll2ClickgetSuccessMsgClickUndoLastPayrollClickc" time="39.254"/>
  <system-out/>
  <testcase classname="PayrollDashboardUItest.TC321_323PayrollDoUndo" name="GoToUrlAssertUrlClickRunPayroll1ClickRunPayroll2ClickgetSuccessMsgClickUndoLastPayrollClickc2" time="34.889"/>
  <system-out/>
</testsuite> <!-- PayrollDashboardUItest.TC321_323PayrollDoUndo -->
