<?xml version="1.0" encoding="UTF-8"?>
<!-- Generated by org.testng.reporters.JUnitReportReporter -->
<testsuite hostname="Nom-31" failures="0" tests="2" name="_1956Test.TC327_328_1956LeaveNegativBalance" time="100.116" errors="0" timestamp="2021-12-21T12:09:45 IST" skipped="0">
  <testcase classname="_1956Test.TC327_328_1956LeaveNegativBalance" name="GoToUrlAssertUrlClickAddLeavePositiveSelectselectEmployeePositiveSelectselectLeaveTypePositive1" time="54.489"/>
  <system-out/>
  <testcase classname="_1956Test.TC327_328_1956LeaveNegativBalance" name="GoToUrlAssertUrlClickAddLeavePositiveSelectselectEmployeePositiveSelectselectLeaveTypePositive2" time="45.627"/>
  <system-out/>
</testsuite> <!-- _1956Test.TC327_328_1956LeaveNegativBalance -->
