<?xml version="1.0" encoding="UTF-8"?>
<!-- Generated by org.testng.reporters.JUnitReportReporter -->
<testsuite hostname="Nom-31" failures="0" tests="1" name="tests.TC04ClosePayeWithoutRunPayrollSubscript" time="38.818" errors="0" timestamp="2021-11-11T04:10:42 IST" skipped="0">
  <testcase classname="tests.TC04ClosePayeWithoutRunPayrollSubscript" name="GoToUrlAssertUrlPositiveEnterEnterUsernamePositiveEnterEnterpasswordClickLoginButtonGoToUrlAs1" time="38.818"/>
  <system-out/>
</testsuite> <!-- tests.TC04ClosePayeWithoutRunPayrollSubscript -->
