<?xml version="1.0" encoding="UTF-8"?>
<!-- Generated by org.testng.reporters.JUnitReportReporter -->
<testsuite hostname="Nom-31" failures="0" tests="3" name="_1912.TC359_361_1912DirFirst2MonthSalaryandlast" time="118.740" errors="0" timestamp="2021-12-21T12:09:45 IST" skipped="0">
  <testcase classname="_1912.TC359_361_1912DirFirst2MonthSalaryandlast" name="GoToUrlAssertUrlClickRunPayroll1ClickRunPayroll2ClickgetSuccessMsgClickUndoLastPayrollClickcl" time="40.314"/>
  <system-out/>
  <testcase classname="_1912.TC359_361_1912DirFirst2MonthSalaryandlast" name="GoToUrlAssertUrlClickRunPayroll1ClickRunPayroll2ClickgetSuccessMsgClickUndoLastPayrollClickc2" time="39.959"/>
  <system-out/>
  <testcase classname="_1912.TC359_361_1912DirFirst2MonthSalaryandlast" name="GoToUrlAssertUrlClickRunPayroll1ClickRunPayroll2ClickgetSuccessMsgClickUndoLastPayrollClickc3" time="38.467"/>
  <system-out/>
</testsuite> <!-- _1912.TC359_361_1912DirFirst2MonthSalaryandlast -->
