<?xml version="1.0" encoding="UTF-8"?>
<!-- Generated by org.testng.reporters.JUnitReportReporter -->
<testsuite hostname="Nom-31" failures="0" tests="1" name="_1399subContr.Expenditure_DefaultProfile" time="37.219" errors="0" timestamp="2021-08-08T01:31:08 IST" skipped="0">
  <testcase classname="_1399subContr.Expenditure_DefaultProfile" name="GoToUrlAssertUrlPositiveEnterEnterUsernamePositiveEnterEnterpasswordClickLoginButtonGoToUrlAs1" time="37.219"/>
  <system-out/>
</testsuite> <!-- _1399subContr.Expenditure_DefaultProfile -->
