<?xml version="1.0" encoding="UTF-8"?>
<!-- Generated by org.testng.reporters.JUnitReportReporter -->
<testsuite hostname="Nom-31" failures="0" tests="1" name="verifyEmailsDataTest.TC242ErrorwhenUncheckCompanyemail" time="47.486" errors="0" timestamp="2021-11-11T04:10:42 IST" skipped="0">
  <testcase classname="verifyEmailsDataTest.TC242ErrorwhenUncheckCompanyemail" name="GoToUrlAssertUrlClickclickAllowancesSchemesClickmarkYesClickclickSaveClickgotoPayrollDashboard" time="47.486"/>
  <system-out/>
</testsuite> <!-- verifyEmailsDataTest.TC242ErrorwhenUncheckCompanyemail -->
