<?xml version="1.0" encoding="UTF-8"?>
<!-- Generated by org.testng.reporters.JUnitReportReporter -->
<testsuite hostname="Nom-31" failures="0" tests="1" name="verifyEmailsDataTest.TC249EmployeePayslipToRecipient" time="50.725" errors="0" timestamp="2021-06-30T09:51:03 IST" skipped="0">
  <testcase classname="verifyEmailsDataTest.TC249EmployeePayslipToRecipient" name="GoToUrlAssertUrlClickclickAllowancesSchemesClickmarkYesClickclickSaveClickgotoPayrollDashboard" time="50.725"/>
  <system-out/>
</testsuite> <!-- verifyEmailsDataTest.TC249EmployeePayslipToRecipient -->
