<?xml version="1.0" encoding="UTF-8"?>
<!-- Generated by org.testng.reporters.JUnitReportReporter -->
<testsuite hostname="Nom-31" failures="0" tests="1" name="PaymentManagement.TC04_PM_Fortnight2" time="54.680" errors="0" timestamp="2021-06-04T19:20:13 IST" skipped="0">
  <testcase classname="PaymentManagement.TC04_PM_Fortnight2" name="GoToUrlAssertUrlPositiveEnterEnterUsernamePositiveEnterEnterpasswordClickLoginButtonGoToUrlAs" time="54.680"/>
  <system-out/>
</testsuite> <!-- PaymentManagement.TC04_PM_Fortnight2 -->
