<?xml version="1.0" encoding="UTF-8"?>
<!-- Generated by org.testng.reporters.JUnitReportReporter -->
<testsuite hostname="Nom-31" failures="0" tests="3" name="_2129SummaryCustomized.TC588_590SendEmailofQtrPayroll" time="149.720" errors="0" timestamp="2021-11-11T04:10:41 IST" skipped="0">
  <testcase classname="_2129SummaryCustomized.TC588_590SendEmailofQtrPayroll" name="GoToUrlAssertUrlPositiveSelectPayrollDateClickEmailClickTickCompanyemailaddressClickTickEmploy1" time="46.949"/>
  <system-out/>
  <testcase classname="_2129SummaryCustomized.TC588_590SendEmailofQtrPayroll" name="GoToUrlAssertUrlPositiveSelectPayrollDateClickEmailClickTickCompanyemailaddressClickTickEmploy" time="57.998"/>
  <system-out/>
  <testcase classname="_2129SummaryCustomized.TC588_590SendEmailofQtrPayroll" name="GoToUrlAssertUrlPositiveSelectPayrollDateClickEmailClickTickCompanyemailaddressClickTickEmploy2" time="44.773"/>
  <system-out/>
</testsuite> <!-- _2129SummaryCustomized.TC588_590SendEmailofQtrPayroll -->
