<?xml version="1.0" encoding="UTF-8"?>
<!-- Generated by org.testng.reporters.JUnitReportReporter -->
<testsuite hostname="Nom-31" failures="0" tests="1" name="verifyEmailsDataTest.TC226verifyErrorMsgWhenNoCheck" time="57.604" errors="0" timestamp="2021-11-11T04:10:41 IST" skipped="0">
  <testcase classname="verifyEmailsDataTest.TC226verifyErrorMsgWhenNoCheck" name="GoToUrlAssertUrlClickclickAllowancesSchemesClickmarkYesClickclickSaveClickgotoPayrollDashboard" time="57.604"/>
  <system-out/>
</testsuite> <!-- verifyEmailsDataTest.TC226verifyErrorMsgWhenNoCheck -->
