<?xml version="1.0" encoding="UTF-8"?>
<!-- Generated by org.testng.reporters.JUnitReportReporter -->
<testsuite hostname="Nom-31" failures="0" tests="1" name="EPStest.EveryMonthEPS" time="34.186" errors="0" timestamp="2021-04-24T10:10:31 IST" skipped="0">
  <testcase classname="EPStest.EveryMonthEPS" name="GoToUrlAssertUrlPositiveEnterEnterUsernamePositiveEnterEnterpasswordClickLoginButtonGoToUrlAs1" time="34.186"/>
  <system-out/>
</testsuite> <!-- EPStest.EveryMonthEPS -->
