<?xml version="1.0" encoding="UTF-8"?>
<!-- Generated by org.testng.reporters.JUnitReportReporter -->
<testsuite hostname="Nom-31" failures="0" tests="3" name="_1956Test.TC324_326_1956LeaveManagement" time="168.867" errors="0" timestamp="2022-01-31T05:54:56 IST" skipped="0">
  <testcase classname="_1956Test.TC324_326_1956LeaveManagement" name="GoToUrlAssertUrlClickAddLeavePositiveSelectselectEmployeePositiveSelectselectLeaveTypePositive" time="62.224"/>
  <system-out/>
  <testcase classname="_1956Test.TC324_326_1956LeaveManagement" name="GoToUrlAssertUrlClickAddLeavePositiveSelectselectEmployeePositiveSelectselectLeaveTypePositive1" time="57.221"/>
  <system-out/>
  <testcase classname="_1956Test.TC324_326_1956LeaveManagement" name="GoToUrlAssertUrlClickAddLeavePositiveSelectselectEmployeePositiveSelectselectLeaveTypePositive2" time="49.422"/>
  <system-out/>
</testsuite> <!-- _1956Test.TC324_326_1956LeaveManagement -->
