<?xml version="1.0" encoding="UTF-8"?>
<!-- Generated by org.testng.reporters.JUnitReportReporter -->
<testsuite hostname="Nom-31" failures="0" tests="1" name="SMP_XML.TC547SMP_XML3" time="43.994" errors="0" timestamp="2022-01-31T05:54:56 IST" skipped="0">
  <testcase classname="SMP_XML.TC547SMP_XML3" name="GoToUrlAssertUrlClickgotoReportsClickclickP11ClickgetLELAmountClickgetPTAmountClickgetUELAmou" time="43.994"/>
  <system-out/>
</testsuite> <!-- SMP_XML.TC547SMP_XML3 -->
