<?xml version="1.0" encoding="UTF-8"?>
<!-- Generated by org.testng.reporters.JUnitReportReporter -->
<testsuite hostname="Nom-31" failures="0" tests="3" name="_2129SummaryCustomized.TC598_600SendEmailofQtrPayrollWeeklyFrq" time="136.435" errors="0" timestamp="2021-12-21T12:09:45 IST" skipped="0">
  <testcase classname="_2129SummaryCustomized.TC598_600SendEmailofQtrPayrollWeeklyFrq" name="GoToUrlAssertUrlPositiveSelectPayrollDateClickEmailClickTickCompanyemailaddressClickTickEmploy" time="46.173"/>
  <system-out/>
  <testcase classname="_2129SummaryCustomized.TC598_600SendEmailofQtrPayrollWeeklyFrq" name="GoToUrlAssertUrlPositiveSelectPayrollDateClickEmailClickTickCompanyemailaddressClickTickEmploy2" time="43.909"/>
  <system-out/>
  <testcase classname="_2129SummaryCustomized.TC598_600SendEmailofQtrPayrollWeeklyFrq" name="GoToUrlAssertUrlPositiveSelectPayrollDateClickEmailClickTickCompanyemailaddressClickTickEmploy1" time="46.353"/>
  <system-out/>
</testsuite> <!-- _2129SummaryCustomized.TC598_600SendEmailofQtrPayrollWeeklyFrq -->
