<?xml version="1.0" encoding="UTF-8"?>
<!-- Generated by org.testng.reporters.JUnitReportReporter -->
<testsuite hostname="Nom-31" failures="0" tests="2" name="tests.TC02CompanyInactiveSubscript_DefaultProfile" time="117.941" errors="0" timestamp="2022-03-14T15:26:38 IST" skipped="0">
  <testcase classname="tests.TC02CompanyInactiveSubscript_DefaultProfile" name="GoToUrlAssertUrlPositiveEnterEnterUsernamePositiveEnterEnterpasswordClickLoginButtonGoToUrlAs1" time="60.134"/>
  <system-out/>
  <testcase classname="tests.TC02CompanyInactiveSubscript_DefaultProfile" name="GoToUrlAssertUrlPositiveEnterEnterUsernamePositiveEnterEnterpasswordClickLoginButtonGoToUrlAs1" time="57.807"/>
  <system-out/>
</testsuite> <!-- tests.TC02CompanyInactiveSubscript_DefaultProfile -->
