<?xml version="1.0" encoding="UTF-8"?>
<!-- Generated by org.testng.reporters.JUnitReportReporter -->
<testsuite hostname="Nom-31" failures="0" tests="1" name="_1744CISDSBTest.TC492UpcomingReturnViewWithPeriodSelectOption" time="33.815" errors="0" timestamp="2021-12-06T22:39:04 IST" skipped="0">
  <testcase classname="_1744CISDSBTest.TC492UpcomingReturnViewWithPeriodSelectOption" name="GoToUrlAssertUrlPositiveEnterEnterUsernamePositiveEnterEnterpasswordClickLoginButtonGoToUrlAs" time="33.815"/>
  <system-out/>
</testsuite> <!-- _1744CISDSBTest.TC492UpcomingReturnViewWithPeriodSelectOption -->
