<?xml version="1.0" encoding="UTF-8"?>
<!-- Generated by org.testng.reporters.JUnitReportReporter -->
<testsuite hostname="Nom-31" failures="0" tests="1" name="EPStest.subscriptEPSwhenCISSuffered" time="82.911" errors="0" timestamp="2021-06-03T17:15:07 IST" skipped="0">
  <testcase classname="EPStest.subscriptEPSwhenCISSuffered" name="GoToUrlAssertUrlPositiveEnterEnterUsernamePositiveEnterEnterpasswordClickLoginButtonGoToUrlAs1" time="82.911"/>
  <system-out/>
</testsuite> <!-- EPStest.subscriptEPSwhenCISSuffered -->
