<?xml version="1.0" encoding="UTF-8"?>
<!-- Generated by org.testng.reporters.JUnitReportReporter -->
<testsuite hostname="Nom-31" failures="0" tests="1" name="_1744CISDSBTest.TC506NewCntrorisActive" time="28.644" errors="0" timestamp="2021-11-11T04:10:41 IST" skipped="0">
  <testcase classname="_1744CISDSBTest.TC506NewCntrorisActive" name="GoToUrlAssertUrlPositiveEnterEnterUsernamePositiveEnterEnterpasswordClickLoginButtonGoToUrlAs" time="28.644"/>
  <system-out/>
</testsuite> <!-- _1744CISDSBTest.TC506NewCntrorisActive -->
