<?xml version="1.0" encoding="UTF-8"?>
<!-- Generated by org.testng.reporters.JUnitReportReporter -->
<testsuite hostname="Nom-31" failures="0" tests="1" name="verifySummaryReportsData.TC280chkPaymntspfsummarywhenQtr_AllowanceinStart" time="74.822" errors="0" timestamp="2021-11-11T04:10:41 IST" skipped="0">
  <testcase classname="verifySummaryReportsData.TC280chkPaymntspfsummarywhenQtr_AllowanceinStart" name="GoToUrlAssertUrlClickclickAllowancesSchemesClickmarkYesClickclickSaveClickgotoPayrollDashboard" time="74.822"/>
  <system-out/>
</testsuite> <!-- verifySummaryReportsData.TC280chkPaymntspfsummarywhenQtr_AllowanceinStart -->
