<?xml version="1.0" encoding="UTF-8"?>
<!-- Generated by org.testng.reporters.JUnitReportReporter -->
<testsuite hostname="Nom-31" failures="0" tests="2" name="tests.TC05LeaverSubscript_DefaultProfileWrongDate" time="68.936" errors="0" timestamp="2022-03-14T15:26:38 IST" skipped="0">
  <testcase classname="tests.TC05LeaverSubscript_DefaultProfileWrongDate" name="GoToUrlAssertUrlPositiveEnterEnterUsernamePositiveEnterEnterpasswordClickLoginButtonGoToUrlAs1" time="33.471"/>
  <system-out/>
  <testcase classname="tests.TC05LeaverSubscript_DefaultProfileWrongDate" name="GoToUrlAssertUrlPositiveEnterEnterUsernamePositiveEnterEnterpasswordClickLoginButtonGoToUrlAs1" time="35.465"/>
  <system-out/>
</testsuite> <!-- tests.TC05LeaverSubscript_DefaultProfileWrongDate -->
