<?xml version="1.0" encoding="UTF-8"?>
<!-- Generated by org.testng.reporters.JUnitReportReporter -->
<testsuite hostname="Nom-31" failures="0" tests="1" name="_2068.TC533PayrollwhenPaymentmngmnt" time="48.761" errors="0" timestamp="2021-11-11T04:10:41 IST" skipped="0">
  <testcase classname="_2068.TC533PayrollwhenPaymentmngmnt" name="GoToUrlAssertUrlPositiveEnterEnterUsernamePositiveEnterEnterpasswordClickLoginButtonGoToUrlAs" time="48.761"/>
  <system-out/>
</testsuite> <!-- _2068.TC533PayrollwhenPaymentmngmnt -->
