<?xml version="1.0" encoding="UTF-8"?>
<!-- Generated by org.testng.reporters.JUnitReportReporter -->
<testsuite hostname="Nom-31" failures="0" tests="4" name="PayrollDashboardUItest.TC330_341EditCopannypage" time="106.443" errors="0" timestamp="2021-08-02T13:39:56 IST" skipped="3">
  <testcase classname="PayrollDashboardUItest.TC330_341EditCopannypage" name="GoToUrlAssertUrlClickRunPayroll1ClickRunPayroll2ClickgetSuccessMsgClickUndoLastPayrollClickc2" time="106.443"/>
  <system-out/>
  <testcase classname="PayrollDashboardUItest.TC330_341EditCopannypage" name="GoToUrlAssertUrlClickRunPayroll1ClickRunPayroll2ClickgetSuccessMsgClickUndoLastPayrollClickc3">
    <skipped/>
  </testcase> <!-- GoToUrlAssertUrlClickRunPayroll1ClickRunPayroll2ClickgetSuccessMsgClickUndoLastPayrollClickc3 -->
  <system-out/>
  <testcase classname="PayrollDashboardUItest.TC330_341EditCopannypage" name="GoToUrlAssertUrlClickRunPayroll1ClickRunPayroll2ClickgetSuccessMsgClickUndoLastPayrollClickc">
    <skipped/>
  </testcase> <!-- GoToUrlAssertUrlClickRunPayroll1ClickRunPayroll2ClickgetSuccessMsgClickUndoLastPayrollClickc -->
  <system-out/>
  <testcase classname="PayrollDashboardUItest.TC330_341EditCopannypage" name="GoToUrlAssertUrlClickRunPayroll1ClickRunPayroll2ClickgetSuccessMsgClickUndoLastPayrollClickcl">
    <skipped/>
  </testcase> <!-- GoToUrlAssertUrlClickRunPayroll1ClickRunPayroll2ClickgetSuccessMsgClickUndoLastPayrollClickcl -->
  <system-out/>
</testsuite> <!-- PayrollDashboardUItest.TC330_341EditCopannypage -->
