<?xml version="1.0" encoding="UTF-8"?>
<!-- Generated by org.testng.reporters.JUnitReportReporter -->
<testsuite hostname="Nom-31" failures="0" tests="6" name="_1743PayrollDSB.TC738_743CheckPayroll_AwaitingApprovalClient" time="198.526" errors="0" timestamp="2022-03-14T15:26:38 IST" skipped="0">
  <testcase classname="_1743PayrollDSB.TC738_743CheckPayroll_AwaitingApprovalClient" name="AwaitingApproval_Overdue" time="32.964"/>
  <system-out/>
  <testcase classname="_1743PayrollDSB.TC738_743CheckPayroll_AwaitingApprovalClient" name="AwaitingApproval_1week" time="32.641"/>
  <system-out/>
  <testcase classname="_1743PayrollDSB.TC738_743CheckPayroll_AwaitingApprovalClient" name="AwaitingApproval_1Month" time="33.578"/>
  <system-out/>
  <testcase classname="_1743PayrollDSB.TC738_743CheckPayroll_AwaitingApprovalClient" name="AwaitingApproval_2Month" time="33.095"/>
  <system-out/>
  <testcase classname="_1743PayrollDSB.TC738_743CheckPayroll_AwaitingApprovalClient" name="AwaitingApproval_3_6Month" time="33.621"/>
  <system-out/>
  <testcase classname="_1743PayrollDSB.TC738_743CheckPayroll_AwaitingApprovalClient" name="AwaitingApproval_6plusMonth" time="32.627"/>
  <system-out/>
</testsuite> <!-- _1743PayrollDSB.TC738_743CheckPayroll_AwaitingApprovalClient -->
