<?xml version="1.0" encoding="UTF-8"?>
<!-- Generated by org.testng.reporters.JUnitReportReporter -->
<testsuite hostname="Nom-31" failures="0" tests="1" name="_1768Test.TC293_1768check" time="128.938" errors="0" timestamp="2021-07-23T22:09:27 IST" skipped="0">
  <testcase classname="_1768Test.TC293_1768check" name="GoToUrlAssertUrlClickclickAllowancesSchemesClickmarkYesClickclickSaveClickgotoPayrollDashboard" time="128.938"/>
  <system-out/>
</testsuite> <!-- _1768Test.TC293_1768check -->
