<?xml version="1.0" encoding="UTF-8"?>
<!-- Generated by org.testng.reporters.JUnitReportReporter -->
<testsuite hostname="Nom-31" failures="0" tests="1" name="PaymentManagement.TC74subscriptPaymentmmgtwhenfreqMultiple" time="46.942" errors="0" timestamp="2021-12-06T22:39:04 IST" skipped="0">
  <testcase classname="PaymentManagement.TC74subscriptPaymentmmgtwhenfreqMultiple" name="GoToUrlAssertUrlPositiveEnterEnterUsernamePositiveEnterEnterpasswordClickLoginButtonGoToUrlAs" time="46.942"/>
  <system-out/>
</testsuite> <!-- PaymentManagement.TC74subscriptPaymentmmgtwhenfreqMultiple -->
