<?xml version="1.0" encoding="UTF-8"?>
<!-- Generated by org.testng.reporters.JUnitReportReporter -->
<testsuite hostname="Nom-31" failures="0" tests="4" name="_1706Test.TC449_452P11DeductionReport" time="192.930" errors="0" timestamp="2021-12-21T12:09:45 IST" skipped="0">
  <testcase classname="_1706Test.TC449_452P11DeductionReport" name="GoToUrlAssertUrlClickRunPayroll1ClickRunPayroll2ClickgetSuccessMsgClickUndoLastPayrollClickcl" time="51.459"/>
  <system-out/>
  <testcase classname="_1706Test.TC449_452P11DeductionReport" name="GoToUrlAssertUrlClickRunPayroll1ClickRunPayroll2ClickgetSuccessMsgClickUndoLastPayrollClickc4" time="50.222"/>
  <system-out/>
  <testcase classname="_1706Test.TC449_452P11DeductionReport" name="GoToUrlAssertUrlClickRunPayroll1ClickRunPayroll2ClickgetSuccessMsgClickUndoLastPayrollClickc2" time="51.404"/>
  <system-out/>
  <testcase classname="_1706Test.TC449_452P11DeductionReport" name="GoToUrlAssertUrlClickRunPayroll1ClickRunPayroll2ClickgetSuccessMsgClickUndoLastPayrollClickcl1" time="39.845"/>
  <system-out/>
</testsuite> <!-- _1706Test.TC449_452P11DeductionReport -->
