<?xml version="1.0" encoding="UTF-8"?>
<!-- Generated by org.testng.reporters.JUnitReportReporter -->
<testsuite hostname="Nom-31" failures="0" tests="1" name="PaymentManagement.T114TC03_PM_weekly2" time="60.062" errors="0" timestamp="2021-11-11T04:10:42 IST" skipped="0">
  <testcase classname="PaymentManagement.T114TC03_PM_weekly2" name="GoToUrlAssertUrlPositiveEnterEnterUsernamePositiveEnterEnterpasswordClickLoginButtonGoToUrlAs" time="60.062"/>
  <system-out/>
</testsuite> <!-- PaymentManagement.T114TC03_PM_weekly2 -->
