<?xml version="1.0" encoding="UTF-8"?>
<!-- Generated by org.testng.reporters.JUnitReportReporter -->
<testsuite hostname="Nom-31" failures="0" tests="2" name="_1743PayrollDSB.TC709_710CheckTaxablePayForTwoMonths10" time="51.894" errors="0" timestamp="2022-03-14T15:26:37 IST" skipped="0">
  <testcase classname="_1743PayrollDSB.TC709_710CheckTaxablePayForTwoMonths10" name="GoToUrlAssertUrlPositiveEnterEnterUsernamePositiveEnterEnterpasswordClickLoginButtonGoToUrlAs" time="25.986"/>
  <system-out/>
  <testcase classname="_1743PayrollDSB.TC709_710CheckTaxablePayForTwoMonths10" name="GoToUrlAssertUrlPositiveEnterEnterUsernamePositiveEnterEnterpasswordClickLoginButtonGoToUrlAs1" time="25.908"/>
  <system-out/>
</testsuite> <!-- _1743PayrollDSB.TC709_710CheckTaxablePayForTwoMonths10 -->
