<?xml version="1.0" encoding="UTF-8"?>
<!-- Generated by org.testng.reporters.JUnitReportReporter -->
<testsuite hostname="Nom-31" failures="0" tests="7" name="AOE.TC887_893AOE_ChildSupportPopup4" time="366.088" errors="0" timestamp="2022-03-14T15:26:38 IST" skipped="0">
  <testcase classname="AOE.TC887_893AOE_ChildSupportPopup4" name="GoToUrlAssertUrlPositiveEnterEnterUsernamePositiveEnterEnterpasswordClickLoginButtonGoToUrlAs1" time="44.632"/>
  <system-out/>
  <testcase classname="AOE.TC887_893AOE_ChildSupportPopup4" name="GoToUrlAssertUrlPositiveEnterEnterUsernamePositiveEnterEnterpasswordClickLoginButtonGoToUrlAs2" time="46.156"/>
  <system-out/>
  <testcase classname="AOE.TC887_893AOE_ChildSupportPopup4" name="GoToUrlAssertUrlPositiveEnterEnterUsernamePositiveEnterEnterpasswordClickLoginButtonGoToUrlAs3" time="53.303"/>
  <system-out/>
  <testcase classname="AOE.TC887_893AOE_ChildSupportPopup4" name="GoToUrlAssertUrlPositiveEnterEnterUsernamePositiveEnterEnterpasswordClickLoginButtonGoToUrlAs4" time="57.258"/>
  <system-out/>
  <testcase classname="AOE.TC887_893AOE_ChildSupportPopup4" name="GoToUrlAssertUrlPositiveEnterEnterUsernamePositiveEnterEnterpasswordClickLoginButtonGoToUrlAs5" time="54.586"/>
  <system-out/>
  <testcase classname="AOE.TC887_893AOE_ChildSupportPopup4" name="GoToUrlAssertUrlPositiveEnterEnterUsernamePositiveEnterEnterpasswordClickLoginButtonGoToUrlAs6" time="56.339"/>
  <system-out/>
  <testcase classname="AOE.TC887_893AOE_ChildSupportPopup4" name="GoToUrlAssertUrlPositiveEnterEnterUsernamePositiveEnterEnterpasswordClickLoginButtonGoToUrlAs7" time="53.814"/>
  <system-out/>
</testsuite> <!-- AOE.TC887_893AOE_ChildSupportPopup4 -->
