<?xml version="1.0" encoding="UTF-8"?>
<!-- Generated by org.testng.reporters.JUnitReportReporter -->
<testsuite hostname="Nom-31" failures="0" tests="1" name="verifySummaryReportsData.TC260summarywhenMonthly_Allowance" time="57.019" errors="0" timestamp="2022-01-31T05:54:57 IST" skipped="0">
  <testcase classname="verifySummaryReportsData.TC260summarywhenMonthly_Allowance" name="GoToUrlAssertUrlClickclickAllowancesSchemesClickmarkYesClickclickSaveClickgotoPayrollDashboard" time="57.019"/>
  <system-out/>
</testsuite> <!-- verifySummaryReportsData.TC260summarywhenMonthly_Allowance -->
