<?xml version="1.0" encoding="UTF-8"?>
<!-- Generated by org.testng.reporters.JUnitReportReporter -->
<testsuite hostname="Nom-31" failures="0" tests="13" name="PayrollDashboardUItest.TC297_325PayrollDshboardChk" time="519.493" errors="0" timestamp="2021-07-16T13:35:49 IST" skipped="0">
  <testcase classname="PayrollDashboardUItest.TC297_325PayrollDshboardChk" name="GoToUrlAssertUrlClickclickAllowancesSchemesClickmarkYesClickclickSaveClickgotoPayrollDashboard" time="48.303"/>
  <system-out/>
  <testcase classname="PayrollDashboardUItest.TC297_325PayrollDshboardChk" name="GoToUrlAssertUrlClickclickAllowancesSchemesClickmarkYesClickclickSaveClickgotoPayrollDashboard1" time="40.733"/>
  <system-out/>
  <testcase classname="PayrollDashboardUItest.TC297_325PayrollDshboardChk" name="GoToUrlAssertUrlClickclickAllowancesSchemesClickmarkYesClickclickSaveClickgotoPayrollDashboard2" time="37.940"/>
  <system-out/>
  <testcase classname="PayrollDashboardUItest.TC297_325PayrollDshboardChk" name="GoToUrlAssertUrlClickclickAllowancesSchemesClickmarkYesClickclickSaveClickgotoPayrollDashboard3" time="37.855"/>
  <system-out/>
  <testcase classname="PayrollDashboardUItest.TC297_325PayrollDshboardChk" name="GoToUrlAssertUrlClickclickAllowancesSchemesClickmarkYesClickclickSaveClickgotoPayrollDashboard4" time="39.151"/>
  <system-out/>
  <testcase classname="PayrollDashboardUItest.TC297_325PayrollDshboardChk" name="GoToUrlAssertUrlClickclickAllowancesSchemesClickmarkYesClickclickSaveClickgotoPayrollDashboard5" time="37.076"/>
  <system-out/>
  <testcase classname="PayrollDashboardUItest.TC297_325PayrollDshboardChk" name="GoToUrlAssertUrlClickclickAllowancesSchemesClickmarkYesClickclickSaveClickgotoPayrollDashboard6" time="39.819"/>
  <system-out/>
  <testcase classname="PayrollDashboardUItest.TC297_325PayrollDshboardChk" name="GoToUrlAssertUrlClickclickAllowancesSchemesClickmarkYesClickclickSaveClickgotoPayrollDashboard7" time="36.384"/>
  <system-out/>
  <testcase classname="PayrollDashboardUItest.TC297_325PayrollDshboardChk" name="GoToUrlAssertUrlClickclickAllowancesSchemesClickmarkYesClickclickSaveClickgotoPayrollDashboard8" time="38.988"/>
  <system-out/>
  <testcase classname="PayrollDashboardUItest.TC297_325PayrollDshboardChk" name="GoToUrlAssertUrlClickclickAllowancesSchemesClickmarkYesClickclickSaveClickgotoPayrollDashboard9" time="36.390"/>
  <system-out/>
  <testcase classname="PayrollDashboardUItest.TC297_325PayrollDshboardChk" name="GoToUrlAssertUrlClickclickAllowancesSchemesClickmarkYesClickclickSaveClickgotoPayrollDashboard10" time="37.870"/>
  <system-out/>
  <testcase classname="PayrollDashboardUItest.TC297_325PayrollDshboardChk" name="GoToUrlAssertUrlClickclickAllowancesSchemesClickmarkYesClickclickSaveClickgotoPayrollDashboard11" time="35.460"/>
  <system-out/>
  <testcase classname="PayrollDashboardUItest.TC297_325PayrollDshboardChk" name="GoToUrlAssertUrlClickclickAllowancesSchemesClickmarkYesClickclickSaveClickgotoPayrollDashboard12" time="53.524"/>
  <system-out/>
</testsuite> <!-- PayrollDashboardUItest.TC297_325PayrollDshboardChk -->
