<?xml version="1.0" encoding="UTF-8"?>
<!-- Generated by org.testng.reporters.JUnitReportReporter -->
<testsuite hostname="Nom-31" failures="0" tests="1" name="tests.CompanyInactiveSubscript_DefaultProfile" time="62.537" errors="0" timestamp="2021-05-06T14:26:41 IST" skipped="0">
  <testcase classname="tests.CompanyInactiveSubscript_DefaultProfile" name="GoToUrlAssertUrlPositiveEnterEnterUsernamePositiveEnterEnterpasswordClickLoginButtonGoToUrlAs1" time="62.537"/>
  <system-out/>
</testsuite> <!-- tests.CompanyInactiveSubscript_DefaultProfile -->
