<?xml version="1.0" encoding="UTF-8"?>
<!-- Generated by org.testng.reporters.JUnitReportReporter -->
<testsuite hostname="Nom-31" failures="0" tests="7" name="AOE.TC859_865AOE_ChildSupportPopup" time="365.752" errors="0" timestamp="2022-03-14T15:26:38 IST" skipped="0">
  <testcase classname="AOE.TC859_865AOE_ChildSupportPopup" name="GoToUrlAssertUrlPositiveEnterEnterUsernamePositiveEnterEnterpasswordClickLoginButtonGoToUrlAs1" time="43.857"/>
  <system-out/>
  <testcase classname="AOE.TC859_865AOE_ChildSupportPopup" name="GoToUrlAssertUrlPositiveEnterEnterUsernamePositiveEnterEnterpasswordClickLoginButtonGoToUrlAs2" time="47.227"/>
  <system-out/>
  <testcase classname="AOE.TC859_865AOE_ChildSupportPopup" name="GoToUrlAssertUrlPositiveEnterEnterUsernamePositiveEnterEnterpasswordClickLoginButtonGoToUrlAs3" time="53.053"/>
  <system-out/>
  <testcase classname="AOE.TC859_865AOE_ChildSupportPopup" name="GoToUrlAssertUrlPositiveEnterEnterUsernamePositiveEnterEnterpasswordClickLoginButtonGoToUrlAs4" time="54.500"/>
  <system-out/>
  <testcase classname="AOE.TC859_865AOE_ChildSupportPopup" name="GoToUrlAssertUrlPositiveEnterEnterUsernamePositiveEnterEnterpasswordClickLoginButtonGoToUrlAs5" time="54.727"/>
  <system-out/>
  <testcase classname="AOE.TC859_865AOE_ChildSupportPopup" name="GoToUrlAssertUrlPositiveEnterEnterUsernamePositiveEnterEnterpasswordClickLoginButtonGoToUrlAs6" time="59.031"/>
  <system-out/>
  <testcase classname="AOE.TC859_865AOE_ChildSupportPopup" name="GoToUrlAssertUrlPositiveEnterEnterUsernamePositiveEnterEnterpasswordClickLoginButtonGoToUrlAs7" time="53.357"/>
  <system-out/>
</testsuite> <!-- AOE.TC859_865AOE_ChildSupportPopup -->
