<?xml version="1.0" encoding="UTF-8"?>
<!-- Generated by org.testng.reporters.JUnitReportReporter -->
<testsuite hostname="Nom-31" failures="0" tests="1" name="tests1.subscriptNoAllowenceScheme_DefaultProfile" time="65.004" errors="0" timestamp="2021-04-14T16:25:25 IST" skipped="0">
  <testcase classname="tests1.subscriptNoAllowenceScheme_DefaultProfile" name="GoToUrlAssertUrlPositiveEnterEnterUsernamePositiveEnterEnterpasswordClickLoginButtonGoToUrlAs" time="65.004"/>
  <system-out/>
</testsuite> <!-- tests1.subscriptNoAllowenceScheme_DefaultProfile -->
