<?xml version="1.0" encoding="UTF-8"?>
<!-- Generated by org.testng.reporters.JUnitReportReporter -->
<testsuite hostname="Nom-31" failures="0" tests="3" name="_1748RunPayrollfromAgent.TC809RunPayrollTable" time="23.319" errors="0" timestamp="2021-12-21T18:32:52 IST" skipped="2">
  <testcase classname="_1748RunPayrollfromAgent.TC809RunPayrollTable" name="runPayrollPageShowSelectedAccoutMngrClient" time="23.319"/>
  <system-out/>
  <testcase classname="_1748RunPayrollfromAgent.TC809RunPayrollTable" name="runPayrollPageAccMngrinAlphabetic">
    <skipped/>
  </testcase> <!-- runPayrollPageAccMngrinAlphabetic -->
  <system-out/>
  <testcase classname="_1748RunPayrollfromAgent.TC809RunPayrollTable" name="runPayrollPageTable">
    <skipped/>
  </testcase> <!-- runPayrollPageTable -->
  <system-out/>
</testsuite> <!-- _1748RunPayrollfromAgent.TC809RunPayrollTable -->
