<?xml version="1.0" encoding="UTF-8"?>
<!-- Generated by org.testng.reporters.JUnitReportReporter -->
<testsuite hostname="Nom-31" failures="0" tests="1" name="tests.TC18subScriptPayFrequency_DefaultProfile" time="50.563" errors="0" timestamp="2021-12-21T12:09:45 IST" skipped="0">
  <testcase classname="tests.TC18subScriptPayFrequency_DefaultProfile" name="GoToUrlAssertUrlPositiveEnterEnterUsernamePositiveEnterEnterpasswordClickLoginButtonGoToUrlAs1" time="50.563"/>
  <system-out/>
</testsuite> <!-- tests.TC18subScriptPayFrequency_DefaultProfile -->
