<?xml version="1.0" encoding="UTF-8"?>
<!-- Generated by org.testng.reporters.JUnitReportReporter -->
<testsuite hostname="Nom-31" failures="0" tests="3" name="_1748RunPayrollfromAgent.TC809_811RunPayrollTable" time="69.583" errors="0" timestamp="2021-12-24T14:37:57 IST" skipped="0">
  <testcase classname="_1748RunPayrollfromAgent.TC809_811RunPayrollTable" name="runPayrollPageTable" time="22.937"/>
  <system-out/>
  <testcase classname="_1748RunPayrollfromAgent.TC809_811RunPayrollTable" name="runPayrollPageAccMngrinAlphabetic" time="21.995"/>
  <system-out/>
  <testcase classname="_1748RunPayrollfromAgent.TC809_811RunPayrollTable" name="runPayrollPageShowSelectedAccoutMngrClient" time="24.651"/>
  <system-out/>
</testsuite> <!-- _1748RunPayrollfromAgent.TC809_811RunPayrollTable -->
