<?xml version="1.0" encoding="UTF-8"?>
<!-- Generated by org.testng.reporters.JUnitReportReporter -->
<testsuite hostname="Nom-31" failures="0" tests="7" name="AOE.TC866_872AOE_ChildSupportPopup5" time="432.418" errors="0" timestamp="2022-01-31T05:54:56 IST" skipped="0">
  <testcase classname="AOE.TC866_872AOE_ChildSupportPopup5" name="GoToUrlAssertUrlPositiveEnterEnterUsernamePositiveEnterEnterpasswordClickLoginButtonGoToUrlAs1" time="54.354"/>
  <system-out/>
  <testcase classname="AOE.TC866_872AOE_ChildSupportPopup5" name="GoToUrlAssertUrlPositiveEnterEnterUsernamePositiveEnterEnterpasswordClickLoginButtonGoToUrlAs2" time="57.574"/>
  <system-out/>
  <testcase classname="AOE.TC866_872AOE_ChildSupportPopup5" name="GoToUrlAssertUrlPositiveEnterEnterUsernamePositiveEnterEnterpasswordClickLoginButtonGoToUrlAs3" time="64.553"/>
  <system-out/>
  <testcase classname="AOE.TC866_872AOE_ChildSupportPopup5" name="GoToUrlAssertUrlPositiveEnterEnterUsernamePositiveEnterEnterpasswordClickLoginButtonGoToUrlAs4" time="65.319"/>
  <system-out/>
  <testcase classname="AOE.TC866_872AOE_ChildSupportPopup5" name="GoToUrlAssertUrlPositiveEnterEnterUsernamePositiveEnterEnterpasswordClickLoginButtonGoToUrlAs5" time="62.450"/>
  <system-out/>
  <testcase classname="AOE.TC866_872AOE_ChildSupportPopup5" name="GoToUrlAssertUrlPositiveEnterEnterUsernamePositiveEnterEnterpasswordClickLoginButtonGoToUrlAs6" time="65.151"/>
  <system-out/>
  <testcase classname="AOE.TC866_872AOE_ChildSupportPopup5" name="GoToUrlAssertUrlPositiveEnterEnterUsernamePositiveEnterEnterpasswordClickLoginButtonGoToUrlAs7" time="63.017"/>
  <system-out/>
</testsuite> <!-- AOE.TC866_872AOE_ChildSupportPopup5 -->
