<?xml version="1.0" encoding="UTF-8"?>
<!-- Generated by org.testng.reporters.JUnitReportReporter -->
<testsuite hostname="Nom-31" failures="0" tests="2" name="_1743B.TC18" time="102.792" errors="0" timestamp="2022-01-31T05:54:56 IST" skipped="0">
  <testcase classname="_1743B.TC18" name="GoToUrlAssertUrlPositiveEnterEnterUsernamePositiveEnterEnterpasswordClickLoginButtonGoToUrlAs" time="57.828"/>
  <system-out/>
  <testcase classname="_1743B.TC18" name="GoToUrlAssertUrlPositiveEnterEnterUsernamePositiveEnterEnterpasswordClickLoginButtonGoToUrlAs1" time="44.964"/>
  <system-out/>
</testsuite> <!-- _1743B.TC18 -->
