<?xml version="1.0" encoding="UTF-8"?>
<!-- Generated by org.testng.reporters.JUnitReportReporter -->
<testsuite hostname="Nom-31" failures="0" tests="1" name="_1744CISDSBTest.TC527EmailfromAgentsetNomisma" time="19.033" errors="0" timestamp="2021-09-21T18:30:39 IST" skipped="0">
  <testcase classname="_1744CISDSBTest.TC527EmailfromAgentsetNomisma" name="GoToUrlAssertUrlPositiveEnterEnterUsernamePositiveEnterEnterpasswordClickLoginButtonGoToUrlAs" time="19.033"/>
  <system-out/>
</testsuite> <!-- _1744CISDSBTest.TC527EmailfromAgentsetNomisma -->
