<?xml version="1.0" encoding="UTF-8"?>
<!-- Generated by org.testng.reporters.JUnitReportReporter -->
<testsuite hostname="Nom-31" failures="0" tests="7" name="AOE.TC880_886AOE_ChildSupportPopupA1" time="400.478" errors="0" timestamp="2022-01-31T05:54:56 IST" skipped="0">
  <testcase classname="AOE.TC880_886AOE_ChildSupportPopupA1" name="GoToUrlAssertUrlPositiveEnterEnterUsernamePositiveEnterEnterpasswordClickLoginButtonGoToUrlAs1" time="50.567"/>
  <system-out/>
  <testcase classname="AOE.TC880_886AOE_ChildSupportPopupA1" name="GoToUrlAssertUrlPositiveEnterEnterUsernamePositiveEnterEnterpasswordClickLoginButtonGoToUrlAs2" time="50.757"/>
  <system-out/>
  <testcase classname="AOE.TC880_886AOE_ChildSupportPopupA1" name="GoToUrlAssertUrlPositiveEnterEnterUsernamePositiveEnterEnterpasswordClickLoginButtonGoToUrlAs3" time="57.771"/>
  <system-out/>
  <testcase classname="AOE.TC880_886AOE_ChildSupportPopupA1" name="GoToUrlAssertUrlPositiveEnterEnterUsernamePositiveEnterEnterpasswordClickLoginButtonGoToUrlAs4" time="59.948"/>
  <system-out/>
  <testcase classname="AOE.TC880_886AOE_ChildSupportPopupA1" name="GoToUrlAssertUrlPositiveEnterEnterUsernamePositiveEnterEnterpasswordClickLoginButtonGoToUrlAs5" time="58.058"/>
  <system-out/>
  <testcase classname="AOE.TC880_886AOE_ChildSupportPopupA1" name="GoToUrlAssertUrlPositiveEnterEnterUsernamePositiveEnterEnterpasswordClickLoginButtonGoToUrlAs6" time="63.965"/>
  <system-out/>
  <testcase classname="AOE.TC880_886AOE_ChildSupportPopupA1" name="GoToUrlAssertUrlPositiveEnterEnterUsernamePositiveEnterEnterpasswordClickLoginButtonGoToUrlAs7" time="59.412"/>
  <system-out/>
</testsuite> <!-- AOE.TC880_886AOE_ChildSupportPopupA1 -->
