<?xml version="1.0" encoding="UTF-8"?>
<!-- Generated by org.testng.reporters.JUnitReportReporter -->
<testsuite hostname="Nom-31" failures="0" tests="3" name="_1912.TC359_361_1912DirFirst2MonthSalaryandlast" time="126.334" errors="0" timestamp="2022-03-14T15:26:38 IST" skipped="0">
  <testcase classname="_1912.TC359_361_1912DirFirst2MonthSalaryandlast" name="GoToUrlAssertUrlClickRunPayroll1ClickRunPayroll2ClickgetSuccessMsgClickUndoLastPayrollClickcl" time="43.268"/>
  <system-out/>
  <testcase classname="_1912.TC359_361_1912DirFirst2MonthSalaryandlast" name="GoToUrlAssertUrlClickRunPayroll1ClickRunPayroll2ClickgetSuccessMsgClickUndoLastPayrollClickc2" time="40.632"/>
  <system-out/>
  <testcase classname="_1912.TC359_361_1912DirFirst2MonthSalaryandlast" name="GoToUrlAssertUrlClickRunPayroll1ClickRunPayroll2ClickgetSuccessMsgClickUndoLastPayrollClickc3" time="42.434"/>
  <system-out/>
</testsuite> <!-- _1912.TC359_361_1912DirFirst2MonthSalaryandlast -->
