<?xml version="1.0" encoding="UTF-8"?>
<!-- Generated by org.testng.reporters.JUnitReportReporter -->
<testsuite hostname="Nom-31" failures="0" tests="1" name="EPStest.TC59subscriptEPSwhenNoEmp" time="34.599" errors="0" timestamp="2021-12-06T22:39:04 IST" skipped="0">
  <testcase classname="EPStest.TC59subscriptEPSwhenNoEmp" name="GoToUrlAssertUrlPositiveEnterEnterUsernamePositiveEnterEnterpasswordClickLoginButtonGoToUrlAs1" time="34.599"/>
  <system-out/>
</testsuite> <!-- EPStest.TC59subscriptEPSwhenNoEmp -->
