<?xml version="1.0" encoding="UTF-8"?>
<!-- Generated by org.testng.reporters.JUnitReportReporter -->
<testsuite hostname="Nom-31" failures="0" tests="1" name="SmallerEmployertest.T1QualifiedforSmallerEmployer_DefaultProfile" time="53.044" errors="0" timestamp="2021-06-05T14:23:20 IST" skipped="0">
  <testcase classname="SmallerEmployertest.T1QualifiedforSmallerEmployer_DefaultProfile" name="GoToUrlAssertUrlClickclickAllowancesSchemesClickselectYestosmallERClickselectNotosmallERClickc" time="53.044"/>
  <system-out/>
</testsuite> <!-- SmallerEmployertest.T1QualifiedforSmallerEmployer_DefaultProfile -->
