<?xml version="1.0" encoding="UTF-8"?>
<!-- Generated by org.testng.reporters.JUnitReportReporter -->
<testsuite hostname="Nom-31" failures="0" tests="3" name="_1912.TC386_388_1912MiddleFPSWithHighSalary" time="133.507" errors="0" timestamp="2022-03-14T15:26:37 IST" skipped="0">
  <testcase classname="_1912.TC386_388_1912MiddleFPSWithHighSalary" name="GoToUrlAssertUrlClickRunPayroll1ClickRunPayroll2ClickgetSuccessMsgClickUndoLastPayrollClickcl" time="44.178"/>
  <system-out/>
  <testcase classname="_1912.TC386_388_1912MiddleFPSWithHighSalary" name="GoToUrlAssertUrlClickRunPayroll1ClickRunPayroll2ClickgetSuccessMsgClickUndoLastPayrollClickc2" time="44.567"/>
  <system-out/>
  <testcase classname="_1912.TC386_388_1912MiddleFPSWithHighSalary" name="GoToUrlAssertUrlClickRunPayroll1ClickRunPayroll2ClickgetSuccessMsgClickUndoLastPayrollClickc3" time="44.762"/>
  <system-out/>
</testsuite> <!-- _1912.TC386_388_1912MiddleFPSWithHighSalary -->
