<?xml version="1.0" encoding="UTF-8"?>
<!-- Generated by org.testng.reporters.JUnitReportReporter -->
<testsuite hostname="Nom-31" failures="0" tests="2" name="TaxCode.TC435_436DiffTaxCodeDeduction" time="104.565" errors="0" timestamp="2022-01-31T05:54:56 IST" skipped="0">
  <testcase classname="TaxCode.TC435_436DiffTaxCodeDeduction" name="GoToUrlAssertUrlClickRunPayroll1ClickRunPayroll2ClickgetSuccessMsgClickUndoLastPayrollClickcl" time="58.145"/>
  <system-out/>
  <testcase classname="TaxCode.TC435_436DiffTaxCodeDeduction" name="GoToUrlAssertUrlClickRunPayroll1ClickRunPayroll2ClickgetSuccessMsgClickUndoLastPayrollClickc4" time="46.420"/>
  <system-out/>
</testsuite> <!-- TaxCode.TC435_436DiffTaxCodeDeduction -->
