<?xml version="1.0" encoding="UTF-8"?>
<!-- Generated by org.testng.reporters.JUnitReportReporter -->
<testsuite hostname="Nom-31" failures="0" tests="2" name="_1744CISDSBTest.TC498_499InactiveActiveContractor" time="78.442" errors="0" timestamp="2021-12-06T22:39:04 IST" skipped="0">
  <testcase classname="_1744CISDSBTest.TC498_499InactiveActiveContractor" name="GoToUrlAssertUrlPositiveEnterEnterUsernamePositiveEnterEnterpasswordClickLoginButtonGoToUrlAs" time="41.214"/>
  <system-out/>
  <testcase classname="_1744CISDSBTest.TC498_499InactiveActiveContractor" name="GoToUrlAssertUrlPositiveEnterEnterUsernamePositiveEnterEnterpasswordClickLoginButtonGoToUrlAs1" time="37.228"/>
  <system-out/>
</testsuite> <!-- _1744CISDSBTest.TC498_499InactiveActiveContractor -->
