<?xml version="1.0" encoding="UTF-8"?>
<!-- Generated by org.testng.reporters.JUnitReportReporter -->
<testsuite hostname="Nom-31" failures="0" tests="3" name="_1912.TC395_397_1912WeeklyowSalary" time="133.784" errors="0" timestamp="2021-12-06T22:39:04 IST" skipped="0">
  <testcase classname="_1912.TC395_397_1912WeeklyowSalary" name="GoToUrlAssertUrlClickRunPayroll1ClickRunPayroll2ClickgetSuccessMsgClickUndoLastPayrollClickcl" time="48.625"/>
  <system-out/>
  <testcase classname="_1912.TC395_397_1912WeeklyowSalary" name="GoToUrlAssertUrlClickRunPayroll1ClickRunPayroll2ClickgetSuccessMsgClickUndoLastPayrollClickc2" time="42.883"/>
  <system-out/>
  <testcase classname="_1912.TC395_397_1912WeeklyowSalary" name="GoToUrlAssertUrlClickRunPayroll1ClickRunPayroll2ClickgetSuccessMsgClickUndoLastPayrollClickc3" time="42.276"/>
  <system-out/>
</testsuite> <!-- _1912.TC395_397_1912WeeklyowSalary -->
