<?xml version="1.0" encoding="UTF-8"?>
<!-- Generated by org.testng.reporters.JUnitReportReporter -->
<testsuite hostname="Nom-31" failures="0" tests="3" name="_1912.TC350_352_1912DirSalFiveMonth" time="124.019" errors="0" timestamp="2022-03-14T15:26:38 IST" skipped="0">
  <testcase classname="_1912.TC350_352_1912DirSalFiveMonth" name="GoToUrlAssertUrlClickRunPayroll1ClickRunPayroll2ClickgetSuccessMsgClickUndoLastPayrollClickcl" time="41.208"/>
  <system-out/>
  <testcase classname="_1912.TC350_352_1912DirSalFiveMonth" name="GoToUrlAssertUrlClickRunPayroll1ClickRunPayroll2ClickgetSuccessMsgClickUndoLastPayrollClickc2" time="41.196"/>
  <system-out/>
  <testcase classname="_1912.TC350_352_1912DirSalFiveMonth" name="GoToUrlAssertUrlClickRunPayroll1ClickRunPayroll2ClickgetSuccessMsgClickUndoLastPayrollClickc3" time="41.615"/>
  <system-out/>
</testsuite> <!-- _1912.TC350_352_1912DirSalFiveMonth -->
