<?xml version="1.0" encoding="UTF-8"?>
<!-- Generated by org.testng.reporters.JUnitReportReporter -->
<testsuite hostname="Nom-31" failures="0" tests="1" name="PaymentManagement.subscriptPaymentmmgtwhenfreqFortnightly" time="58.076" errors="0" timestamp="2021-06-04T17:54:36 IST" skipped="0">
  <testcase classname="PaymentManagement.subscriptPaymentmmgtwhenfreqFortnightly" name="GoToUrlAssertUrlPositiveEnterEnterUsernamePositiveEnterEnterpasswordClickLoginButtonGoToUrlAs" time="58.076"/>
  <system-out/>
</testsuite> <!-- PaymentManagement.subscriptPaymentmmgtwhenfreqFortnightly -->
