<?xml version="1.0" encoding="UTF-8"?>
<!-- Generated by org.testng.reporters.JUnitReportReporter -->
<testsuite hostname="Nom-31" failures="0" tests="1" name="tests.TC03WrongPayeCloseSubscript_DefaultProfile" time="37.960" errors="0" timestamp="2021-12-06T22:39:04 IST" skipped="0">
  <testcase classname="tests.TC03WrongPayeCloseSubscript_DefaultProfile" name="GoToUrlAssertUrlPositiveEnterEnterUsernamePositiveEnterEnterpasswordClickLoginButtonGoToUrlAs1" time="37.960"/>
  <system-out/>
</testsuite> <!-- tests.TC03WrongPayeCloseSubscript_DefaultProfile -->
