<?xml version="1.0" encoding="UTF-8"?>
<!-- Generated by org.testng.reporters.JUnitReportReporter -->
<testsuite hostname="Nom-31" failures="0" tests="1" name="EPStest.TC4_lastMonthEPSGen" time="37.813" errors="0" timestamp="2021-06-04T00:00:15 IST" skipped="0">
  <testcase classname="EPStest.TC4_lastMonthEPSGen" name="GoToUrlAssertUrlPositiveEnterEnterUsernamePositiveEnterEnterpasswordClickLoginButtonGoToUrlAs1" time="37.813"/>
  <system-out/>
</testsuite> <!-- EPStest.TC4_lastMonthEPSGen -->
