<?xml version="1.0" encoding="UTF-8"?>
<!-- Generated by org.testng.reporters.JUnitReportReporter -->
<testsuite hostname="Nom-31" failures="0" tests="2" name="_2087EmailLog.TC457_458EmailLogFromSummary" time="104.621" errors="0" timestamp="2021-12-06T22:39:04 IST" skipped="0">
  <testcase classname="_2087EmailLog.TC457_458EmailLogFromSummary" name="GoToUrlAssertUrlClickclickAllowancesSchemesClickmarkYesClickclickSaveClickgotoPayrollDashboard" time="58.880"/>
  <system-out/>
  <testcase classname="_2087EmailLog.TC457_458EmailLogFromSummary" name="GoToUrlAssertUrlClickclickAllowancesSchemesClickmarkYesClickclickSaveClickgotoPayrollDashboard1" time="45.741"/>
  <system-out/>
</testsuite> <!-- _2087EmailLog.TC457_458EmailLogFromSummary -->
