<?xml version="1.0" encoding="UTF-8"?>
<!-- Generated by org.testng.reporters.JUnitReportReporter -->
<testsuite hostname="Nom-31" failures="0" tests="7" name="AOE.TC852_858AOE_ChildSupportPopupA4" time="368.179" errors="0" timestamp="2022-03-14T15:26:38 IST" skipped="0">
  <testcase classname="AOE.TC852_858AOE_ChildSupportPopupA4" name="GoToUrlAssertUrlPositiveEnterEnterUsernamePositiveEnterEnterpasswordClickLoginButtonGoToUrlAs1" time="44.861"/>
  <system-out/>
  <testcase classname="AOE.TC852_858AOE_ChildSupportPopupA4" name="GoToUrlAssertUrlPositiveEnterEnterUsernamePositiveEnterEnterpasswordClickLoginButtonGoToUrlAs2" time="46.656"/>
  <system-out/>
  <testcase classname="AOE.TC852_858AOE_ChildSupportPopupA4" name="GoToUrlAssertUrlPositiveEnterEnterUsernamePositiveEnterEnterpasswordClickLoginButtonGoToUrlAs3" time="52.130"/>
  <system-out/>
  <testcase classname="AOE.TC852_858AOE_ChildSupportPopupA4" name="GoToUrlAssertUrlPositiveEnterEnterUsernamePositiveEnterEnterpasswordClickLoginButtonGoToUrlAs4" time="55.122"/>
  <system-out/>
  <testcase classname="AOE.TC852_858AOE_ChildSupportPopupA4" name="GoToUrlAssertUrlPositiveEnterEnterUsernamePositiveEnterEnterpasswordClickLoginButtonGoToUrlAs5" time="56.009"/>
  <system-out/>
  <testcase classname="AOE.TC852_858AOE_ChildSupportPopupA4" name="GoToUrlAssertUrlPositiveEnterEnterUsernamePositiveEnterEnterpasswordClickLoginButtonGoToUrlAs6" time="57.668"/>
  <system-out/>
  <testcase classname="AOE.TC852_858AOE_ChildSupportPopupA4" name="GoToUrlAssertUrlPositiveEnterEnterUsernamePositiveEnterEnterpasswordClickLoginButtonGoToUrlAs7" time="55.733"/>
  <system-out/>
</testsuite> <!-- AOE.TC852_858AOE_ChildSupportPopupA4 -->
