<?xml version="1.0" encoding="UTF-8"?>
<!-- Generated by org.testng.reporters.JUnitReportReporter -->
<testsuite hostname="Nom-31" failures="0" tests="1" name="_1772Deregistration.TC645LastPayrollDateErrorDeregisteration" time="43.514" errors="0" timestamp="2022-03-14T15:26:37 IST" skipped="0">
  <testcase classname="_1772Deregistration.TC645LastPayrollDateErrorDeregisteration" name="GoToUrlAssertUrlPositiveEnterEnterUsernamePositiveEnterEnterpasswordClickLoginButtonGoToUrlAs1" time="43.514"/>
  <system-out/>
</testsuite> <!-- _1772Deregistration.TC645LastPayrollDateErrorDeregisteration -->
