<?xml version="1.0" encoding="UTF-8"?>
<!-- Generated by org.testng.reporters.JUnitReportReporter -->
<testsuite hostname="Nom-31" failures="0" tests="1" name="frequencytest.subscriptweeklyemployeeleaverTS7" time="40.274" errors="0" timestamp="2021-05-06T14:26:41 IST" skipped="0">
  <testcase classname="frequencytest.subscriptweeklyemployeeleaverTS7" name="GoToUrlAssertUrlPositiveEnterEnterUsernamePositiveEnterEnterpasswordClickLoginButtonGoToUrlAs1" time="40.274"/>
  <system-out/>
</testsuite> <!-- frequencytest.subscriptweeklyemployeeleaverTS7 -->
