<?xml version="1.0" encoding="UTF-8"?>
<!-- Generated by org.testng.reporters.JUnitReportReporter -->
<testsuite hostname="Nom-31" failures="0" tests="2" name="_1939_tests.TC05_AutoRunPayrollMakeDisable" time="158.754" errors="0" timestamp="2021-11-11T04:10:41 IST" skipped="0">
  <testcase classname="_1939_tests.TC05_AutoRunPayrollMakeDisable" name="GoToUrlAssertUrlPositiveEnterEnterUsernamePositiveEnterEnterpasswordClickLoginButtonGoToUrlAs" time="80.800"/>
  <system-out/>
  <testcase classname="_1939_tests.TC05_AutoRunPayrollMakeDisable" name="GoToUrlAssertUrlPositiveEnterEnterUsernamePositiveEnterEnterpasswordClickLoginButtonGoToUrlAs1" time="77.954"/>
  <system-out/>
</testsuite> <!-- _1939_tests.TC05_AutoRunPayrollMakeDisable -->
