<?xml version="1.0" encoding="UTF-8"?>
<!-- Generated by org.testng.reporters.JUnitReportReporter -->
<testsuite hostname="Nom-31" failures="0" tests="1" name="_2068.TC520QtrPayeScheme" time="49.794" errors="0" timestamp="2022-03-14T15:26:38 IST" skipped="0">
  <testcase classname="_2068.TC520QtrPayeScheme" name="GoToUrlAssertUrlPositiveEnterEnterUsernamePositiveEnterEnterpasswordClickLoginButtonGoToUrlAs" time="49.794"/>
  <system-out/>
</testsuite> <!-- _2068.TC520QtrPayeScheme -->
