<?xml version="1.0" encoding="UTF-8"?>
<!-- Generated by org.testng.reporters.JUnitReportReporter -->
<testsuite hostname="Nom-31" failures="0" tests="1" name="SmallerEmployertest.TC11_SER_MidYrReportsSumarry_EPS" time="54.497" errors="0" timestamp="2021-06-06T20:34:32 IST" skipped="0">
  <testcase classname="SmallerEmployertest.TC11_SER_MidYrReportsSumarry_EPS" name="GoToUrlAssertUrlClickclickAllowancesSchemesClickselectYestosmallERClickselectNotosmallERClickc" time="54.497"/>
  <system-out/>
</testsuite> <!-- SmallerEmployertest.TC11_SER_MidYrReportsSumarry_EPS -->
