<?xml version="1.0" encoding="UTF-8"?>
<!-- Generated by org.testng.reporters.JUnitReportReporter -->
<testsuite hostname="Nom-31" failures="0" tests="7" name="AOE.TC859_865AOE_ChildSupportPopup6" time="369.019" errors="0" timestamp="2022-03-14T15:26:38 IST" skipped="0">
  <testcase classname="AOE.TC859_865AOE_ChildSupportPopup6" name="GoToUrlAssertUrlPositiveEnterEnterUsernamePositiveEnterEnterpasswordClickLoginButtonGoToUrlAs1" time="45.736"/>
  <system-out/>
  <testcase classname="AOE.TC859_865AOE_ChildSupportPopup6" name="GoToUrlAssertUrlPositiveEnterEnterUsernamePositiveEnterEnterpasswordClickLoginButtonGoToUrlAs2" time="47.959"/>
  <system-out/>
  <testcase classname="AOE.TC859_865AOE_ChildSupportPopup6" name="GoToUrlAssertUrlPositiveEnterEnterUsernamePositiveEnterEnterpasswordClickLoginButtonGoToUrlAs3" time="53.144"/>
  <system-out/>
  <testcase classname="AOE.TC859_865AOE_ChildSupportPopup6" name="GoToUrlAssertUrlPositiveEnterEnterUsernamePositiveEnterEnterpasswordClickLoginButtonGoToUrlAs4" time="54.052"/>
  <system-out/>
  <testcase classname="AOE.TC859_865AOE_ChildSupportPopup6" name="GoToUrlAssertUrlPositiveEnterEnterUsernamePositiveEnterEnterpasswordClickLoginButtonGoToUrlAs5" time="55.364"/>
  <system-out/>
  <testcase classname="AOE.TC859_865AOE_ChildSupportPopup6" name="GoToUrlAssertUrlPositiveEnterEnterUsernamePositiveEnterEnterpasswordClickLoginButtonGoToUrlAs6" time="58.822"/>
  <system-out/>
  <testcase classname="AOE.TC859_865AOE_ChildSupportPopup6" name="GoToUrlAssertUrlPositiveEnterEnterUsernamePositiveEnterEnterpasswordClickLoginButtonGoToUrlAs7" time="53.942"/>
  <system-out/>
</testsuite> <!-- AOE.TC859_865AOE_ChildSupportPopup6 -->
