<?xml version="1.0" encoding="UTF-8"?>
<!-- Generated by org.testng.reporters.JUnitReportReporter -->
<testsuite hostname="Nom-31" failures="0" tests="3" name="_2129SummaryCustomized.TC598_600SendEmailofQtrPayrollWeeklyFrq" time="165.303" errors="0" timestamp="2022-01-31T05:54:56 IST" skipped="0">
  <testcase classname="_2129SummaryCustomized.TC598_600SendEmailofQtrPayrollWeeklyFrq" name="GoToUrlAssertUrlPositiveSelectPayrollDateClickEmailClickTickCompanyemailaddressClickTickEmploy" time="56.171"/>
  <system-out/>
  <testcase classname="_2129SummaryCustomized.TC598_600SendEmailofQtrPayrollWeeklyFrq" name="GoToUrlAssertUrlPositiveSelectPayrollDateClickEmailClickTickCompanyemailaddressClickTickEmploy2" time="53.198"/>
  <system-out/>
  <testcase classname="_2129SummaryCustomized.TC598_600SendEmailofQtrPayrollWeeklyFrq" name="GoToUrlAssertUrlPositiveSelectPayrollDateClickEmailClickTickCompanyemailaddressClickTickEmploy1" time="55.934"/>
  <system-out/>
</testsuite> <!-- _2129SummaryCustomized.TC598_600SendEmailofQtrPayrollWeeklyFrq -->
