<?xml version="1.0" encoding="UTF-8"?>
<!-- Generated by org.testng.reporters.JUnitReportReporter -->
<testsuite hostname="Nom-31" failures="0" tests="2" name="tests.TC11SubscriptNomismaStartDate_DefaultProfile" time="122.337" errors="0" timestamp="2022-03-14T15:26:38 IST" skipped="0">
  <testcase classname="tests.TC11SubscriptNomismaStartDate_DefaultProfile" name="GoToUrlAssertUrlPositiveEnterEnterUsernamePositiveEnterEnterpasswordClickLoginButtonGoToUrlAs1" time="60.965"/>
  <system-out/>
  <testcase classname="tests.TC11SubscriptNomismaStartDate_DefaultProfile" name="GoToUrlAssertUrlPositiveEnterEnterUsernamePositiveEnterEnterpasswordClickLoginButtonGoToUrlAs1" time="61.372"/>
  <system-out/>
</testsuite> <!-- tests.TC11SubscriptNomismaStartDate_DefaultProfile -->
