<?xml version="1.0" encoding="UTF-8"?>
<!-- Generated by org.testng.reporters.JUnitReportReporter -->
<testsuite hostname="Nom-31" failures="0" tests="1" name="tests1.TC29subscriptEmployerNotes_DefaultProfile" time="46.054" errors="0" timestamp="2021-12-21T12:09:45 IST" skipped="0">
  <testcase classname="tests1.TC29subscriptEmployerNotes_DefaultProfile" name="GoToUrlAssertUrlPositiveEnterEnterUsernamePositiveEnterEnterpasswordClickLoginButtonGoToUrlAs" time="46.054"/>
  <system-out/>
</testsuite> <!-- tests1.TC29subscriptEmployerNotes_DefaultProfile -->
