<?xml version="1.0" encoding="UTF-8"?>
<!-- Generated by org.testng.reporters.JUnitReportReporter -->
<testsuite hostname="Nom-31" failures="0" tests="1" name="SmallerEmployertest.TC144_SER_MidYearWhenEnable" time="40.718" errors="0" timestamp="2022-03-14T15:26:38 IST" skipped="0">
  <testcase classname="SmallerEmployertest.TC144_SER_MidYearWhenEnable" name="GoToUrlAssertUrlClickclickAllowancesSchemesClickselectYestosmallERClickselectNotosmallERClickc" time="40.718"/>
  <system-out/>
</testsuite> <!-- SmallerEmployertest.TC144_SER_MidYearWhenEnable -->
