<?xml version="1.0" encoding="UTF-8"?>
<!-- Generated by org.testng.reporters.JUnitReportReporter -->
<testsuite hostname="Nom-31" failures="0" tests="1" name="_2078Test.TC426PaymentofMonthwhenWeekly" time="48.474" errors="0" timestamp="2022-01-31T05:54:56 IST" skipped="0">
  <testcase classname="_2078Test.TC426PaymentofMonthwhenWeekly" name="GoToUrlAssertUrlPositiveEnterEnterUsernamePositiveEnterEnterpasswordClickLoginButtonGoToUrlAs1" time="48.474"/>
  <system-out/>
</testsuite> <!-- _2078Test.TC426PaymentofMonthwhenWeekly -->
