<?xml version="1.0" encoding="UTF-8"?>
<!-- Generated by org.testng.reporters.JUnitReportReporter -->
<testsuite hostname="Nom-31" failures="0" tests="2" name="_2087EmailLog.TC455_456EmailLogToEmployee" time="97.265" errors="0" timestamp="2021-11-11T22:30:22 IST" skipped="0">
  <testcase classname="_2087EmailLog.TC455_456EmailLogToEmployee" name="GoToUrlAssertUrlClickclickAllowancesSchemesClickmarkYesClickclickSaveClickgotoPayrollDashboard" time="52.922"/>
  <system-out/>
  <testcase classname="_2087EmailLog.TC455_456EmailLogToEmployee" name="GoToUrlAssertUrlClickclickAllowancesSchemesClickmarkYesClickclickSaveClickgotoPayrollDashboard1" time="44.343"/>
  <system-out/>
</testsuite> <!-- _2087EmailLog.TC455_456EmailLogToEmployee -->
