<?xml version="1.0" encoding="UTF-8"?>
<!-- Generated by org.testng.reporters.JUnitReportReporter -->
<testsuite hostname="Nom-31" failures="0" tests="4" name="DeleteAddEmpTest.TC445_448EmpAddDel" time="189.060" errors="0" timestamp="2021-12-06T22:39:04 IST" skipped="0">
  <testcase classname="DeleteAddEmpTest.TC445_448EmpAddDel" name="GoToUrlAssertUrlClickRunPayroll1ClickRunPayroll2ClickgetSuccessMsgClickUndoLastPayrollClickcl" time="50.018"/>
  <system-out/>
  <testcase classname="DeleteAddEmpTest.TC445_448EmpAddDel" name="GoToUrlAssertUrlClickRunPayroll1ClickRunPayroll2ClickgetSuccessMsgClickUndoLastPayrollClickc4" time="49.477"/>
  <system-out/>
  <testcase classname="DeleteAddEmpTest.TC445_448EmpAddDel" name="GoToUrlAssertUrlClickRunPayroll1ClickRunPayroll2ClickgetSuccessMsgClickUndoLastPayrollClickc3" time="47.626"/>
  <system-out/>
  <testcase classname="DeleteAddEmpTest.TC445_448EmpAddDel" name="GoToUrlAssertUrlClickRunPayroll1ClickRunPayroll2ClickgetSuccessMsgClickUndoLastPayrollClickc2" time="41.939"/>
  <system-out/>
</testsuite> <!-- DeleteAddEmpTest.TC445_448EmpAddDel -->
