<?xml version="1.0" encoding="UTF-8"?>
<!-- Generated by org.testng.reporters.JUnitReportReporter -->
<testsuite hostname="Nom-31" failures="0" tests="1" name="tests.TC19subscriptEmployerOpeningBalance_DefaultProfile" time="54.302" errors="0" timestamp="2021-11-11T04:10:42 IST" skipped="0">
  <testcase classname="tests.TC19subscriptEmployerOpeningBalance_DefaultProfile" name="GoToUrlAssertUrlPositiveEnterEnterUsernamePositiveEnterEnterpasswordClickLoginButtonGoToUrlAs" time="54.302"/>
  <system-out/>
</testsuite> <!-- tests.TC19subscriptEmployerOpeningBalance_DefaultProfile -->
