<?xml version="1.0" encoding="UTF-8"?>
<!-- Generated by org.testng.reporters.JUnitReportReporter -->
<testsuite hostname="Nom-31" failures="0" tests="1" name="AlertsForEmployeeAge.TC474over21andEmpApperenticeInFirstYear" time="72.827" errors="0" timestamp="2022-03-14T15:26:37 IST" skipped="0">
  <testcase classname="AlertsForEmployeeAge.TC474over21andEmpApperenticeInFirstYear" name="GoToUrlAssertUrlPositiveEnterEnterUsernamePositiveEnterEnterpasswordClickLoginButtonGoToUrlAs" time="72.827"/>
  <system-out/>
</testsuite> <!-- AlertsForEmployeeAge.TC474over21andEmpApperenticeInFirstYear -->
