<?xml version="1.0" encoding="UTF-8"?>
<!-- Generated by org.testng.reporters.JUnitReportReporter -->
<testsuite hostname="Nom-31" failures="0" tests="1" name="_1939_tests.TC01_AutoRunPayroll" time="59.305" errors="0" timestamp="2022-03-14T15:26:38 IST" skipped="0">
  <testcase classname="_1939_tests.TC01_AutoRunPayroll" name="GoToUrlAssertUrlPositiveEnterEnterUsernamePositiveEnterEnterpasswordClickLoginButtonGoToUrlAs" time="59.305"/>
  <system-out/>
</testsuite> <!-- _1939_tests.TC01_AutoRunPayroll -->
