<?xml version="1.0" encoding="UTF-8"?>
<!-- Generated by org.testng.reporters.JUnitReportReporter -->
<testsuite hostname="Nom-31" failures="0" tests="1" name="SmallerEmployertest.T142TC08_SER_ReportsSumarry_EPS" time="44.664" errors="0" timestamp="2021-11-11T22:30:22 IST" skipped="0">
  <testcase classname="SmallerEmployertest.T142TC08_SER_ReportsSumarry_EPS" name="GoToUrlAssertUrlClickclickAllowancesSchemesClickselectYestosmallERClickselectNotosmallERClickc" time="44.664"/>
  <system-out/>
</testsuite> <!-- SmallerEmployertest.T142TC08_SER_ReportsSumarry_EPS -->
