<?xml version="1.0" encoding="UTF-8"?>
<!-- Generated by org.testng.reporters.JUnitReportReporter -->
<testsuite hostname="Nom-31" failures="0" tests="3" name="_2129SummaryCustomized.TC601_603SummaryPayslipofQtrWhenWeekly" time="135.370" errors="0" timestamp="2021-12-21T12:09:45 IST" skipped="0">
  <testcase classname="_2129SummaryCustomized.TC601_603SummaryPayslipofQtrWhenWeekly" name="GoToUrlAssertUrlClickPayslipsPositiveSelectPayrollDateClickEmailPayslipsClickTickCompanyemaila" time="45.157"/>
  <system-out/>
  <testcase classname="_2129SummaryCustomized.TC601_603SummaryPayslipofQtrWhenWeekly" name="GoToUrlAssertUrlClickPayslipsPositiveSelectPayrollDateClickEmailPayslipsClickTickCompanyemaila2" time="45.896"/>
  <system-out/>
  <testcase classname="_2129SummaryCustomized.TC601_603SummaryPayslipofQtrWhenWeekly" name="GoToUrlAssertUrlClickPayslipsPositiveSelectPayrollDateClickEmailPayslipsClickTickCompanyemaila1" time="44.317"/>
  <system-out/>
</testsuite> <!-- _2129SummaryCustomized.TC601_603SummaryPayslipofQtrWhenWeekly -->
