<?xml version="1.0" encoding="UTF-8"?>
<!-- Generated by org.testng.reporters.JUnitReportReporter -->
<testsuite hostname="Nom-31" failures="0" tests="1" name="AlertsForEmployeeAge.TC478over19AndnotApperentice" time="67.271" errors="0" timestamp="2021-12-06T22:39:04 IST" skipped="0">
  <testcase classname="AlertsForEmployeeAge.TC478over19AndnotApperentice" name="GoToUrlAssertUrlPositiveEnterEnterUsernamePositiveEnterEnterpasswordClickLoginButtonGoToUrlAs" time="67.271"/>
  <system-out/>
</testsuite> <!-- AlertsForEmployeeAge.TC478over19AndnotApperentice -->
