<?xml version="1.0" encoding="UTF-8"?>
<!-- Generated by org.testng.reporters.JUnitReportReporter -->
<testsuite hostname="Nom-31" failures="0" tests="1" name="EPStest.TC43_lastMonthEPSGen" time="43.731" errors="0" timestamp="2021-07-27T18:52:43 IST" skipped="0">
  <testcase classname="EPStest.TC43_lastMonthEPSGen" name="GoToUrlAssertUrlPositiveEnterEnterUsernamePositiveEnterEnterpasswordClickLoginButtonGoToUrlAs1" time="43.731"/>
  <system-out/>
</testsuite> <!-- EPStest.TC43_lastMonthEPSGen -->
