<?xml version="1.0" encoding="UTF-8"?>
<!-- Generated by org.testng.reporters.JUnitReportReporter -->
<testsuite hostname="Nom-31" failures="0" tests="1" name="SmallerEmployertest.T4NotQualifiedforSmallerEmployerbutSuccess_DefaultProfile" time="61.221" errors="0" timestamp="2021-06-05T14:48:04 IST" skipped="0">
  <testcase classname="SmallerEmployertest.T4NotQualifiedforSmallerEmployerbutSuccess_DefaultProfile" name="GoToUrlAssertUrlClickclickAllowancesSchemesClickselectYestosmallERClickselectNotosmallERClickc" time="61.221"/>
  <system-out/>
</testsuite> <!-- SmallerEmployertest.T4NotQualifiedforSmallerEmployerbutSuccess_DefaultProfile -->
