<?xml version="1.0" encoding="UTF-8"?>
<!-- Generated by org.testng.reporters.JUnitReportReporter -->
<testsuite hostname="Nom-31" failures="0" tests="1" name="Company_Director_Tests.CDResignBetweenTxYrLow_DefaultProfile" time="43.108" errors="0" timestamp="2021-06-05T19:40:16 IST" skipped="0">
  <testcase classname="Company_Director_Tests.CDResignBetweenTxYrLow_DefaultProfile" name="GoToUrlAssertUrlClickgotoReportsClickclickP11ClickgetLELAmountClickgetPTAmountClickgetUELAmou" time="43.108"/>
  <system-out/>
</testsuite> <!-- Company_Director_Tests.CDResignBetweenTxYrLow_DefaultProfile -->
