<?xml version="1.0" encoding="UTF-8"?>
<!-- Generated by org.testng.reporters.JUnitReportReporter -->
<testsuite hostname="Nom-31" failures="0" tests="7" name="AOE.TC894_900AOE_ChildSupportPopupA3" time="361.219" errors="0" timestamp="2022-03-14T15:26:37 IST" skipped="0">
  <testcase classname="AOE.TC894_900AOE_ChildSupportPopupA3" name="GoToUrlAssertUrlPositiveEnterEnterUsernamePositiveEnterEnterpasswordClickLoginButtonGoToUrlAs1" time="44.217"/>
  <system-out/>
  <testcase classname="AOE.TC894_900AOE_ChildSupportPopupA3" name="GoToUrlAssertUrlPositiveEnterEnterUsernamePositiveEnterEnterpasswordClickLoginButtonGoToUrlAs2" time="45.962"/>
  <system-out/>
  <testcase classname="AOE.TC894_900AOE_ChildSupportPopupA3" name="GoToUrlAssertUrlPositiveEnterEnterUsernamePositiveEnterEnterpasswordClickLoginButtonGoToUrlAs3" time="52.423"/>
  <system-out/>
  <testcase classname="AOE.TC894_900AOE_ChildSupportPopupA3" name="GoToUrlAssertUrlPositiveEnterEnterUsernamePositiveEnterEnterpasswordClickLoginButtonGoToUrlAs4" time="54.710"/>
  <system-out/>
  <testcase classname="AOE.TC894_900AOE_ChildSupportPopupA3" name="GoToUrlAssertUrlPositiveEnterEnterUsernamePositiveEnterEnterpasswordClickLoginButtonGoToUrlAs5" time="52.556"/>
  <system-out/>
  <testcase classname="AOE.TC894_900AOE_ChildSupportPopupA3" name="GoToUrlAssertUrlPositiveEnterEnterUsernamePositiveEnterEnterpasswordClickLoginButtonGoToUrlAs6" time="57.199"/>
  <system-out/>
  <testcase classname="AOE.TC894_900AOE_ChildSupportPopupA3" name="GoToUrlAssertUrlPositiveEnterEnterUsernamePositiveEnterEnterpasswordClickLoginButtonGoToUrlAs7" time="54.152"/>
  <system-out/>
</testsuite> <!-- AOE.TC894_900AOE_ChildSupportPopupA3 -->
