<?xml version="1.0" encoding="UTF-8"?>
<!-- Generated by org.testng.reporters.JUnitReportReporter -->
<testsuite hostname="Nom-31" failures="0" tests="1" name="_2134StarterDetail.TC659StarterDetailnotVisibleReportsofWeekly" time="40.200" errors="0" timestamp="2021-11-11T04:10:42 IST" skipped="0">
  <testcase classname="_2134StarterDetail.TC659StarterDetailnotVisibleReportsofWeekly" name="GoToUrlAssertUrlClickclickAllowancesSchemesClickmarkYesClickclickSaveClickgotoPayrollDashboard" time="40.200"/>
  <system-out/>
</testsuite> <!-- _2134StarterDetail.TC659StarterDetailnotVisibleReportsofWeekly -->
