<?xml version="1.0" encoding="UTF-8"?>
<!-- Generated by org.testng.reporters.JUnitReportReporter -->
<testsuite hostname="Nom-31" failures="0" tests="2" name="tests.TC14SubscriptPswdProtectionNoProtection_DefaultProfile" time="82.445" errors="0" timestamp="2022-03-14T15:26:38 IST" skipped="0">
  <testcase classname="tests.TC14SubscriptPswdProtectionNoProtection_DefaultProfile" name="GoToUrlAssertUrlPositiveEnterEnterUsernamePositiveEnterEnterpasswordClickLoginButtonGoToUrlAs1" time="40.678"/>
  <system-out/>
  <testcase classname="tests.TC14SubscriptPswdProtectionNoProtection_DefaultProfile" name="GoToUrlAssertUrlPositiveEnterEnterUsernamePositiveEnterEnterpasswordClickLoginButtonGoToUrlAs1" time="41.767"/>
  <system-out/>
</testsuite> <!-- tests.TC14SubscriptPswdProtectionNoProtection_DefaultProfile -->
