<?xml version="1.0" encoding="UTF-8"?>
<!-- Generated by org.testng.reporters.JUnitReportReporter -->
<testsuite hostname="Nom-31" failures="0" tests="11" name="PayrollDashboardUItest.TC310_320PayrollDshboardChk" time="437.145" errors="0" timestamp="2021-11-11T04:10:41 IST" skipped="0">
  <testcase classname="PayrollDashboardUItest.TC310_320PayrollDshboardChk" name="GoToUrlAssertUrlClickclickAllowancesSchemesClickmarkYesClickclickSaveClickgotoPayrollDashboard" time="38.882"/>
  <system-out/>
  <testcase classname="PayrollDashboardUItest.TC310_320PayrollDshboardChk" name="GoToUrlAssertUrlClickclickAllowancesSchemesClickmarkYesClickclickSaveClickgotoPayrollDashboard1" time="38.901"/>
  <system-out/>
  <testcase classname="PayrollDashboardUItest.TC310_320PayrollDshboardChk" name="GoToUrlAssertUrlClickclickAllowancesSchemesClickmarkYesClickclickSaveClickgotoPayrollDashboard2" time="40.442"/>
  <system-out/>
  <testcase classname="PayrollDashboardUItest.TC310_320PayrollDshboardChk" name="GoToUrlAssertUrlClickclickAllowancesSchemesClickmarkYesClickclickSaveClickgotoPayrollDashboard3" time="39.105"/>
  <system-out/>
  <testcase classname="PayrollDashboardUItest.TC310_320PayrollDshboardChk" name="GoToUrlAssertUrlClickclickAllowancesSchemesClickmarkYesClickclickSaveClickgotoPayrollDashboard4" time="38.493"/>
  <system-out/>
  <testcase classname="PayrollDashboardUItest.TC310_320PayrollDshboardChk" name="GoToUrlAssertUrlClickclickAllowancesSchemesClickmarkYesClickclickSaveClickgotoPayrollDashboard5" time="39.827"/>
  <system-out/>
  <testcase classname="PayrollDashboardUItest.TC310_320PayrollDshboardChk" name="GoToUrlAssertUrlClickclickAllowancesSchemesClickmarkYesClickclickSaveClickgotoPayrollDashboard6" time="41.263"/>
  <system-out/>
  <testcase classname="PayrollDashboardUItest.TC310_320PayrollDshboardChk" name="GoToUrlAssertUrlClickclickAllowancesSchemesClickmarkYesClickclickSaveClickgotoPayrollDashboard7" time="39.628"/>
  <system-out/>
  <testcase classname="PayrollDashboardUItest.TC310_320PayrollDshboardChk" name="GoToUrlAssertUrlClickclickAllowancesSchemesClickmarkYesClickclickSaveClickgotoPayrollDashboard8" time="40.394"/>
  <system-out/>
  <testcase classname="PayrollDashboardUItest.TC310_320PayrollDshboardChk" name="GoToUrlAssertUrlClickclickAllowancesSchemesClickmarkYesClickclickSaveClickgotoPayrollDashboard9" time="40.046"/>
  <system-out/>
  <testcase classname="PayrollDashboardUItest.TC310_320PayrollDshboardChk" name="GoToUrlAssertUrlClickclickAllowancesSchemesClickmarkYesClickclickSaveClickgotoPayrollDashboard10" time="40.164"/>
  <system-out/>
</testsuite> <!-- PayrollDashboardUItest.TC310_320PayrollDshboardChk -->
