<?xml version="1.0" encoding="UTF-8"?>
<!-- Generated by org.testng.reporters.JUnitReportReporter -->
<testsuite hostname="Nom-31" failures="0" tests="1" name="verifyEmailsDataTest.TC236EmailHeaderWhenMainContact" time="53.000" errors="0" timestamp="2022-01-31T05:54:55 IST" skipped="0">
  <testcase classname="verifyEmailsDataTest.TC236EmailHeaderWhenMainContact" name="GoToUrlAssertUrlClickclickAllowancesSchemesClickmarkYesClickclickSaveClickgotoPayrollDashboard" time="53.000"/>
  <system-out/>
</testsuite> <!-- verifyEmailsDataTest.TC236EmailHeaderWhenMainContact -->
