<?xml version="1.0" encoding="UTF-8"?>
<!-- Generated by org.testng.reporters.JUnitReportReporter -->
<testsuite hostname="Nom-31" failures="0" tests="7" name="AOE.TC901_906AOE_ChildSupportPopup5" time="364.636" errors="0" timestamp="2022-03-14T15:26:37 IST" skipped="0">
  <testcase classname="AOE.TC901_906AOE_ChildSupportPopup5" name="GoToUrlAssertUrlPositiveEnterEnterUsernamePositiveEnterEnterpasswordClickLoginButtonGoToUrlAs1" time="44.573"/>
  <system-out/>
  <testcase classname="AOE.TC901_906AOE_ChildSupportPopup5" name="GoToUrlAssertUrlPositiveEnterEnterUsernamePositiveEnterEnterpasswordClickLoginButtonGoToUrlAs2" time="47.553"/>
  <system-out/>
  <testcase classname="AOE.TC901_906AOE_ChildSupportPopup5" name="GoToUrlAssertUrlPositiveEnterEnterUsernamePositiveEnterEnterpasswordClickLoginButtonGoToUrlAs3" time="52.490"/>
  <system-out/>
  <testcase classname="AOE.TC901_906AOE_ChildSupportPopup5" name="GoToUrlAssertUrlPositiveEnterEnterUsernamePositiveEnterEnterpasswordClickLoginButtonGoToUrlAs4" time="54.795"/>
  <system-out/>
  <testcase classname="AOE.TC901_906AOE_ChildSupportPopup5" name="GoToUrlAssertUrlPositiveEnterEnterUsernamePositiveEnterEnterpasswordClickLoginButtonGoToUrlAs5" time="53.626"/>
  <system-out/>
  <testcase classname="AOE.TC901_906AOE_ChildSupportPopup5" name="GoToUrlAssertUrlPositiveEnterEnterUsernamePositiveEnterEnterpasswordClickLoginButtonGoToUrlAs6" time="57.904"/>
  <system-out/>
  <testcase classname="AOE.TC901_906AOE_ChildSupportPopup5" name="GoToUrlAssertUrlPositiveEnterEnterUsernamePositiveEnterEnterpasswordClickLoginButtonGoToUrlAs7" time="53.695"/>
  <system-out/>
</testsuite> <!-- AOE.TC901_906AOE_ChildSupportPopup5 -->
