<?xml version="1.0" encoding="UTF-8"?>
<!-- Generated by org.testng.reporters.JUnitReportReporter -->
<testsuite hostname="Nom-31" failures="0" tests="1" name="EPStest.subscriptEveryMonthEPSMaternity" time="45.981" errors="0" timestamp="2021-06-03T23:39:22 IST" skipped="0">
  <testcase classname="EPStest.subscriptEveryMonthEPSMaternity" name="GoToUrlAssertUrlPositiveEnterEnterUsernamePositiveEnterEnterpasswordClickLoginButtonGoToUrlAs1" time="45.981"/>
  <system-out/>
</testsuite> <!-- EPStest.subscriptEveryMonthEPSMaternity -->
