<?xml version="1.0" encoding="UTF-8"?>
<!-- Generated by org.testng.reporters.JUnitReportReporter -->
<testsuite hostname="Nom-31" failures="0" tests="2" name="TaxCode.TC435_436DiffTaxCodeDeduction" time="69.333" errors="0" timestamp="2022-03-14T15:26:38 IST" skipped="0">
  <testcase classname="TaxCode.TC435_436DiffTaxCodeDeduction" name="GoToUrlAssertUrlClickRunPayroll1ClickRunPayroll2ClickgetSuccessMsgClickUndoLastPayrollClickcl" time="34.922"/>
  <system-out/>
  <testcase classname="TaxCode.TC435_436DiffTaxCodeDeduction" name="GoToUrlAssertUrlClickRunPayroll1ClickRunPayroll2ClickgetSuccessMsgClickUndoLastPayrollClickc4" time="34.411"/>
  <system-out/>
</testsuite> <!-- TaxCode.TC435_436DiffTaxCodeDeduction -->
