<?xml version="1.0" encoding="UTF-8"?>
<!-- Generated by org.testng.reporters.JUnitReportReporter -->
<testsuite hostname="Nom-31" failures="0" tests="1" name="verifySummaryReportsData.TC285chkNIsummarywhenOverpayment_Mnthly" time="68.384" errors="0" timestamp="2021-12-21T12:09:45 IST" skipped="0">
  <testcase classname="verifySummaryReportsData.TC285chkNIsummarywhenOverpayment_Mnthly" name="GoToUrlAssertUrlClickclickAllowancesSchemesClickmarkYesClickclickSaveClickgotoPayrollDashboard" time="68.384"/>
  <system-out/>
</testsuite> <!-- verifySummaryReportsData.TC285chkNIsummarywhenOverpayment_Mnthly -->
