<?xml version="1.0" encoding="UTF-8"?>
<!-- Generated by org.testng.reporters.JUnitReportReporter -->
<testsuite hostname="Nom-31" failures="0" tests="1" name="Volentry_Pension.TC75VCPension_DefaultProfile" time="69.713" errors="0" timestamp="2021-12-10T13:22:31 IST" skipped="0">
  <testcase classname="Volentry_Pension.TC75VCPension_DefaultProfile" name="GoToUrlAssertUrlClickgotoReportsClickgetEEPensionClickgetERpensionClickgotoPensionDashboardCl" time="69.713"/>
  <system-out/>
</testsuite> <!-- Volentry_Pension.TC75VCPension_DefaultProfile -->
