<?xml version="1.0" encoding="UTF-8"?>
<!-- Generated by org.testng.reporters.JUnitReportReporter -->
<testsuite hostname="Nom-31" failures="0" tests="1" name="SmallerEmployertest.TC01_SER_Enable" time="49.434" errors="0" timestamp="2021-06-05T15:05:08 IST" skipped="0">
  <testcase classname="SmallerEmployertest.TC01_SER_Enable" name="GoToUrlAssertUrlClickclickAllowancesSchemesClickselectYestosmallERClickselectNotosmallERClickc" time="49.434"/>
  <system-out/>
</testsuite> <!-- SmallerEmployertest.TC01_SER_Enable -->
