<?xml version="1.0" encoding="UTF-8"?>
<!-- Generated by org.testng.reporters.JUnitReportReporter -->
<testsuite hostname="Nom-31" failures="0" tests="1" name="_1918NMW_Alert.TC15over26andEmpFirstYrApprenticeComplete" time="67.330" errors="0" timestamp="2021-11-11T22:30:22 IST" skipped="0">
  <testcase classname="_1918NMW_Alert.TC15over26andEmpFirstYrApprenticeComplete" name="GoToUrlAssertUrlPositiveEnterEnterUsernamePositiveEnterEnterpasswordClickLoginButtonGoToUrlAs" time="67.330"/>
  <system-out/>
</testsuite> <!-- _1918NMW_Alert.TC15over26andEmpFirstYrApprenticeComplete -->
