<?xml version="1.0" encoding="UTF-8"?>
<!-- Generated by org.testng.reporters.JUnitReportReporter -->
<testsuite hostname="Nom-31" failures="0" tests="3" name="_1912.TC368_370_1912DirSalinOneMonth" time="127.126" errors="0" timestamp="2022-03-14T15:26:38 IST" skipped="0">
  <testcase classname="_1912.TC368_370_1912DirSalinOneMonth" name="GoToUrlAssertUrlClickRunPayroll1ClickRunPayroll2ClickgetSuccessMsgClickUndoLastPayrollClickcl" time="41.947"/>
  <system-out/>
  <testcase classname="_1912.TC368_370_1912DirSalinOneMonth" name="GoToUrlAssertUrlClickRunPayroll1ClickRunPayroll2ClickgetSuccessMsgClickUndoLastPayrollClickc2" time="43.198"/>
  <system-out/>
  <testcase classname="_1912.TC368_370_1912DirSalinOneMonth" name="GoToUrlAssertUrlClickRunPayroll1ClickRunPayroll2ClickgetSuccessMsgClickUndoLastPayrollClickc3" time="41.981"/>
  <system-out/>
</testsuite> <!-- _1912.TC368_370_1912DirSalinOneMonth -->
