<?xml version="1.0" encoding="UTF-8"?>
<!-- Generated by org.testng.reporters.JUnitReportReporter -->
<testsuite hostname="Nom-31" failures="0" tests="3" name="_1912.TC383_385_1912JoiAndLeaveSameYr" time="126.719" errors="0" timestamp="2021-12-06T22:39:04 IST" skipped="0">
  <testcase classname="_1912.TC383_385_1912JoiAndLeaveSameYr" name="GoToUrlAssertUrlClickRunPayroll1ClickRunPayroll2ClickgetSuccessMsgClickUndoLastPayrollClickcl" time="42.500"/>
  <system-out/>
  <testcase classname="_1912.TC383_385_1912JoiAndLeaveSameYr" name="GoToUrlAssertUrlClickRunPayroll1ClickRunPayroll2ClickgetSuccessMsgClickUndoLastPayrollClickc2" time="41.133"/>
  <system-out/>
  <testcase classname="_1912.TC383_385_1912JoiAndLeaveSameYr" name="GoToUrlAssertUrlClickRunPayroll1ClickRunPayroll2ClickgetSuccessMsgClickUndoLastPayrollClickc3" time="43.086"/>
  <system-out/>
</testsuite> <!-- _1912.TC383_385_1912JoiAndLeaveSameYr -->
