<?xml version="1.0" encoding="UTF-8"?>
<!-- Generated by org.testng.reporters.JUnitReportReporter -->
<testsuite hostname="Nom-31" failures="0" tests="1" name="SmallerEmployertest.TC04_SER_NoPrevEmp" time="48.857" errors="0" timestamp="2021-06-05T15:14:30 IST" skipped="0">
  <testcase classname="SmallerEmployertest.TC04_SER_NoPrevEmp" name="GoToUrlAssertUrlClickclickAllowancesSchemesClickselectYestosmallERClickselectNotosmallERClickc" time="48.857"/>
  <system-out/>
</testsuite> <!-- SmallerEmployertest.TC04_SER_NoPrevEmp -->
