<?xml version="1.0" encoding="UTF-8"?>
<!-- Generated by org.testng.reporters.JUnitReportReporter -->
<testsuite hostname="Nom-31" failures="0" tests="1" name="SmallerEmployertest.T147TC12_SER_MidYearStat103Check" time="43.888" errors="0" timestamp="2022-01-31T05:54:56 IST" skipped="0">
  <testcase classname="SmallerEmployertest.T147TC12_SER_MidYearStat103Check" name="GoToUrlAssertUrlClickclickAllowancesSchemesClickselectYestosmallERClickselectNotosmallERClickc" time="43.888"/>
  <system-out/>
</testsuite> <!-- SmallerEmployertest.T147TC12_SER_MidYearStat103Check -->
