<?xml version="1.0" encoding="UTF-8"?>
<!-- Generated by org.testng.reporters.JUnitReportReporter -->
<testsuite hostname="Nom-31" failures="0" tests="1" name="PaymentManagement.TC74subscriptPaymentmmgtwhenfreqMultiple" time="49.348" errors="0" timestamp="2021-11-11T04:10:41 IST" skipped="0">
  <testcase classname="PaymentManagement.TC74subscriptPaymentmmgtwhenfreqMultiple" name="GoToUrlAssertUrlPositiveEnterEnterUsernamePositiveEnterEnterpasswordClickLoginButtonGoToUrlAs" time="49.348"/>
  <system-out/>
</testsuite> <!-- PaymentManagement.TC74subscriptPaymentmmgtwhenfreqMultiple -->
