<?xml version="1.0" encoding="UTF-8"?>
<!-- Generated by org.testng.reporters.JUnitReportReporter -->
<testsuite hostname="Nom-31" failures="0" tests="3" name="_2129SummaryCustomized.TC601_603SummaryPayslipofQtrWhenWeekly" time="136.979" errors="0" timestamp="2021-11-11T04:10:41 IST" skipped="0">
  <testcase classname="_2129SummaryCustomized.TC601_603SummaryPayslipofQtrWhenWeekly" name="GoToUrlAssertUrlClickPayslipsPositiveSelectPayrollDateClickEmailPayslipsClickTickCompanyemaila1" time="43.196"/>
  <system-out/>
  <testcase classname="_2129SummaryCustomized.TC601_603SummaryPayslipofQtrWhenWeekly" name="GoToUrlAssertUrlClickPayslipsPositiveSelectPayrollDateClickEmailPayslipsClickTickCompanyemaila2" time="46.723"/>
  <system-out/>
  <testcase classname="_2129SummaryCustomized.TC601_603SummaryPayslipofQtrWhenWeekly" name="GoToUrlAssertUrlClickPayslipsPositiveSelectPayrollDateClickEmailPayslipsClickTickCompanyemaila" time="47.060"/>
  <system-out/>
</testsuite> <!-- _2129SummaryCustomized.TC601_603SummaryPayslipofQtrWhenWeekly -->
