<?xml version="1.0" encoding="UTF-8"?>
<!-- Generated by org.testng.reporters.JUnitReportReporter -->
<testsuite hostname="Nom-31" failures="0" tests="3" name="_1912.TC383_385_1912JoiAndLeaveSameYr" time="129.201" errors="0" timestamp="2022-03-14T15:26:38 IST" skipped="0">
  <testcase classname="_1912.TC383_385_1912JoiAndLeaveSameYr" name="GoToUrlAssertUrlClickRunPayroll1ClickRunPayroll2ClickgetSuccessMsgClickUndoLastPayrollClickcl" time="43.108"/>
  <system-out/>
  <testcase classname="_1912.TC383_385_1912JoiAndLeaveSameYr" name="GoToUrlAssertUrlClickRunPayroll1ClickRunPayroll2ClickgetSuccessMsgClickUndoLastPayrollClickc2" time="43.248"/>
  <system-out/>
  <testcase classname="_1912.TC383_385_1912JoiAndLeaveSameYr" name="GoToUrlAssertUrlClickRunPayroll1ClickRunPayroll2ClickgetSuccessMsgClickUndoLastPayrollClickc3" time="42.845"/>
  <system-out/>
</testsuite> <!-- _1912.TC383_385_1912JoiAndLeaveSameYr -->
