<?xml version="1.0" encoding="UTF-8"?>
<!-- Generated by org.testng.reporters.JUnitReportReporter -->
<testsuite hostname="Nom-31" failures="0" tests="2" name="_1743PayrollDSB.TC702CheckTaxablePayJoinMidFourWeeklyA" time="49.348" errors="0" timestamp="2021-12-24T14:37:57 IST" skipped="1">
  <testcase classname="_1743PayrollDSB.TC702CheckTaxablePayJoinMidFourWeeklyA" name="GoToUrlAssertUrlPositiveEnterEnterUsernamePositiveEnterEnterpasswordClickLoginButtonGoToUrlAs" time="49.348"/>
  <system-out/>
  <testcase classname="_1743PayrollDSB.TC702CheckTaxablePayJoinMidFourWeeklyA" name="GoToUrlAssertUrlPositiveEnterEnterUsernamePositiveEnterEnterpasswordClickLoginButtonGoToUrlAs1">
    <skipped/>
  </testcase> <!-- GoToUrlAssertUrlPositiveEnterEnterUsernamePositiveEnterEnterpasswordClickLoginButtonGoToUrlAs1 -->
  <system-out/>
</testsuite> <!-- _1743PayrollDSB.TC702CheckTaxablePayJoinMidFourWeeklyA -->
