<?xml version="1.0" encoding="UTF-8"?>
<!-- Generated by org.testng.reporters.JUnitReportReporter -->
<testsuite hostname="Nom-31" failures="0" tests="3" name="_1930.TC341_343_1930DirPaidTwoMonthonly" time="132.935" errors="0" timestamp="2022-03-14T15:26:38 IST" skipped="0">
  <testcase classname="_1930.TC341_343_1930DirPaidTwoMonthonly" name="GoToUrlAssertUrlClickRunPayroll1ClickRunPayroll2ClickgetSuccessMsgClickUndoLastPayrollClickcl" time="43.770"/>
  <system-out/>
  <testcase classname="_1930.TC341_343_1930DirPaidTwoMonthonly" name="GoToUrlAssertUrlClickRunPayroll1ClickRunPayroll2ClickgetSuccessMsgClickUndoLastPayrollClickc2" time="43.364"/>
  <system-out/>
  <testcase classname="_1930.TC341_343_1930DirPaidTwoMonthonly" name="GoToUrlAssertUrlClickRunPayroll1ClickRunPayroll2ClickgetSuccessMsgClickUndoLastPayrollClickc3" time="45.801"/>
  <system-out/>
</testsuite> <!-- _1930.TC341_343_1930DirPaidTwoMonthonly -->
