<?xml version="1.0" encoding="UTF-8"?>
<!-- Generated by org.testng.reporters.JUnitReportReporter -->
<testsuite hostname="Nom-31" failures="0" tests="1" name="EPStest.TC47SubscriptFirstEPS" time="36.556" errors="0" timestamp="2021-12-21T12:09:45 IST" skipped="0">
  <testcase classname="EPStest.TC47SubscriptFirstEPS" name="GoToUrlAssertUrlPositiveEnterEnterUsernamePositiveEnterEnterpasswordClickLoginButtonGoToUrlAs1" time="36.556"/>
  <system-out/>
</testsuite> <!-- EPStest.TC47SubscriptFirstEPS -->
