<?xml version="1.0" encoding="UTF-8"?>
<!-- Generated by org.testng.reporters.JUnitReportReporter -->
<testsuite hostname="Nom-31" failures="0" tests="1" name="_1760ER_Allow.T154TC01_1760_ERNI_DefaultProfile" time="46.749" errors="0" timestamp="2022-03-14T15:26:37 IST" skipped="0">
  <testcase classname="_1760ER_Allow.T154TC01_1760_ERNI_DefaultProfile" name="GoToUrlAssertUrlPositiveEnterEnterUsernamePositiveEnterEnterpasswordClickLoginButtonGoToUrlAs" time="46.749"/>
  <system-out/>
</testsuite> <!-- _1760ER_Allow.T154TC01_1760_ERNI_DefaultProfile -->
