<?xml version="1.0" encoding="UTF-8"?>
<!-- Generated by org.testng.reporters.JUnitReportReporter -->
<testsuite hostname="Nom-31" failures="0" tests="1" name="PaymentManagement.TC69subscriptPaymentmmgtwhenfreqMonthly" time="56.376" errors="0" timestamp="2022-01-31T05:54:55 IST" skipped="0">
  <testcase classname="PaymentManagement.TC69subscriptPaymentmmgtwhenfreqMonthly" name="GoToUrlAssertUrlPositiveEnterEnterUsernamePositiveEnterEnterpasswordClickLoginButtonGoToUrlAs" time="56.376"/>
  <system-out/>
</testsuite> <!-- PaymentManagement.TC69subscriptPaymentmmgtwhenfreqMonthly -->
