<?xml version="1.0" encoding="UTF-8"?>
<!-- Generated by org.testng.reporters.JUnitReportReporter -->
<testsuite hostname="Nom-31" failures="0" tests="1" name="test.frequency.TC22subScriptFourWeeklyFrequency_DefaultProfile" time="45.424" errors="0" timestamp="2021-12-06T22:39:04 IST" skipped="0">
  <testcase classname="test.frequency.TC22subScriptFourWeeklyFrequency_DefaultProfile" name="GoToUrlAssertUrlPositiveEnterEnterUsernamePositiveEnterEnterpasswordClickLoginButtonGoToUrlAs1" time="45.424"/>
  <system-out/>
</testsuite> <!-- test.frequency.TC22subScriptFourWeeklyFrequency_DefaultProfile -->
