<?xml version="1.0" encoding="UTF-8"?>
<!-- Generated by org.testng.reporters.JUnitReportReporter -->
<testsuite hostname="Nom-31" failures="0" tests="1" name="_1743PayrollDSB.TC703CheckAutoPayroll" time="37.946" errors="0" timestamp="2022-01-31T05:54:56 IST" skipped="0">
  <testcase classname="_1743PayrollDSB.TC703CheckAutoPayroll" name="GoToUrlAssertUrlPositiveEnterEnterUsernamePositiveEnterEnterpasswordClickLoginButtonGoToUrlAs" time="37.946"/>
  <system-out/>
</testsuite> <!-- _1743PayrollDSB.TC703CheckAutoPayroll -->
