<?xml version="1.0" encoding="UTF-8"?>
<!-- Generated by org.testng.reporters.JUnitReportReporter -->
<testsuite hostname="Nom-31" failures="0" tests="3" name="_2129SummaryCustomized.TC601_603SummaryPayslipofQtrWhenWeekly" time="133.104" errors="0" timestamp="2021-12-06T22:39:04 IST" skipped="0">
  <testcase classname="_2129SummaryCustomized.TC601_603SummaryPayslipofQtrWhenWeekly" name="GoToUrlAssertUrlClickPayslipsPositiveSelectPayrollDateClickEmailPayslipsClickTickCompanyemaila" time="45.406"/>
  <system-out/>
  <testcase classname="_2129SummaryCustomized.TC601_603SummaryPayslipofQtrWhenWeekly" name="GoToUrlAssertUrlClickPayslipsPositiveSelectPayrollDateClickEmailPayslipsClickTickCompanyemaila2" time="44.138"/>
  <system-out/>
  <testcase classname="_2129SummaryCustomized.TC601_603SummaryPayslipofQtrWhenWeekly" name="GoToUrlAssertUrlClickPayslipsPositiveSelectPayrollDateClickEmailPayslipsClickTickCompanyemaila1" time="43.560"/>
  <system-out/>
</testsuite> <!-- _2129SummaryCustomized.TC601_603SummaryPayslipofQtrWhenWeekly -->
