<?xml version="1.0" encoding="UTF-8"?>
<!-- Generated by org.testng.reporters.JUnitReportReporter -->
<testsuite hostname="Nom-31" failures="0" tests="1" name="PaymentManagement.TS01_PM" time="65.458" errors="0" timestamp="2021-06-05T00:12:19 IST" skipped="0">
  <testcase classname="PaymentManagement.TS01_PM" name="GoToUrlAssertUrlPositiveEnterEnterUsernamePositiveEnterEnterpasswordClickLoginButtonGoToUrlAs" time="65.458"/>
  <system-out/>
</testsuite> <!-- PaymentManagement.TS01_PM -->
