<?xml version="1.0" encoding="UTF-8"?>
<!-- Generated by org.testng.reporters.JUnitReportReporter -->
<testsuite hostname="Nom-31" failures="0" tests="1" name="PaymentManagement.T115TC03_PM_weekly3" time="52.587" errors="0" timestamp="2021-11-11T04:10:42 IST" skipped="0">
  <testcase classname="PaymentManagement.T115TC03_PM_weekly3" name="GoToUrlAssertUrlPositiveEnterEnterUsernamePositiveEnterEnterpasswordClickLoginButtonGoToUrlAs" time="52.587"/>
  <system-out/>
</testsuite> <!-- PaymentManagement.T115TC03_PM_weekly3 -->
