<?xml version="1.0" encoding="UTF-8"?>
<!-- Generated by org.testng.reporters.JUnitReportReporter -->
<testsuite hostname="Nom-31" failures="0" tests="2" name="verifyEmailsDataTest.TC295EmailAttachmentData" time="106.663" errors="0" timestamp="2021-11-11T04:10:41 IST" skipped="0">
  <testcase classname="verifyEmailsDataTest.TC295EmailAttachmentData" name="GoToUrlAssertUrlClickclickAllowancesSchemesClickmarkYesClickclickSaveClickgotoPayrollDashboard1" time="53.228"/>
  <system-out/>
  <testcase classname="verifyEmailsDataTest.TC295EmailAttachmentData" name="GoToUrlAssertUrlClickclickAllowancesSchemesClickmarkYesClickclickSaveClickgotoPayrollDashboard2" time="53.435"/>
  <system-out/>
</testsuite> <!-- verifyEmailsDataTest.TC295EmailAttachmentData -->
