<?xml version="1.0" encoding="UTF-8"?>
<!-- Generated by org.testng.reporters.JUnitReportReporter -->
<testsuite hostname="Nom-31" failures="0" tests="2" name="_1750Test.TC790_791RTI_Submission" time="63.257" errors="0" timestamp="2022-01-31T05:54:56 IST" skipped="0">
  <testcase classname="_1750Test.TC790_791RTI_Submission" name="GoToUrlAssertUrlPositiveEnterEnterUsernamePositiveEnterEnterpasswordClickLoginButtonGoToUrlAs" time="27.438"/>
  <system-out/>
  <testcase classname="_1750Test.TC790_791RTI_Submission" name="GoToUrlAssertUrlPositiveEnterEnterUsernamePositiveEnterEnterpasswordClickLoginButtonGoToUrlAs1" time="35.819"/>
  <system-out/>
</testsuite> <!-- _1750Test.TC790_791RTI_Submission -->
