<?xml version="1.0" encoding="UTF-8"?>
<!-- Generated by org.testng.reporters.JUnitReportReporter -->
<testsuite hostname="Nom-31" failures="0" tests="7" name="AOE.TC914_920AOE_ChildSupportPopupA2" time="365.944" errors="0" timestamp="2022-03-14T15:26:38 IST" skipped="0">
  <testcase classname="AOE.TC914_920AOE_ChildSupportPopupA2" name="GoToUrlAssertUrlPositiveEnterEnterUsernamePositiveEnterEnterpasswordClickLoginButtonGoToUrlAs1" time="46.396"/>
  <system-out/>
  <testcase classname="AOE.TC914_920AOE_ChildSupportPopupA2" name="GoToUrlAssertUrlPositiveEnterEnterUsernamePositiveEnterEnterpasswordClickLoginButtonGoToUrlAs2" time="46.252"/>
  <system-out/>
  <testcase classname="AOE.TC914_920AOE_ChildSupportPopupA2" name="GoToUrlAssertUrlPositiveEnterEnterUsernamePositiveEnterEnterpasswordClickLoginButtonGoToUrlAs3" time="52.872"/>
  <system-out/>
  <testcase classname="AOE.TC914_920AOE_ChildSupportPopupA2" name="GoToUrlAssertUrlPositiveEnterEnterUsernamePositiveEnterEnterpasswordClickLoginButtonGoToUrlAs4" time="53.338"/>
  <system-out/>
  <testcase classname="AOE.TC914_920AOE_ChildSupportPopupA2" name="GoToUrlAssertUrlPositiveEnterEnterUsernamePositiveEnterEnterpasswordClickLoginButtonGoToUrlAs5" time="54.062"/>
  <system-out/>
  <testcase classname="AOE.TC914_920AOE_ChildSupportPopupA2" name="GoToUrlAssertUrlPositiveEnterEnterUsernamePositiveEnterEnterpasswordClickLoginButtonGoToUrlAs6" time="58.397"/>
  <system-out/>
  <testcase classname="AOE.TC914_920AOE_ChildSupportPopupA2" name="GoToUrlAssertUrlPositiveEnterEnterUsernamePositiveEnterEnterpasswordClickLoginButtonGoToUrlAs7" time="54.627"/>
  <system-out/>
</testsuite> <!-- AOE.TC914_920AOE_ChildSupportPopupA2 -->
