<?xml version="1.0" encoding="UTF-8"?>
<!-- Generated by org.testng.reporters.JUnitReportReporter -->
<testsuite hostname="Nom-31" failures="0" tests="1" name="_2068.TC533PayrollwhenPaymentmngmnt" time="47.922" errors="0" timestamp="2022-03-14T15:26:38 IST" skipped="0">
  <testcase classname="_2068.TC533PayrollwhenPaymentmngmnt" name="GoToUrlAssertUrlPositiveEnterEnterUsernamePositiveEnterEnterpasswordClickLoginButtonGoToUrlAs" time="47.922"/>
  <system-out/>
</testsuite> <!-- _2068.TC533PayrollwhenPaymentmngmnt -->
