<?xml version="1.0" encoding="UTF-8"?>
<!-- Generated by org.testng.reporters.JUnitReportReporter -->
<testsuite hostname="Nom-31" failures="0" tests="1" name="_2078Test.TC427PaymentofMonthwhenFortnight" time="42.097" errors="0" timestamp="2021-12-21T12:09:45 IST" skipped="0">
  <testcase classname="_2078Test.TC427PaymentofMonthwhenFortnight" name="GoToUrlAssertUrlPositiveEnterEnterUsernamePositiveEnterEnterpasswordClickLoginButtonGoToUrlAs1" time="42.097"/>
  <system-out/>
</testsuite> <!-- _2078Test.TC427PaymentofMonthwhenFortnight -->
