<?xml version="1.0" encoding="UTF-8"?>
<!-- Generated by org.testng.reporters.JUnitReportReporter -->
<testsuite hostname="Nom-31" failures="0" tests="1" name="EPStest.subscriptyearSingleEPS" time="39.613" errors="0" timestamp="2021-06-03T23:50:40 IST" skipped="0">
  <testcase classname="EPStest.subscriptyearSingleEPS" name="GoToUrlAssertUrlPositiveEnterEnterUsernamePositiveEnterEnterpasswordClickLoginButtonGoToUrlAs1" time="39.613"/>
  <system-out/>
</testsuite> <!-- EPStest.subscriptyearSingleEPS -->
