<?xml version="1.0" encoding="UTF-8"?>
<!-- Generated by org.testng.reporters.JUnitReportReporter -->
<testsuite hostname="Nom-31" failures="0" tests="2" name="_1930.TC329_1930CummulativeDirector" time="46.150" errors="0" timestamp="2021-08-02T21:32:03 IST" skipped="1">
  <testcase classname="_1930.TC329_1930CummulativeDirector" name="GoToUrlAssertUrlClickRunPayroll1ClickRunPayroll2ClickgetSuccessMsgClickUndoLastPayrollClickc2" time="46.150"/>
  <system-out/>
  <testcase classname="_1930.TC329_1930CummulativeDirector" name="GoToUrlAssertUrlClickRunPayroll1ClickRunPayroll2ClickgetSuccessMsgClickUndoLastPayrollClickcl">
    <skipped/>
  </testcase> <!-- GoToUrlAssertUrlClickRunPayroll1ClickRunPayroll2ClickgetSuccessMsgClickUndoLastPayrollClickcl -->
  <system-out/>
</testsuite> <!-- _1930.TC329_1930CummulativeDirector -->
