<?xml version="1.0" encoding="UTF-8"?>
<!-- Generated by org.testng.reporters.JUnitReportReporter -->
<testsuite hostname="Nom-31" failures="0" tests="2" name="tests.TC13SubscriptPswdProtectionZIP_DefaultProfile" time="84.280" errors="0" timestamp="2022-03-14T15:26:38 IST" skipped="0">
  <testcase classname="tests.TC13SubscriptPswdProtectionZIP_DefaultProfile" name="GoToUrlAssertUrlPositiveEnterEnterUsernamePositiveEnterEnterpasswordClickLoginButtonGoToUrlAs1" time="42.853"/>
  <system-out/>
  <testcase classname="tests.TC13SubscriptPswdProtectionZIP_DefaultProfile" name="GoToUrlAssertUrlPositiveEnterEnterUsernamePositiveEnterEnterpasswordClickLoginButtonGoToUrlAs1" time="41.427"/>
  <system-out/>
</testsuite> <!-- tests.TC13SubscriptPswdProtectionZIP_DefaultProfile -->
