<?xml version="1.0" encoding="UTF-8"?>
<!-- Generated by org.testng.reporters.JUnitReportReporter -->
<testsuite hostname="Nom-31" failures="0" tests="1" name="_1743PayrollDSB.TC703CheckAutoPayroll" time="34.423" errors="0" timestamp="2021-12-24T14:37:57 IST" skipped="0">
  <testcase classname="_1743PayrollDSB.TC703CheckAutoPayroll" name="GoToUrlAssertUrlPositiveEnterEnterUsernamePositiveEnterEnterpasswordClickLoginButtonGoToUrlAs" time="34.423"/>
  <system-out/>
</testsuite> <!-- _1743PayrollDSB.TC703CheckAutoPayroll -->
