<?xml version="1.0" encoding="UTF-8"?>
<!-- Generated by org.testng.reporters.JUnitReportReporter -->
<testsuite hostname="Nom-31" failures="0" tests="1" name="AlertsForEmployeeAge.TC477over26andEmpFirstYrApprenticeComplete" time="66.894" errors="0" timestamp="2021-11-11T04:10:42 IST" skipped="0">
  <testcase classname="AlertsForEmployeeAge.TC477over26andEmpFirstYrApprenticeComplete" name="GoToUrlAssertUrlPositiveEnterEnterUsernamePositiveEnterEnterpasswordClickLoginButtonGoToUrlAs" time="66.894"/>
  <system-out/>
</testsuite> <!-- AlertsForEmployeeAge.TC477over26andEmpFirstYrApprenticeComplete -->
