<?xml version="1.0" encoding="UTF-8"?>
<!-- Generated by org.testng.reporters.JUnitReportReporter -->
<testsuite hostname="Nom-31" failures="0" tests="1" name="_1911test.TC667PDFEmailfromDSBtoNoContact" time="56.298" errors="0" timestamp="2021-11-11T04:10:42 IST" skipped="0">
  <testcase classname="_1911test.TC667PDFEmailfromDSBtoNoContact" name="GoToUrlAssertUrlPositiveEnterEnterUsernamePositiveEnterEnterpasswordClickLoginButtonGoToUrlAs" time="56.298"/>
  <system-out/>
</testsuite> <!-- _1911test.TC667PDFEmailfromDSBtoNoContact -->
