<?xml version="1.0" encoding="UTF-8"?>
<!-- Generated by org.testng.reporters.JUnitReportReporter -->
<testsuite hostname="Nom-31" failures="0" tests="1" name="verifyEmailsDataTest.TC224verifyEmailAtDsb" time="47.704" errors="0" timestamp="2022-01-31T05:54:57 IST" skipped="0">
  <testcase classname="verifyEmailsDataTest.TC224verifyEmailAtDsb" name="GoToUrlAssertUrlClickclickAllowancesSchemesClickmarkYesClickclickSaveClickgotoPayrollDashboard" time="47.704"/>
  <system-out/>
</testsuite> <!-- verifyEmailsDataTest.TC224verifyEmailAtDsb -->
