<?xml version="1.0" encoding="UTF-8"?>
<!-- Generated by org.testng.reporters.JUnitReportReporter -->
<testsuite hostname="Nom-31" failures="0" tests="1" name="_1943_GrossPay_Reports_Test.TC02_GrossPayTest" time="70.684" errors="0" timestamp="2021-06-06T17:43:39 IST" skipped="0">
  <testcase classname="_1943_GrossPay_Reports_Test.TC02_GrossPayTest" name="GoToUrlAssertUrlPositiveEnterEnterUsernamePositiveEnterEnterpasswordClickLoginButtonGoToUrlAs1" time="70.684"/>
  <system-out/>
</testsuite> <!-- _1943_GrossPay_Reports_Test.TC02_GrossPayTest -->
