<?xml version="1.0" encoding="UTF-8"?>
<!-- Generated by org.testng.reporters.JUnitReportReporter -->
<testsuite hostname="Nom-31" failures="0" tests="1" name="_1918NMW_Alert.TC09under18andEmpApperenticeInFirstYear" time="67.715" errors="0" timestamp="2021-11-11T04:10:41 IST" skipped="0">
  <testcase classname="_1918NMW_Alert.TC09under18andEmpApperenticeInFirstYear" name="GoToUrlAssertUrlPositiveEnterEnterUsernamePositiveEnterEnterpasswordClickLoginButtonGoToUrlAs" time="67.715"/>
  <system-out/>
</testsuite> <!-- _1918NMW_Alert.TC09under18andEmpApperenticeInFirstYear -->
