<?xml version="1.0" encoding="UTF-8"?>
<!-- Generated by org.testng.reporters.JUnitReportReporter -->
<testsuite hostname="Nom-31" failures="0" tests="3" name="_1912.TC359_361_1912DirFirst2MonthSalaryandlast" time="121.360" errors="0" timestamp="2021-11-11T04:10:42 IST" skipped="0">
  <testcase classname="_1912.TC359_361_1912DirFirst2MonthSalaryandlast" name="GoToUrlAssertUrlClickRunPayroll1ClickRunPayroll2ClickgetSuccessMsgClickUndoLastPayrollClickcl" time="41.694"/>
  <system-out/>
  <testcase classname="_1912.TC359_361_1912DirFirst2MonthSalaryandlast" name="GoToUrlAssertUrlClickRunPayroll1ClickRunPayroll2ClickgetSuccessMsgClickUndoLastPayrollClickc2" time="39.545"/>
  <system-out/>
  <testcase classname="_1912.TC359_361_1912DirFirst2MonthSalaryandlast" name="GoToUrlAssertUrlClickRunPayroll1ClickRunPayroll2ClickgetSuccessMsgClickUndoLastPayrollClickc3" time="40.121"/>
  <system-out/>
</testsuite> <!-- _1912.TC359_361_1912DirFirst2MonthSalaryandlast -->
