<?xml version="1.0" encoding="UTF-8"?>
<!-- Generated by org.testng.reporters.JUnitReportReporter -->
<testsuite hostname="Nom-31" failures="0" tests="2" name="_2087EmailLog.TC453_454EmailLogMainContact" time="103.720" errors="0" timestamp="2021-12-06T22:39:04 IST" skipped="0">
  <testcase classname="_2087EmailLog.TC453_454EmailLogMainContact" name="GoToUrlAssertUrlClickclickAllowancesSchemesClickmarkYesClickclickSaveClickgotoPayrollDashboard" time="56.123"/>
  <system-out/>
  <testcase classname="_2087EmailLog.TC453_454EmailLogMainContact" name="GoToUrlAssertUrlClickclickAllowancesSchemesClickmarkYesClickclickSaveClickgotoPayrollDashboard1" time="47.597"/>
  <system-out/>
</testsuite> <!-- _2087EmailLog.TC453_454EmailLogMainContact -->
