<?xml version="1.0" encoding="UTF-8"?>
<!-- Generated by org.testng.reporters.JUnitReportReporter -->
<testsuite hostname="Nom-31" failures="0" tests="1" name="EPStest.TC58subscriptEveryMonthEPSMaternity" time="41.864" errors="0" timestamp="2022-01-31T05:54:55 IST" skipped="0">
  <testcase classname="EPStest.TC58subscriptEveryMonthEPSMaternity" name="GoToUrlAssertUrlPositiveEnterEnterUsernamePositiveEnterEnterpasswordClickLoginButtonGoToUrlAs1" time="41.864"/>
  <system-out/>
</testsuite> <!-- EPStest.TC58subscriptEveryMonthEPSMaternity -->
