<?xml version="1.0" encoding="UTF-8"?>
<!-- Generated by org.testng.reporters.JUnitReportReporter -->
<testsuite hostname="Nom-31" failures="0" tests="6" name="_1743PayrollDSB.TC774_779CheckPayroll_DefferedClient" time="198.709" errors="0" timestamp="2022-03-14T15:26:38 IST" skipped="0">
  <testcase classname="_1743PayrollDSB.TC774_779CheckPayroll_DefferedClient" name="Deffered_Overdue" time="34.067"/>
  <system-out/>
  <testcase classname="_1743PayrollDSB.TC774_779CheckPayroll_DefferedClient" name="Deffered_1week" time="32.988"/>
  <system-out/>
  <testcase classname="_1743PayrollDSB.TC774_779CheckPayroll_DefferedClient" name="Deffered_1Month" time="32.817"/>
  <system-out/>
  <testcase classname="_1743PayrollDSB.TC774_779CheckPayroll_DefferedClient" name="Deffered_2Month" time="33.249"/>
  <system-out/>
  <testcase classname="_1743PayrollDSB.TC774_779CheckPayroll_DefferedClient" name="Deffered_3_6Month" time="33.165"/>
  <system-out/>
  <testcase classname="_1743PayrollDSB.TC774_779CheckPayroll_DefferedClient" name="Deffered_6plusMonth" time="32.423"/>
  <system-out/>
</testsuite> <!-- _1743PayrollDSB.TC774_779CheckPayroll_DefferedClient -->
