<?xml version="1.0" encoding="UTF-8"?>
<!-- Generated by org.testng.reporters.JUnitReportReporter -->
<testsuite hostname="Nom-31" failures="0" tests="4" name="_2078Test.TC410_413PaymentofMonthwhen2" time="181.953" errors="0" timestamp="2021-12-06T22:39:04 IST" skipped="0">
  <testcase classname="_2078Test.TC410_413PaymentofMonthwhen2" name="GoToUrlAssertUrlPositiveEnterEnterUsernamePositiveEnterEnterpasswordClickLoginButtonGoToUrlAs1" time="55.110"/>
  <system-out/>
  <testcase classname="_2078Test.TC410_413PaymentofMonthwhen2" name="GoToUrlAssertUrlClickRunPayroll1ClickRunPayroll2ClickgetSuccessMsgClickUndoLastPayrollClickcl" time="44.332"/>
  <system-out/>
  <testcase classname="_2078Test.TC410_413PaymentofMonthwhen2" name="GoToUrlAssertUrlClickRunPayroll1ClickRunPayroll2ClickgetSuccessMsgClickUndoLastPayrollClickc2" time="42.980"/>
  <system-out/>
  <testcase classname="_2078Test.TC410_413PaymentofMonthwhen2" name="GoToUrlAssertUrlClickRunPayroll1ClickRunPayroll2ClickgetSuccessMsgClickUndoLastPayrollClickc4" time="39.531"/>
  <system-out/>
</testsuite> <!-- _2078Test.TC410_413PaymentofMonthwhen2 -->
