<?xml version="1.0" encoding="UTF-8"?>
<!-- Generated by org.testng.reporters.JUnitReportReporter -->
<testsuite hostname="Nom-31" failures="0" tests="4" name="_1706Test.TC449P11DeductionReport" time="191.229" errors="0" timestamp="2021-08-24T14:17:30 IST" skipped="0">
  <testcase classname="_1706Test.TC449P11DeductionReport" name="GoToUrlAssertUrlClickRunPayroll1ClickRunPayroll2ClickgetSuccessMsgClickUndoLastPayrollClickcl" time="55.246"/>
  <system-out/>
  <testcase classname="_1706Test.TC449P11DeductionReport" name="GoToUrlAssertUrlClickRunPayroll1ClickRunPayroll2ClickgetSuccessMsgClickUndoLastPayrollClickc4" time="48.021"/>
  <system-out/>
  <testcase classname="_1706Test.TC449P11DeductionReport" name="GoToUrlAssertUrlClickRunPayroll1ClickRunPayroll2ClickgetSuccessMsgClickUndoLastPayrollClickc2" time="49.177"/>
  <system-out/>
  <testcase classname="_1706Test.TC449P11DeductionReport" name="GoToUrlAssertUrlClickRunPayroll1ClickRunPayroll2ClickgetSuccessMsgClickUndoLastPayrollClickcl1" time="38.785"/>
  <system-out/>
</testsuite> <!-- _1706Test.TC449P11DeductionReport -->
