<?xml version="1.0" encoding="UTF-8"?>
<!-- Generated by org.testng.reporters.JUnitReportReporter -->
<testsuite hostname="Nom-31" failures="0" tests="1" name="_1768Test.TC292_1768check" time="112.232" errors="0" timestamp="2021-07-12T18:21:41 IST" skipped="0">
  <testcase classname="_1768Test.TC292_1768check" name="GoToUrlAssertUrlClickclickAllowancesSchemesClickmarkYesClickclickSaveClickgotoPayrollDashboard" time="112.232"/>
  <system-out/>
</testsuite> <!-- _1768Test.TC292_1768check -->
