<?xml version="1.0" encoding="UTF-8"?>
<!-- Generated by org.testng.reporters.JUnitReportReporter -->
<testsuite hostname="Nom-31" failures="0" tests="6" name="_1743PayrollDSB.TC768_773CheckPayroll_AwaitingApprovalClient" time="201.679" errors="0" timestamp="2022-03-14T15:26:38 IST" skipped="0">
  <testcase classname="_1743PayrollDSB.TC768_773CheckPayroll_AwaitingApprovalClient" name="AwaitingApproval_Overdue" time="33.523"/>
  <system-out/>
  <testcase classname="_1743PayrollDSB.TC768_773CheckPayroll_AwaitingApprovalClient" name="AwaitingApproval_1week" time="33.886"/>
  <system-out/>
  <testcase classname="_1743PayrollDSB.TC768_773CheckPayroll_AwaitingApprovalClient" name="AwaitingApproval_1Month" time="33.236"/>
  <system-out/>
  <testcase classname="_1743PayrollDSB.TC768_773CheckPayroll_AwaitingApprovalClient" name="AwaitingApproval_2Month" time="33.055"/>
  <system-out/>
  <testcase classname="_1743PayrollDSB.TC768_773CheckPayroll_AwaitingApprovalClient" name="AwaitingApproval_3_6Month" time="33.943"/>
  <system-out/>
  <testcase classname="_1743PayrollDSB.TC768_773CheckPayroll_AwaitingApprovalClient" name="AwaitingApproval_6plusMonth" time="34.036"/>
  <system-out/>
</testsuite> <!-- _1743PayrollDSB.TC768_773CheckPayroll_AwaitingApprovalClient -->
