<?xml version="1.0" encoding="UTF-8"?>
<!-- Generated by org.testng.reporters.JUnitReportReporter -->
<testsuite hostname="Nom-31" failures="0" tests="6" name="_1743PayrollDSB.TC744_749CheckPayroll_DefferedClient" time="199.080" errors="0" timestamp="2022-03-14T15:26:38 IST" skipped="0">
  <testcase classname="_1743PayrollDSB.TC744_749CheckPayroll_DefferedClient" name="Deffered_Overdue" time="32.464"/>
  <system-out/>
  <testcase classname="_1743PayrollDSB.TC744_749CheckPayroll_DefferedClient" name="Deffered_1week" time="32.484"/>
  <system-out/>
  <testcase classname="_1743PayrollDSB.TC744_749CheckPayroll_DefferedClient" name="Deffered_1Month" time="33.276"/>
  <system-out/>
  <testcase classname="_1743PayrollDSB.TC744_749CheckPayroll_DefferedClient" name="Deffered_2Month" time="33.649"/>
  <system-out/>
  <testcase classname="_1743PayrollDSB.TC744_749CheckPayroll_DefferedClient" name="Deffered_3_6Month" time="33.252"/>
  <system-out/>
  <testcase classname="_1743PayrollDSB.TC744_749CheckPayroll_DefferedClient" name="Deffered_6plusMonth" time="33.955"/>
  <system-out/>
</testsuite> <!-- _1743PayrollDSB.TC744_749CheckPayroll_DefferedClient -->
