<?xml version="1.0" encoding="UTF-8"?>
<!-- Generated by org.testng.reporters.JUnitReportReporter -->
<testsuite hostname="Nom-31" failures="0" tests="1" name="_2128AutoPayProtection.TC635PaysliptoERandOtherwithPeriodOption" time="45.171" errors="0" timestamp="2022-03-14T15:26:38 IST" skipped="0">
  <testcase classname="_2128AutoPayProtection.TC635PaysliptoERandOtherwithPeriodOption" name="GoToUrlAssertUrlPositiveEnterEnterUsernamePositiveEnterEnterpasswordClickLoginButtonGoToUrlAs" time="45.171"/>
  <system-out/>
</testsuite> <!-- _2128AutoPayProtection.TC635PaysliptoERandOtherwithPeriodOption -->
