<?xml version="1.0" encoding="UTF-8"?>
<!-- Generated by org.testng.reporters.JUnitReportReporter -->
<testsuite hostname="Nom-31" failures="0" tests="1" name="SmallerEmployertest.T5MidYearQualifiedforSmallerEmployer_DefaultProfile" time="50.242" errors="0" timestamp="2021-06-05T15:03:05 IST" skipped="0">
  <testcase classname="SmallerEmployertest.T5MidYearQualifiedforSmallerEmployer_DefaultProfile" name="GoToUrlAssertUrlClickclickAllowancesSchemesClickselectYestosmallERClickselectNotosmallERClickc" time="50.242"/>
  <system-out/>
</testsuite> <!-- SmallerEmployertest.T5MidYearQualifiedforSmallerEmployer_DefaultProfile -->
