<?xml version="1.0" encoding="UTF-8"?>
<!-- Generated by org.testng.reporters.JUnitReportReporter -->
<testsuite hostname="Nom-31" failures="0" tests="1" name="test.frequency.TC26subscriptFillingManagment_DefaultProfile" time="146.492" errors="0" timestamp="2021-11-11T04:10:41 IST" skipped="0">
  <testcase classname="test.frequency.TC26subscriptFillingManagment_DefaultProfile" name="GoToUrlAssertUrlPositiveSelectStatusSearch1ClickSelectCheckBoxPositiveSelectSubmitReasonClickS1" time="146.492"/>
  <system-out/>
</testsuite> <!-- test.frequency.TC26subscriptFillingManagment_DefaultProfile -->
