<?xml version="1.0" encoding="UTF-8"?>
<!-- Generated by org.testng.reporters.JUnitReportReporter -->
<testsuite hostname="Nom-31" failures="0" tests="3" name="_1912.TC356_358_1912Dir3MonthSalary" time="125.591" errors="0" timestamp="2022-03-14T15:26:38 IST" skipped="0">
  <testcase classname="_1912.TC356_358_1912Dir3MonthSalary" name="GoToUrlAssertUrlClickRunPayroll1ClickRunPayroll2ClickgetSuccessMsgClickUndoLastPayrollClickcl" time="40.828"/>
  <system-out/>
  <testcase classname="_1912.TC356_358_1912Dir3MonthSalary" name="GoToUrlAssertUrlClickRunPayroll1ClickRunPayroll2ClickgetSuccessMsgClickUndoLastPayrollClickc2" time="42.559"/>
  <system-out/>
  <testcase classname="_1912.TC356_358_1912Dir3MonthSalary" name="GoToUrlAssertUrlClickRunPayroll1ClickRunPayroll2ClickgetSuccessMsgClickUndoLastPayrollClickc3" time="42.204"/>
  <system-out/>
</testsuite> <!-- _1912.TC356_358_1912Dir3MonthSalary -->
