<?xml version="1.0" encoding="UTF-8"?>
<!-- Generated by org.testng.reporters.JUnitReportReporter -->
<testsuite hostname="Nom-31" failures="0" tests="4" name="_2078Test.TC422_425PaymentofMonthwhenQtrPAYE" time="175.007" errors="0" timestamp="2021-12-06T22:39:04 IST" skipped="0">
  <testcase classname="_2078Test.TC422_425PaymentofMonthwhenQtrPAYE" name="GoToUrlAssertUrlPositiveEnterEnterUsernamePositiveEnterEnterpasswordClickLoginButtonGoToUrlAs1" time="43.556"/>
  <system-out/>
  <testcase classname="_2078Test.TC422_425PaymentofMonthwhenQtrPAYE" name="GoToUrlAssertUrlClickRunPayroll1ClickRunPayroll2ClickgetSuccessMsgClickUndoLastPayrollClickcl" time="44.577"/>
  <system-out/>
  <testcase classname="_2078Test.TC422_425PaymentofMonthwhenQtrPAYE" name="GoToUrlAssertUrlClickRunPayroll1ClickRunPayroll2ClickgetSuccessMsgClickUndoLastPayrollClickc2" time="40.207"/>
  <system-out/>
  <testcase classname="_2078Test.TC422_425PaymentofMonthwhenQtrPAYE" name="GoToUrlAssertUrlClickRunPayroll1ClickRunPayroll2ClickgetSuccessMsgClickUndoLastPayrollClickc4" time="46.667"/>
  <system-out/>
</testsuite> <!-- _2078Test.TC422_425PaymentofMonthwhenQtrPAYE -->
