<?xml version="1.0" encoding="UTF-8"?>
<!-- Generated by org.testng.reporters.JUnitReportReporter -->
<testsuite hostname="Nom-31" failures="0" tests="1" name="AlertsForEmployeeAge.TC473over21andEmpApperenticeIn2ndYear" time="67.686" errors="0" timestamp="2021-12-06T22:39:04 IST" skipped="0">
  <testcase classname="AlertsForEmployeeAge.TC473over21andEmpApperenticeIn2ndYear" name="GoToUrlAssertUrlPositiveEnterEnterUsernamePositiveEnterEnterpasswordClickLoginButtonGoToUrlAs" time="67.686"/>
  <system-out/>
</testsuite> <!-- AlertsForEmployeeAge.TC473over21andEmpApperenticeIn2ndYear -->
