<?xml version="1.0" encoding="UTF-8"?>
<!-- Generated by org.testng.reporters.JUnitReportReporter -->
<testsuite hostname="Nom-31" failures="0" tests="1" name="_1743PayrollDSB.TC726_731CheckPayroll_OnHoldClient" time="30.764" errors="0" timestamp="2021-12-24T15:13:54 IST" skipped="0">
  <testcase classname="_1743PayrollDSB.TC726_731CheckPayroll_OnHoldClient" name="OnHold_6plusMonth" time="30.764"/>
  <system-out/>
</testsuite> <!-- _1743PayrollDSB.TC726_731CheckPayroll_OnHoldClient -->
