<?xml version="1.0" encoding="UTF-8"?>
<!-- Generated by org.testng.reporters.JUnitReportReporter -->
<testsuite hostname="Nom-31" failures="0" tests="4" name="_1540EEInfoImport.TC945_948CheckPayroll_Awaiting" time="133.891" errors="0" timestamp="2022-03-14T15:26:38 IST" skipped="0">
  <testcase classname="_1540EEInfoImport.TC945_948CheckPayroll_Awaiting" name="AwaitingReview_Overdue" time="33.121"/>
  <system-out/>
  <testcase classname="_1540EEInfoImport.TC945_948CheckPayroll_Awaiting" name="AwaitingReview_1week" time="32.846"/>
  <system-out/>
  <testcase classname="_1540EEInfoImport.TC945_948CheckPayroll_Awaiting" name="AwaitingReview_1Month" time="33.791"/>
  <system-out/>
  <testcase classname="_1540EEInfoImport.TC945_948CheckPayroll_Awaiting" name="AwaitingReview_2Month" time="34.133"/>
  <system-out/>
</testsuite> <!-- _1540EEInfoImport.TC945_948CheckPayroll_Awaiting -->
