<?xml version="1.0" encoding="UTF-8"?>
<!-- Generated by org.testng.reporters.JUnitReportReporter -->
<testsuite hostname="Nom-31" failures="0" tests="13" name="PayrollDashboardUItest.TC297_309PayrollDshboardChk" time="556.851" errors="0" timestamp="2022-01-31T05:54:55 IST" skipped="0">
  <testcase classname="PayrollDashboardUItest.TC297_309PayrollDshboardChk" name="GoToUrlAssertUrlClickclickAllowancesSchemesClickmarkYesClickclickSaveClickgotoPayrollDashboard" time="43.375"/>
  <system-out/>
  <testcase classname="PayrollDashboardUItest.TC297_309PayrollDshboardChk" name="GoToUrlAssertUrlClickclickAllowancesSchemesClickmarkYesClickclickSaveClickgotoPayrollDashboard1" time="43.576"/>
  <system-out/>
  <testcase classname="PayrollDashboardUItest.TC297_309PayrollDshboardChk" name="GoToUrlAssertUrlClickclickAllowancesSchemesClickmarkYesClickclickSaveClickgotoPayrollDashboard2" time="42.126"/>
  <system-out/>
  <testcase classname="PayrollDashboardUItest.TC297_309PayrollDshboardChk" name="GoToUrlAssertUrlClickclickAllowancesSchemesClickmarkYesClickclickSaveClickgotoPayrollDashboard3" time="41.870"/>
  <system-out/>
  <testcase classname="PayrollDashboardUItest.TC297_309PayrollDshboardChk" name="GoToUrlAssertUrlClickclickAllowancesSchemesClickmarkYesClickclickSaveClickgotoPayrollDashboard4" time="41.855"/>
  <system-out/>
  <testcase classname="PayrollDashboardUItest.TC297_309PayrollDshboardChk" name="GoToUrlAssertUrlClickclickAllowancesSchemesClickmarkYesClickclickSaveClickgotoPayrollDashboard5" time="43.070"/>
  <system-out/>
  <testcase classname="PayrollDashboardUItest.TC297_309PayrollDshboardChk" name="GoToUrlAssertUrlClickclickAllowancesSchemesClickmarkYesClickclickSaveClickgotoPayrollDashboard6" time="45.178"/>
  <system-out/>
  <testcase classname="PayrollDashboardUItest.TC297_309PayrollDshboardChk" name="GoToUrlAssertUrlClickclickAllowancesSchemesClickmarkYesClickclickSaveClickgotoPayrollDashboard7" time="42.200"/>
  <system-out/>
  <testcase classname="PayrollDashboardUItest.TC297_309PayrollDshboardChk" name="GoToUrlAssertUrlClickclickAllowancesSchemesClickmarkYesClickclickSaveClickgotoPayrollDashboard8" time="43.339"/>
  <system-out/>
  <testcase classname="PayrollDashboardUItest.TC297_309PayrollDshboardChk" name="GoToUrlAssertUrlClickclickAllowancesSchemesClickmarkYesClickclickSaveClickgotoPayrollDashboard9" time="42.311"/>
  <system-out/>
  <testcase classname="PayrollDashboardUItest.TC297_309PayrollDshboardChk" name="GoToUrlAssertUrlClickclickAllowancesSchemesClickmarkYesClickclickSaveClickgotoPayrollDashboard10" time="43.096"/>
  <system-out/>
  <testcase classname="PayrollDashboardUItest.TC297_309PayrollDshboardChk" name="GoToUrlAssertUrlClickclickAllowancesSchemesClickmarkYesClickclickSaveClickgotoPayrollDashboard11" time="42.286"/>
  <system-out/>
  <testcase classname="PayrollDashboardUItest.TC297_309PayrollDshboardChk" name="GoToUrlAssertUrlClickclickAllowancesSchemesClickmarkYesClickclickSaveClickgotoPayrollDashboard12" time="42.569"/>
  <system-out/>
</testsuite> <!-- PayrollDashboardUItest.TC297_309PayrollDshboardChk -->
