<?xml version="1.0" encoding="UTF-8"?>
<!-- Generated by org.testng.reporters.JUnitReportReporter -->
<testsuite hostname="Nom-31" failures="0" tests="1" name="frequencytest.TC54subScriptWklytoMnth_DefaultProfile" time="85.099" errors="0" timestamp="2021-12-21T12:09:45 IST" skipped="0">
  <testcase classname="frequencytest.TC54subScriptWklytoMnth_DefaultProfile" name="GoToUrlAssertUrlPositiveEnterEnterUsernamePositiveEnterEnterpasswordClickLoginButtonGoToUrlAs1" time="85.099"/>
  <system-out/>
</testsuite> <!-- frequencytest.TC54subScriptWklytoMnth_DefaultProfile -->
