<?xml version="1.0" encoding="UTF-8"?>
<!-- Generated by org.testng.reporters.JUnitReportReporter -->
<testsuite hostname="Nom-31" failures="0" tests="1" name="test.frequency.subScriptWeeklyFrequency_DefaultProfile" time="45.795" errors="0" timestamp="2021-04-02T12:55:49 IST" skipped="0">
  <testcase classname="test.frequency.subScriptWeeklyFrequency_DefaultProfile" name="GoToUrlAssertUrlPositiveEnterEnterUsernamePositiveEnterEnterpasswordClickLoginButtonGoToUrlAs1" time="45.795"/>
  <system-out/>
</testsuite> <!-- test.frequency.subScriptWeeklyFrequency_DefaultProfile -->
