<?xml version="1.0" encoding="UTF-8"?>
<!-- Generated by org.testng.reporters.JUnitReportReporter -->
<testsuite hostname="Nom-31" failures="0" tests="3" name="_1912.TC389_391_1912MiddleFPSWithLowSalary" time="125.267" errors="0" timestamp="2022-03-14T15:26:38 IST" skipped="0">
  <testcase classname="_1912.TC389_391_1912MiddleFPSWithLowSalary" name="GoToUrlAssertUrlClickRunPayroll1ClickRunPayroll2ClickgetSuccessMsgClickUndoLastPayrollClickcl" time="41.585"/>
  <system-out/>
  <testcase classname="_1912.TC389_391_1912MiddleFPSWithLowSalary" name="GoToUrlAssertUrlClickRunPayroll1ClickRunPayroll2ClickgetSuccessMsgClickUndoLastPayrollClickc2" time="41.145"/>
  <system-out/>
  <testcase classname="_1912.TC389_391_1912MiddleFPSWithLowSalary" name="GoToUrlAssertUrlClickRunPayroll1ClickRunPayroll2ClickgetSuccessMsgClickUndoLastPayrollClickc3" time="42.537"/>
  <system-out/>
</testsuite> <!-- _1912.TC389_391_1912MiddleFPSWithLowSalary -->
