<?xml version="1.0" encoding="UTF-8"?>
<!-- Generated by org.testng.reporters.JUnitReportReporter -->
<testsuite hostname="Nom-31" failures="0" tests="1" name="verifyEmailsDataTest.TC242ErrorwhenUncheckCompanyemail" time="47.053" errors="0" timestamp="2022-03-14T15:26:37 IST" skipped="0">
  <testcase classname="verifyEmailsDataTest.TC242ErrorwhenUncheckCompanyemail" name="GoToUrlAssertUrlClickclickAllowancesSchemesClickmarkYesClickclickSaveClickgotoPayrollDashboard" time="47.053"/>
  <system-out/>
</testsuite> <!-- verifyEmailsDataTest.TC242ErrorwhenUncheckCompanyemail -->
