<?xml version="1.0" encoding="UTF-8"?>
<!-- Generated by org.testng.reporters.JUnitReportReporter -->
<testsuite hostname="Nom-31" failures="0" tests="1" name="_2106AutoPayroll.TC609AutoPayrollAndPayslipToEmpwithNoSummary" time="61.353" errors="0" timestamp="2021-11-11T04:10:41 IST" skipped="0">
  <testcase classname="_2106AutoPayroll.TC609AutoPayrollAndPayslipToEmpwithNoSummary" name="GoToUrlAssertUrlPositiveEnterEnterUsernamePositiveEnterEnterpasswordClickLoginButtonGoToUrlAs" time="61.353"/>
  <system-out/>
</testsuite> <!-- _2106AutoPayroll.TC609AutoPayrollAndPayslipToEmpwithNoSummary -->
