<?xml version="1.0" encoding="UTF-8"?>
<!-- Generated by org.testng.reporters.JUnitReportReporter -->
<testsuite hostname="Nom-31" failures="0" tests="1" name="verifyEmailsDataTest.TC238EmailHeaderWhenMainContactnotAvail" time="47.287" errors="0" timestamp="2022-03-14T15:26:37 IST" skipped="0">
  <testcase classname="verifyEmailsDataTest.TC238EmailHeaderWhenMainContactnotAvail" name="GoToUrlAssertUrlClickclickAllowancesSchemesClickmarkYesClickclickSaveClickgotoPayrollDashboard" time="47.287"/>
  <system-out/>
</testsuite> <!-- verifyEmailsDataTest.TC238EmailHeaderWhenMainContactnotAvail -->
