<?xml version="1.0" encoding="UTF-8"?>
<!-- Generated by org.testng.reporters.JUnitReportReporter -->
<testsuite hostname="Nom-31" failures="0" tests="1" name="PaymentManagement.TC03_PM_weekly3" time="51.719" errors="0" timestamp="2021-06-04T19:15:57 IST" skipped="0">
  <testcase classname="PaymentManagement.TC03_PM_weekly3" name="GoToUrlAssertUrlPositiveEnterEnterUsernamePositiveEnterEnterpasswordClickLoginButtonGoToUrlAs" time="51.719"/>
  <system-out/>
</testsuite> <!-- PaymentManagement.TC03_PM_weekly3 -->
