<?xml version="1.0" encoding="UTF-8"?>
<!-- Generated by org.testng.reporters.JUnitReportReporter -->
<testsuite hostname="Nom-31" failures="0" tests="4" name="_2078Test.TC430_433PaymentofMonthwhenPaymentManagement" time="172.240" errors="0" timestamp="2021-12-21T12:09:45 IST" skipped="0">
  <testcase classname="_2078Test.TC430_433PaymentofMonthwhenPaymentManagement" name="GoToUrlAssertUrlPositiveEnterEnterUsernamePositiveEnterEnterpasswordClickLoginButtonGoToUrlAs1" time="44.126"/>
  <system-out/>
  <testcase classname="_2078Test.TC430_433PaymentofMonthwhenPaymentManagement" name="GoToUrlAssertUrlClickRunPayroll1ClickRunPayroll2ClickgetSuccessMsgClickUndoLastPayrollClickcl" time="40.536"/>
  <system-out/>
  <testcase classname="_2078Test.TC430_433PaymentofMonthwhenPaymentManagement" name="GoToUrlAssertUrlClickRunPayroll1ClickRunPayroll2ClickgetSuccessMsgClickUndoLastPayrollClickc2" time="40.355"/>
  <system-out/>
  <testcase classname="_2078Test.TC430_433PaymentofMonthwhenPaymentManagement" name="GoToUrlAssertUrlClickRunPayroll1ClickRunPayroll2ClickgetSuccessMsgClickUndoLastPayrollClickc4" time="47.223"/>
  <system-out/>
</testsuite> <!-- _2078Test.TC430_433PaymentofMonthwhenPaymentManagement -->
