<?xml version="1.0" encoding="UTF-8"?>
<!-- Generated by org.testng.reporters.JUnitReportReporter -->
<testsuite hostname="Nom-31" failures="0" tests="1" name="PaymentManagement.TC02_PM_MulFreq3" time="52.601" errors="0" timestamp="2021-06-04T19:07:54 IST" skipped="0">
  <testcase classname="PaymentManagement.TC02_PM_MulFreq3" name="GoToUrlAssertUrlPositiveEnterEnterUsernamePositiveEnterEnterpasswordClickLoginButtonGoToUrlAs" time="52.601"/>
  <system-out/>
</testsuite> <!-- PaymentManagement.TC02_PM_MulFreq3 -->
