<?xml version="1.0" encoding="UTF-8"?>
<!-- Generated by org.testng.reporters.JUnitReportReporter -->
<testsuite hostname="Nom-31" failures="0" tests="2" name="_2170RTI_Submission.TC698_699CheckTaxablePayJoinMidFortNight" time="94.635" errors="0" timestamp="2021-12-06T22:39:04 IST" skipped="0">
  <testcase classname="_2170RTI_Submission.TC698_699CheckTaxablePayJoinMidFortNight" name="GoToUrlAssertUrlPositiveEnterEnterUsernamePositiveEnterEnterpasswordClickLoginButtonGoToUrlAs" time="54.099"/>
  <system-out/>
  <testcase classname="_2170RTI_Submission.TC698_699CheckTaxablePayJoinMidFortNight" name="GoToUrlAssertUrlPositiveEnterEnterUsernamePositiveEnterEnterpasswordClickLoginButtonGoToUrlAs1" time="40.536"/>
  <system-out/>
</testsuite> <!-- _2170RTI_Submission.TC698_699CheckTaxablePayJoinMidFortNight -->
