<?xml version="1.0" encoding="UTF-8"?>
<!-- Generated by org.testng.reporters.JUnitReportReporter -->
<testsuite hostname="Nom-31" failures="0" tests="1" name="SmallerEmployertest.SmallerEmployer_DefaultProfile" time="54.782" errors="0" timestamp="2021-06-06T20:50:26 IST" skipped="0">
  <testcase classname="SmallerEmployertest.SmallerEmployer_DefaultProfile" name="GoToUrlAssertUrlClickclickAllowancesSchemesClickselectYestosmallERClickselectNotosmallERClickc" time="54.782"/>
  <system-out/>
</testsuite> <!-- SmallerEmployertest.SmallerEmployer_DefaultProfile -->
