<?xml version="1.0" encoding="UTF-8"?>
<!-- Generated by org.testng.reporters.JUnitReportReporter -->
<testsuite hostname="Nom-31" failures="0" tests="1" name="SmallerEmployertest.TC138_SER_NoPrevEmp" time="40.933" errors="0" timestamp="2021-11-11T04:10:41 IST" skipped="0">
  <testcase classname="SmallerEmployertest.TC138_SER_NoPrevEmp" name="GoToUrlAssertUrlClickclickAllowancesSchemesClickselectYestosmallERClickselectNotosmallERClickc" time="40.933"/>
  <system-out/>
</testsuite> <!-- SmallerEmployertest.TC138_SER_NoPrevEmp -->
