<?xml version="1.0" encoding="UTF-8"?>
<!-- Generated by org.testng.reporters.JUnitReportReporter -->
<testsuite hostname="Nom-31" failures="0" tests="1" name="PaymentManagement.subscriptPaymentmmgtwhenfreqWeekly" time="52.296" errors="0" timestamp="2021-06-05T14:13:15 IST" skipped="0">
  <testcase classname="PaymentManagement.subscriptPaymentmmgtwhenfreqWeekly" name="GoToUrlAssertUrlPositiveEnterEnterUsernamePositiveEnterEnterpasswordClickLoginButtonGoToUrlAs" time="52.296"/>
  <system-out/>
</testsuite> <!-- PaymentManagement.subscriptPaymentmmgtwhenfreqWeekly -->
