<?xml version="1.0" encoding="UTF-8"?>
<!-- Generated by org.testng.reporters.JUnitReportReporter -->
<testsuite hostname="Nom-31" failures="0" tests="2" name="_1706Test.TC692_693CheckTaxablePayForMidYear11" time="90.201" errors="0" timestamp="2022-03-14T15:26:38 IST" skipped="0">
  <testcase classname="_1706Test.TC692_693CheckTaxablePayForMidYear11" name="GoToUrlAssertUrlPositiveEnterEnterUsernamePositiveEnterEnterpasswordClickLoginButtonGoToUrlAs" time="51.093"/>
  <system-out/>
  <testcase classname="_1706Test.TC692_693CheckTaxablePayForMidYear11" name="GoToUrlAssertUrlPositiveEnterEnterUsernamePositiveEnterEnterpasswordClickLoginButtonGoToUrlAs1" time="39.108"/>
  <system-out/>
</testsuite> <!-- _1706Test.TC692_693CheckTaxablePayForMidYear11 -->
