<?xml version="1.0" encoding="UTF-8"?>
<!-- Generated by org.testng.reporters.JUnitReportReporter -->
<testsuite hostname="Nom-31" failures="0" tests="4" name="DeleteAddEmpTest.TC445_448EmpAddDel" time="136.015" errors="0" timestamp="2022-03-14T15:26:38 IST" skipped="0">
  <testcase classname="DeleteAddEmpTest.TC445_448EmpAddDel" name="GoToUrlAssertUrlClickRunPayroll1ClickRunPayroll2ClickgetSuccessMsgClickUndoLastPayrollClickcl" time="34.130"/>
  <system-out/>
  <testcase classname="DeleteAddEmpTest.TC445_448EmpAddDel" name="GoToUrlAssertUrlClickRunPayroll1ClickRunPayroll2ClickgetSuccessMsgClickUndoLastPayrollClickc4" time="33.405"/>
  <system-out/>
  <testcase classname="DeleteAddEmpTest.TC445_448EmpAddDel" name="GoToUrlAssertUrlClickRunPayroll1ClickRunPayroll2ClickgetSuccessMsgClickUndoLastPayrollClickc3" time="34.612"/>
  <system-out/>
  <testcase classname="DeleteAddEmpTest.TC445_448EmpAddDel" name="GoToUrlAssertUrlClickRunPayroll1ClickRunPayroll2ClickgetSuccessMsgClickUndoLastPayrollClickc2" time="33.868"/>
  <system-out/>
</testsuite> <!-- DeleteAddEmpTest.TC445_448EmpAddDel -->
