<?xml version="1.0" encoding="UTF-8"?>
<!-- Generated by org.testng.reporters.JUnitReportReporter -->
<testsuite hostname="Nom-31" failures="0" tests="1" name="SmallerEmployertest.TC135_SER_Enable" time="42.177" errors="0" timestamp="2021-11-11T04:10:41 IST" skipped="0">
  <testcase classname="SmallerEmployertest.TC135_SER_Enable" name="GoToUrlAssertUrlClickclickAllowancesSchemesClickselectYestosmallERClickselectNotosmallERClickc" time="42.177"/>
  <system-out/>
</testsuite> <!-- SmallerEmployertest.TC135_SER_Enable -->
