<?xml version="1.0" encoding="UTF-8"?>
<!-- Generated by org.testng.reporters.JUnitReportReporter -->
<testsuite hostname="Nom-31" failures="0" tests="1" name="verifySummaryReportsData.TC270PaymentcheckofsummarywhenQtr_Allowance" time="80.077" errors="0" timestamp="2021-11-11T04:10:42 IST" skipped="0">
  <testcase classname="verifySummaryReportsData.TC270PaymentcheckofsummarywhenQtr_Allowance" name="GoToUrlAssertUrlClickclickAllowancesSchemesClickmarkYesClickclickSaveClickgotoPayrollDashboard" time="80.077"/>
  <system-out/>
</testsuite> <!-- verifySummaryReportsData.TC270PaymentcheckofsummarywhenQtr_Allowance -->
