<?xml version="1.0" encoding="UTF-8"?>
<!-- Generated by org.testng.reporters.JUnitReportReporter -->
<testsuite hostname="Nom-31" failures="0" tests="1" name="verifySummaryReportsData.TC279chkNIofsummarywhenQtr_AllowanceinStart" time="72.015" errors="0" timestamp="2021-12-06T22:39:04 IST" skipped="0">
  <testcase classname="verifySummaryReportsData.TC279chkNIofsummarywhenQtr_AllowanceinStart" name="GoToUrlAssertUrlClickclickAllowancesSchemesClickmarkYesClickclickSaveClickgotoPayrollDashboard" time="72.015"/>
  <system-out/>
</testsuite> <!-- verifySummaryReportsData.TC279chkNIofsummarywhenQtr_AllowanceinStart -->
