<?xml version="1.0" encoding="UTF-8"?>
<!-- Generated by org.testng.reporters.JUnitReportReporter -->
<testsuite hostname="Nom-31" failures="0" tests="2" name="_1706Test.TC696_697CheckTaxablePayJoinMidWeekly13" time="93.804" errors="0" timestamp="2022-03-14T15:26:38 IST" skipped="0">
  <testcase classname="_1706Test.TC696_697CheckTaxablePayJoinMidWeekly13" name="GoToUrlAssertUrlPositiveEnterEnterUsernamePositiveEnterEnterpasswordClickLoginButtonGoToUrlAs" time="52.881"/>
  <system-out/>
  <testcase classname="_1706Test.TC696_697CheckTaxablePayJoinMidWeekly13" name="GoToUrlAssertUrlPositiveEnterEnterUsernamePositiveEnterEnterpasswordClickLoginButtonGoToUrlAs1" time="40.923"/>
  <system-out/>
</testsuite> <!-- _1706Test.TC696_697CheckTaxablePayJoinMidWeekly13 -->
