<?xml version="1.0" encoding="UTF-8"?>
<!-- Generated by org.testng.reporters.JUnitReportReporter -->
<testsuite hostname="Nom-31" failures="0" tests="1" name="frequencytest.TC52subscriptT13EPSpermonth" time="35.585" errors="0" timestamp="2022-03-14T15:26:38 IST" skipped="0">
  <testcase classname="frequencytest.TC52subscriptT13EPSpermonth" name="GoToUrlAssertUrlPositiveEnterEnterUsernamePositiveEnterEnterpasswordClickLoginButtonGoToUrlAs1" time="35.585"/>
  <system-out/>
</testsuite> <!-- frequencytest.TC52subscriptT13EPSpermonth -->
