<?xml version="1.0" encoding="UTF-8"?>
<!-- Generated by org.testng.reporters.JUnitReportReporter -->
<testsuite hostname="Nom-31" failures="0" tests="2" name="tests.TC18subScriptPayFrequency_DefaultProfile" time="102.092" errors="0" timestamp="2022-03-14T15:26:37 IST" skipped="0">
  <testcase classname="tests.TC18subScriptPayFrequency_DefaultProfile" name="GoToUrlAssertUrlPositiveEnterEnterUsernamePositiveEnterEnterpasswordClickLoginButtonGoToUrlAs1" time="51.746"/>
  <system-out/>
  <testcase classname="tests.TC18subScriptPayFrequency_DefaultProfile" name="GoToUrlAssertUrlPositiveEnterEnterUsernamePositiveEnterEnterpasswordClickLoginButtonGoToUrlAs1" time="50.346"/>
  <system-out/>
</testsuite> <!-- tests.TC18subScriptPayFrequency_DefaultProfile -->
