<?xml version="1.0" encoding="UTF-8"?>
<!-- Generated by org.testng.reporters.JUnitReportReporter -->
<testsuite hostname="Nom-31" failures="0" tests="1" name="Company_Director_Tests.TC81CDResignBetweenTxYrLowFiling_DefaultProfile" time="45.624" errors="0" timestamp="2022-01-31T05:54:55 IST" skipped="0">
  <testcase classname="Company_Director_Tests.TC81CDResignBetweenTxYrLowFiling_DefaultProfile" name="GoToUrlAssertUrlClickgotoReportsClickclickP11ClickgetLELAmountClickgetPTAmountClickgetUELAmou" time="45.624"/>
  <system-out/>
</testsuite> <!-- Company_Director_Tests.TC81CDResignBetweenTxYrLowFiling_DefaultProfile -->
