<?xml version="1.0" encoding="UTF-8"?>
<!-- Generated by org.testng.reporters.JUnitReportReporter -->
<testsuite hostname="Nom-31" failures="0" tests="1" name="_1911test.TC664NoProtectionEmailfromDSBtoNoContact" time="58.814" errors="0" timestamp="2021-11-11T04:10:41 IST" skipped="0">
  <testcase classname="_1911test.TC664NoProtectionEmailfromDSBtoNoContact" name="GoToUrlAssertUrlPositiveEnterEnterUsernamePositiveEnterEnterpasswordClickLoginButtonGoToUrlAs" time="58.814"/>
  <system-out/>
</testsuite> <!-- _1911test.TC664NoProtectionEmailfromDSBtoNoContact -->
