<?xml version="1.0" encoding="UTF-8"?>
<!-- Generated by org.testng.reporters.JUnitReportReporter -->
<testsuite hostname="Nom-31" failures="0" tests="1" name="test.frequency.subScriptEmployeePayFrequency_DefaultProfile" time="107.572" errors="0" timestamp="2021-06-04T14:02:56 IST" skipped="0">
  <testcase classname="test.frequency.subScriptEmployeePayFrequency_DefaultProfile" name="GoToUrlAssertUrlPositiveEnterEnterUsernamePositiveEnterEnterpasswordClickLoginButtonGoToUrlAs1" time="107.572"/>
  <system-out/>
</testsuite> <!-- test.frequency.subScriptEmployeePayFrequency_DefaultProfile -->
