<?xml version="1.0" encoding="UTF-8"?>
<!-- Generated by org.testng.reporters.JUnitReportReporter -->
<testsuite hostname="Nom-31" failures="0" tests="1" name="tests1.SubScriptAddContractor_DefaultProfile" time="28.821" errors="0" timestamp="2021-05-06T17:11:07 IST" skipped="0">
  <testcase classname="tests1.SubScriptAddContractor_DefaultProfile" name="GoToUrlAssertUrlPositiveEnterEnterUsernamePositiveEnterEnterpasswordClickLoginButtonGoToUrlAs" time="28.821"/>
  <system-out/>
</testsuite> <!-- tests1.SubScriptAddContractor_DefaultProfile -->
