<?xml version="1.0" encoding="UTF-8"?>
<!-- Generated by org.testng.reporters.JUnitReportReporter -->
<testsuite hostname="Nom-31" failures="0" tests="6" name="_1743PayrollDSB.TC756_761CheckPayroll_OnHoldClient" time="220.633" errors="0" timestamp="2022-01-31T05:54:56 IST" skipped="0">
  <testcase classname="_1743PayrollDSB.TC756_761CheckPayroll_OnHoldClient" name="OnHold_Overdue" time="37.279"/>
  <system-out/>
  <testcase classname="_1743PayrollDSB.TC756_761CheckPayroll_OnHoldClient" name="OnHold_1week" time="36.714"/>
  <system-out/>
  <testcase classname="_1743PayrollDSB.TC756_761CheckPayroll_OnHoldClient" name="OnHold_1Month" time="36.743"/>
  <system-out/>
  <testcase classname="_1743PayrollDSB.TC756_761CheckPayroll_OnHoldClient" name="OnHold_2Month" time="36.668"/>
  <system-out/>
  <testcase classname="_1743PayrollDSB.TC756_761CheckPayroll_OnHoldClient" name="OnHold_3_6Month" time="37.042"/>
  <system-out/>
  <testcase classname="_1743PayrollDSB.TC756_761CheckPayroll_OnHoldClient" name="OnHold_6plusMonth" time="36.187"/>
  <system-out/>
</testsuite> <!-- _1743PayrollDSB.TC756_761CheckPayroll_OnHoldClient -->
