<?xml version="1.0" encoding="UTF-8"?>
<!-- Generated by org.testng.reporters.JUnitReportReporter -->
<testsuite hostname="Nom-31" failures="0" tests="3" name="_1912.TC356_358_1912Dir3MonthSalary" time="126.435" errors="0" timestamp="2021-12-06T22:39:04 IST" skipped="0">
  <testcase classname="_1912.TC356_358_1912Dir3MonthSalary" name="GoToUrlAssertUrlClickRunPayroll1ClickRunPayroll2ClickgetSuccessMsgClickUndoLastPayrollClickcl" time="40.925"/>
  <system-out/>
  <testcase classname="_1912.TC356_358_1912Dir3MonthSalary" name="GoToUrlAssertUrlClickRunPayroll1ClickRunPayroll2ClickgetSuccessMsgClickUndoLastPayrollClickc2" time="40.334"/>
  <system-out/>
  <testcase classname="_1912.TC356_358_1912Dir3MonthSalary" name="GoToUrlAssertUrlClickRunPayroll1ClickRunPayroll2ClickgetSuccessMsgClickUndoLastPayrollClickc3" time="45.176"/>
  <system-out/>
</testsuite> <!-- _1912.TC356_358_1912Dir3MonthSalary -->
