<?xml version="1.0" encoding="UTF-8"?>
<!-- Generated by org.testng.reporters.JUnitReportReporter -->
<testsuite hostname="Nom-31" failures="0" tests="1" name="verifyEmailsDataTest.TC233PreUnCheckedCompanyEmailOptioninSummary" time="53.709" errors="0" timestamp="2021-11-11T04:10:42 IST" skipped="0">
  <testcase classname="verifyEmailsDataTest.TC233PreUnCheckedCompanyEmailOptioninSummary" name="GoToUrlAssertUrlClickclickAllowancesSchemesClickmarkYesClickclickSaveClickgotoPayrollDashboard" time="53.709"/>
  <system-out/>
</testsuite> <!-- verifyEmailsDataTest.TC233PreUnCheckedCompanyEmailOptioninSummary -->
