<?xml version="1.0" encoding="UTF-8"?>
<!-- Generated by org.testng.reporters.JUnitReportReporter -->
<testsuite hostname="Nom-31" failures="0" tests="4" name="_1706Test.TC449_452P11DeductionReport" time="199.000" errors="0" timestamp="2022-03-14T15:26:38 IST" skipped="0">
  <testcase classname="_1706Test.TC449_452P11DeductionReport" name="GoToUrlAssertUrlClickRunPayroll1ClickRunPayroll2ClickgetSuccessMsgClickUndoLastPayrollClickcl" time="55.859"/>
  <system-out/>
  <testcase classname="_1706Test.TC449_452P11DeductionReport" name="GoToUrlAssertUrlClickRunPayroll1ClickRunPayroll2ClickgetSuccessMsgClickUndoLastPayrollClickc4" time="51.364"/>
  <system-out/>
  <testcase classname="_1706Test.TC449_452P11DeductionReport" name="GoToUrlAssertUrlClickRunPayroll1ClickRunPayroll2ClickgetSuccessMsgClickUndoLastPayrollClickc2" time="52.584"/>
  <system-out/>
  <testcase classname="_1706Test.TC449_452P11DeductionReport" name="GoToUrlAssertUrlClickRunPayroll1ClickRunPayroll2ClickgetSuccessMsgClickUndoLastPayrollClickcl1" time="39.193"/>
  <system-out/>
</testsuite> <!-- _1706Test.TC449_452P11DeductionReport -->
