<?xml version="1.0" encoding="UTF-8"?>
<!-- Generated by org.testng.reporters.JUnitReportReporter -->
<testsuite hostname="Nom-31" failures="0" tests="3" name="_1912.TC371_373_1912DirMidYrJoin" time="125.873" errors="0" timestamp="2021-12-06T22:39:04 IST" skipped="0">
  <testcase classname="_1912.TC371_373_1912DirMidYrJoin" name="GoToUrlAssertUrlClickRunPayroll1ClickRunPayroll2ClickgetSuccessMsgClickUndoLastPayrollClickcl" time="41.136"/>
  <system-out/>
  <testcase classname="_1912.TC371_373_1912DirMidYrJoin" name="GoToUrlAssertUrlClickRunPayroll1ClickRunPayroll2ClickgetSuccessMsgClickUndoLastPayrollClickc2" time="41.454"/>
  <system-out/>
  <testcase classname="_1912.TC371_373_1912DirMidYrJoin" name="GoToUrlAssertUrlClickRunPayroll1ClickRunPayroll2ClickgetSuccessMsgClickUndoLastPayrollClickc3" time="43.283"/>
  <system-out/>
</testsuite> <!-- _1912.TC371_373_1912DirMidYrJoin -->
