<?xml version="1.0" encoding="UTF-8"?>
<!-- Generated by org.testng.reporters.JUnitReportReporter -->
<testsuite hostname="Nom-31" failures="0" tests="1" name="_1918NMW_Alert.TC12over21andEmpApperenticeInFirstYear" time="78.598" errors="0" timestamp="2022-01-31T05:54:56 IST" skipped="0">
  <testcase classname="_1918NMW_Alert.TC12over21andEmpApperenticeInFirstYear" name="GoToUrlAssertUrlPositiveEnterEnterUsernamePositiveEnterEnterpasswordClickLoginButtonGoToUrlAs" time="78.598"/>
  <system-out/>
</testsuite> <!-- _1918NMW_Alert.TC12over21andEmpApperenticeInFirstYear -->
