<?xml version="1.0" encoding="UTF-8"?>
<!-- Generated by org.testng.reporters.JUnitReportReporter -->
<testsuite hostname="Nom-31" failures="0" tests="4" name="_1706Test.TC449_452P11DeductionReport" time="220.939" errors="0" timestamp="2022-01-31T05:54:56 IST" skipped="0">
  <testcase classname="_1706Test.TC449_452P11DeductionReport" name="GoToUrlAssertUrlClickRunPayroll1ClickRunPayroll2ClickgetSuccessMsgClickUndoLastPayrollClickcl" time="58.970"/>
  <system-out/>
  <testcase classname="_1706Test.TC449_452P11DeductionReport" name="GoToUrlAssertUrlClickRunPayroll1ClickRunPayroll2ClickgetSuccessMsgClickUndoLastPayrollClickc4" time="59.572"/>
  <system-out/>
  <testcase classname="_1706Test.TC449_452P11DeductionReport" name="GoToUrlAssertUrlClickRunPayroll1ClickRunPayroll2ClickgetSuccessMsgClickUndoLastPayrollClickc2" time="57.515"/>
  <system-out/>
  <testcase classname="_1706Test.TC449_452P11DeductionReport" name="GoToUrlAssertUrlClickRunPayroll1ClickRunPayroll2ClickgetSuccessMsgClickUndoLastPayrollClickcl1" time="44.882"/>
  <system-out/>
</testsuite> <!-- _1706Test.TC449_452P11DeductionReport -->
