<?xml version="1.0" encoding="UTF-8"?>
<!-- Generated by org.testng.reporters.JUnitReportReporter -->
<testsuite hostname="Nom-31" failures="0" tests="4" name="_2078Test.TC402_405PaymentofMonthwhen4" time="185.058" errors="0" timestamp="2021-11-11T04:10:42 IST" skipped="0">
  <testcase classname="_2078Test.TC402_405PaymentofMonthwhen4" name="GoToUrlAssertUrlPositiveEnterEnterUsernamePositiveEnterEnterpasswordClickLoginButtonGoToUrlAs1" time="57.107"/>
  <system-out/>
  <testcase classname="_2078Test.TC402_405PaymentofMonthwhen4" name="GoToUrlAssertUrlClickRunPayroll1ClickRunPayroll2ClickgetSuccessMsgClickUndoLastPayrollClickcl" time="46.302"/>
  <system-out/>
  <testcase classname="_2078Test.TC402_405PaymentofMonthwhen4" name="GoToUrlAssertUrlClickRunPayroll1ClickRunPayroll2ClickgetSuccessMsgClickUndoLastPayrollClickc2" time="40.925"/>
  <system-out/>
  <testcase classname="_2078Test.TC402_405PaymentofMonthwhen4" name="GoToUrlAssertUrlClickRunPayroll1ClickRunPayroll2ClickgetSuccessMsgClickUndoLastPayrollClickc4" time="40.724"/>
  <system-out/>
</testsuite> <!-- _2078Test.TC402_405PaymentofMonthwhen4 -->
