<?xml version="1.0" encoding="UTF-8"?>
<!-- Generated by org.testng.reporters.JUnitReportReporter -->
<testsuite hostname="Nom-31" failures="0" tests="1" name="_1399subContr.TC191VerifySubContrwithUTR0per" time="40.502" errors="0" timestamp="2021-12-21T12:09:45 IST" skipped="0">
  <testcase classname="_1399subContr.TC191VerifySubContrwithUTR0per" name="GoToUrlAssertUrlPositiveEnterEnterUsernamePositiveEnterEnterpasswordClickLoginButtonGoToUrlAs1" time="40.502"/>
  <system-out/>
</testsuite> <!-- _1399subContr.TC191VerifySubContrwithUTR0per -->
