<?xml version="1.0" encoding="UTF-8"?>
<!-- Generated by org.testng.reporters.JUnitReportReporter -->
<testsuite hostname="Nom-31" failures="0" tests="2" name="_1706Test.TC690_691CheckTaxablePayForTwoMonthsG" time="90.886" errors="0" timestamp="2022-03-14T15:26:37 IST" skipped="0">
  <testcase classname="_1706Test.TC690_691CheckTaxablePayForTwoMonthsG" name="GoToUrlAssertUrlPositiveEnterEnterUsernamePositiveEnterEnterpasswordClickLoginButtonGoToUrlAs" time="52.301"/>
  <system-out/>
  <testcase classname="_1706Test.TC690_691CheckTaxablePayForTwoMonthsG" name="GoToUrlAssertUrlPositiveEnterEnterUsernamePositiveEnterEnterpasswordClickLoginButtonGoToUrlAs1" time="38.585"/>
  <system-out/>
</testsuite> <!-- _1706Test.TC690_691CheckTaxablePayForTwoMonthsG -->
