<?xml version="1.0" encoding="UTF-8"?>
<!-- Generated by org.testng.reporters.JUnitReportReporter -->
<testsuite hostname="Nom-31" failures="0" tests="1" name="SmallerEmployertest.TC09_SER_MidYearWhenEnable" time="53.016" errors="0" timestamp="2021-06-05T17:17:32 IST" skipped="0">
  <testcase classname="SmallerEmployertest.TC09_SER_MidYearWhenEnable" name="GoToUrlAssertUrlClickclickAllowancesSchemesClickselectYestosmallERClickselectNotosmallERClickc" time="53.016"/>
  <system-out/>
</testsuite> <!-- SmallerEmployertest.TC09_SER_MidYearWhenEnable -->
