<?xml version="1.0" encoding="UTF-8"?>
<!-- Generated by org.testng.reporters.JUnitReportReporter -->
<testsuite hostname="Nom-31" failures="0" tests="1" name="verifySummaryReportsData.TC260summarywhenMonthly_Allowance" time="50.362" errors="0" timestamp="2022-03-14T15:26:37 IST" skipped="0">
  <testcase classname="verifySummaryReportsData.TC260summarywhenMonthly_Allowance" name="GoToUrlAssertUrlClickclickAllowancesSchemesClickmarkYesClickclickSaveClickgotoPayrollDashboard" time="50.362"/>
  <system-out/>
</testsuite> <!-- verifySummaryReportsData.TC260summarywhenMonthly_Allowance -->
