<?xml version="1.0" encoding="UTF-8"?>
<!-- Generated by org.testng.reporters.JUnitReportReporter -->
<testsuite hostname="Nom-31" failures="0" tests="2" name="TaxCode.TC437_438TaxCode_D0" time="113.615" errors="0" timestamp="2021-11-11T04:10:41 IST" skipped="0">
  <testcase classname="TaxCode.TC437_438TaxCode_D0" name="GoToUrlAssertUrlClickRunPayroll1ClickRunPayroll2ClickgetSuccessMsgClickUndoLastPayrollClickcl" time="42.570"/>
  <system-out/>
  <testcase classname="TaxCode.TC437_438TaxCode_D0" name="GoToUrlAssertUrlClickRunPayroll1ClickRunPayroll2ClickgetSuccessMsgClickUndoLastPayrollClickc4" time="71.045"/>
  <system-out/>
</testsuite> <!-- TaxCode.TC437_438TaxCode_D0 -->
