<?xml version="1.0" encoding="UTF-8"?>
<!-- Generated by org.testng.reporters.JUnitReportReporter -->
<testsuite hostname="Nom-31" failures="0" tests="1" name="AlertsForEmployeeAge.TC478over19AndnotApperentice" time="71.472" errors="0" timestamp="2022-03-14T15:26:37 IST" skipped="0">
  <testcase classname="AlertsForEmployeeAge.TC478over19AndnotApperentice" name="GoToUrlAssertUrlPositiveEnterEnterUsernamePositiveEnterEnterpasswordClickLoginButtonGoToUrlAs" time="71.472"/>
  <system-out/>
</testsuite> <!-- AlertsForEmployeeAge.TC478over19AndnotApperentice -->
