<?xml version="1.0" encoding="UTF-8"?>
<!-- Generated by org.testng.reporters.JUnitReportReporter -->
<testsuite hostname="Nom-31" failures="0" tests="1" name="_1747EPSverification.TC181EPSwhenSPP" time="57.930" errors="0" timestamp="2021-06-09T12:20:16 IST" skipped="0">
  <testcase classname="_1747EPSverification.TC181EPSwhenSPP" name="GoToUrlAssertUrlPositiveEnterEnterUsernamePositiveEnterEnterpasswordClickLoginButtonGoToUrlAs1" time="57.930"/>
  <system-out/>
</testsuite> <!-- _1747EPSverification.TC181EPSwhenSPP -->
