<?xml version="1.0" encoding="UTF-8"?>
<!-- Generated by org.testng.reporters.JUnitReportReporter -->
<testsuite hostname="Nom-31" failures="0" tests="2" name="_1939_tests.TC05_AutoRunPayrollMakeDisable" time="160.267" errors="0" timestamp="2021-12-06T22:39:04 IST" skipped="0">
  <testcase classname="_1939_tests.TC05_AutoRunPayrollMakeDisable" name="GoToUrlAssertUrlPositiveEnterEnterUsernamePositiveEnterEnterpasswordClickLoginButtonGoToUrlAs" time="78.093"/>
  <system-out/>
  <testcase classname="_1939_tests.TC05_AutoRunPayrollMakeDisable" name="GoToUrlAssertUrlPositiveEnterEnterUsernamePositiveEnterEnterpasswordClickLoginButtonGoToUrlAs1" time="82.174"/>
  <system-out/>
</testsuite> <!-- _1939_tests.TC05_AutoRunPayrollMakeDisable -->
