<?xml version="1.0" encoding="UTF-8"?>
<!-- Generated by org.testng.reporters.JUnitReportReporter -->
<testsuite hostname="Nom-31" failures="0" tests="1" name="tests.TC19subscriptEmployerOpeningBalance_DefaultProfile" time="52.979" errors="0" timestamp="2021-12-06T22:39:04 IST" skipped="0">
  <testcase classname="tests.TC19subscriptEmployerOpeningBalance_DefaultProfile" name="GoToUrlAssertUrlPositiveEnterEnterUsernamePositiveEnterEnterpasswordClickLoginButtonGoToUrlAs" time="52.979"/>
  <system-out/>
</testsuite> <!-- tests.TC19subscriptEmployerOpeningBalance_DefaultProfile -->
