<?xml version="1.0" encoding="UTF-8"?>
<!-- Generated by org.testng.reporters.JUnitReportReporter -->
<testsuite hostname="Nom-31" failures="0" tests="3" name="_1912.TC359_361_1912DirFirst2MonthSalaryandlast" time="129.108" errors="0" timestamp="2021-12-06T22:39:04 IST" skipped="0">
  <testcase classname="_1912.TC359_361_1912DirFirst2MonthSalaryandlast" name="GoToUrlAssertUrlClickRunPayroll1ClickRunPayroll2ClickgetSuccessMsgClickUndoLastPayrollClickcl" time="45.807"/>
  <system-out/>
  <testcase classname="_1912.TC359_361_1912DirFirst2MonthSalaryandlast" name="GoToUrlAssertUrlClickRunPayroll1ClickRunPayroll2ClickgetSuccessMsgClickUndoLastPayrollClickc2" time="42.070"/>
  <system-out/>
  <testcase classname="_1912.TC359_361_1912DirFirst2MonthSalaryandlast" name="GoToUrlAssertUrlClickRunPayroll1ClickRunPayroll2ClickgetSuccessMsgClickUndoLastPayrollClickc3" time="41.231"/>
  <system-out/>
</testsuite> <!-- _1912.TC359_361_1912DirFirst2MonthSalaryandlast -->
