<?xml version="1.0" encoding="UTF-8"?>
<!-- Generated by org.testng.reporters.JUnitReportReporter -->
<testsuite hostname="Nom-31" failures="0" tests="1" name="tests1.subscriptPaymentManagement_DefaultProfile" time="39.030" errors="0" timestamp="2021-05-06T14:26:41 IST" skipped="0">
  <testcase classname="tests1.subscriptPaymentManagement_DefaultProfile" name="GoToUrlAssertUrlPositiveEnterEnterUsernamePositiveEnterEnterpasswordClickLoginButtonGoToUrlAs1" time="39.030"/>
  <system-out/>
</testsuite> <!-- tests1.subscriptPaymentManagement_DefaultProfile -->
