<?xml version="1.0" encoding="UTF-8"?>
<!-- Generated by org.testng.reporters.JUnitReportReporter -->
<testsuite hostname="Nom-31" failures="0" tests="1" name="AlertsForEmployeeAge.TC477over26andEmpFirstYrApprenticeComplete" time="71.432" errors="0" timestamp="2021-12-06T22:39:04 IST" skipped="0">
  <testcase classname="AlertsForEmployeeAge.TC477over26andEmpFirstYrApprenticeComplete" name="GoToUrlAssertUrlPositiveEnterEnterUsernamePositiveEnterEnterpasswordClickLoginButtonGoToUrlAs" time="71.432"/>
  <system-out/>
</testsuite> <!-- AlertsForEmployeeAge.TC477over26andEmpFirstYrApprenticeComplete -->
