<?xml version="1.0" encoding="UTF-8"?>
<!-- Generated by org.testng.reporters.JUnitReportReporter -->
<testsuite hostname="Nom-31" failures="0" tests="1" name="Quaterly_Paye_Scheme_test.readingxml" time="38.692" errors="0" timestamp="2021-05-10T13:51:19 IST" skipped="0">
  <testcase classname="Quaterly_Paye_Scheme_test.readingxml" name="GoToUrlAssertUrlPositiveEnterEnterUsernamePositiveEnterEnterpasswordClickLoginButtonGoToUrlAs" time="38.692"/>
  <system-out/>
</testsuite> <!-- Quaterly_Paye_Scheme_test.readingxml -->
