<?xml version="1.0" encoding="UTF-8"?>
<!-- Generated by org.testng.reporters.JUnitReportReporter -->
<testsuite hostname="Nom-31" failures="0" tests="6" name="_1743PayrollDSB.TC762_767CheckPayroll_AwaitingReviewClient" time="244.822" errors="0" timestamp="2021-12-24T14:37:57 IST" skipped="0">
  <testcase classname="_1743PayrollDSB.TC762_767CheckPayroll_AwaitingReviewClient" name="AwaitingReview_Overdue" time="103.645"/>
  <system-out/>
  <testcase classname="_1743PayrollDSB.TC762_767CheckPayroll_AwaitingReviewClient" name="AwaitingReview_1week" time="26.692"/>
  <system-out/>
  <testcase classname="_1743PayrollDSB.TC762_767CheckPayroll_AwaitingReviewClient" name="AwaitingReview_1Month" time="29.325"/>
  <system-out/>
  <testcase classname="_1743PayrollDSB.TC762_767CheckPayroll_AwaitingReviewClient" name="AwaitingReview_2Month" time="28.726"/>
  <system-out/>
  <testcase classname="_1743PayrollDSB.TC762_767CheckPayroll_AwaitingReviewClient" name="AwaitingReview_3_6Month" time="28.154"/>
  <system-out/>
  <testcase classname="_1743PayrollDSB.TC762_767CheckPayroll_AwaitingReviewClient" name="AwaitingReview_6plusMonth" time="28.280"/>
  <system-out/>
</testsuite> <!-- _1743PayrollDSB.TC762_767CheckPayroll_AwaitingReviewClient -->
