<?xml version="1.0" encoding="UTF-8"?>
<!-- Generated by org.testng.reporters.JUnitReportReporter -->
<testsuite hostname="Nom-31" failures="0" tests="1" name="_1756PayrollSummary.TC214verifysummaryreportforMonthApril" time="58.347" errors="0" timestamp="2021-12-06T22:39:04 IST" skipped="0">
  <testcase classname="_1756PayrollSummary.TC214verifysummaryreportforMonthApril" name="GoToUrlAssertUrlClickclickAllowancesSchemesClickmarkYesClickclickSaveClickgotoPayrollDashboard" time="58.347"/>
  <system-out/>
</testsuite> <!-- _1756PayrollSummary.TC214verifysummaryreportforMonthApril -->
