<?xml version="1.0" encoding="UTF-8"?>
<!-- Generated by org.testng.reporters.JUnitReportReporter -->
<testsuite hostname="Nom-31" failures="0" tests="1" name="AlertsForEmployeeAge.TC465Under19AndApperentice" time="70.524" errors="0" timestamp="2021-11-11T04:10:41 IST" skipped="0">
  <testcase classname="AlertsForEmployeeAge.TC465Under19AndApperentice" name="GoToUrlAssertUrlPositiveEnterEnterUsernamePositiveEnterEnterpasswordClickLoginButtonGoToUrlAs" time="70.524"/>
  <system-out/>
</testsuite> <!-- AlertsForEmployeeAge.TC465Under19AndApperentice -->
