<?xml version="1.0" encoding="UTF-8"?>
<!-- Generated by org.testng.reporters.JUnitReportReporter -->
<testsuite hostname="Nom-31" failures="0" tests="1" name="Company_Director_Tests.TC19_CDwithPreviousEmpXMLVerify2" time="42.617" errors="0" timestamp="2021-06-05T20:04:12 IST" skipped="0">
  <testcase classname="Company_Director_Tests.TC19_CDwithPreviousEmpXMLVerify2" name="GoToUrlAssertUrlClickgotoReportsClickclickP11ClickgetLELAmountClickgetPTAmountClickgetUELAmou" time="42.617"/>
  <system-out/>
</testsuite> <!-- Company_Director_Tests.TC19_CDwithPreviousEmpXMLVerify2 -->
