<?xml version="1.0" encoding="UTF-8"?>
<!-- Generated by org.testng.reporters.JUnitReportReporter -->
<testsuite hostname="Nom-31" failures="0" tests="1" name="SmallerEmployertest.TC66NotQualifiedforSmallerEmployer_DefaultProfile" time="53.774" errors="0" timestamp="2022-01-31T05:54:56 IST" skipped="0">
  <testcase classname="SmallerEmployertest.TC66NotQualifiedforSmallerEmployer_DefaultProfile" name="GoToUrlAssertUrlClickclickAllowancesSchemesClickselectYestosmallERClickselectNotosmallERClickc" time="53.774"/>
  <system-out/>
</testsuite> <!-- SmallerEmployertest.TC66NotQualifiedforSmallerEmployer_DefaultProfile -->
