<?xml version="1.0" encoding="UTF-8"?>
<!-- Generated by org.testng.reporters.JUnitReportReporter -->
<testsuite hostname="Nom-31" failures="0" tests="1" name="verifySummaryReportsData.TC279chkNIofsummarywhenQtr_AllowanceinStart" time="71.176" errors="0" timestamp="2021-12-21T12:09:45 IST" skipped="0">
  <testcase classname="verifySummaryReportsData.TC279chkNIofsummarywhenQtr_AllowanceinStart" name="GoToUrlAssertUrlClickclickAllowancesSchemesClickmarkYesClickclickSaveClickgotoPayrollDashboard" time="71.176"/>
  <system-out/>
</testsuite> <!-- verifySummaryReportsData.TC279chkNIofsummarywhenQtr_AllowanceinStart -->
