<?xml version="1.0" encoding="UTF-8"?>
<!-- Generated by org.testng.reporters.JUnitReportReporter -->
<testsuite hostname="Nom-31" failures="0" tests="1" name="EPStest.subscriptEveryMonthEPS" time="47.286" errors="0" timestamp="2021-06-03T17:33:06 IST" skipped="0">
  <testcase classname="EPStest.subscriptEveryMonthEPS" name="GoToUrlAssertUrlPositiveEnterEnterUsernamePositiveEnterEnterpasswordClickLoginButtonGoToUrlAs1" time="47.286"/>
  <system-out/>
</testsuite> <!-- EPStest.subscriptEveryMonthEPS -->
