<?xml version="1.0" encoding="UTF-8"?>
<!-- Generated by org.testng.reporters.JUnitReportReporter -->
<testsuite hostname="Nom-31" failures="0" tests="8" name="_1749PensionConribution.TC812PensionContributionPage" time="190.685" errors="0" timestamp="2021-12-24T14:37:57 IST" skipped="0">
  <testcase classname="_1749PensionConribution.TC812PensionContributionPage" name="verifyPentionContributionTable" time="24.464"/>
  <system-out/>
  <testcase classname="_1749PensionConribution.TC812PensionContributionPage" name="verifyAccountManagerSelectOption" time="24.742"/>
  <system-out/>
  <testcase classname="_1749PensionConribution.TC812PensionContributionPage" name="verifyCompanyNameSelectOption" time="24.377"/>
  <system-out/>
  <testcase classname="_1749PensionConribution.TC812PensionContributionPage" name="VerifyselectStatusPendin" time="23.545"/>
  <system-out/>
  <testcase classname="_1749PensionConribution.TC812PensionContributionPage" name="VerifyselectStatusFailed" time="24.428"/>
  <system-out/>
  <testcase classname="_1749PensionConribution.TC812PensionContributionPage" name="VerifyselectStatusAll" time="24.098"/>
  <system-out/>
  <testcase classname="_1749PensionConribution.TC812PensionContributionPage" name="verifySubmitContributionButtonAvailability" time="22.951"/>
  <system-out/>
  <testcase classname="_1749PensionConribution.TC812PensionContributionPage" name="verifySubmitContributionTotalRecord" time="22.080"/>
  <system-out/>
</testsuite> <!-- _1749PensionConribution.TC812PensionContributionPage -->
