<?xml version="1.0" encoding="UTF-8"?>
<!-- Generated by org.testng.reporters.JUnitReportReporter -->
<testsuite hostname="Nom-31" failures="0" tests="1" name="Company_Director_Tests.TC29_CD_TwoDir_A1Screenshot3" time="65.665" errors="0" timestamp="2021-06-06T19:32:51 IST" skipped="0">
  <testcase classname="Company_Director_Tests.TC29_CD_TwoDir_A1Screenshot3" name="GoToUrlAssertUrlClickgotoReportsClickclickP11ClickgetLELAmountClickgetPTAmountClickgetUELAmou" time="65.665"/>
  <system-out/>
</testsuite> <!-- Company_Director_Tests.TC29_CD_TwoDir_A1Screenshot3 -->
