<?xml version="1.0" encoding="UTF-8"?>
<!-- Generated by org.testng.reporters.JUnitReportReporter -->
<testsuite hostname="Nom-31" failures="0" tests="1" name="verifyEmailsDataTest.TC294EmailButtonIsClickable" time="54.435" errors="0" timestamp="2022-01-31T05:54:57 IST" skipped="0">
  <testcase classname="verifyEmailsDataTest.TC294EmailButtonIsClickable" name="GoToUrlAssertUrlClickclickAllowancesSchemesClickmarkYesClickclickSaveClickgotoPayrollDashboard" time="54.435"/>
  <system-out/>
</testsuite> <!-- verifyEmailsDataTest.TC294EmailButtonIsClickable -->
