<?xml version="1.0" encoding="UTF-8"?>
<!-- Generated by org.testng.reporters.JUnitReportReporter -->
<testsuite hostname="Nom-31" failures="0" tests="1" name="_2106AutoPayroll.TC614AutoPayrollAndNoOptForSummaryMultFreq1" time="47.777" errors="0" timestamp="2021-11-11T04:10:41 IST" skipped="0">
  <testcase classname="_2106AutoPayroll.TC614AutoPayrollAndNoOptForSummaryMultFreq1" name="GoToUrlAssertUrlPositiveEnterEnterUsernamePositiveEnterEnterpasswordClickLoginButtonGoToUrlAs" time="47.777"/>
  <system-out/>
</testsuite> <!-- _2106AutoPayroll.TC614AutoPayrollAndNoOptForSummaryMultFreq1 -->
