<?xml version="1.0" encoding="UTF-8"?>
<!-- Generated by org.testng.reporters.JUnitReportReporter -->
<testsuite hostname="Nom-31" failures="0" tests="2" name="_1743PayrollDSB.TC694_695CheckTaxablePayJoinMidE" time="92.027" errors="0" timestamp="2021-12-06T22:39:04 IST" skipped="0">
  <testcase classname="_1743PayrollDSB.TC694_695CheckTaxablePayJoinMidE" name="GoToUrlAssertUrlPositiveEnterEnterUsernamePositiveEnterEnterpasswordClickLoginButtonGoToUrlAs" time="51.821"/>
  <system-out/>
  <testcase classname="_1743PayrollDSB.TC694_695CheckTaxablePayJoinMidE" name="GoToUrlAssertUrlPositiveEnterEnterUsernamePositiveEnterEnterpasswordClickLoginButtonGoToUrlAs1" time="40.206"/>
  <system-out/>
</testsuite> <!-- _1743PayrollDSB.TC694_695CheckTaxablePayJoinMidE -->
