<?xml version="1.0" encoding="UTF-8"?>
<!-- Generated by org.testng.reporters.JUnitReportReporter -->
<testsuite hostname="Nom-31" failures="0" tests="4" name="_2078Test.TC422_425PaymentofMonthwhenQtrPAYE" time="172.407" errors="0" timestamp="2021-11-11T04:10:41 IST" skipped="0">
  <testcase classname="_2078Test.TC422_425PaymentofMonthwhenQtrPAYE" name="GoToUrlAssertUrlPositiveEnterEnterUsernamePositiveEnterEnterpasswordClickLoginButtonGoToUrlAs1" time="44.288"/>
  <system-out/>
  <testcase classname="_2078Test.TC422_425PaymentofMonthwhenQtrPAYE" name="GoToUrlAssertUrlClickRunPayroll1ClickRunPayroll2ClickgetSuccessMsgClickUndoLastPayrollClickcl" time="39.969"/>
  <system-out/>
  <testcase classname="_2078Test.TC422_425PaymentofMonthwhenQtrPAYE" name="GoToUrlAssertUrlClickRunPayroll1ClickRunPayroll2ClickgetSuccessMsgClickUndoLastPayrollClickc2" time="41.898"/>
  <system-out/>
  <testcase classname="_2078Test.TC422_425PaymentofMonthwhenQtrPAYE" name="GoToUrlAssertUrlClickRunPayroll1ClickRunPayroll2ClickgetSuccessMsgClickUndoLastPayrollClickc4" time="46.252"/>
  <system-out/>
</testsuite> <!-- _2078Test.TC422_425PaymentofMonthwhenQtrPAYE -->
