<?xml version="1.0" encoding="UTF-8"?>
<!-- Generated by org.testng.reporters.JUnitReportReporter -->
<testsuite hostname="Nom-31" failures="0" tests="2" name="_1743PayrollDSB.TC700_701CheckTaxablePayJoinMidFourWeekly7" time="90.178" errors="0" timestamp="2022-03-14T15:26:38 IST" skipped="0">
  <testcase classname="_1743PayrollDSB.TC700_701CheckTaxablePayJoinMidFourWeekly7" name="GoToUrlAssertUrlPositiveEnterEnterUsernamePositiveEnterEnterpasswordClickLoginButtonGoToUrlAs" time="51.701"/>
  <system-out/>
  <testcase classname="_1743PayrollDSB.TC700_701CheckTaxablePayJoinMidFourWeekly7" name="GoToUrlAssertUrlPositiveEnterEnterUsernamePositiveEnterEnterpasswordClickLoginButtonGoToUrlAs1" time="38.477"/>
  <system-out/>
</testsuite> <!-- _1743PayrollDSB.TC700_701CheckTaxablePayJoinMidFourWeekly7 -->
