<?xml version="1.0" encoding="UTF-8"?>
<!-- Generated by org.testng.reporters.JUnitReportReporter -->
<testsuite hostname="Nom-31" failures="0" tests="1" name="AlertsForEmployeeAge.TC470over25andEmpApperenticeInFirstYear" time="72.321" errors="0" timestamp="2021-12-21T12:09:45 IST" skipped="0">
  <testcase classname="AlertsForEmployeeAge.TC470over25andEmpApperenticeInFirstYear" name="GoToUrlAssertUrlPositiveEnterEnterUsernamePositiveEnterEnterpasswordClickLoginButtonGoToUrlAs" time="72.321"/>
  <system-out/>
</testsuite> <!-- AlertsForEmployeeAge.TC470over25andEmpApperenticeInFirstYear -->
