<?xml version="1.0" encoding="UTF-8"?>
<!-- Generated by org.testng.reporters.JUnitReportReporter -->
<testsuite hostname="Nom-31" failures="0" tests="7" name="AOE.TC866_872AOE_ChildSupportPopupA3" time="364.129" errors="0" timestamp="2022-03-14T15:26:38 IST" skipped="0">
  <testcase classname="AOE.TC866_872AOE_ChildSupportPopupA3" name="GoToUrlAssertUrlPositiveEnterEnterUsernamePositiveEnterEnterpasswordClickLoginButtonGoToUrlAs1" time="43.196"/>
  <system-out/>
  <testcase classname="AOE.TC866_872AOE_ChildSupportPopupA3" name="GoToUrlAssertUrlPositiveEnterEnterUsernamePositiveEnterEnterpasswordClickLoginButtonGoToUrlAs2" time="48.188"/>
  <system-out/>
  <testcase classname="AOE.TC866_872AOE_ChildSupportPopupA3" name="GoToUrlAssertUrlPositiveEnterEnterUsernamePositiveEnterEnterpasswordClickLoginButtonGoToUrlAs3" time="52.938"/>
  <system-out/>
  <testcase classname="AOE.TC866_872AOE_ChildSupportPopupA3" name="GoToUrlAssertUrlPositiveEnterEnterUsernamePositiveEnterEnterpasswordClickLoginButtonGoToUrlAs4" time="54.283"/>
  <system-out/>
  <testcase classname="AOE.TC866_872AOE_ChildSupportPopupA3" name="GoToUrlAssertUrlPositiveEnterEnterUsernamePositiveEnterEnterpasswordClickLoginButtonGoToUrlAs5" time="53.374"/>
  <system-out/>
  <testcase classname="AOE.TC866_872AOE_ChildSupportPopupA3" name="GoToUrlAssertUrlPositiveEnterEnterUsernamePositiveEnterEnterpasswordClickLoginButtonGoToUrlAs6" time="57.043"/>
  <system-out/>
  <testcase classname="AOE.TC866_872AOE_ChildSupportPopupA3" name="GoToUrlAssertUrlPositiveEnterEnterUsernamePositiveEnterEnterpasswordClickLoginButtonGoToUrlAs7" time="55.107"/>
  <system-out/>
</testsuite> <!-- AOE.TC866_872AOE_ChildSupportPopupA3 -->
