<?xml version="1.0" encoding="UTF-8"?>
<!-- Generated by org.testng.reporters.JUnitReportReporter -->
<testsuite hostname="Nom-31" failures="0" tests="2" name="verifyEmailsDataTest.TC295EmailAttachmentData" time="113.611" errors="0" timestamp="2022-01-31T05:54:56 IST" skipped="0">
  <testcase classname="verifyEmailsDataTest.TC295EmailAttachmentData" name="GoToUrlAssertUrlClickclickAllowancesSchemesClickmarkYesClickclickSaveClickgotoPayrollDashboard1" time="54.731"/>
  <system-out/>
  <testcase classname="verifyEmailsDataTest.TC295EmailAttachmentData" name="GoToUrlAssertUrlClickclickAllowancesSchemesClickmarkYesClickclickSaveClickgotoPayrollDashboard2" time="58.880"/>
  <system-out/>
</testsuite> <!-- verifyEmailsDataTest.TC295EmailAttachmentData -->
