<?xml version="1.0" encoding="UTF-8"?>
<!-- Generated by org.testng.reporters.JUnitReportReporter -->
<testsuite hostname="Nom-31" failures="0" tests="1" name="Volentry_Pension.VCPension_DefaultProfile" time="64.846" errors="0" timestamp="2021-06-05T00:23:48 IST" skipped="0">
  <testcase classname="Volentry_Pension.VCPension_DefaultProfile" name="GoToUrlAssertUrlClickgotoReportsClickgetEEPensionClickgetERpensionClickgotoPensionDashboardCl" time="64.846"/>
  <system-out/>
</testsuite> <!-- Volentry_Pension.VCPension_DefaultProfile -->
