<?xml version="1.0" encoding="UTF-8"?>
<!-- Generated by org.testng.reporters.JUnitReportReporter -->
<testsuite hostname="Nom-31" failures="0" tests="2" name="_2129SummaryCustomized.TC595SummaryEmailWhenAutoPayrollQtr" time="69.518" errors="0" timestamp="2021-12-21T12:09:45 IST" skipped="0">
  <testcase classname="_2129SummaryCustomized.TC595SummaryEmailWhenAutoPayrollQtr" name="GoToUrlAssertUrlClickPayslipsPositiveSelectPayrollDateClickEmailPayslipsClickTickCompanyemaila" time="34.231"/>
  <system-out/>
  <testcase classname="_2129SummaryCustomized.TC595SummaryEmailWhenAutoPayrollQtr" name="GoToUrlAssertUrlClickPayslipsPositiveSelectPayrollDateClickEmailPayslipsClickTickCompanyemaila" time="35.287"/>
  <system-out/>
</testsuite> <!-- _2129SummaryCustomized.TC595SummaryEmailWhenAutoPayrollQtr -->
