<?xml version="1.0" encoding="UTF-8"?>
<!-- Generated by org.testng.reporters.JUnitReportReporter -->
<testsuite hostname="Nom-31" failures="0" tests="1" name="Quaterly_Paye_Scheme_test.TC36subscriptNoAllowenceScheme_DefaultProfile" time="69.469" errors="0" timestamp="2022-01-31T05:54:56 IST" skipped="0">
  <testcase classname="Quaterly_Paye_Scheme_test.TC36subscriptNoAllowenceScheme_DefaultProfile" name="GoToUrlAssertUrlPositiveEnterEnterUsernamePositiveEnterEnterpasswordClickLoginButtonGoToUrlAs" time="69.469"/>
  <system-out/>
</testsuite> <!-- Quaterly_Paye_Scheme_test.TC36subscriptNoAllowenceScheme_DefaultProfile -->
