<?xml version="1.0" encoding="UTF-8"?>
<!-- Generated by org.testng.reporters.JUnitReportReporter -->
<testsuite hostname="Nom-31" failures="0" tests="1" name="Company_Director_Tests.T107TC29_CD_TwoDir_A1Screenshot3" time="62.702" errors="0" timestamp="2021-12-21T12:09:45 IST" skipped="0">
  <testcase classname="Company_Director_Tests.T107TC29_CD_TwoDir_A1Screenshot3" name="GoToUrlAssertUrlClickgotoReportsClickclickP11ClickgetLELAmountClickgetPTAmountClickgetUELAmou" time="62.702"/>
  <system-out/>
</testsuite> <!-- Company_Director_Tests.T107TC29_CD_TwoDir_A1Screenshot3 -->
