<?xml version="1.0" encoding="UTF-8"?>
<!-- Generated by org.testng.reporters.JUnitReportReporter -->
<testsuite hostname="Nom-31" failures="0" tests="1" name="_2106AutoPayroll.TC608AutoPayrollAndNotOptForPaySlip" time="59.978" errors="0" timestamp="2021-12-21T12:09:45 IST" skipped="0">
  <testcase classname="_2106AutoPayroll.TC608AutoPayrollAndNotOptForPaySlip" name="GoToUrlAssertUrlPositiveEnterEnterUsernamePositiveEnterEnterpasswordClickLoginButtonGoToUrlAs" time="59.978"/>
  <system-out/>
</testsuite> <!-- _2106AutoPayroll.TC608AutoPayrollAndNotOptForPaySlip -->
