<?xml version="1.0" encoding="UTF-8"?>
<!-- Generated by org.testng.reporters.JUnitReportReporter -->
<testsuite hostname="Nom-31" failures="0" tests="1" name="verifySummaryReportsData.TC275chkCFofsummarywhenMonthly_AllowanceinMid" time="70.738" errors="0" timestamp="2021-12-06T22:39:04 IST" skipped="0">
  <testcase classname="verifySummaryReportsData.TC275chkCFofsummarywhenMonthly_AllowanceinMid" name="GoToUrlAssertUrlClickclickAllowancesSchemesClickmarkYesClickclickSaveClickgotoPayrollDashboard" time="70.738"/>
  <system-out/>
</testsuite> <!-- verifySummaryReportsData.TC275chkCFofsummarywhenMonthly_AllowanceinMid -->
