<?xml version="1.0" encoding="UTF-8"?>
<!-- Generated by org.testng.reporters.JUnitReportReporter -->
<testsuite hostname="Nom-31" failures="0" tests="4" name="_2078Test.TC422_425PaymentofMonthwhenQtrPAYE" time="173.920" errors="0" timestamp="2022-03-14T15:26:38 IST" skipped="0">
  <testcase classname="_2078Test.TC422_425PaymentofMonthwhenQtrPAYE" name="GoToUrlAssertUrlPositiveEnterEnterUsernamePositiveEnterEnterpasswordClickLoginButtonGoToUrlAs1" time="42.282"/>
  <system-out/>
  <testcase classname="_2078Test.TC422_425PaymentofMonthwhenQtrPAYE" name="GoToUrlAssertUrlClickRunPayroll1ClickRunPayroll2ClickgetSuccessMsgClickUndoLastPayrollClickcl" time="44.102"/>
  <system-out/>
  <testcase classname="_2078Test.TC422_425PaymentofMonthwhenQtrPAYE" name="GoToUrlAssertUrlClickRunPayroll1ClickRunPayroll2ClickgetSuccessMsgClickUndoLastPayrollClickc2" time="40.784"/>
  <system-out/>
  <testcase classname="_2078Test.TC422_425PaymentofMonthwhenQtrPAYE" name="GoToUrlAssertUrlClickRunPayroll1ClickRunPayroll2ClickgetSuccessMsgClickUndoLastPayrollClickc4" time="46.752"/>
  <system-out/>
</testsuite> <!-- _2078Test.TC422_425PaymentofMonthwhenQtrPAYE -->
