<?xml version="1.0" encoding="UTF-8"?>
<!-- Generated by org.testng.reporters.JUnitReportReporter -->
<testsuite hostname="Nom-31" failures="0" tests="1" name="verifySummaryReportsData.TC268PaymentcheckSummryofWhenCISinMayforQtr" time="67.479" errors="0" timestamp="2021-12-06T22:39:04 IST" skipped="0">
  <testcase classname="verifySummaryReportsData.TC268PaymentcheckSummryofWhenCISinMayforQtr" name="GoToUrlAssertUrlClickclickAllowancesSchemesClickmarkYesClickclickSaveClickgotoPayrollDashboard" time="67.479"/>
  <system-out/>
</testsuite> <!-- verifySummaryReportsData.TC268PaymentcheckSummryofWhenCISinMayforQtr -->
