<?xml version="1.0" encoding="UTF-8"?>
<!-- Generated by org.testng.reporters.JUnitReportReporter -->
<testsuite hostname="Nom-31" failures="0" tests="3" name="_2129SummaryCustomized.TC598_600SendEmailofQtrPayrollWeeklyFrq" time="148.771" errors="0" timestamp="2021-11-11T04:10:41 IST" skipped="0">
  <testcase classname="_2129SummaryCustomized.TC598_600SendEmailofQtrPayrollWeeklyFrq" name="GoToUrlAssertUrlPositiveSelectPayrollDateClickEmailClickTickCompanyemailaddressClickTickEmploy1" time="50.214"/>
  <system-out/>
  <testcase classname="_2129SummaryCustomized.TC598_600SendEmailofQtrPayrollWeeklyFrq" name="GoToUrlAssertUrlPositiveSelectPayrollDateClickEmailClickTickCompanyemailaddressClickTickEmploy2" time="45.947"/>
  <system-out/>
  <testcase classname="_2129SummaryCustomized.TC598_600SendEmailofQtrPayrollWeeklyFrq" name="GoToUrlAssertUrlPositiveSelectPayrollDateClickEmailClickTickCompanyemailaddressClickTickEmploy" time="52.610"/>
  <system-out/>
</testsuite> <!-- _2129SummaryCustomized.TC598_600SendEmailofQtrPayrollWeeklyFrq -->
