<?xml version="1.0" encoding="UTF-8"?>
<!-- Generated by org.testng.reporters.JUnitReportReporter -->
<testsuite hostname="Nom-31" failures="0" tests="4" name="_2078Test.TC406_409PaymentofMonthwhen3" time="176.440" errors="0" timestamp="2021-11-11T04:10:41 IST" skipped="0">
  <testcase classname="_2078Test.TC406_409PaymentofMonthwhen3" name="GoToUrlAssertUrlPositiveEnterEnterUsernamePositiveEnterEnterpasswordClickLoginButtonGoToUrlAs1" time="55.508"/>
  <system-out/>
  <testcase classname="_2078Test.TC406_409PaymentofMonthwhen3" name="GoToUrlAssertUrlClickRunPayroll1ClickRunPayroll2ClickgetSuccessMsgClickUndoLastPayrollClickcl" time="40.474"/>
  <system-out/>
  <testcase classname="_2078Test.TC406_409PaymentofMonthwhen3" name="GoToUrlAssertUrlClickRunPayroll1ClickRunPayroll2ClickgetSuccessMsgClickUndoLastPayrollClickc2" time="39.913"/>
  <system-out/>
  <testcase classname="_2078Test.TC406_409PaymentofMonthwhen3" name="GoToUrlAssertUrlClickRunPayroll1ClickRunPayroll2ClickgetSuccessMsgClickUndoLastPayrollClickc4" time="40.545"/>
  <system-out/>
</testsuite> <!-- _2078Test.TC406_409PaymentofMonthwhen3 -->
