<?xml version="1.0" encoding="UTF-8"?>
<!-- Generated by org.testng.reporters.JUnitReportReporter -->
<testsuite hostname="Nom-31" failures="0" tests="1" name="PaymentManagement.subscriptPaymentmmgtwhenfreqFourweekly" time="51.731" errors="0" timestamp="2021-06-05T13:19:40 IST" skipped="0">
  <testcase classname="PaymentManagement.subscriptPaymentmmgtwhenfreqFourweekly" name="GoToUrlAssertUrlPositiveEnterEnterUsernamePositiveEnterEnterpasswordClickLoginButtonGoToUrlAs" time="51.731"/>
  <system-out/>
</testsuite> <!-- PaymentManagement.subscriptPaymentmmgtwhenfreqFourweekly -->
