<?xml version="1.0" encoding="UTF-8"?>
<!-- Generated by org.testng.reporters.JUnitReportReporter -->
<testsuite hostname="Nom-31" failures="0" tests="3" name="_1930.TC338_340_1930AlternativeMidYrDirector" time="126.534" errors="0" timestamp="2021-11-11T04:10:42 IST" skipped="0">
  <testcase classname="_1930.TC338_340_1930AlternativeMidYrDirector" name="GoToUrlAssertUrlClickRunPayroll1ClickRunPayroll2ClickgetSuccessMsgClickUndoLastPayrollClickcl" time="41.694"/>
  <system-out/>
  <testcase classname="_1930.TC338_340_1930AlternativeMidYrDirector" name="GoToUrlAssertUrlClickRunPayroll1ClickRunPayroll2ClickgetSuccessMsgClickUndoLastPayrollClickc2" time="42.761"/>
  <system-out/>
  <testcase classname="_1930.TC338_340_1930AlternativeMidYrDirector" name="GoToUrlAssertUrlClickRunPayroll1ClickRunPayroll2ClickgetSuccessMsgClickUndoLastPayrollClickc3" time="42.079"/>
  <system-out/>
</testsuite> <!-- _1930.TC338_340_1930AlternativeMidYrDirector -->
