<?xml version="1.0" encoding="UTF-8"?>
<!-- Generated by org.testng.reporters.JUnitReportReporter -->
<testsuite hostname="Nom-31" failures="0" tests="1" name="SmallerEmployertest.TC137_SER_PrevEmpEligible" time="51.999" errors="0" timestamp="2022-01-31T05:54:56 IST" skipped="0">
  <testcase classname="SmallerEmployertest.TC137_SER_PrevEmpEligible" name="GoToUrlAssertUrlClickclickAllowancesSchemesClickselectYestosmallERClickselectNotosmallERClickc" time="51.999"/>
  <system-out/>
</testsuite> <!-- SmallerEmployertest.TC137_SER_PrevEmpEligible -->
