<?xml version="1.0" encoding="UTF-8"?>
<!-- Generated by org.testng.reporters.JUnitReportReporter -->
<testsuite hostname="Nom-31" failures="0" tests="1" name="_2134StarterDetail.TC660LeaverDetailnotVisibleReportsof4Weekly" time="42.281" errors="0" timestamp="2021-12-21T12:09:45 IST" skipped="0">
  <testcase classname="_2134StarterDetail.TC660LeaverDetailnotVisibleReportsof4Weekly" name="GoToUrlAssertUrlClickclickAllowancesSchemesClickmarkYesClickclickSaveClickgotoPayrollDashboard" time="42.281"/>
  <system-out/>
</testsuite> <!-- _2134StarterDetail.TC660LeaverDetailnotVisibleReportsof4Weekly -->
