<?xml version="1.0" encoding="UTF-8"?>
<!-- Generated by org.testng.reporters.JUnitReportReporter -->
<testsuite hostname="Nom-31" failures="0" tests="1" name="_1964_RunPayroll.T153TC03_1964_RunPayroll_DuePay_DefaultProfile" time="43.500" errors="0" timestamp="2021-12-06T22:39:04 IST" skipped="0">
  <testcase classname="_1964_RunPayroll.T153TC03_1964_RunPayroll_DuePay_DefaultProfile" name="GoToUrlAssertUrlClickEEGrossPayClickclickRunPayroll1ClickclickRunPayroll2ClickgotoReportsClic" time="43.500"/>
  <system-out/>
</testsuite> <!-- _1964_RunPayroll.T153TC03_1964_RunPayroll_DuePay_DefaultProfile -->
