<?xml version="1.0" encoding="UTF-8"?>
<!-- Generated by org.testng.reporters.JUnitReportReporter -->
<testsuite hostname="Nom-31" failures="0" tests="2" name="tests.TC03WrongPayeCloseSubscript_DefaultProfile" time="80.011" errors="0" timestamp="2022-03-14T15:26:38 IST" skipped="0">
  <testcase classname="tests.TC03WrongPayeCloseSubscript_DefaultProfile" name="GoToUrlAssertUrlPositiveEnterEnterUsernamePositiveEnterEnterpasswordClickLoginButtonGoToUrlAs1" time="40.101"/>
  <system-out/>
  <testcase classname="tests.TC03WrongPayeCloseSubscript_DefaultProfile" name="GoToUrlAssertUrlPositiveEnterEnterUsernamePositiveEnterEnterpasswordClickLoginButtonGoToUrlAs1" time="39.910"/>
  <system-out/>
</testsuite> <!-- tests.TC03WrongPayeCloseSubscript_DefaultProfile -->
