<?xml version="1.0" encoding="UTF-8"?>
<!-- Generated by org.testng.reporters.JUnitReportReporter -->
<testsuite hostname="Nom-31" failures="0" tests="1" name="_1918NMW_Alert.TC11over21andEmpApperenticeInFirstYear" time="72.415" errors="0" timestamp="2021-06-02T18:45:16 IST" skipped="0">
  <testcase classname="_1918NMW_Alert.TC11over21andEmpApperenticeInFirstYear" name="GoToUrlAssertUrlPositiveEnterEnterUsernamePositiveEnterEnterpasswordClickLoginButtonGoToUrlAs" time="72.415"/>
  <system-out/>
</testsuite> <!-- _1918NMW_Alert.TC11over21andEmpApperenticeInFirstYear -->
