<?xml version="1.0" encoding="UTF-8"?>
<!-- Generated by org.testng.reporters.JUnitReportReporter -->
<testsuite hostname="Nom-31" failures="0" tests="1" name="_2078Test.TC428PaymentofMonthwhenFourWeekly" time="46.555" errors="0" timestamp="2022-01-31T05:54:57 IST" skipped="0">
  <testcase classname="_2078Test.TC428PaymentofMonthwhenFourWeekly" name="GoToUrlAssertUrlPositiveEnterEnterUsernamePositiveEnterEnterpasswordClickLoginButtonGoToUrlAs1" time="46.555"/>
  <system-out/>
</testsuite> <!-- _2078Test.TC428PaymentofMonthwhenFourWeekly -->
