<?xml version="1.0" encoding="UTF-8"?>
<!-- Generated by org.testng.reporters.JUnitReportReporter -->
<testsuite hostname="Nom-31" failures="0" tests="1" name="_1957PagingandSorting.TC183Sorting" time="51.178" errors="0" timestamp="2022-03-14T15:26:37 IST" skipped="0">
  <testcase classname="_1957PagingandSorting.TC183Sorting" name="GoToUrlAssertUrlPositiveEnterEnterUsernamePositiveEnterEnterpasswordClickLoginButtonGoToUrlAs1" time="51.178"/>
  <system-out/>
</testsuite> <!-- _1957PagingandSorting.TC183Sorting -->
