<?xml version="1.0" encoding="UTF-8"?>
<!-- Generated by org.testng.reporters.JUnitReportReporter -->
<testsuite hostname="Nom-31" failures="0" tests="1" name="test.frequency.subScriptExistingEmployerFrequency_DefaultProfile" time="56.505" errors="0" timestamp="2021-06-04T14:35:01 IST" skipped="0">
  <testcase classname="test.frequency.subScriptExistingEmployerFrequency_DefaultProfile" name="GoToUrlAssertUrlPositiveEnterEnterUsernamePositiveEnterEnterpasswordClickLoginButtonGoToUrlAs1" time="56.505"/>
  <system-out/>
</testsuite> <!-- test.frequency.subScriptExistingEmployerFrequency_DefaultProfile -->
