<?xml version="1.0" encoding="UTF-8"?>
<!-- Generated by org.testng.reporters.JUnitReportReporter -->
<testsuite hostname="Nom-31" failures="0" tests="1" name="Company_Director_Tests.TC7_CD_Alt_JoiningBetweenTxYr_DefaultProfile1" time="47.269" errors="0" timestamp="2021-06-05T20:47:50 IST" skipped="0">
  <testcase classname="Company_Director_Tests.TC7_CD_Alt_JoiningBetweenTxYr_DefaultProfile1" name="GoToUrlAssertUrlClickgotoReportsClickclickP11ClickgetLELAmountClickgetPTAmountClickgetUELAmou" time="47.269"/>
  <system-out/>
</testsuite> <!-- Company_Director_Tests.TC7_CD_Alt_JoiningBetweenTxYr_DefaultProfile1 -->
