<?xml version="1.0" encoding="UTF-8"?>
<!-- Generated by org.testng.reporters.JUnitReportReporter -->
<testsuite hostname="Nom-31" failures="0" tests="2" name="tests.TC19subscriptEmployerOpeningBalance_DefaultProfile" time="118.392" errors="0" timestamp="2022-03-14T15:26:38 IST" skipped="0">
  <testcase classname="tests.TC19subscriptEmployerOpeningBalance_DefaultProfile" name="GoToUrlAssertUrlPositiveEnterEnterUsernamePositiveEnterEnterpasswordClickLoginButtonGoToUrlAs" time="61.292"/>
  <system-out/>
  <testcase classname="tests.TC19subscriptEmployerOpeningBalance_DefaultProfile" name="GoToUrlAssertUrlPositiveEnterEnterUsernamePositiveEnterEnterpasswordClickLoginButtonGoToUrlAs" time="57.100"/>
  <system-out/>
</testsuite> <!-- tests.TC19subscriptEmployerOpeningBalance_DefaultProfile -->
