<?xml version="1.0" encoding="UTF-8"?>
<!-- Generated by org.testng.reporters.JUnitReportReporter -->
<testsuite hostname="Nom-31" failures="0" tests="2" name="_1743PayrollDSB.TC696_697CheckTaxablePayJoinMidWeeklyD" time="95.350" errors="0" timestamp="2021-12-06T22:39:04 IST" skipped="0">
  <testcase classname="_1743PayrollDSB.TC696_697CheckTaxablePayJoinMidWeeklyD" name="GoToUrlAssertUrlPositiveEnterEnterUsernamePositiveEnterEnterpasswordClickLoginButtonGoToUrlAs" time="55.736"/>
  <system-out/>
  <testcase classname="_1743PayrollDSB.TC696_697CheckTaxablePayJoinMidWeeklyD" name="GoToUrlAssertUrlPositiveEnterEnterUsernamePositiveEnterEnterpasswordClickLoginButtonGoToUrlAs1" time="39.614"/>
  <system-out/>
</testsuite> <!-- _1743PayrollDSB.TC696_697CheckTaxablePayJoinMidWeeklyD -->
