<?xml version="1.0" encoding="UTF-8"?>
<!-- Generated by org.testng.reporters.JUnitReportReporter -->
<testsuite hostname="Nom-31" failures="0" tests="1" name="EPStest.TC43_FinalEPSGen" time="39.160" errors="0" timestamp="2022-03-14T15:26:38 IST" skipped="0">
  <testcase classname="EPStest.TC43_FinalEPSGen" name="GoToUrlAssertUrlPositiveEnterEnterUsernamePositiveEnterEnterpasswordClickLoginButtonGoToUrlAs1" time="39.160"/>
  <system-out/>
</testsuite> <!-- EPStest.TC43_FinalEPSGen -->
