<?xml version="1.0" encoding="UTF-8"?>
<!-- Generated by org.testng.reporters.JUnitReportReporter -->
<testsuite hostname="Nom-31" failures="0" tests="1" name="tests.SubscriptPswdProtectionNoProtection_DefaultProfile" time="47.440" errors="0" timestamp="2021-05-06T17:11:07 IST" skipped="0">
  <testcase classname="tests.SubscriptPswdProtectionNoProtection_DefaultProfile" name="GoToUrlAssertUrlPositiveEnterEnterUsernamePositiveEnterEnterpasswordClickLoginButtonGoToUrlAs1" time="47.440"/>
  <system-out/>
</testsuite> <!-- tests.SubscriptPswdProtectionNoProtection_DefaultProfile -->
