<?xml version="1.0" encoding="UTF-8"?>
<!-- Generated by org.testng.reporters.JUnitReportReporter -->
<testsuite hostname="Nom-31" failures="0" tests="6" name="_1743PayrollDSB.TC720_725CheckPayroll_InprogressClient" time="648.222" errors="0" timestamp="2021-12-10T15:23:01 IST" skipped="0">
  <testcase classname="_1743PayrollDSB.TC720_725CheckPayroll_InprogressClient" name="Inprogress_Overdue" time="54.039"/>
  <system-out/>
  <testcase classname="_1743PayrollDSB.TC720_725CheckPayroll_InprogressClient" name="Inprogress_1week" time="70.022"/>
  <system-out/>
  <testcase classname="_1743PayrollDSB.TC720_725CheckPayroll_InprogressClient" name="Inprogress_1Month" time="194.498"/>
  <system-out/>
  <testcase classname="_1743PayrollDSB.TC720_725CheckPayroll_InprogressClient" name="Inprogress_2Month" time="111.042"/>
  <system-out/>
  <testcase classname="_1743PayrollDSB.TC720_725CheckPayroll_InprogressClient" name="Inprogress_3_6Month" time="173.726"/>
  <system-out/>
  <testcase classname="_1743PayrollDSB.TC720_725CheckPayroll_InprogressClient" name="Inprogress_6plusMonth" time="44.895"/>
  <system-out/>
</testsuite> <!-- _1743PayrollDSB.TC720_725CheckPayroll_InprogressClient -->
