<?xml version="1.0" encoding="UTF-8"?>
<!-- Generated by org.testng.reporters.JUnitReportReporter -->
<testsuite hostname="Nom-31" failures="0" tests="3" name="_1912.TC395_397_1912WeeklyowSalary" time="126.516" errors="0" timestamp="2021-11-11T04:10:42 IST" skipped="0">
  <testcase classname="_1912.TC395_397_1912WeeklyowSalary" name="GoToUrlAssertUrlClickRunPayroll1ClickRunPayroll2ClickgetSuccessMsgClickUndoLastPayrollClickcl" time="42.415"/>
  <system-out/>
  <testcase classname="_1912.TC395_397_1912WeeklyowSalary" name="GoToUrlAssertUrlClickRunPayroll1ClickRunPayroll2ClickgetSuccessMsgClickUndoLastPayrollClickc2" time="41.930"/>
  <system-out/>
  <testcase classname="_1912.TC395_397_1912WeeklyowSalary" name="GoToUrlAssertUrlClickRunPayroll1ClickRunPayroll2ClickgetSuccessMsgClickUndoLastPayrollClickc3" time="42.171"/>
  <system-out/>
</testsuite> <!-- _1912.TC395_397_1912WeeklyowSalary -->
