<?xml version="1.0" encoding="UTF-8"?>
<!-- Generated by org.testng.reporters.JUnitReportReporter -->
<testsuite hostname="Nom-31" failures="0" tests="1" name="PaymentManagement.TC73subscriptPaymentmmgtwhenfreqFourweekly" time="46.938" errors="0" timestamp="2022-03-14T15:26:38 IST" skipped="0">
  <testcase classname="PaymentManagement.TC73subscriptPaymentmmgtwhenfreqFourweekly" name="GoToUrlAssertUrlPositiveEnterEnterUsernamePositiveEnterEnterpasswordClickLoginButtonGoToUrlAs" time="46.938"/>
  <system-out/>
</testsuite> <!-- PaymentManagement.TC73subscriptPaymentmmgtwhenfreqFourweekly -->
