<?xml version="1.0" encoding="UTF-8"?>
<!-- Generated by org.testng.reporters.JUnitReportReporter -->
<testsuite hostname="Nom-31" failures="0" tests="1" name="SMP_XML.TC566SMP_XML9" time="54.238" errors="0" timestamp="2022-01-31T05:54:55 IST" skipped="0">
  <testcase classname="SMP_XML.TC566SMP_XML9" name="GoToUrlAssertUrlClickgotoReportsClickclickP11ClickgetLELAmountClickgetPTAmountClickgetUELAmou" time="54.238"/>
  <system-out/>
</testsuite> <!-- SMP_XML.TC566SMP_XML9 -->
