<?xml version="1.0" encoding="UTF-8"?>
<!-- Generated by org.testng.reporters.JUnitReportReporter -->
<testsuite hostname="Nom-31" failures="0" tests="1" name="_1744CISDSBTest.TC512ContractorNotAllocatedList" time="30.288" errors="0" timestamp="2021-11-11T22:30:22 IST" skipped="0">
  <testcase classname="_1744CISDSBTest.TC512ContractorNotAllocatedList" name="GoToUrlAssertUrlPositiveEnterEnterUsernamePositiveEnterEnterpasswordClickLoginButtonGoToUrlAs" time="30.288"/>
  <system-out/>
</testsuite> <!-- _1744CISDSBTest.TC512ContractorNotAllocatedList -->
