<?xml version="1.0" encoding="UTF-8"?>
<!-- Generated by org.testng.reporters.JUnitReportReporter -->
<testsuite hostname="Nom-31" failures="0" tests="20" name="_1540EEInfoImport.TC932EEIInfomport" time="1196.811" errors="0" timestamp="2022-01-31T17:53:57 IST" skipped="0">
  <testcase classname="_1540EEInfoImport.TC932EEIInfomport" name="verifyJobTitle" time="53.128"/>
  <system-out/>
  <testcase classname="_1540EEInfoImport.TC932EEIInfomport" name="verifyGender" time="52.409"/>
  <system-out/>
  <testcase classname="_1540EEInfoImport.TC932EEIInfomport" name="verifyDOB" time="51.611"/>
  <system-out/>
  <testcase classname="_1540EEInfoImport.TC932EEIInfomport" name="verifyAddress" time="53.606"/>
  <system-out/>
  <testcase classname="_1540EEInfoImport.TC932EEIInfomport" name="verifyJoiningDate" time="65.076"/>
  <system-out/>
  <testcase classname="_1540EEInfoImport.TC932EEIInfomport" name="verifyPayrollID" time="53.899"/>
  <system-out/>
  <testcase classname="_1540EEInfoImport.TC932EEIInfomport" name="verifyRTISubmissionID" time="51.770"/>
  <system-out/>
  <testcase classname="_1540EEInfoImport.TC932EEIInfomport" name="verifyPayFrequency" time="52.763"/>
  <system-out/>
  <testcase classname="_1540EEInfoImport.TC932EEIInfomport" name="verifyBankDetails" time="56.438"/>
  <system-out/>
  <testcase classname="_1540EEInfoImport.TC932EEIInfomport" name="verifyNI_Category" time="55.569"/>
  <system-out/>
  <testcase classname="_1540EEInfoImport.TC932EEIInfomport" name="verifyTax_Code" time="57.376"/>
  <system-out/>
  <testcase classname="_1540EEInfoImport.TC932EEIInfomport" name="verifyDirector_Import" time="66.848"/>
  <system-out/>
  <testcase classname="_1540EEInfoImport.TC932EEIInfomport" name="verifySalary_Import" time="59.809"/>
  <system-out/>
  <testcase classname="_1540EEInfoImport.TC932EEIInfomport" name="verifyApprenticeDate_Import" time="140.686"/>
  <system-out/>
  <testcase classname="_1540EEInfoImport.TC932EEIInfomport" name="verifyOpening_Balance" time="62.720"/>
  <system-out/>
  <testcase classname="_1540EEInfoImport.TC932EEIInfomport" name="verifypension_Balance" time="52.555"/>
  <system-out/>
  <testcase classname="_1540EEInfoImport.TC932EEIInfomport" name="verifypension_BalancePopup" time="48.603"/>
  <system-out/>
  <testcase classname="_1540EEInfoImport.TC932EEIInfomport" name="verifypension_BalanceAmount" time="51.089"/>
  <system-out/>
  <testcase classname="_1540EEInfoImport.TC932EEIInfomport" name="verifypension_BalanceYELAmount" time="57.706"/>
  <system-out/>
  <testcase classname="_1540EEInfoImport.TC932EEIInfomport" name="verifypension_BalancePopup1" time="53.150"/>
  <system-out/>
</testsuite> <!-- _1540EEInfoImport.TC932EEIInfomport -->
