<?xml version="1.0" encoding="UTF-8"?>
<!-- Generated by org.testng.reporters.JUnitReportReporter -->
<testsuite hostname="Nom-31" failures="0" tests="1" name="tests.TC15subScriptOpeningBalance_DefaultProfile" time="76.340" errors="0" timestamp="2021-12-06T22:39:04 IST" skipped="0">
  <testcase classname="tests.TC15subScriptOpeningBalance_DefaultProfile" name="GoToUrlAssertUrlPositiveEnterEnterUsernamePositiveEnterEnterpasswordClickLoginButtonGoToUrlAs" time="76.340"/>
  <system-out/>
</testsuite> <!-- tests.TC15subScriptOpeningBalance_DefaultProfile -->
