<?xml version="1.0" encoding="UTF-8"?>
<!-- Generated by org.testng.reporters.JUnitReportReporter -->
<testsuite hostname="Nom-31" failures="0" tests="1" name="frequencytest.TC49subscriptChngfrqMtoW" time="62.671" errors="0" timestamp="2022-03-14T15:26:38 IST" skipped="0">
  <testcase classname="frequencytest.TC49subscriptChngfrqMtoW" name="GoToUrlAssertUrlPositiveEnterEnterUsernamePositiveEnterEnterpasswordClickLoginButtonGoToUrlAs1" time="62.671"/>
  <system-out/>
</testsuite> <!-- frequencytest.TC49subscriptChngfrqMtoW -->
