<?xml version="1.0" encoding="UTF-8"?>
<!-- Generated by org.testng.reporters.JUnitReportReporter -->
<testsuite hostname="Nom-31" failures="0" tests="1" name="_2118SMPDOB.TC577SMP_XML" time="41.188" errors="0" timestamp="2021-12-06T22:39:04 IST" skipped="0">
  <testcase classname="_2118SMPDOB.TC577SMP_XML" name="GoToUrlAssertUrlClickgotoReportsClickclickP11ClickgetLELAmountClickgetPTAmountClickgetUELAmou" time="41.188"/>
  <system-out/>
</testsuite> <!-- _2118SMPDOB.TC577SMP_XML -->
