<?xml version="1.0" encoding="UTF-8"?>
<!-- Generated by org.testng.reporters.JUnitReportReporter -->
<testsuite hostname="Nom-31" failures="0" tests="2" name="verifyEmailsDataTest.TC295EmailAttachmentData" time="100.027" errors="0" timestamp="2022-03-14T15:26:38 IST" skipped="0">
  <testcase classname="verifyEmailsDataTest.TC295EmailAttachmentData" name="GoToUrlAssertUrlClickclickAllowancesSchemesClickmarkYesClickclickSaveClickgotoPayrollDashboard1" time="47.773"/>
  <system-out/>
  <testcase classname="verifyEmailsDataTest.TC295EmailAttachmentData" name="GoToUrlAssertUrlClickclickAllowancesSchemesClickmarkYesClickclickSaveClickgotoPayrollDashboard2" time="52.254"/>
  <system-out/>
</testsuite> <!-- verifyEmailsDataTest.TC295EmailAttachmentData -->
