<?xml version="1.0" encoding="UTF-8"?>
<!-- Generated by org.testng.reporters.JUnitReportReporter -->
<testsuite hostname="Nom-31" failures="0" tests="1" name="_1911test.TC663NoProtectionEmailfromDSBtoER" time="67.213" errors="0" timestamp="2021-12-06T22:39:04 IST" skipped="0">
  <testcase classname="_1911test.TC663NoProtectionEmailfromDSBtoER" name="GoToUrlAssertUrlPositiveEnterEnterUsernamePositiveEnterEnterpasswordClickLoginButtonGoToUrlAs" time="67.213"/>
  <system-out/>
</testsuite> <!-- _1911test.TC663NoProtectionEmailfromDSBtoER -->
