<?xml version="1.0" encoding="UTF-8"?>
<!-- Generated by org.testng.reporters.JUnitReportReporter -->
<testsuite hostname="Nom-31" failures="0" tests="1" name="PaymentManagement.T124TC04_PM_Fortnight3" time="56.633" errors="0" timestamp="2022-01-31T05:54:57 IST" skipped="0">
  <testcase classname="PaymentManagement.T124TC04_PM_Fortnight3" name="GoToUrlAssertUrlPositiveEnterEnterUsernamePositiveEnterEnterpasswordClickLoginButtonGoToUrlAs" time="56.633"/>
  <system-out/>
</testsuite> <!-- PaymentManagement.T124TC04_PM_Fortnight3 -->
