<?xml version="1.0" encoding="UTF-8"?>
<!-- Generated by org.testng.reporters.JUnitReportReporter -->
<testsuite hostname="Nom-31" failures="0" tests="1" name="tests1.TC45subscriptDisableSchemeWithEndDay5_DefaultProfile" time="58.916" errors="0" timestamp="2022-01-31T05:54:56 IST" skipped="0">
  <testcase classname="tests1.TC45subscriptDisableSchemeWithEndDay5_DefaultProfile" name="GoToUrlAssertUrlPositiveEnterEnterUsernamePositiveEnterEnterpasswordClickLoginButtonGoToUrlAs" time="58.916"/>
  <system-out/>
</testsuite> <!-- tests1.TC45subscriptDisableSchemeWithEndDay5_DefaultProfile -->
