<?xml version="1.0" encoding="UTF-8"?>
<!-- Generated by org.testng.reporters.JUnitReportReporter -->
<testsuite hostname="Nom-31" failures="0" tests="2" name="_2170RTI_Submission.TC692_693CheckTaxablePayForMidYear" time="91.313" errors="0" timestamp="2022-03-14T15:26:38 IST" skipped="0">
  <testcase classname="_2170RTI_Submission.TC692_693CheckTaxablePayForMidYear" name="GoToUrlAssertUrlPositiveEnterEnterUsernamePositiveEnterEnterpasswordClickLoginButtonGoToUrlAs" time="52.178"/>
  <system-out/>
  <testcase classname="_2170RTI_Submission.TC692_693CheckTaxablePayForMidYear" name="GoToUrlAssertUrlPositiveEnterEnterUsernamePositiveEnterEnterpasswordClickLoginButtonGoToUrlAs1" time="39.135"/>
  <system-out/>
</testsuite> <!-- _2170RTI_Submission.TC692_693CheckTaxablePayForMidYear -->
