<?xml version="1.0" encoding="UTF-8"?>
<!-- Generated by org.testng.reporters.JUnitReportReporter -->
<testsuite hostname="Nom-31" failures="0" tests="2" name="_1750Test.TC788_789RTI_List" time="71.760" errors="0" timestamp="2022-01-31T05:54:56 IST" skipped="0">
  <testcase classname="_1750Test.TC788_789RTI_List" name="GoToUrlAssertUrlPositiveEnterEnterUsernamePositiveEnterEnterpasswordClickLoginButtonGoToUrlAs" time="40.148"/>
  <system-out/>
  <testcase classname="_1750Test.TC788_789RTI_List" name="GoToUrlAssertUrlPositiveEnterEnterUsernamePositiveEnterEnterpasswordClickLoginButtonGoToUrlAs1" time="31.612"/>
  <system-out/>
</testsuite> <!-- _1750Test.TC788_789RTI_List -->
