<?xml version="1.0" encoding="UTF-8"?>
<!-- Generated by org.testng.reporters.JUnitReportReporter -->
<testsuite hostname="Nom-31" failures="0" tests="1" name="_2106AutoPayroll.TC607AutoPayrollAndNotOptForSummary" time="66.417" errors="0" timestamp="2021-11-11T04:10:42 IST" skipped="0">
  <testcase classname="_2106AutoPayroll.TC607AutoPayrollAndNotOptForSummary" name="GoToUrlAssertUrlPositiveEnterEnterUsernamePositiveEnterEnterpasswordClickLoginButtonGoToUrlAs" time="66.417"/>
  <system-out/>
</testsuite> <!-- _2106AutoPayroll.TC607AutoPayrollAndNotOptForSummary -->
