<?xml version="1.0" encoding="UTF-8"?>
<!-- Generated by org.testng.reporters.JUnitReportReporter -->
<testsuite hostname="Nom-31" failures="0" tests="1" name="_1760ER_Allow.T158TC06_1760_ERNI_EPSGen_DefaultProfile" time="55.483" errors="0" timestamp="2021-12-21T12:09:45 IST" skipped="0">
  <testcase classname="_1760ER_Allow.T158TC06_1760_ERNI_EPSGen_DefaultProfile" name="GoToUrlAssertUrlPositiveEnterEnterUsernamePositiveEnterEnterpasswordClickLoginButtonGoToUrlAs" time="55.483"/>
  <system-out/>
</testsuite> <!-- _1760ER_Allow.T158TC06_1760_ERNI_EPSGen_DefaultProfile -->
