<?xml version="1.0" encoding="UTF-8"?>
<!-- Generated by org.testng.reporters.JUnitReportReporter -->
<testsuite hostname="Nom-31" failures="0" tests="1" name="PaymentManagement.TC70subscriptPaymentmmgtwhenfreqWeekly" time="47.909" errors="0" timestamp="2021-11-11T04:10:41 IST" skipped="0">
  <testcase classname="PaymentManagement.TC70subscriptPaymentmmgtwhenfreqWeekly" name="GoToUrlAssertUrlPositiveEnterEnterUsernamePositiveEnterEnterpasswordClickLoginButtonGoToUrlAs" time="47.909"/>
  <system-out/>
</testsuite> <!-- PaymentManagement.TC70subscriptPaymentmmgtwhenfreqWeekly -->
