<?xml version="1.0" encoding="UTF-8"?>
<!-- Generated by org.testng.reporters.JUnitReportReporter -->
<testsuite hostname="Nom-31" failures="0" tests="1" name="_1399subContr.TC199VerifySubContrwithoutNI_n_UTR" time="47.651" errors="0" timestamp="2021-12-06T22:39:04 IST" skipped="0">
  <testcase classname="_1399subContr.TC199VerifySubContrwithoutNI_n_UTR" name="GoToUrlAssertUrlPositiveEnterEnterUsernamePositiveEnterEnterpasswordClickLoginButtonGoToUrlAs1" time="47.651"/>
  <system-out/>
</testsuite> <!-- _1399subContr.TC199VerifySubContrwithoutNI_n_UTR -->
