<?xml version="1.0" encoding="UTF-8"?>
<!-- Generated by org.testng.reporters.JUnitReportReporter -->
<testsuite hostname="Nom-31" failures="0" tests="1" name="SmallerEmployertest.TC141_SER_ReportsSumarry" time="42.014" errors="0" timestamp="2021-12-21T12:09:45 IST" skipped="0">
  <testcase classname="SmallerEmployertest.TC141_SER_ReportsSumarry" name="GoToUrlAssertUrlClickclickAllowancesSchemesClickselectYestosmallERClickselectNotosmallERClickc" time="42.014"/>
  <system-out/>
</testsuite> <!-- SmallerEmployertest.TC141_SER_ReportsSumarry -->
