<?xml version="1.0" encoding="UTF-8"?>
<!-- Generated by org.testng.reporters.JUnitReportReporter -->
<testsuite hostname="Nom-31" failures="0" tests="1" name="_1756PayrollSummary.TC222verifysummarywhenchangeToQuaterly" time="64.340" errors="0" timestamp="2021-12-21T12:09:45 IST" skipped="0">
  <testcase classname="_1756PayrollSummary.TC222verifysummarywhenchangeToQuaterly" name="GoToUrlAssertUrlClickclickAllowancesSchemesClickmarkYesClickclickSaveClickgotoPayrollDashboard" time="64.340"/>
  <system-out/>
</testsuite> <!-- _1756PayrollSummary.TC222verifysummarywhenchangeToQuaterly -->
