<?xml version="1.0" encoding="UTF-8"?>
<!-- Generated by org.testng.reporters.JUnitReportReporter -->
<testsuite hostname="Nom-31" failures="0" tests="1" name="_1964_RunPayroll.TC02_1964_RunPayroll_DuePay_DefaultProfile" time="37.813" errors="0" timestamp="2021-06-05T20:59:45 IST" skipped="0">
  <testcase classname="_1964_RunPayroll.TC02_1964_RunPayroll_DuePay_DefaultProfile" name="GoToUrlAssertUrlClickEEGrossPayClickclickRunPayroll1ClickclickRunPayroll2ClickgotoReportsClic" time="37.813"/>
  <system-out/>
</testsuite> <!-- _1964_RunPayroll.TC02_1964_RunPayroll_DuePay_DefaultProfile -->
