<?xml version="1.0" encoding="UTF-8"?>
<!-- Generated by org.testng.reporters.JUnitReportReporter -->
<testsuite hostname="Nom-31" failures="0" tests="4" name="_2078Test.TC406_409PaymentofMonthwhen3" time="171.968" errors="0" timestamp="2022-03-14T15:26:38 IST" skipped="0">
  <testcase classname="_2078Test.TC406_409PaymentofMonthwhen3" name="GoToUrlAssertUrlPositiveEnterEnterUsernamePositiveEnterEnterpasswordClickLoginButtonGoToUrlAs1" time="54.216"/>
  <system-out/>
  <testcase classname="_2078Test.TC406_409PaymentofMonthwhen3" name="GoToUrlAssertUrlClickRunPayroll1ClickRunPayroll2ClickgetSuccessMsgClickUndoLastPayrollClickcl" time="38.135"/>
  <system-out/>
  <testcase classname="_2078Test.TC406_409PaymentofMonthwhen3" name="GoToUrlAssertUrlClickRunPayroll1ClickRunPayroll2ClickgetSuccessMsgClickUndoLastPayrollClickc2" time="40.268"/>
  <system-out/>
  <testcase classname="_2078Test.TC406_409PaymentofMonthwhen3" name="GoToUrlAssertUrlClickRunPayroll1ClickRunPayroll2ClickgetSuccessMsgClickUndoLastPayrollClickc4" time="39.349"/>
  <system-out/>
</testsuite> <!-- _2078Test.TC406_409PaymentofMonthwhen3 -->
