<?xml version="1.0" encoding="UTF-8"?>
<!-- Generated by org.testng.reporters.JUnitReportReporter -->
<testsuite hostname="Nom-31" failures="0" tests="1" name="Company_Director_Tests.CDBeforeTxYrLowFiling_DefaultProfile" time="45.457" errors="0" timestamp="2021-06-05T19:31:57 IST" skipped="0">
  <testcase classname="Company_Director_Tests.CDBeforeTxYrLowFiling_DefaultProfile" name="GoToUrlAssertUrlClickgotoReportsClickclickP11ClickgetLELAmountClickgetPTAmountClickgetUELAmou" time="45.457"/>
  <system-out/>
</testsuite> <!-- Company_Director_Tests.CDBeforeTxYrLowFiling_DefaultProfile -->
