<?xml version="1.0" encoding="UTF-8"?>
<!-- Generated by org.testng.reporters.JUnitReportReporter -->
<testsuite hostname="Nom-31" failures="0" tests="1" name="_2128AutoPayProtection.TC638PaysliptoERandOtherwithPeriodOptionwithNoProtection" time="56.547" errors="0" timestamp="2021-11-11T04:10:42 IST" skipped="0">
  <testcase classname="_2128AutoPayProtection.TC638PaysliptoERandOtherwithPeriodOptionwithNoProtection" name="GoToUrlAssertUrlPositiveEnterEnterUsernamePositiveEnterEnterpasswordClickLoginButtonGoToUrlAs" time="56.547"/>
  <system-out/>
</testsuite> <!-- _2128AutoPayProtection.TC638PaysliptoERandOtherwithPeriodOptionwithNoProtection -->
