<?xml version="1.0" encoding="UTF-8"?>
<!-- Generated by org.testng.reporters.JUnitReportReporter -->
<testsuite hostname="Nom-31" failures="0" tests="1" name="Company_Director_Tests.TC14_CD_SalaryinOneMonth" time="44.480" errors="0" timestamp="2021-06-05T19:57:50 IST" skipped="0">
  <testcase classname="Company_Director_Tests.TC14_CD_SalaryinOneMonth" name="GoToUrlAssertUrlClickgotoReportsClickclickP11ClickgetLELAmountClickgetPTAmountClickgetUELAmou" time="44.480"/>
  <system-out/>
</testsuite> <!-- Company_Director_Tests.TC14_CD_SalaryinOneMonth -->
