<?xml version="1.0" encoding="UTF-8"?>
<!-- Generated by org.testng.reporters.JUnitReportReporter -->
<testsuite hostname="Nom-31" failures="0" tests="1" name="PaymentManagement.TS01_PM_Dump" time="53.129" errors="0" timestamp="2021-06-05T00:16:14 IST" skipped="0">
  <testcase classname="PaymentManagement.TS01_PM_Dump" name="GoToUrlAssertUrlPositiveEnterEnterUsernamePositiveEnterEnterpasswordClickLoginButtonGoToUrlAs" time="53.129"/>
  <system-out/>
</testsuite> <!-- PaymentManagement.TS01_PM_Dump -->
