<?xml version="1.0" encoding="UTF-8"?>
<!-- Generated by org.testng.reporters.JUnitReportReporter -->
<testsuite hostname="Nom-31" failures="0" tests="1" name="_1399subContr.TC211VerifySubContrwithWrongNIDump" time="27.785" errors="0" timestamp="2022-03-14T15:26:38 IST" skipped="0">
  <testcase classname="_1399subContr.TC211VerifySubContrwithWrongNIDump" name="GoToUrlAssertUrlPositiveEnterEnterUsernamePositiveEnterEnterpasswordClickLoginButtonGoToUrlAs1" time="27.785"/>
  <system-out/>
</testsuite> <!-- _1399subContr.TC211VerifySubContrwithWrongNIDump -->
