<?xml version="1.0" encoding="UTF-8"?>
<!-- Generated by org.testng.reporters.JUnitReportReporter -->
<testsuite hostname="Nom-31" failures="0" tests="2" name="verifyEmailsDataTest.TC295EmailAttachmentData" time="98.888" errors="0" timestamp="2021-12-21T12:09:45 IST" skipped="0">
  <testcase classname="verifyEmailsDataTest.TC295EmailAttachmentData" name="GoToUrlAssertUrlClickclickAllowancesSchemesClickmarkYesClickclickSaveClickgotoPayrollDashboard1" time="47.733"/>
  <system-out/>
  <testcase classname="verifyEmailsDataTest.TC295EmailAttachmentData" name="GoToUrlAssertUrlClickclickAllowancesSchemesClickmarkYesClickclickSaveClickgotoPayrollDashboard2" time="51.155"/>
  <system-out/>
</testsuite> <!-- verifyEmailsDataTest.TC295EmailAttachmentData -->
