<?xml version="1.0" encoding="UTF-8"?>
<!-- Generated by org.testng.reporters.JUnitReportReporter -->
<testsuite hostname="Nom-31" failures="0" tests="2" name="_2170RTI_Submission.TC690CheckTaxablePayForTwoMonths" time="101.752" errors="0" timestamp="2021-11-30T01:32:53 IST" skipped="0">
  <testcase classname="_2170RTI_Submission.TC690CheckTaxablePayForTwoMonths" name="GoToUrlAssertUrlPositiveEnterEnterUsernamePositiveEnterEnterpasswordClickLoginButtonGoToUrlAs" time="60.448"/>
  <system-out/>
  <testcase classname="_2170RTI_Submission.TC690CheckTaxablePayForTwoMonths" name="GoToUrlAssertUrlPositiveEnterEnterUsernamePositiveEnterEnterpasswordClickLoginButtonGoToUrlAs1" time="41.304"/>
  <system-out/>
</testsuite> <!-- _2170RTI_Submission.TC690CheckTaxablePayForTwoMonths -->
