<?xml version="1.0" encoding="UTF-8"?>
<!-- Generated by org.testng.reporters.JUnitReportReporter -->
<testsuite hostname="Nom-31" failures="0" tests="2" name="TaxCode.TC441_442TaxCode_D1" time="76.203" errors="0" timestamp="2022-03-14T15:26:38 IST" skipped="0">
  <testcase classname="TaxCode.TC441_442TaxCode_D1" name="GoToUrlAssertUrlClickRunPayroll1ClickRunPayroll2ClickgetSuccessMsgClickUndoLastPayrollClickcl" time="41.897"/>
  <system-out/>
  <testcase classname="TaxCode.TC441_442TaxCode_D1" name="GoToUrlAssertUrlClickRunPayroll1ClickRunPayroll2ClickgetSuccessMsgClickUndoLastPayrollClickc4" time="34.306"/>
  <system-out/>
</testsuite> <!-- TaxCode.TC441_442TaxCode_D1 -->
