<?xml version="1.0" encoding="UTF-8"?>
<!-- Generated by org.testng.reporters.JUnitReportReporter -->
<testsuite hostname="Nom-31" failures="0" tests="1" name="_1760ER_Allow.T156TC03_1760_ERNI_MaxEmpAllow_DefaultProfile" time="57.779" errors="0" timestamp="2021-11-11T04:10:41 IST" skipped="0">
  <testcase classname="_1760ER_Allow.T156TC03_1760_ERNI_MaxEmpAllow_DefaultProfile" name="GoToUrlAssertUrlPositiveEnterEnterUsernamePositiveEnterEnterpasswordClickLoginButtonGoToUrlAs" time="57.779"/>
  <system-out/>
</testsuite> <!-- _1760ER_Allow.T156TC03_1760_ERNI_MaxEmpAllow_DefaultProfile -->
