<?xml version="1.0" encoding="UTF-8"?>
<!-- Generated by org.testng.reporters.JUnitReportReporter -->
<testsuite hostname="Nom-31" failures="0" tests="7" name="AOE.TC852_858AOE_ChildSupportPopup" time="404.036" errors="0" timestamp="2022-01-31T05:54:55 IST" skipped="0">
  <testcase classname="AOE.TC852_858AOE_ChildSupportPopup" name="GoToUrlAssertUrlPositiveEnterEnterUsernamePositiveEnterEnterpasswordClickLoginButtonGoToUrlAs1" time="49.488"/>
  <system-out/>
  <testcase classname="AOE.TC852_858AOE_ChildSupportPopup" name="GoToUrlAssertUrlPositiveEnterEnterUsernamePositiveEnterEnterpasswordClickLoginButtonGoToUrlAs2" time="52.702"/>
  <system-out/>
  <testcase classname="AOE.TC852_858AOE_ChildSupportPopup" name="GoToUrlAssertUrlPositiveEnterEnterUsernamePositiveEnterEnterpasswordClickLoginButtonGoToUrlAs3" time="58.334"/>
  <system-out/>
  <testcase classname="AOE.TC852_858AOE_ChildSupportPopup" name="GoToUrlAssertUrlPositiveEnterEnterUsernamePositiveEnterEnterpasswordClickLoginButtonGoToUrlAs4" time="58.815"/>
  <system-out/>
  <testcase classname="AOE.TC852_858AOE_ChildSupportPopup" name="GoToUrlAssertUrlPositiveEnterEnterUsernamePositiveEnterEnterpasswordClickLoginButtonGoToUrlAs5" time="61.416"/>
  <system-out/>
  <testcase classname="AOE.TC852_858AOE_ChildSupportPopup" name="GoToUrlAssertUrlPositiveEnterEnterUsernamePositiveEnterEnterpasswordClickLoginButtonGoToUrlAs6" time="64.270"/>
  <system-out/>
  <testcase classname="AOE.TC852_858AOE_ChildSupportPopup" name="GoToUrlAssertUrlPositiveEnterEnterUsernamePositiveEnterEnterpasswordClickLoginButtonGoToUrlAs7" time="59.011"/>
  <system-out/>
</testsuite> <!-- AOE.TC852_858AOE_ChildSupportPopup -->
