<?xml version="1.0" encoding="UTF-8"?>
<!-- Generated by org.testng.reporters.JUnitReportReporter -->
<testsuite hostname="Nom-31" failures="0" tests="1" name="Company_Director_Tests.CD_StatePensionReached" time="60.151" errors="0" timestamp="2021-06-05T17:38:13 IST" skipped="0">
  <testcase classname="Company_Director_Tests.CD_StatePensionReached" name="GoToUrlAssertUrlClickgotoReportsClickclickP11ClickgetLELAmountClickgetPTAmountClickgetUELAmou" time="60.151"/>
  <system-out/>
</testsuite> <!-- Company_Director_Tests.CD_StatePensionReached -->
