<?xml version="1.0" encoding="UTF-8"?>
<!-- Generated by org.testng.reporters.JUnitReportReporter -->
<testsuite hostname="Nom-31" failures="0" tests="2" name="_2087EmailLog.TC457_458EmailLogFromSummary" time="113.798" errors="0" timestamp="2022-01-31T05:54:55 IST" skipped="0">
  <testcase classname="_2087EmailLog.TC457_458EmailLogFromSummary" name="GoToUrlAssertUrlClickclickAllowancesSchemesClickmarkYesClickclickSaveClickgotoPayrollDashboard" time="63.601"/>
  <system-out/>
  <testcase classname="_2087EmailLog.TC457_458EmailLogFromSummary" name="GoToUrlAssertUrlClickclickAllowancesSchemesClickmarkYesClickclickSaveClickgotoPayrollDashboard1" time="50.197"/>
  <system-out/>
</testsuite> <!-- _2087EmailLog.TC457_458EmailLogFromSummary -->
