<?xml version="1.0" encoding="UTF-8"?>
<!-- Generated by org.testng.reporters.JUnitReportReporter -->
<testsuite hostname="Nom-31" failures="0" tests="1" name="_1772Deregistration.TC642PreviousPayrollPendingErrorDeregisteration" time="42.094" errors="0" timestamp="2021-12-21T12:09:45 IST" skipped="0">
  <testcase classname="_1772Deregistration.TC642PreviousPayrollPendingErrorDeregisteration" name="GoToUrlAssertUrlPositiveEnterEnterUsernamePositiveEnterEnterpasswordClickLoginButtonGoToUrlAs1" time="42.094"/>
  <system-out/>
</testsuite> <!-- _1772Deregistration.TC642PreviousPayrollPendingErrorDeregisteration -->
