<?xml version="1.0" encoding="UTF-8"?>
<!-- Generated by org.testng.reporters.JUnitReportReporter -->
<testsuite hostname="Nom-31" failures="0" tests="2" name="_2129SummaryCustomized.TC595SummaryEmailWhenAutoPayrollQtr" time="71.093" errors="0" timestamp="2021-12-06T22:39:04 IST" skipped="0">
  <testcase classname="_2129SummaryCustomized.TC595SummaryEmailWhenAutoPayrollQtr" name="GoToUrlAssertUrlClickPayslipsPositiveSelectPayrollDateClickEmailPayslipsClickTickCompanyemaila" time="36.053"/>
  <system-out/>
  <testcase classname="_2129SummaryCustomized.TC595SummaryEmailWhenAutoPayrollQtr" name="GoToUrlAssertUrlClickPayslipsPositiveSelectPayrollDateClickEmailPayslipsClickTickCompanyemaila" time="35.040"/>
  <system-out/>
</testsuite> <!-- _2129SummaryCustomized.TC595SummaryEmailWhenAutoPayrollQtr -->
