<?xml version="1.0" encoding="UTF-8"?>
<!-- Generated by org.testng.reporters.JUnitReportReporter -->
<testsuite hostname="Nom-31" failures="0" tests="6" name="_1743PayrollDSB.TC738_743CheckPayroll_AwaitingApprovalClient" time="220.460" errors="0" timestamp="2022-01-31T05:54:56 IST" skipped="0">
  <testcase classname="_1743PayrollDSB.TC738_743CheckPayroll_AwaitingApprovalClient" name="AwaitingApproval_Overdue" time="36.105"/>
  <system-out/>
  <testcase classname="_1743PayrollDSB.TC738_743CheckPayroll_AwaitingApprovalClient" name="AwaitingApproval_1week" time="36.546"/>
  <system-out/>
  <testcase classname="_1743PayrollDSB.TC738_743CheckPayroll_AwaitingApprovalClient" name="AwaitingApproval_1Month" time="36.505"/>
  <system-out/>
  <testcase classname="_1743PayrollDSB.TC738_743CheckPayroll_AwaitingApprovalClient" name="AwaitingApproval_2Month" time="36.918"/>
  <system-out/>
  <testcase classname="_1743PayrollDSB.TC738_743CheckPayroll_AwaitingApprovalClient" name="AwaitingApproval_3_6Month" time="35.403"/>
  <system-out/>
  <testcase classname="_1743PayrollDSB.TC738_743CheckPayroll_AwaitingApprovalClient" name="AwaitingApproval_6plusMonth" time="38.983"/>
  <system-out/>
</testsuite> <!-- _1743PayrollDSB.TC738_743CheckPayroll_AwaitingApprovalClient -->
