<?xml version="1.0" encoding="UTF-8"?>
<!-- Generated by org.testng.reporters.JUnitReportReporter -->
<testsuite hostname="Nom-31" failures="0" tests="4" name="_2078Test.TC398_401PaymentofMonthwhen5" time="224.950" errors="0" timestamp="2022-01-31T14:01:16 IST" skipped="0">
  <testcase classname="_2078Test.TC398_401PaymentofMonthwhen5" name="GoToUrlAssertUrlPositiveEnterEnterUsernamePositiveEnterEnterpasswordClickLoginButtonGoToUrlAs1" time="58.893"/>
  <system-out/>
  <testcase classname="_2078Test.TC398_401PaymentofMonthwhen5" name="GoToUrlAssertUrlClickRunPayroll1ClickRunPayroll2ClickgetSuccessMsgClickUndoLastPayrollClickcl" time="56.344"/>
  <system-out/>
  <testcase classname="_2078Test.TC398_401PaymentofMonthwhen5" name="GoToUrlAssertUrlClickRunPayroll1ClickRunPayroll2ClickgetSuccessMsgClickUndoLastPayrollClickc2" time="57.923"/>
  <system-out/>
  <testcase classname="_2078Test.TC398_401PaymentofMonthwhen5" name="GoToUrlAssertUrlClickRunPayroll1ClickRunPayroll2ClickgetSuccessMsgClickUndoLastPayrollClickc4" time="51.790"/>
  <system-out/>
</testsuite> <!-- _2078Test.TC398_401PaymentofMonthwhen5 -->
