<?xml version="1.0" encoding="UTF-8"?>
<!-- Generated by org.testng.reporters.JUnitReportReporter -->
<testsuite hostname="Nom-31" failures="0" tests="1" name="SMP_XML.TC570SMP_XMLFortNight8" time="38.405" errors="0" timestamp="2021-12-06T22:39:04 IST" skipped="0">
  <testcase classname="SMP_XML.TC570SMP_XMLFortNight8" name="GoToUrlAssertUrlClickgotoReportsClickclickP11ClickgetLELAmountClickgetPTAmountClickgetUELAmou" time="38.405"/>
  <system-out/>
</testsuite> <!-- SMP_XML.TC570SMP_XMLFortNight8 -->
