<?xml version="1.0" encoding="UTF-8"?>
<!-- Generated by org.testng.reporters.JUnitReportReporter -->
<testsuite hostname="Nom-31" failures="0" tests="1" name="Company_Director_Tests.TC19_CDwithPreviousEmp1" time="37.636" errors="0" timestamp="2021-06-05T20:01:16 IST" skipped="0">
  <testcase classname="Company_Director_Tests.TC19_CDwithPreviousEmp1" name="GoToUrlAssertUrlClickgotoReportsClickclickP11ClickgetLELAmountClickgetPTAmountClickgetUELAmou" time="37.636"/>
  <system-out/>
</testsuite> <!-- Company_Director_Tests.TC19_CDwithPreviousEmp1 -->
