<?xml version="1.0" encoding="UTF-8"?>
<!-- Generated by org.testng.reporters.JUnitReportReporter -->
<testsuite hostname="Nom-31" failures="0" tests="1" name="SMP_XML.TC563SMP_XML6" time="46.460" errors="0" timestamp="2022-01-31T05:54:56 IST" skipped="0">
  <testcase classname="SMP_XML.TC563SMP_XML6" name="GoToUrlAssertUrlClickgotoReportsClickclickP11ClickgetLELAmountClickgetPTAmountClickgetUELAmou" time="46.460"/>
  <system-out/>
</testsuite> <!-- SMP_XML.TC563SMP_XML6 -->
