<?xml version="1.0" encoding="UTF-8"?>
<!-- Generated by org.testng.reporters.JUnitReportReporter -->
<testsuite hostname="Nom-31" failures="0" tests="1" name="verifySummaryReportsData.TC286chkPaymentssummarywhenOverpayment_Mnthly" time="72.413" errors="0" timestamp="2021-12-06T22:39:04 IST" skipped="0">
  <testcase classname="verifySummaryReportsData.TC286chkPaymentssummarywhenOverpayment_Mnthly" name="GoToUrlAssertUrlClickclickAllowancesSchemesClickmarkYesClickclickSaveClickgotoPayrollDashboard" time="72.413"/>
  <system-out/>
</testsuite> <!-- verifySummaryReportsData.TC286chkPaymentssummarywhenOverpayment_Mnthly -->
