<?xml version="1.0" encoding="UTF-8"?>
<!-- Generated by org.testng.reporters.JUnitReportReporter -->
<testsuite hostname="Nom-31" failures="0" tests="1" name="verifyEmailsDataTest.TC228verifyAlertWhenNoContactDump" time="38.454" errors="0" timestamp="2021-12-21T12:09:45 IST" skipped="0">
  <testcase classname="verifyEmailsDataTest.TC228verifyAlertWhenNoContactDump" name="GoToUrlAssertUrlClickclickAllowancesSchemesClickmarkYesClickclickSaveClickgotoPayrollDashboard" time="38.454"/>
  <system-out/>
</testsuite> <!-- verifyEmailsDataTest.TC228verifyAlertWhenNoContactDump -->
