<?xml version="1.0" encoding="UTF-8"?>
<!-- Generated by org.testng.reporters.JUnitReportReporter -->
<testsuite hostname="Nom-31" failures="0" tests="1" name="frequencytest.TC40subscriptweeklyemployeeTS6" time="59.502" errors="0" timestamp="2022-03-14T15:26:37 IST" skipped="0">
  <testcase classname="frequencytest.TC40subscriptweeklyemployeeTS6" name="GoToUrlAssertUrlPositiveEnterEnterUsernamePositiveEnterEnterpasswordClickLoginButtonGoToUrlAs1" time="59.502"/>
  <system-out/>
</testsuite> <!-- frequencytest.TC40subscriptweeklyemployeeTS6 -->
