<?xml version="1.0" encoding="UTF-8"?>
<!-- Generated by org.testng.reporters.JUnitReportReporter -->
<testsuite hostname="Nom-31" failures="0" tests="1" name="AlertsForEmployeeAge.TC473over21andEmpApperenticeIn2ndYear" time="69.272" errors="0" timestamp="2022-03-14T15:26:38 IST" skipped="0">
  <testcase classname="AlertsForEmployeeAge.TC473over21andEmpApperenticeIn2ndYear" name="GoToUrlAssertUrlPositiveEnterEnterUsernamePositiveEnterEnterpasswordClickLoginButtonGoToUrlAs" time="69.272"/>
  <system-out/>
</testsuite> <!-- AlertsForEmployeeAge.TC473over21andEmpApperenticeIn2ndYear -->
