<?xml version="1.0" encoding="UTF-8"?>
<!-- Generated by org.testng.reporters.JUnitReportReporter -->
<testsuite hostname="Nom-31" failures="0" tests="1" name="SmallerEmployertest.TC06_SER_StatwhenSERDisable" time="52.935" errors="0" timestamp="2021-06-05T15:21:37 IST" skipped="0">
  <testcase classname="SmallerEmployertest.TC06_SER_StatwhenSERDisable" name="GoToUrlAssertUrlClickclickAllowancesSchemesClickselectYestosmallERClickselectNotosmallERClickc" time="52.935"/>
  <system-out/>
</testsuite> <!-- SmallerEmployertest.TC06_SER_StatwhenSERDisable -->
