<?xml version="1.0" encoding="UTF-8"?>
<!-- Generated by org.testng.reporters.JUnitReportReporter -->
<testsuite hostname="Nom-31" failures="0" tests="1" name="verifySummaryReportsData.TC254verifysummaryCFreportwhenQuaterly" time="49.658" errors="0" timestamp="2021-11-11T04:10:41 IST" skipped="0">
  <testcase classname="verifySummaryReportsData.TC254verifysummaryCFreportwhenQuaterly" name="GoToUrlAssertUrlClickclickAllowancesSchemesClickmarkYesClickclickSaveClickgotoPayrollDashboard" time="49.658"/>
  <system-out/>
</testsuite> <!-- verifySummaryReportsData.TC254verifysummaryCFreportwhenQuaterly -->
