<?xml version="1.0" encoding="UTF-8"?>
<!-- Generated by org.testng.reporters.JUnitReportReporter -->
<testsuite hostname="Nom-31" failures="0" tests="1" name="_1540EEInfoImport.TC931DwnldDataFormat" time="36.730" errors="0" timestamp="2022-01-31T17:53:57 IST" skipped="0">
  <testcase classname="_1540EEInfoImport.TC931DwnldDataFormat" name="GoToUrlAssertUrlPositiveEnterEnterUsernamePositiveEnterEnterpasswordClickLoginButtonGoToUrlAs1" time="36.730"/>
  <system-out/>
</testsuite> <!-- _1540EEInfoImport.TC931DwnldDataFormat -->
