<?xml version="1.0" encoding="UTF-8"?>
<!-- Generated by org.testng.reporters.JUnitReportReporter -->
<testsuite hostname="Nom-31" failures="0" tests="1" name="EPStest.TC61subscriptEPSwhenApperentice" time="36.558" errors="0" timestamp="2021-11-11T04:10:42 IST" skipped="0">
  <testcase classname="EPStest.TC61subscriptEPSwhenApperentice" name="GoToUrlAssertUrlPositiveEnterEnterUsernamePositiveEnterEnterpasswordClickLoginButtonGoToUrlAs1" time="36.558"/>
  <system-out/>
</testsuite> <!-- EPStest.TC61subscriptEPSwhenApperentice -->
