<?xml version="1.0" encoding="UTF-8"?>
<!-- Generated by org.testng.reporters.JUnitReportReporter -->
<testsuite hostname="Nom-31" failures="0" tests="1" name="SmallerEmployertest.TC68MidYearQualifiedforSmallerEmployer_DefaultProfile" time="47.468" errors="0" timestamp="2022-01-31T05:54:56 IST" skipped="0">
  <testcase classname="SmallerEmployertest.TC68MidYearQualifiedforSmallerEmployer_DefaultProfile" name="GoToUrlAssertUrlClickclickAllowancesSchemesClickselectYestosmallERClickselectNotosmallERClickc" time="47.468"/>
  <system-out/>
</testsuite> <!-- SmallerEmployertest.TC68MidYearQualifiedforSmallerEmployer_DefaultProfile -->
