<?xml version="1.0" encoding="UTF-8"?>
<!-- Generated by org.testng.reporters.JUnitReportReporter -->
<testsuite hostname="Nom-31" failures="0" tests="1" name="verifySummaryReportsData.TC269NIcheckofsummarywhenQtr_Allowance" time="72.630" errors="0" timestamp="2022-03-14T15:26:37 IST" skipped="0">
  <testcase classname="verifySummaryReportsData.TC269NIcheckofsummarywhenQtr_Allowance" name="GoToUrlAssertUrlClickclickAllowancesSchemesClickmarkYesClickclickSaveClickgotoPayrollDashboard" time="72.630"/>
  <system-out/>
</testsuite> <!-- verifySummaryReportsData.TC269NIcheckofsummarywhenQtr_Allowance -->
