<?xml version="1.0" encoding="UTF-8"?>
<!-- Generated by org.testng.reporters.JUnitReportReporter -->
<testsuite hostname="Nom-31" failures="0" tests="1" name="_1939_tests.TC02_AutoRunPayrollDateDiffer" time="73.986" errors="0" timestamp="2022-01-31T05:54:56 IST" skipped="0">
  <testcase classname="_1939_tests.TC02_AutoRunPayrollDateDiffer" name="GoToUrlAssertUrlPositiveEnterEnterUsernamePositiveEnterEnterpasswordClickLoginButtonGoToUrlAs" time="73.986"/>
  <system-out/>
</testsuite> <!-- _1939_tests.TC02_AutoRunPayrollDateDiffer -->
