<?xml version="1.0" encoding="UTF-8"?>
<!-- Generated by org.testng.reporters.JUnitReportReporter -->
<testsuite hostname="Nom-31" failures="0" tests="4" name="PayrollDashboardUItest.TC330_333EditCopannypage" time="158.712" errors="0" timestamp="2022-03-14T15:26:38 IST" skipped="0">
  <testcase classname="PayrollDashboardUItest.TC330_333EditCopannypage" name="GoToUrlAssertUrlClickRunPayroll1ClickRunPayroll2ClickgetSuccessMsgClickUndoLastPayrollClickcl" time="38.515"/>
  <system-out/>
  <testcase classname="PayrollDashboardUItest.TC330_333EditCopannypage" name="GoToUrlAssertUrlClickRunPayroll1ClickRunPayroll2ClickgetSuccessMsgClickUndoLastPayrollClickc" time="40.002"/>
  <system-out/>
  <testcase classname="PayrollDashboardUItest.TC330_333EditCopannypage" name="GoToUrlAssertUrlClickRunPayroll1ClickRunPayroll2ClickgetSuccessMsgClickUndoLastPayrollClickc3" time="40.356"/>
  <system-out/>
  <testcase classname="PayrollDashboardUItest.TC330_333EditCopannypage" name="GoToUrlAssertUrlClickRunPayroll1ClickRunPayroll2ClickgetSuccessMsgClickUndoLastPayrollClickc2" time="39.839"/>
  <system-out/>
</testsuite> <!-- PayrollDashboardUItest.TC330_333EditCopannypage -->
