<?xml version="1.0" encoding="UTF-8"?>
<!-- Generated by org.testng.reporters.JUnitReportReporter -->
<testsuite hostname="Nom-31" failures="0" tests="1" name="AlertsForEmployeeAge.TC487over18andEmpRateis5" time="68.820" errors="0" timestamp="2021-12-06T22:39:04 IST" skipped="0">
  <testcase classname="AlertsForEmployeeAge.TC487over18andEmpRateis5" name="GoToUrlAssertUrlPositiveEnterEnterUsernamePositiveEnterEnterpasswordClickLoginButtonGoToUrlAs" time="68.820"/>
  <system-out/>
</testsuite> <!-- AlertsForEmployeeAge.TC487over18andEmpRateis5 -->
