<?xml version="1.0" encoding="UTF-8"?>
<!-- Generated by org.testng.reporters.JUnitReportReporter -->
<testsuite hostname="Nom-31" failures="0" tests="2" name="_1743PayrollDSB.TC702CheckTaxablePayJoinMidFourWeeklyA" time="235.086" errors="0" timestamp="2021-12-10T15:23:01 IST" skipped="1">
  <testcase classname="_1743PayrollDSB.TC702CheckTaxablePayJoinMidFourWeeklyA" name="GoToUrlAssertUrlPositiveEnterEnterUsernamePositiveEnterEnterpasswordClickLoginButtonGoToUrlAs" time="235.086"/>
  <system-out/>
  <testcase classname="_1743PayrollDSB.TC702CheckTaxablePayJoinMidFourWeeklyA" name="GoToUrlAssertUrlPositiveEnterEnterUsernamePositiveEnterEnterpasswordClickLoginButtonGoToUrlAs1">
    <skipped/>
  </testcase> <!-- GoToUrlAssertUrlPositiveEnterEnterUsernamePositiveEnterEnterpasswordClickLoginButtonGoToUrlAs1 -->
  <system-out/>
</testsuite> <!-- _1743PayrollDSB.TC702CheckTaxablePayJoinMidFourWeeklyA -->
