<?xml version="1.0" encoding="UTF-8"?>
<!-- Generated by org.testng.reporters.JUnitReportReporter -->
<testsuite hostname="Nom-31" failures="0" tests="3" name="_1912.TC350_352_1912DirSalFiveMonth" time="119.619" errors="0" timestamp="2021-12-21T12:09:45 IST" skipped="0">
  <testcase classname="_1912.TC350_352_1912DirSalFiveMonth" name="GoToUrlAssertUrlClickRunPayroll1ClickRunPayroll2ClickgetSuccessMsgClickUndoLastPayrollClickcl" time="39.101"/>
  <system-out/>
  <testcase classname="_1912.TC350_352_1912DirSalFiveMonth" name="GoToUrlAssertUrlClickRunPayroll1ClickRunPayroll2ClickgetSuccessMsgClickUndoLastPayrollClickc2" time="40.685"/>
  <system-out/>
  <testcase classname="_1912.TC350_352_1912DirSalFiveMonth" name="GoToUrlAssertUrlClickRunPayroll1ClickRunPayroll2ClickgetSuccessMsgClickUndoLastPayrollClickc3" time="39.833"/>
  <system-out/>
</testsuite> <!-- _1912.TC350_352_1912DirSalFiveMonth -->
