<?xml version="1.0" encoding="UTF-8"?>
<!-- Generated by org.testng.reporters.JUnitReportReporter -->
<testsuite hostname="Nom-31" failures="0" tests="1" name="PaymentManagement.TC05_PM_MidYear3" time="50.673" errors="0" timestamp="2021-06-04T19:28:22 IST" skipped="0">
  <testcase classname="PaymentManagement.TC05_PM_MidYear3" name="GoToUrlAssertUrlPositiveEnterEnterUsernamePositiveEnterEnterpasswordClickLoginButtonGoToUrlAs" time="50.673"/>
  <system-out/>
</testsuite> <!-- PaymentManagement.TC05_PM_MidYear3 -->
