<?xml version="1.0" encoding="UTF-8"?>
<!-- Generated by org.testng.reporters.JUnitReportReporter -->
<testsuite hostname="Nom-31" failures="0" tests="3" name="_1912.TC362_364_1912FirstAndLastMonthSalary" time="127.865" errors="0" timestamp="2021-12-06T22:39:04 IST" skipped="0">
  <testcase classname="_1912.TC362_364_1912FirstAndLastMonthSalary" name="GoToUrlAssertUrlClickRunPayroll1ClickRunPayroll2ClickgetSuccessMsgClickUndoLastPayrollClickcl" time="47.092"/>
  <system-out/>
  <testcase classname="_1912.TC362_364_1912FirstAndLastMonthSalary" name="GoToUrlAssertUrlClickRunPayroll1ClickRunPayroll2ClickgetSuccessMsgClickUndoLastPayrollClickc2" time="40.126"/>
  <system-out/>
  <testcase classname="_1912.TC362_364_1912FirstAndLastMonthSalary" name="GoToUrlAssertUrlClickRunPayroll1ClickRunPayroll2ClickgetSuccessMsgClickUndoLastPayrollClickc3" time="40.647"/>
  <system-out/>
</testsuite> <!-- _1912.TC362_364_1912FirstAndLastMonthSalary -->
