<?xml version="1.0" encoding="UTF-8"?>
<!-- Generated by org.testng.reporters.JUnitReportReporter -->
<testsuite hostname="Nom-31" failures="0" tests="1" name="_2134StarterDetail.TC657StarterDateinXML" time="43.284" errors="0" timestamp="2022-01-31T05:54:56 IST" skipped="0">
  <testcase classname="_2134StarterDetail.TC657StarterDateinXML" name="GoToUrlAssertUrlClickgotoReportsClickclickP11ClickgetLELAmountClickgetPTAmountClickgetUELAmou" time="43.284"/>
  <system-out/>
</testsuite> <!-- _2134StarterDetail.TC657StarterDateinXML -->
