<?xml version="1.0" encoding="UTF-8"?>
<!-- Generated by org.testng.reporters.JUnitReportReporter -->
<testsuite hostname="Nom-31" failures="0" tests="1" name="_1747EPSverification.TC182EPSwhenCIS" time="42.283" errors="0" timestamp="2022-03-14T15:26:38 IST" skipped="0">
  <testcase classname="_1747EPSverification.TC182EPSwhenCIS" name="GoToUrlAssertUrlPositiveEnterEnterUsernamePositiveEnterEnterpasswordClickLoginButtonGoToUrlAs1" time="42.283"/>
  <system-out/>
</testsuite> <!-- _1747EPSverification.TC182EPSwhenCIS -->
