<?xml version="1.0" encoding="UTF-8"?>
<!-- Generated by org.testng.reporters.JUnitReportReporter -->
<testsuite hostname="Nom-31" failures="0" tests="2" name="TaxCode.TC439_440TaxCode_CD0" time="119.665" errors="0" timestamp="2021-12-06T22:39:04 IST" skipped="0">
  <testcase classname="TaxCode.TC439_440TaxCode_CD0" name="GoToUrlAssertUrlClickRunPayroll1ClickRunPayroll2ClickgetSuccessMsgClickUndoLastPayrollClickcl" time="44.653"/>
  <system-out/>
  <testcase classname="TaxCode.TC439_440TaxCode_CD0" name="GoToUrlAssertUrlClickRunPayroll1ClickRunPayroll2ClickgetSuccessMsgClickUndoLastPayrollClickc4" time="75.012"/>
  <system-out/>
</testsuite> <!-- TaxCode.TC439_440TaxCode_CD0 -->
