<?xml version="1.0" encoding="UTF-8"?>
<!-- Generated by org.testng.reporters.JUnitReportReporter -->
<testsuite hostname="Nom-31" failures="0" tests="1" name="frequencytest.TC56subScriptFortnightlytoMnthly_DefaultProfile" time="81.581" errors="0" timestamp="2022-03-14T15:26:38 IST" skipped="0">
  <testcase classname="frequencytest.TC56subScriptFortnightlytoMnthly_DefaultProfile" name="GoToUrlAssertUrlPositiveEnterEnterUsernamePositiveEnterEnterpasswordClickLoginButtonGoToUrlAs1" time="81.581"/>
  <system-out/>
</testsuite> <!-- frequencytest.TC56subScriptFortnightlytoMnthly_DefaultProfile -->
