<?xml version="1.0" encoding="UTF-8"?>
<!-- Generated by org.testng.reporters.JUnitReportReporter -->
<testsuite hostname="Nom-31" failures="0" tests="1" name="_1911test.TC671NoprotectionReportsPayslipEE" time="57.197" errors="0" timestamp="2022-03-14T15:26:38 IST" skipped="0">
  <testcase classname="_1911test.TC671NoprotectionReportsPayslipEE" name="GoToUrlAssertUrlPositiveEnterEnterUsernamePositiveEnterEnterpasswordClickLoginButtonGoToUrlAs" time="57.197"/>
  <system-out/>
</testsuite> <!-- _1911test.TC671NoprotectionReportsPayslipEE -->
