<?xml version="1.0" encoding="UTF-8"?>
<!-- Generated by org.testng.reporters.JUnitReportReporter -->
<testsuite hostname="Nom-31" failures="0" tests="1" name="_1760ER_Allow.TC02_1760_ERNI_MaxEmpAllow_DefaultProfile" time="50.360" errors="0" timestamp="2021-06-06T16:56:03 IST" skipped="0">
  <testcase classname="_1760ER_Allow.TC02_1760_ERNI_MaxEmpAllow_DefaultProfile" name="GoToUrlAssertUrlPositiveEnterEnterUsernamePositiveEnterEnterpasswordClickLoginButtonGoToUrlAs" time="50.360"/>
  <system-out/>
</testsuite> <!-- _1760ER_Allow.TC02_1760_ERNI_MaxEmpAllow_DefaultProfile -->
