<?xml version="1.0" encoding="UTF-8"?>
<!-- Generated by org.testng.reporters.JUnitReportReporter -->
<testsuite hostname="Nom-31" failures="0" tests="2" name="_1956Test.TC327_328_1956LeaveNegativBalance" time="89.057" errors="0" timestamp="2021-12-06T22:39:04 IST" skipped="0">
  <testcase classname="_1956Test.TC327_328_1956LeaveNegativBalance" name="GoToUrlAssertUrlClickAddLeavePositiveSelectselectEmployeePositiveSelectselectLeaveTypePositive1" time="43.366"/>
  <system-out/>
  <testcase classname="_1956Test.TC327_328_1956LeaveNegativBalance" name="GoToUrlAssertUrlClickAddLeavePositiveSelectselectEmployeePositiveSelectselectLeaveTypePositive2" time="45.691"/>
  <system-out/>
</testsuite> <!-- _1956Test.TC327_328_1956LeaveNegativBalance -->
