<?xml version="1.0" encoding="UTF-8"?>
<!-- Generated by org.testng.reporters.JUnitReportReporter -->
<testsuite hostname="Nom-31" failures="0" tests="1" name="EPStest.TC47SubscriptlastEPS" time="46.354" errors="0" timestamp="2021-07-27T19:10:13 IST" skipped="0">
  <testcase classname="EPStest.TC47SubscriptlastEPS" name="GoToUrlAssertUrlPositiveEnterEnterUsernamePositiveEnterEnterpasswordClickLoginButtonGoToUrlAs1" time="46.354"/>
  <system-out/>
</testsuite> <!-- EPStest.TC47SubscriptlastEPS -->
