<?xml version="1.0" encoding="UTF-8"?>
<!-- Generated by org.testng.reporters.JUnitReportReporter -->
<testsuite hostname="Nom-31" failures="0" tests="1" name="Quaterly_Paye_Scheme_test.TC76subscriptT12EmployemntAllowence" time="49.540" errors="0" timestamp="2021-12-21T12:09:45 IST" skipped="0">
  <testcase classname="Quaterly_Paye_Scheme_test.TC76subscriptT12EmployemntAllowence" name="GoToUrlAssertUrlPositiveEnterEnterUsernamePositiveEnterEnterpasswordClickLoginButtonGoToUrlAs" time="49.540"/>
  <system-out/>
</testsuite> <!-- Quaterly_Paye_Scheme_test.TC76subscriptT12EmployemntAllowence -->
