<?xml version="1.0" encoding="UTF-8"?>
<!-- Generated by org.testng.reporters.JUnitReportReporter -->
<testsuite hostname="Nom-31" failures="0" tests="2" name="_1706Test.TC694_695CheckTaxablePayJoinMidE" time="92.053" errors="0" timestamp="2022-03-14T15:26:37 IST" skipped="0">
  <testcase classname="_1706Test.TC694_695CheckTaxablePayJoinMidE" name="GoToUrlAssertUrlPositiveEnterEnterUsernamePositiveEnterEnterpasswordClickLoginButtonGoToUrlAs" time="52.911"/>
  <system-out/>
  <testcase classname="_1706Test.TC694_695CheckTaxablePayJoinMidE" name="GoToUrlAssertUrlPositiveEnterEnterUsernamePositiveEnterEnterpasswordClickLoginButtonGoToUrlAs1" time="39.142"/>
  <system-out/>
</testsuite> <!-- _1706Test.TC694_695CheckTaxablePayJoinMidE -->
