<?xml version="1.0" encoding="UTF-8"?>
<!-- Generated by org.testng.reporters.JUnitReportReporter -->
<testsuite hostname="Nom-31" failures="0" tests="1" name="_2078Test.TC434PaymentofMonthwhenWklyPM" time="41.457" errors="0" timestamp="2021-11-11T04:10:41 IST" skipped="0">
  <testcase classname="_2078Test.TC434PaymentofMonthwhenWklyPM" name="GoToUrlAssertUrlPositiveEnterEnterUsernamePositiveEnterEnterpasswordClickLoginButtonGoToUrlAs1" time="41.457"/>
  <system-out/>
</testsuite> <!-- _2078Test.TC434PaymentofMonthwhenWklyPM -->
