<?xml version="1.0" encoding="UTF-8"?>
<!-- Generated by org.testng.reporters.JUnitReportReporter -->
<testsuite hostname="Nom-31" failures="0" tests="1" name="_1918NMW_Alert.TC13over21andEmpRateisBelowNMW" time="69.883" errors="0" timestamp="2021-11-11T04:10:42 IST" skipped="0">
  <testcase classname="_1918NMW_Alert.TC13over21andEmpRateisBelowNMW" name="GoToUrlAssertUrlPositiveEnterEnterUsernamePositiveEnterEnterpasswordClickLoginButtonGoToUrlAs" time="69.883"/>
  <system-out/>
</testsuite> <!-- _1918NMW_Alert.TC13over21andEmpRateisBelowNMW -->
