<?xml version="1.0" encoding="UTF-8"?>
<!-- Generated by org.testng.reporters.JUnitReportReporter -->
<testsuite hostname="Nom-31" failures="0" tests="1" name="_1768Test._1768chkNIofsummarywhenMonthly_Allowance" time="51.756" errors="0" timestamp="2022-03-14T15:26:37 IST" skipped="0">
  <testcase classname="_1768Test._1768chkNIofsummarywhenMonthly_Allowance" name="GoToUrlAssertUrlClickclickAllowancesSchemesClickmarkYesClickclickSaveClickgotoPayrollDashboard" time="51.756"/>
  <system-out/>
</testsuite> <!-- _1768Test._1768chkNIofsummarywhenMonthly_Allowance -->
