<?xml version="1.0" encoding="UTF-8"?>
<!-- Generated by org.testng.reporters.JUnitReportReporter -->
<testsuite hostname="Nom-31" failures="0" tests="1" name="PaymentManagement.TC71subscriptPaymentmmgtwhenMidyear" time="46.408" errors="0" timestamp="2021-11-11T04:10:41 IST" skipped="0">
  <testcase classname="PaymentManagement.TC71subscriptPaymentmmgtwhenMidyear" name="GoToUrlAssertUrlPositiveEnterEnterUsernamePositiveEnterEnterpasswordClickLoginButtonGoToUrlAs" time="46.408"/>
  <system-out/>
</testsuite> <!-- PaymentManagement.TC71subscriptPaymentmmgtwhenMidyear -->
