<?xml version="1.0" encoding="UTF-8"?>
<!-- Generated by org.testng.reporters.JUnitReportReporter -->
<testsuite hostname="Nom-31" failures="0" tests="1" name="_2128AutoPayProtection.TC618PDFProtectionwithEmployerSummaryEE" time="63.233" errors="0" timestamp="2021-10-26T13:48:33 IST" skipped="0">
  <testcase classname="_2128AutoPayProtection.TC618PDFProtectionwithEmployerSummaryEE" name="GoToUrlAssertUrlPositiveEnterEnterUsernamePositiveEnterEnterpasswordClickLoginButtonGoToUrlAs" time="63.233"/>
  <system-out/>
</testsuite> <!-- _2128AutoPayProtection.TC618PDFProtectionwithEmployerSummaryEE -->
