<?xml version="1.0" encoding="UTF-8"?>
<!-- Generated by org.testng.reporters.JUnitReportReporter -->
<testsuite hostname="Nom-31" failures="0" tests="1" name="tests.TC15subScriptOpeningBalance_DefaultProfile" time="75.253" errors="0" timestamp="2021-12-21T12:09:45 IST" skipped="0">
  <testcase classname="tests.TC15subScriptOpeningBalance_DefaultProfile" name="GoToUrlAssertUrlPositiveEnterEnterUsernamePositiveEnterEnterpasswordClickLoginButtonGoToUrlAs" time="75.253"/>
  <system-out/>
</testsuite> <!-- tests.TC15subScriptOpeningBalance_DefaultProfile -->
