<?xml version="1.0" encoding="UTF-8"?>
<!-- Generated by org.testng.reporters.JUnitReportReporter -->
<testsuite hostname="Nom-31" failures="0" tests="3" name="_1912.TC353_355_1912DirSalNotFixed" time="121.224" errors="0" timestamp="2021-12-21T12:09:45 IST" skipped="0">
  <testcase classname="_1912.TC353_355_1912DirSalNotFixed" name="GoToUrlAssertUrlClickRunPayroll1ClickRunPayroll2ClickgetSuccessMsgClickUndoLastPayrollClickcl" time="40.709"/>
  <system-out/>
  <testcase classname="_1912.TC353_355_1912DirSalNotFixed" name="GoToUrlAssertUrlClickRunPayroll1ClickRunPayroll2ClickgetSuccessMsgClickUndoLastPayrollClickc2" time="40.678"/>
  <system-out/>
  <testcase classname="_1912.TC353_355_1912DirSalNotFixed" name="GoToUrlAssertUrlClickRunPayroll1ClickRunPayroll2ClickgetSuccessMsgClickUndoLastPayrollClickc3" time="39.837"/>
  <system-out/>
</testsuite> <!-- _1912.TC353_355_1912DirSalNotFixed -->
