<?xml version="1.0" encoding="UTF-8"?>
<!-- Generated by org.testng.reporters.JUnitReportReporter -->
<testsuite hostname="Nom-31" failures="0" tests="1" name="_2106AutoPayroll.TC613AutoPayrollAndOptForSummaryMultFreq" time="48.200" errors="0" timestamp="2021-11-11T04:10:42 IST" skipped="0">
  <testcase classname="_2106AutoPayroll.TC613AutoPayrollAndOptForSummaryMultFreq" name="GoToUrlAssertUrlPositiveEnterEnterUsernamePositiveEnterEnterpasswordClickLoginButtonGoToUrlAs" time="48.200"/>
  <system-out/>
</testsuite> <!-- _2106AutoPayroll.TC613AutoPayrollAndOptForSummaryMultFreq -->
