<?xml version="1.0" encoding="UTF-8"?>
<!-- Generated by org.testng.reporters.JUnitReportReporter -->
<testsuite hostname="Nom-31" failures="0" tests="1" name="_2128AutoPayProtection.TC638PaysliptoERandOtherwithPeriodOptionwithNoProtection" time="69.817" errors="0" timestamp="2022-03-14T15:26:38 IST" skipped="0">
  <testcase classname="_2128AutoPayProtection.TC638PaysliptoERandOtherwithPeriodOptionwithNoProtection" name="GoToUrlAssertUrlPositiveEnterEnterUsernamePositiveEnterEnterpasswordClickLoginButtonGoToUrlAs" time="69.817"/>
  <system-out/>
</testsuite> <!-- _2128AutoPayProtection.TC638PaysliptoERandOtherwithPeriodOptionwithNoProtection -->
