<?xml version="1.0" encoding="UTF-8"?>
<!-- Generated by org.testng.reporters.JUnitReportReporter -->
<testsuite hostname="Nom-31" failures="0" tests="1" name="verifyEmailsDataTest.TC234PreCheckedCompanyEmailOptioninSummaryDump" time="48.052" errors="0" timestamp="2021-06-28T18:04:28 IST" skipped="0">
  <testcase classname="verifyEmailsDataTest.TC234PreCheckedCompanyEmailOptioninSummaryDump" name="GoToUrlAssertUrlClickclickAllowancesSchemesClickmarkYesClickclickSaveClickgotoPayrollDashboard" time="48.052"/>
  <system-out/>
</testsuite> <!-- verifyEmailsDataTest.TC234PreCheckedCompanyEmailOptioninSummaryDump -->
