<?xml version="1.0" encoding="UTF-8"?>
<!-- Generated by org.testng.reporters.JUnitReportReporter -->
<testsuite hostname="Nom-31" failures="0" tests="3" name="PayrollDashboardUItest.TC321_323PayrollDoUndo" time="128.686" errors="0" timestamp="2022-01-31T05:54:56 IST" skipped="0">
  <testcase classname="PayrollDashboardUItest.TC321_323PayrollDoUndo" name="GoToUrlAssertUrlClickRunPayroll1ClickRunPayroll2ClickgetSuccessMsgClickUndoLastPayrollClickcl" time="47.937"/>
  <system-out/>
  <testcase classname="PayrollDashboardUItest.TC321_323PayrollDoUndo" name="GoToUrlAssertUrlClickRunPayroll1ClickRunPayroll2ClickgetSuccessMsgClickUndoLastPayrollClickc" time="42.847"/>
  <system-out/>
  <testcase classname="PayrollDashboardUItest.TC321_323PayrollDoUndo" name="GoToUrlAssertUrlClickRunPayroll1ClickRunPayroll2ClickgetSuccessMsgClickUndoLastPayrollClickc2" time="37.902"/>
  <system-out/>
</testsuite> <!-- PayrollDashboardUItest.TC321_323PayrollDoUndo -->
