<?xml version="1.0" encoding="UTF-8"?>
<!-- Generated by org.testng.reporters.JUnitReportReporter -->
<testsuite hostname="Nom-31" failures="0" tests="1" name="PaymentManagement.TC05_PM_MidYear1" time="45.790" errors="0" timestamp="2021-06-04T19:25:02 IST" skipped="0">
  <testcase classname="PaymentManagement.TC05_PM_MidYear1" name="GoToUrlAssertUrlPositiveEnterEnterUsernamePositiveEnterEnterpasswordClickLoginButtonGoToUrlAs" time="45.790"/>
  <system-out/>
</testsuite> <!-- PaymentManagement.TC05_PM_MidYear1 -->
