<?xml version="1.0" encoding="UTF-8"?>
<!-- Generated by org.testng.reporters.JUnitReportReporter -->
<testsuite hostname="Nom-31" failures="0" tests="1" name="_2129SummaryCustomized.TC596SummaryTaxPaymntWhenQtr" time="37.439" errors="0" timestamp="2022-03-14T15:26:38 IST" skipped="0">
  <testcase classname="_2129SummaryCustomized.TC596SummaryTaxPaymntWhenQtr" name="GoToUrlAssertUrlClickPayslipsPositiveSelectPayrollDateClickEmailPayslipsClickTickCompanyemaila" time="37.439"/>
  <system-out/>
</testsuite> <!-- _2129SummaryCustomized.TC596SummaryTaxPaymntWhenQtr -->
