<?xml version="1.0" encoding="UTF-8"?>
<!-- Generated by org.testng.reporters.JUnitReportReporter -->
<testsuite hostname="Nom-31" failures="0" tests="4" name="_2078Test.TC430_433PaymentofMonthwhenPaymentManagement" time="178.629" errors="0" timestamp="2021-12-06T22:39:04 IST" skipped="0">
  <testcase classname="_2078Test.TC430_433PaymentofMonthwhenPaymentManagement" name="GoToUrlAssertUrlPositiveEnterEnterUsernamePositiveEnterEnterpasswordClickLoginButtonGoToUrlAs1" time="45.530"/>
  <system-out/>
  <testcase classname="_2078Test.TC430_433PaymentofMonthwhenPaymentManagement" name="GoToUrlAssertUrlClickRunPayroll1ClickRunPayroll2ClickgetSuccessMsgClickUndoLastPayrollClickcl" time="43.721"/>
  <system-out/>
  <testcase classname="_2078Test.TC430_433PaymentofMonthwhenPaymentManagement" name="GoToUrlAssertUrlClickRunPayroll1ClickRunPayroll2ClickgetSuccessMsgClickUndoLastPayrollClickc2" time="42.650"/>
  <system-out/>
  <testcase classname="_2078Test.TC430_433PaymentofMonthwhenPaymentManagement" name="GoToUrlAssertUrlClickRunPayroll1ClickRunPayroll2ClickgetSuccessMsgClickUndoLastPayrollClickc4" time="46.728"/>
  <system-out/>
</testsuite> <!-- _2078Test.TC430_433PaymentofMonthwhenPaymentManagement -->
