<?xml version="1.0" encoding="UTF-8"?>
<!-- Generated by org.testng.reporters.JUnitReportReporter -->
<testsuite hostname="Nom-31" failures="0" tests="1" name="tests.loginpagetest_DefaultProfile" time="14.404" errors="0" timestamp="2021-03-18T14:36:12 IST" skipped="0">
  <testcase classname="tests.loginpagetest_DefaultProfile" name="GoToUrlAssertUrlPositiveEnterEnterUsernamePositiveEnterEnterpasswordClickLoginButton" time="14.404"/>
  <system-out/>
</testsuite> <!-- tests.loginpagetest_DefaultProfile -->
