<?xml version="1.0" encoding="UTF-8"?>
<!-- Generated by org.testng.reporters.JUnitReportReporter -->
<testsuite hostname="Nom-31" failures="0" tests="1" name="Quaterly_Paye_Scheme_test.TC37subscriptAllowenceSchemewithpaymentMngmnt_DefaultProfile" time="60.658" errors="0" timestamp="2022-03-14T15:26:38 IST" skipped="0">
  <testcase classname="Quaterly_Paye_Scheme_test.TC37subscriptAllowenceSchemewithpaymentMngmnt_DefaultProfile" name="GoToUrlAssertUrlPositiveEnterEnterUsernamePositiveEnterEnterpasswordClickLoginButtonGoToUrlAs" time="60.658"/>
  <system-out/>
</testsuite> <!-- Quaterly_Paye_Scheme_test.TC37subscriptAllowenceSchemewithpaymentMngmnt_DefaultProfile -->
