<?xml version="1.0" encoding="UTF-8"?>
<!-- Generated by org.testng.reporters.JUnitReportReporter -->
<testsuite hostname="Nom-31" failures="0" tests="2" name="_2087EmailLog.TC461_462EmailLogFromP60" time="94.979" errors="0" timestamp="2021-12-06T22:39:04 IST" skipped="0">
  <testcase classname="_2087EmailLog.TC461_462EmailLogFromP60" name="GoToUrlAssertUrlClickclickAllowancesSchemesClickmarkYesClickclickSaveClickgotoPayrollDashboard" time="46.382"/>
  <system-out/>
  <testcase classname="_2087EmailLog.TC461_462EmailLogFromP60" name="GoToUrlAssertUrlClickclickAllowancesSchemesClickmarkYesClickclickSaveClickgotoPayrollDashboard1" time="48.597"/>
  <system-out/>
</testsuite> <!-- _2087EmailLog.TC461_462EmailLogFromP60 -->
