<?xml version="1.0" encoding="UTF-8"?>
<!-- Generated by org.testng.reporters.JUnitReportReporter -->
<testsuite hostname="Nom-31" failures="0" tests="2" name="TaxCode.TC443_444TaxCode_CD1" time="128.986" errors="0" timestamp="2021-11-11T04:10:41 IST" skipped="0">
  <testcase classname="TaxCode.TC443_444TaxCode_CD1" name="GoToUrlAssertUrlClickRunPayroll1ClickRunPayroll2ClickgetSuccessMsgClickUndoLastPayrollClickcl" time="46.446"/>
  <system-out/>
  <testcase classname="TaxCode.TC443_444TaxCode_CD1" name="GoToUrlAssertUrlClickRunPayroll1ClickRunPayroll2ClickgetSuccessMsgClickUndoLastPayrollClickc4" time="82.540"/>
  <system-out/>
</testsuite> <!-- TaxCode.TC443_444TaxCode_CD1 -->
