<?xml version="1.0" encoding="UTF-8"?>
<!-- Generated by org.testng.reporters.JUnitReportReporter -->
<testsuite hostname="Nom-31" failures="0" tests="3" name="_1912.TC383_385_1912JoiAndLeaveSameYr" time="125.959" errors="0" timestamp="2021-11-11T04:10:41 IST" skipped="0">
  <testcase classname="_1912.TC383_385_1912JoiAndLeaveSameYr" name="GoToUrlAssertUrlClickRunPayroll1ClickRunPayroll2ClickgetSuccessMsgClickUndoLastPayrollClickcl" time="41.956"/>
  <system-out/>
  <testcase classname="_1912.TC383_385_1912JoiAndLeaveSameYr" name="GoToUrlAssertUrlClickRunPayroll1ClickRunPayroll2ClickgetSuccessMsgClickUndoLastPayrollClickc2" time="41.855"/>
  <system-out/>
  <testcase classname="_1912.TC383_385_1912JoiAndLeaveSameYr" name="GoToUrlAssertUrlClickRunPayroll1ClickRunPayroll2ClickgetSuccessMsgClickUndoLastPayrollClickc3" time="42.148"/>
  <system-out/>
</testsuite> <!-- _1912.TC383_385_1912JoiAndLeaveSameYr -->
