<?xml version="1.0" encoding="UTF-8"?>
<!-- Generated by org.testng.reporters.JUnitReportReporter -->
<testsuite hostname="Nom-31" failures="0" tests="1" name="verifyEmailsDataTest.TC239EmailHeaderWhenNoMainContactDump" time="44.417" errors="0" timestamp="2022-03-14T15:26:38 IST" skipped="0">
  <testcase classname="verifyEmailsDataTest.TC239EmailHeaderWhenNoMainContactDump" name="GoToUrlAssertUrlClickclickAllowancesSchemesClickmarkYesClickclickSaveClickgotoPayrollDashboard" time="44.417"/>
  <system-out/>
</testsuite> <!-- verifyEmailsDataTest.TC239EmailHeaderWhenNoMainContactDump -->
