<?xml version="1.0" encoding="UTF-8"?>
<!-- Generated by org.testng.reporters.JUnitReportReporter -->
<testsuite hostname="Nom-31" failures="0" tests="2" name="_1930.TC329and334_1930CummulativeDirector" time="88.157" errors="0" timestamp="2021-11-11T04:10:41 IST" skipped="0">
  <testcase classname="_1930.TC329and334_1930CummulativeDirector" name="GoToUrlAssertUrlClickRunPayroll1ClickRunPayroll2ClickgetSuccessMsgClickUndoLastPayrollClickcl" time="44.967"/>
  <system-out/>
  <testcase classname="_1930.TC329and334_1930CummulativeDirector" name="GoToUrlAssertUrlClickRunPayroll1ClickRunPayroll2ClickgetSuccessMsgClickUndoLastPayrollClickc2" time="43.190"/>
  <system-out/>
</testsuite> <!-- _1930.TC329and334_1930CummulativeDirector -->
