<?xml version="1.0" encoding="UTF-8"?>
<!-- Generated by org.testng.reporters.JUnitReportReporter -->
<testsuite hostname="Nom-31" failures="0" tests="4" name="PayrollDashboardUItest.TC330_333EditCopannypage" time="163.884" errors="0" timestamp="2021-12-06T22:39:04 IST" skipped="0">
  <testcase classname="PayrollDashboardUItest.TC330_333EditCopannypage" name="GoToUrlAssertUrlClickRunPayroll1ClickRunPayroll2ClickgetSuccessMsgClickUndoLastPayrollClickcl" time="39.720"/>
  <system-out/>
  <testcase classname="PayrollDashboardUItest.TC330_333EditCopannypage" name="GoToUrlAssertUrlClickRunPayroll1ClickRunPayroll2ClickgetSuccessMsgClickUndoLastPayrollClickc" time="40.311"/>
  <system-out/>
  <testcase classname="PayrollDashboardUItest.TC330_333EditCopannypage" name="GoToUrlAssertUrlClickRunPayroll1ClickRunPayroll2ClickgetSuccessMsgClickUndoLastPayrollClickc3" time="41.337"/>
  <system-out/>
  <testcase classname="PayrollDashboardUItest.TC330_333EditCopannypage" name="GoToUrlAssertUrlClickRunPayroll1ClickRunPayroll2ClickgetSuccessMsgClickUndoLastPayrollClickc2" time="42.516"/>
  <system-out/>
</testsuite> <!-- PayrollDashboardUItest.TC330_333EditCopannypage -->
