<?xml version="1.0" encoding="UTF-8"?>
<!-- Generated by org.testng.reporters.JUnitReportReporter -->
<testsuite hostname="Nom-31" failures="0" tests="1" name="SMP_XML.TC551SMP_XMLFortNight2" time="43.731" errors="0" timestamp="2021-12-10T13:22:31 IST" skipped="0">
  <testcase classname="SMP_XML.TC551SMP_XMLFortNight2" name="GoToUrlAssertUrlClickgotoReportsClickclickP11ClickgetLELAmountClickgetPTAmountClickgetUELAmou" time="43.731"/>
  <system-out/>
</testsuite> <!-- SMP_XML.TC551SMP_XMLFortNight2 -->
