<?xml version="1.0" encoding="UTF-8"?>
<!-- Generated by org.testng.reporters.JUnitReportReporter -->
<testsuite hostname="Nom-31" failures="0" tests="1" name="SMP_XML.TC568SMP_XMLFortNight6" time="40.643" errors="0" timestamp="2022-03-14T15:26:38 IST" skipped="0">
  <testcase classname="SMP_XML.TC568SMP_XMLFortNight6" name="GoToUrlAssertUrlClickgotoReportsClickclickP11ClickgetLELAmountClickgetPTAmountClickgetUELAmou" time="40.643"/>
  <system-out/>
</testsuite> <!-- SMP_XML.TC568SMP_XMLFortNight6 -->
