<?xml version="1.0" encoding="UTF-8"?>
<!-- Generated by org.testng.reporters.JUnitReportReporter -->
<testsuite hostname="Nom-31" failures="0" tests="1" name="verifySummaryReportsData.TC269NIcheckofsummarywhenQtr_Allowance" time="80.731" errors="0" timestamp="2022-01-31T05:54:56 IST" skipped="0">
  <testcase classname="verifySummaryReportsData.TC269NIcheckofsummarywhenQtr_Allowance" name="GoToUrlAssertUrlClickclickAllowancesSchemesClickmarkYesClickclickSaveClickgotoPayrollDashboard" time="80.731"/>
  <system-out/>
</testsuite> <!-- verifySummaryReportsData.TC269NIcheckofsummarywhenQtr_Allowance -->
