<?xml version="1.0" encoding="UTF-8"?>
<!-- Generated by org.testng.reporters.JUnitReportReporter -->
<testsuite hostname="Nom-31" failures="0" tests="1" name="_1743PayrollDSB.TC717CheckPayroll_3Months_NotStarted" time="85.389" errors="0" timestamp="2021-12-10T15:23:01 IST" skipped="0">
  <testcase classname="_1743PayrollDSB.TC717CheckPayroll_3Months_NotStarted" name="GoToUrlAssertUrlPositiveEnterEnterUsernamePositiveEnterEnterpasswordClickLoginButtonGoToUrlAs" time="85.389"/>
  <system-out/>
</testsuite> <!-- _1743PayrollDSB.TC717CheckPayroll_3Months_NotStarted -->
