<?xml version="1.0" encoding="UTF-8"?>
<!-- Generated by org.testng.reporters.JUnitReportReporter -->
<testsuite hostname="Nom-31" failures="0" tests="3" name="_1956Test.TC324_326_1956LeaveManagement" time="155.945" errors="0" timestamp="2022-03-14T15:26:37 IST" skipped="0">
  <testcase classname="_1956Test.TC324_326_1956LeaveManagement" name="GoToUrlAssertUrlClickAddLeavePositiveSelectselectEmployeePositiveSelectselectLeaveTypePositive" time="57.372"/>
  <system-out/>
  <testcase classname="_1956Test.TC324_326_1956LeaveManagement" name="GoToUrlAssertUrlClickAddLeavePositiveSelectselectEmployeePositiveSelectselectLeaveTypePositive1" time="53.669"/>
  <system-out/>
  <testcase classname="_1956Test.TC324_326_1956LeaveManagement" name="GoToUrlAssertUrlClickAddLeavePositiveSelectselectEmployeePositiveSelectselectLeaveTypePositive2" time="44.904"/>
  <system-out/>
</testsuite> <!-- _1956Test.TC324_326_1956LeaveManagement -->
