<?xml version="1.0" encoding="UTF-8"?>
<!-- Generated by org.testng.reporters.JUnitReportReporter -->
<testsuite hostname="Nom-31" failures="0" tests="7" name="AOE.TC873_879AOE_ChildSupportPopup4" time="396.819" errors="0" timestamp="2022-01-31T05:54:56 IST" skipped="0">
  <testcase classname="AOE.TC873_879AOE_ChildSupportPopup4" name="GoToUrlAssertUrlPositiveEnterEnterUsernamePositiveEnterEnterpasswordClickLoginButtonGoToUrlAs1" time="48.931"/>
  <system-out/>
  <testcase classname="AOE.TC873_879AOE_ChildSupportPopup4" name="GoToUrlAssertUrlPositiveEnterEnterUsernamePositiveEnterEnterpasswordClickLoginButtonGoToUrlAs2" time="51.134"/>
  <system-out/>
  <testcase classname="AOE.TC873_879AOE_ChildSupportPopup4" name="GoToUrlAssertUrlPositiveEnterEnterUsernamePositiveEnterEnterpasswordClickLoginButtonGoToUrlAs3" time="56.708"/>
  <system-out/>
  <testcase classname="AOE.TC873_879AOE_ChildSupportPopup4" name="GoToUrlAssertUrlPositiveEnterEnterUsernamePositiveEnterEnterpasswordClickLoginButtonGoToUrlAs4" time="58.773"/>
  <system-out/>
  <testcase classname="AOE.TC873_879AOE_ChildSupportPopup4" name="GoToUrlAssertUrlPositiveEnterEnterUsernamePositiveEnterEnterpasswordClickLoginButtonGoToUrlAs5" time="58.531"/>
  <system-out/>
  <testcase classname="AOE.TC873_879AOE_ChildSupportPopup4" name="GoToUrlAssertUrlPositiveEnterEnterUsernamePositiveEnterEnterpasswordClickLoginButtonGoToUrlAs6" time="62.395"/>
  <system-out/>
  <testcase classname="AOE.TC873_879AOE_ChildSupportPopup4" name="GoToUrlAssertUrlPositiveEnterEnterUsernamePositiveEnterEnterpasswordClickLoginButtonGoToUrlAs7" time="60.347"/>
  <system-out/>
</testsuite> <!-- AOE.TC873_879AOE_ChildSupportPopup4 -->
