<?xml version="1.0" encoding="UTF-8"?>
<!-- Generated by org.testng.reporters.JUnitReportReporter -->
<testsuite hostname="Nom-31" failures="0" tests="1" name="_2134StarterDetail.TC661StarterDetailnotVisibleReportsof2Weekly" time="41.186" errors="0" timestamp="2021-11-11T04:10:42 IST" skipped="0">
  <testcase classname="_2134StarterDetail.TC661StarterDetailnotVisibleReportsof2Weekly" name="GoToUrlAssertUrlClickclickAllowancesSchemesClickmarkYesClickclickSaveClickgotoPayrollDashboard" time="41.186"/>
  <system-out/>
</testsuite> <!-- _2134StarterDetail.TC661StarterDetailnotVisibleReportsof2Weekly -->
