<?xml version="1.0" encoding="UTF-8"?>
<!-- Generated by org.testng.reporters.JUnitReportReporter -->
<testsuite hostname="Nom-31" failures="0" tests="1" name="tests1.TC32createContractorInCIS_DefaultProfile" time="40.448" errors="0" timestamp="2022-03-14T15:26:38 IST" skipped="0">
  <testcase classname="tests1.TC32createContractorInCIS_DefaultProfile" name="GoToUrlAssertUrlPositiveEnterEnterUsernamePositiveEnterEnterpasswordClickLoginButtonGoToUrlAs1" time="40.448"/>
  <system-out/>
</testsuite> <!-- tests1.TC32createContractorInCIS_DefaultProfile -->
