<?xml version="1.0" encoding="UTF-8"?>
<!-- Generated by org.testng.reporters.JUnitReportReporter -->
<testsuite hostname="Nom-31" failures="0" tests="6" name="_1912.TC377_382_1912TwoDir" time="246.702" errors="0" timestamp="2021-12-06T22:39:04 IST" skipped="0">
  <testcase classname="_1912.TC377_382_1912TwoDir" name="GoToUrlAssertUrlClickRunPayroll1ClickRunPayroll2ClickgetSuccessMsgClickUndoLastPayrollClickcl" time="41.780"/>
  <system-out/>
  <testcase classname="_1912.TC377_382_1912TwoDir" name="GoToUrlAssertUrlClickRunPayroll1ClickRunPayroll2ClickgetSuccessMsgClickUndoLastPayrollClickc2" time="41.356"/>
  <system-out/>
  <testcase classname="_1912.TC377_382_1912TwoDir" name="GoToUrlAssertUrlClickRunPayroll1ClickRunPayroll2ClickgetSuccessMsgClickUndoLastPayrollClickc3" time="42.574"/>
  <system-out/>
  <testcase classname="_1912.TC377_382_1912TwoDir" name="GoToUrlAssertUrlClickRunPayroll1ClickRunPayroll2ClickgetSuccessMsgClickUndoLastPayrollClickc4" time="40.982"/>
  <system-out/>
  <testcase classname="_1912.TC377_382_1912TwoDir" name="GoToUrlAssertUrlClickRunPayroll1ClickRunPayroll2ClickgetSuccessMsgClickUndoLastPayrollClickc5" time="39.363"/>
  <system-out/>
  <testcase classname="_1912.TC377_382_1912TwoDir" name="GoToUrlAssertUrlClickRunPayroll1ClickRunPayroll2ClickgetSuccessMsgClickUndoLastPayrollClickc6" time="40.647"/>
  <system-out/>
</testsuite> <!-- _1912.TC377_382_1912TwoDir -->
