<?xml version="1.0" encoding="UTF-8"?>
<!-- Generated by org.testng.reporters.JUnitReportReporter -->
<testsuite hostname="Nom-31" failures="0" tests="1" name="Company_Director_Tests.TC6CDJoiningBeforeTxYr_DefaultProfile2" time="50.378" errors="0" timestamp="2021-06-05T20:43:24 IST" skipped="0">
  <testcase classname="Company_Director_Tests.TC6CDJoiningBeforeTxYr_DefaultProfile2" name="GoToUrlAssertUrlClickgotoReportsClickclickP11ClickgetLELAmountClickgetPTAmountClickgetUELAmou" time="50.378"/>
  <system-out/>
</testsuite> <!-- Company_Director_Tests.TC6CDJoiningBeforeTxYr_DefaultProfile2 -->
