<?xml version="1.0" encoding="UTF-8"?>
<!-- Generated by org.testng.reporters.JUnitReportReporter -->
<testsuite hostname="Nom-31" failures="0" tests="1" name="_2128AutoPayProtection.TC629PDFProtectionandPayslip" time="55.694" errors="0" timestamp="2022-03-14T15:26:38 IST" skipped="0">
  <testcase classname="_2128AutoPayProtection.TC629PDFProtectionandPayslip" name="GoToUrlAssertUrlPositiveEnterEnterUsernamePositiveEnterEnterpasswordClickLoginButtonGoToUrlAs" time="55.694"/>
  <system-out/>
</testsuite> <!-- _2128AutoPayProtection.TC629PDFProtectionandPayslip -->
