<?xml version="1.0" encoding="UTF-8"?>
<!-- Generated by org.testng.reporters.JUnitReportReporter -->
<testsuite hostname="Nom-31" failures="0" tests="1" name="Company_Director_Tests.TC102_CDwithPreviousEmp1" time="56.567" errors="0" timestamp="2021-11-11T04:10:42 IST" skipped="0">
  <testcase classname="Company_Director_Tests.TC102_CDwithPreviousEmp1" name="GoToUrlAssertUrlClickgotoReportsClickclickP11ClickgetLELAmountClickgetPTAmountClickgetUELAmou" time="56.567"/>
  <system-out/>
</testsuite> <!-- Company_Director_Tests.TC102_CDwithPreviousEmp1 -->
