<?xml version="1.0" encoding="UTF-8"?>
<!-- Generated by org.testng.reporters.JUnitReportReporter -->
<testsuite hostname="Nom-31" failures="0" tests="1" name="verifyEmailsDataTest.TC232PreCheckedCompanyEmailOptioninSummary" time="50.914" errors="0" timestamp="2022-01-31T05:54:55 IST" skipped="0">
  <testcase classname="verifyEmailsDataTest.TC232PreCheckedCompanyEmailOptioninSummary" name="GoToUrlAssertUrlClickclickAllowancesSchemesClickmarkYesClickclickSaveClickgotoPayrollDashboard" time="50.914"/>
  <system-out/>
</testsuite> <!-- verifyEmailsDataTest.TC232PreCheckedCompanyEmailOptioninSummary -->
