<?xml version="1.0" encoding="UTF-8"?>
<!-- Generated by org.testng.reporters.JUnitReportReporter -->
<testsuite hostname="Nom-31" failures="0" tests="1" name="frequencytest.TC49subscriptChngfrqMtoW" time="67.943" errors="0" timestamp="2022-01-31T05:54:56 IST" skipped="0">
  <testcase classname="frequencytest.TC49subscriptChngfrqMtoW" name="GoToUrlAssertUrlPositiveEnterEnterUsernamePositiveEnterEnterpasswordClickLoginButtonGoToUrlAs1" time="67.943"/>
  <system-out/>
</testsuite> <!-- frequencytest.TC49subscriptChngfrqMtoW -->
