<?xml version="1.0" encoding="UTF-8"?>
<!-- Generated by org.testng.reporters.JUnitReportReporter -->
<testsuite hostname="Nom-31" failures="0" tests="1" name="tests.TC05LeaverSubscript_DefaultProfileWrongDate" time="36.126" errors="0" timestamp="2021-12-21T12:09:45 IST" skipped="0">
  <testcase classname="tests.TC05LeaverSubscript_DefaultProfileWrongDate" name="GoToUrlAssertUrlPositiveEnterEnterUsernamePositiveEnterEnterpasswordClickLoginButtonGoToUrlAs1" time="36.126"/>
  <system-out/>
</testsuite> <!-- tests.TC05LeaverSubscript_DefaultProfileWrongDate -->
