<?xml version="1.0" encoding="UTF-8"?>
<!-- Generated by org.testng.reporters.JUnitReportReporter -->
<testsuite hostname="Nom-31" failures="0" tests="4" name="_2078Test.TC430_433PaymentofMonthwhenPaymentManagement" time="192.504" errors="0" timestamp="2022-01-31T05:54:56 IST" skipped="0">
  <testcase classname="_2078Test.TC430_433PaymentofMonthwhenPaymentManagement" name="GoToUrlAssertUrlPositiveEnterEnterUsernamePositiveEnterEnterpasswordClickLoginButtonGoToUrlAs1" time="49.758"/>
  <system-out/>
  <testcase classname="_2078Test.TC430_433PaymentofMonthwhenPaymentManagement" name="GoToUrlAssertUrlClickRunPayroll1ClickRunPayroll2ClickgetSuccessMsgClickUndoLastPayrollClickcl" time="43.921"/>
  <system-out/>
  <testcase classname="_2078Test.TC430_433PaymentofMonthwhenPaymentManagement" name="GoToUrlAssertUrlClickRunPayroll1ClickRunPayroll2ClickgetSuccessMsgClickUndoLastPayrollClickc2" time="45.237"/>
  <system-out/>
  <testcase classname="_2078Test.TC430_433PaymentofMonthwhenPaymentManagement" name="GoToUrlAssertUrlClickRunPayroll1ClickRunPayroll2ClickgetSuccessMsgClickUndoLastPayrollClickc4" time="53.588"/>
  <system-out/>
</testsuite> <!-- _2078Test.TC430_433PaymentofMonthwhenPaymentManagement -->
