<?xml version="1.0" encoding="UTF-8"?>
<!-- Generated by org.testng.reporters.JUnitReportReporter -->
<testsuite hostname="Nom-31" failures="0" tests="6" name="_1743PayrollDSB.TC720_725CheckPayroll_InprogressClient" time="302.910" errors="0" timestamp="2022-03-14T15:26:38 IST" skipped="0">
  <testcase classname="_1743PayrollDSB.TC720_725CheckPayroll_InprogressClient" name="Inprogress_Overdue" time="33.802"/>
  <system-out/>
  <testcase classname="_1743PayrollDSB.TC720_725CheckPayroll_InprogressClient" name="Inprogress_1week" time="78.188"/>
  <system-out/>
  <testcase classname="_1743PayrollDSB.TC720_725CheckPayroll_InprogressClient" name="Inprogress_1Month" time="89.224"/>
  <system-out/>
  <testcase classname="_1743PayrollDSB.TC720_725CheckPayroll_InprogressClient" name="Inprogress_2Month" time="34.788"/>
  <system-out/>
  <testcase classname="_1743PayrollDSB.TC720_725CheckPayroll_InprogressClient" name="Inprogress_3_6Month" time="34.439"/>
  <system-out/>
  <testcase classname="_1743PayrollDSB.TC720_725CheckPayroll_InprogressClient" name="Inprogress_6plusMonth" time="32.469"/>
  <system-out/>
</testsuite> <!-- _1743PayrollDSB.TC720_725CheckPayroll_InprogressClient -->
