<?xml version="1.0" encoding="UTF-8"?>
<!-- Generated by org.testng.reporters.JUnitReportReporter -->
<testsuite hostname="Nom-31" failures="0" tests="1" name="_1772Deregistration.TC649P45whenEmpErrorDeregisteration" time="39.040" errors="0" timestamp="2021-11-11T04:10:42 IST" skipped="0">
  <testcase classname="_1772Deregistration.TC649P45whenEmpErrorDeregisteration" name="GoToUrlAssertUrlPositiveEnterEnterUsernamePositiveEnterEnterpasswordClickLoginButtonGoToUrlAs1" time="39.040"/>
  <system-out/>
</testsuite> <!-- _1772Deregistration.TC649P45whenEmpErrorDeregisteration -->
