<?xml version="1.0" encoding="UTF-8"?>
<!-- Generated by org.testng.reporters.JUnitReportReporter -->
<testsuite hostname="Nom-31" failures="0" tests="1" name="SmallerEmployertest.TC10_SER_MidYearStat103Check" time="49.289" errors="0" timestamp="2021-06-06T20:32:43 IST" skipped="0">
  <testcase classname="SmallerEmployertest.TC10_SER_MidYearStat103Check" name="GoToUrlAssertUrlClickclickAllowancesSchemesClickselectYestosmallERClickselectNotosmallERClickc" time="49.289"/>
  <system-out/>
</testsuite> <!-- SmallerEmployertest.TC10_SER_MidYearStat103Check -->
