<?xml version="1.0" encoding="UTF-8"?>
<!-- Generated by org.testng.reporters.JUnitReportReporter -->
<testsuite hostname="Nom-31" failures="0" tests="7" name="AOE.TC845_851AOE_ChildSupportPopupA6" time="366.910" errors="0" timestamp="2022-03-14T15:26:38 IST" skipped="0">
  <testcase classname="AOE.TC845_851AOE_ChildSupportPopupA6" name="GoToUrlAssertUrlPositiveEnterEnterUsernamePositiveEnterEnterpasswordClickLoginButtonGoToUrlAs1" time="44.482"/>
  <system-out/>
  <testcase classname="AOE.TC845_851AOE_ChildSupportPopupA6" name="GoToUrlAssertUrlPositiveEnterEnterUsernamePositiveEnterEnterpasswordClickLoginButtonGoToUrlAs2" time="46.403"/>
  <system-out/>
  <testcase classname="AOE.TC845_851AOE_ChildSupportPopupA6" name="GoToUrlAssertUrlPositiveEnterEnterUsernamePositiveEnterEnterpasswordClickLoginButtonGoToUrlAs3" time="53.619"/>
  <system-out/>
  <testcase classname="AOE.TC845_851AOE_ChildSupportPopupA6" name="GoToUrlAssertUrlPositiveEnterEnterUsernamePositiveEnterEnterpasswordClickLoginButtonGoToUrlAs4" time="53.680"/>
  <system-out/>
  <testcase classname="AOE.TC845_851AOE_ChildSupportPopupA6" name="GoToUrlAssertUrlPositiveEnterEnterUsernamePositiveEnterEnterpasswordClickLoginButtonGoToUrlAs5" time="55.196"/>
  <system-out/>
  <testcase classname="AOE.TC845_851AOE_ChildSupportPopupA6" name="GoToUrlAssertUrlPositiveEnterEnterUsernamePositiveEnterEnterpasswordClickLoginButtonGoToUrlAs6" time="57.922"/>
  <system-out/>
  <testcase classname="AOE.TC845_851AOE_ChildSupportPopupA6" name="GoToUrlAssertUrlPositiveEnterEnterUsernamePositiveEnterEnterpasswordClickLoginButtonGoToUrlAs7" time="55.608"/>
  <system-out/>
</testsuite> <!-- AOE.TC845_851AOE_ChildSupportPopupA6 -->
