<?xml version="1.0" encoding="UTF-8"?>
<!-- Generated by org.testng.reporters.JUnitReportReporter -->
<testsuite hostname="Nom-31" failures="0" tests="2" name="_1930.TC329and334_1930CummulativeDirector" time="85.987" errors="0" timestamp="2021-12-06T22:39:04 IST" skipped="0">
  <testcase classname="_1930.TC329and334_1930CummulativeDirector" name="GoToUrlAssertUrlClickRunPayroll1ClickRunPayroll2ClickgetSuccessMsgClickUndoLastPayrollClickcl" time="41.875"/>
  <system-out/>
  <testcase classname="_1930.TC329and334_1930CummulativeDirector" name="GoToUrlAssertUrlClickRunPayroll1ClickRunPayroll2ClickgetSuccessMsgClickUndoLastPayrollClickc2" time="44.112"/>
  <system-out/>
</testsuite> <!-- _1930.TC329and334_1930CummulativeDirector -->
