<?xml version="1.0" encoding="UTF-8"?>
<!-- Generated by org.testng.reporters.JUnitReportReporter -->
<testsuite hostname="Nom-31" failures="0" tests="6" name="_1743PayrollDSB.TC720_725CheckPayroll_InprogressClient" time="367.041" errors="0" timestamp="2021-12-24T14:37:57 IST" skipped="0">
  <testcase classname="_1743PayrollDSB.TC720_725CheckPayroll_InprogressClient" name="Inprogress_Overdue" time="31.253"/>
  <system-out/>
  <testcase classname="_1743PayrollDSB.TC720_725CheckPayroll_InprogressClient" name="Inprogress_1week" time="68.693"/>
  <system-out/>
  <testcase classname="_1743PayrollDSB.TC720_725CheckPayroll_InprogressClient" name="Inprogress_1Month" time="100.610"/>
  <system-out/>
  <testcase classname="_1743PayrollDSB.TC720_725CheckPayroll_InprogressClient" name="Inprogress_2Month" time="63.695"/>
  <system-out/>
  <testcase classname="_1743PayrollDSB.TC720_725CheckPayroll_InprogressClient" name="Inprogress_3_6Month" time="75.906"/>
  <system-out/>
  <testcase classname="_1743PayrollDSB.TC720_725CheckPayroll_InprogressClient" name="Inprogress_6plusMonth" time="26.884"/>
  <system-out/>
</testsuite> <!-- _1743PayrollDSB.TC720_725CheckPayroll_InprogressClient -->
