<?xml version="1.0" encoding="UTF-8"?>
<!-- Generated by org.testng.reporters.JUnitReportReporter -->
<testsuite hostname="Nom-31" failures="0" tests="2" name="TaxCode.TC437TaxCode_D0" time="107.637" errors="0" timestamp="2021-08-23T14:24:34 IST" skipped="0">
  <testcase classname="TaxCode.TC437TaxCode_D0" name="GoToUrlAssertUrlClickRunPayroll1ClickRunPayroll2ClickgetSuccessMsgClickUndoLastPayrollClickcl" time="41.801"/>
  <system-out/>
  <testcase classname="TaxCode.TC437TaxCode_D0" name="GoToUrlAssertUrlClickRunPayroll1ClickRunPayroll2ClickgetSuccessMsgClickUndoLastPayrollClickc4" time="65.836"/>
  <system-out/>
</testsuite> <!-- TaxCode.TC437TaxCode_D0 -->
