<?xml version="1.0" encoding="UTF-8"?>
<!-- Generated by org.testng.reporters.JUnitReportReporter -->
<testsuite hostname="Nom-31" failures="0" tests="1" name="_1743PayrollDSB.TC786CheckPayrollDeadlineByAccountant" time="26.600" errors="0" timestamp="2022-01-31T05:54:56 IST" skipped="0">
  <testcase classname="_1743PayrollDSB.TC786CheckPayrollDeadlineByAccountant" name="PayrollAccountantOverdueAscendingCheck" time="26.600"/>
  <system-out/>
</testsuite> <!-- _1743PayrollDSB.TC786CheckPayrollDeadlineByAccountant -->
