<?xml version="1.0" encoding="UTF-8"?>
<!-- Generated by org.testng.reporters.JUnitReportReporter -->
<testsuite hostname="Nom-31" failures="0" tests="1" name="verifyEmailsDataTest.TC112verifyEmail_DefaultProfile" time="44.678" errors="0" timestamp="2021-11-11T04:10:41 IST" skipped="0">
  <testcase classname="verifyEmailsDataTest.TC112verifyEmail_DefaultProfile" name="GoToUrlAssertUrlClickRunPayroll1PositiveSelectSelecttoMainContactClickRunPayroll2ClickopenPayr" time="44.678"/>
  <system-out/>
</testsuite> <!-- verifyEmailsDataTest.TC112verifyEmail_DefaultProfile -->
