<?xml version="1.0" encoding="UTF-8"?>
<!-- Generated by org.testng.reporters.JUnitReportReporter -->
<testsuite hostname="Nom-31" failures="0" tests="4" name="_2078Test.TC414_417PaymentofMonthwhen1" time="173.223" errors="0" timestamp="2022-03-14T15:26:37 IST" skipped="0">
  <testcase classname="_2078Test.TC414_417PaymentofMonthwhen1" name="GoToUrlAssertUrlPositiveEnterEnterUsernamePositiveEnterEnterpasswordClickLoginButtonGoToUrlAs1" time="53.733"/>
  <system-out/>
  <testcase classname="_2078Test.TC414_417PaymentofMonthwhen1" name="GoToUrlAssertUrlClickRunPayroll1ClickRunPayroll2ClickgetSuccessMsgClickUndoLastPayrollClickcl" time="39.527"/>
  <system-out/>
  <testcase classname="_2078Test.TC414_417PaymentofMonthwhen1" name="GoToUrlAssertUrlClickRunPayroll1ClickRunPayroll2ClickgetSuccessMsgClickUndoLastPayrollClickc2" time="40.661"/>
  <system-out/>
  <testcase classname="_2078Test.TC414_417PaymentofMonthwhen1" name="GoToUrlAssertUrlClickRunPayroll1ClickRunPayroll2ClickgetSuccessMsgClickUndoLastPayrollClickc4" time="39.302"/>
  <system-out/>
</testsuite> <!-- _2078Test.TC414_417PaymentofMonthwhen1 -->
