<?xml version="1.0" encoding="UTF-8"?>
<!-- Generated by org.testng.reporters.JUnitReportReporter -->
<testsuite hostname="Nom-31" failures="0" tests="1" name="_1911test.TC685PDFprotectionReportsPayslipBoth" time="64.898" errors="0" timestamp="2022-01-31T05:54:56 IST" skipped="0">
  <testcase classname="_1911test.TC685PDFprotectionReportsPayslipBoth" name="GoToUrlAssertUrlPositiveEnterEnterUsernamePositiveEnterEnterpasswordClickLoginButtonGoToUrlAs" time="64.898"/>
  <system-out/>
</testsuite> <!-- _1911test.TC685PDFprotectionReportsPayslipBoth -->
