<?xml version="1.0" encoding="UTF-8"?>
<!-- Generated by org.testng.reporters.JUnitReportReporter -->
<testsuite hostname="Nom-31" failures="0" tests="1" name="EPStest.subscriptEPSwhenApperentice" time="39.781" errors="0" timestamp="2021-06-03T17:09:45 IST" skipped="0">
  <testcase classname="EPStest.subscriptEPSwhenApperentice" name="GoToUrlAssertUrlPositiveEnterEnterUsernamePositiveEnterEnterpasswordClickLoginButtonGoToUrlAs1" time="39.781"/>
  <system-out/>
</testsuite> <!-- EPStest.subscriptEPSwhenApperentice -->
