<?xml version="1.0" encoding="UTF-8"?>
<!-- Generated by org.testng.reporters.JUnitReportReporter -->
<testsuite hostname="Nom-31" failures="0" tests="1" name="_1399subContr.TC207VerifySubContrwithUTRDump" time="35.237" errors="0" timestamp="2022-01-31T05:54:55 IST" skipped="0">
  <testcase classname="_1399subContr.TC207VerifySubContrwithUTRDump" name="GoToUrlAssertUrlPositiveEnterEnterUsernamePositiveEnterEnterpasswordClickLoginButtonGoToUrlAs1" time="35.237"/>
  <system-out/>
</testsuite> <!-- _1399subContr.TC207VerifySubContrwithUTRDump -->
