<?xml version="1.0" encoding="UTF-8"?>
<!-- Generated by org.testng.reporters.JUnitReportReporter -->
<testsuite hostname="Nom-31" failures="0" tests="1" name="_1743PayrollDSB.TC703CheckPayroll_Overdue_NotStarted" time="28.525" errors="0" timestamp="2021-12-09T13:05:39 IST" skipped="0">
  <testcase classname="_1743PayrollDSB.TC703CheckPayroll_Overdue_NotStarted" name="GoToUrlAssertUrlPositiveEnterEnterUsernamePositiveEnterEnterpasswordClickLoginButtonGoToUrlAs" time="28.525"/>
  <system-out/>
</testsuite> <!-- _1743PayrollDSB.TC703CheckPayroll_Overdue_NotStarted -->
