<?xml version="1.0" encoding="UTF-8"?>
<!-- Generated by org.testng.reporters.JUnitReportReporter -->
<testsuite hostname="Nom-31" failures="0" tests="1" name="_2129SummaryCustomized.TC587FirstQtrSummaryReport" time="45.662" errors="0" timestamp="2021-12-21T12:09:45 IST" skipped="0">
  <testcase classname="_2129SummaryCustomized.TC587FirstQtrSummaryReport" name="GoToUrlAssertUrlClickclickAllowancesSchemesClickmarkYesClickclickSaveClickgotoPayrollDashboard" time="45.662"/>
  <system-out/>
</testsuite> <!-- _2129SummaryCustomized.TC587FirstQtrSummaryReport -->
