<?xml version="1.0" encoding="UTF-8"?>
<!-- Generated by org.testng.reporters.JUnitReportReporter -->
<testsuite hostname="Nom-31" failures="0" tests="1" name="_2106AutoPayroll.TC608AutoPayrollAndNotOptForPaySlip" time="64.757" errors="0" timestamp="2021-12-06T22:39:04 IST" skipped="0">
  <testcase classname="_2106AutoPayroll.TC608AutoPayrollAndNotOptForPaySlip" name="GoToUrlAssertUrlPositiveEnterEnterUsernamePositiveEnterEnterpasswordClickLoginButtonGoToUrlAs" time="64.757"/>
  <system-out/>
</testsuite> <!-- _2106AutoPayroll.TC608AutoPayrollAndNotOptForPaySlip -->
