<?xml version="1.0" encoding="UTF-8"?>
<!-- Generated by org.testng.reporters.JUnitReportReporter -->
<testsuite hostname="Nom-31" failures="0" tests="1" name="tests.WrongPayeCloseSubscript_DefaultProfile" time="38.110" errors="0" timestamp="2021-05-06T17:11:07 IST" skipped="0">
  <testcase classname="tests.WrongPayeCloseSubscript_DefaultProfile" name="GoToUrlAssertUrlPositiveEnterEnterUsernamePositiveEnterEnterpasswordClickLoginButtonGoToUrlAs1" time="38.110"/>
  <system-out/>
</testsuite> <!-- tests.WrongPayeCloseSubscript_DefaultProfile -->
