<?xml version="1.0" encoding="UTF-8"?>
<!-- Generated by org.testng.reporters.JUnitReportReporter -->
<testsuite hostname="Nom-31" failures="0" tests="1" name="test.frequency.TC20subScriptFortnightFrequency_DefaultProfile" time="49.900" errors="0" timestamp="2022-03-14T15:26:38 IST" skipped="0">
  <testcase classname="test.frequency.TC20subScriptFortnightFrequency_DefaultProfile" name="GoToUrlAssertUrlPositiveEnterEnterUsernamePositiveEnterEnterpasswordClickLoginButtonGoToUrlAs1" time="49.900"/>
  <system-out/>
</testsuite> <!-- test.frequency.TC20subScriptFortnightFrequency_DefaultProfile -->
