<?xml version="1.0" encoding="UTF-8"?>
<!-- Generated by org.testng.reporters.JUnitReportReporter -->
<testsuite hostname="Nom-31" failures="0" tests="1" name="EPStest.TC4_FinalEPSGen" time="36.138" errors="0" timestamp="2021-06-03T23:57:59 IST" skipped="0">
  <testcase classname="EPStest.TC4_FinalEPSGen" name="GoToUrlAssertUrlPositiveEnterEnterUsernamePositiveEnterEnterpasswordClickLoginButtonGoToUrlAs1" time="36.138"/>
  <system-out/>
</testsuite> <!-- EPStest.TC4_FinalEPSGen -->
