<?xml version="1.0" encoding="UTF-8"?>
<!-- Generated by org.testng.reporters.JUnitReportReporter -->
<testsuite hostname="Nom-31" failures="0" tests="3" name="_1912.TC347_349_1912TC01" time="122.179" errors="0" timestamp="2021-11-11T04:10:41 IST" skipped="0">
  <testcase classname="_1912.TC347_349_1912TC01" name="GoToUrlAssertUrlClickRunPayroll1ClickRunPayroll2ClickgetSuccessMsgClickUndoLastPayrollClickcl" time="41.304"/>
  <system-out/>
  <testcase classname="_1912.TC347_349_1912TC01" name="GoToUrlAssertUrlClickRunPayroll1ClickRunPayroll2ClickgetSuccessMsgClickUndoLastPayrollClickc2" time="40.689"/>
  <system-out/>
  <testcase classname="_1912.TC347_349_1912TC01" name="GoToUrlAssertUrlClickRunPayroll1ClickRunPayroll2ClickgetSuccessMsgClickUndoLastPayrollClickc3" time="40.186"/>
  <system-out/>
</testsuite> <!-- _1912.TC347_349_1912TC01 -->
