<?xml version="1.0" encoding="UTF-8"?>
<!-- Generated by org.testng.reporters.JUnitReportReporter -->
<testsuite hostname="Nom-31" failures="0" tests="4" name="_1706Test.TC449_452P11DeductionReport" time="195.905" errors="0" timestamp="2021-11-11T04:10:42 IST" skipped="0">
  <testcase classname="_1706Test.TC449_452P11DeductionReport" name="GoToUrlAssertUrlClickRunPayroll1ClickRunPayroll2ClickgetSuccessMsgClickUndoLastPayrollClickcl" time="51.170"/>
  <system-out/>
  <testcase classname="_1706Test.TC449_452P11DeductionReport" name="GoToUrlAssertUrlClickRunPayroll1ClickRunPayroll2ClickgetSuccessMsgClickUndoLastPayrollClickc4" time="51.307"/>
  <system-out/>
  <testcase classname="_1706Test.TC449_452P11DeductionReport" name="GoToUrlAssertUrlClickRunPayroll1ClickRunPayroll2ClickgetSuccessMsgClickUndoLastPayrollClickc2" time="52.461"/>
  <system-out/>
  <testcase classname="_1706Test.TC449_452P11DeductionReport" name="GoToUrlAssertUrlClickRunPayroll1ClickRunPayroll2ClickgetSuccessMsgClickUndoLastPayrollClickcl1" time="40.967"/>
  <system-out/>
</testsuite> <!-- _1706Test.TC449_452P11DeductionReport -->
