<?xml version="1.0" encoding="UTF-8"?>
<!-- Generated by org.testng.reporters.JUnitReportReporter -->
<testsuite hostname="Nom-31" failures="0" tests="1" name="verifyEmailsDataTest.TC243whenUncheckPayslip" time="46.454" errors="0" timestamp="2021-12-06T22:39:04 IST" skipped="0">
  <testcase classname="verifyEmailsDataTest.TC243whenUncheckPayslip" name="GoToUrlAssertUrlClickclickAllowancesSchemesClickmarkYesClickclickSaveClickgotoPayrollDashboard" time="46.454"/>
  <system-out/>
</testsuite> <!-- verifyEmailsDataTest.TC243whenUncheckPayslip -->
