<?xml version="1.0" encoding="UTF-8"?>
<!-- Generated by org.testng.reporters.JUnitReportReporter -->
<testsuite hostname="Nom-31" failures="0" tests="1" name="_1939_tests.TC04_AutoRunPayrollChangeOther" time="64.585" errors="0" timestamp="2021-05-26T19:40:58 IST" skipped="0">
  <testcase classname="_1939_tests.TC04_AutoRunPayrollChangeOther" name="GoToUrlAssertUrlPositiveEnterEnterUsernamePositiveEnterEnterpasswordClickLoginButtonGoToUrlAs" time="64.585"/>
  <system-out/>
</testsuite> <!-- _1939_tests.TC04_AutoRunPayrollChangeOther -->
