<?xml version="1.0" encoding="UTF-8"?>
<!-- Generated by org.testng.reporters.JUnitReportReporter -->
<testsuite hostname="Nom-31" failures="0" tests="3" name="_1912.TC395_397_1912WeeklyowSalary" time="129.609" errors="0" timestamp="2021-12-21T12:09:45 IST" skipped="0">
  <testcase classname="_1912.TC395_397_1912WeeklyowSalary" name="GoToUrlAssertUrlClickRunPayroll1ClickRunPayroll2ClickgetSuccessMsgClickUndoLastPayrollClickcl" time="44.102"/>
  <system-out/>
  <testcase classname="_1912.TC395_397_1912WeeklyowSalary" name="GoToUrlAssertUrlClickRunPayroll1ClickRunPayroll2ClickgetSuccessMsgClickUndoLastPayrollClickc2" time="42.608"/>
  <system-out/>
  <testcase classname="_1912.TC395_397_1912WeeklyowSalary" name="GoToUrlAssertUrlClickRunPayroll1ClickRunPayroll2ClickgetSuccessMsgClickUndoLastPayrollClickc3" time="42.899"/>
  <system-out/>
</testsuite> <!-- _1912.TC395_397_1912WeeklyowSalary -->
