<?xml version="1.0" encoding="UTF-8"?>
<!-- Generated by org.testng.reporters.JUnitReportReporter -->
<testsuite hostname="Nom-31" failures="0" tests="1" name="SMP_XML.TC576SMP_XMLFourWeekly9" time="39.750" errors="0" timestamp="2021-11-11T04:10:42 IST" skipped="0">
  <testcase classname="SMP_XML.TC576SMP_XMLFourWeekly9" name="GoToUrlAssertUrlClickgotoReportsClickclickP11ClickgetLELAmountClickgetPTAmountClickgetUELAmou" time="39.750"/>
  <system-out/>
</testsuite> <!-- SMP_XML.TC576SMP_XMLFourWeekly9 -->
