<?xml version="1.0" encoding="UTF-8"?>
<!-- Generated by org.testng.reporters.JUnitReportReporter -->
<testsuite hostname="Nom-31" failures="0" tests="3" name="_2129SummaryCustomized.TC591_593SummaryPayslipofQtr" time="152.134" errors="0" timestamp="2022-01-31T05:54:56 IST" skipped="0">
  <testcase classname="_2129SummaryCustomized.TC591_593SummaryPayslipofQtr" name="GoToUrlAssertUrlClickPayslipsPositiveSelectPayrollDateClickEmailPayslipsClickTickCompanyemaila1" time="49.973"/>
  <system-out/>
  <testcase classname="_2129SummaryCustomized.TC591_593SummaryPayslipofQtr" name="GoToUrlAssertUrlClickPayslipsPositiveSelectPayrollDateClickEmailPayslipsClickTickCompanyemaila2" time="49.546"/>
  <system-out/>
  <testcase classname="_2129SummaryCustomized.TC591_593SummaryPayslipofQtr" name="GoToUrlAssertUrlClickPayslipsPositiveSelectPayrollDateClickEmailPayslipsClickTickCompanyemaila" time="52.615"/>
  <system-out/>
</testsuite> <!-- _2129SummaryCustomized.TC591_593SummaryPayslipofQtr -->
