<?xml version="1.0" encoding="UTF-8"?>
<!-- Generated by org.testng.reporters.JUnitReportReporter -->
<testsuite hostname="Nom-31" failures="0" tests="1" name="PaymentManagement.subscriptPaymentmmgtwhenfreqMonthly" time="49.219" errors="0" timestamp="2021-06-05T14:02:46 IST" skipped="0">
  <testcase classname="PaymentManagement.subscriptPaymentmmgtwhenfreqMonthly" name="GoToUrlAssertUrlPositiveEnterEnterUsernamePositiveEnterEnterpasswordClickLoginButtonGoToUrlAs" time="49.219"/>
  <system-out/>
</testsuite> <!-- PaymentManagement.subscriptPaymentmmgtwhenfreqMonthly -->
