<?xml version="1.0" encoding="UTF-8"?>
<!-- Generated by org.testng.reporters.JUnitReportReporter -->
<testsuite hostname="Nom-31" failures="0" tests="1" name="tests.subScriptAutomaticPayroll_DefaultProfile" time="47.290" errors="0" timestamp="2021-05-06T14:26:41 IST" skipped="0">
  <testcase classname="tests.subScriptAutomaticPayroll_DefaultProfile" name="GoToUrlAssertUrlPositiveEnterEnterUsernamePositiveEnterEnterpasswordClickLoginButtonGoToUrlAs" time="47.290"/>
  <system-out/>
</testsuite> <!-- tests.subScriptAutomaticPayroll_DefaultProfile -->
