<?xml version="1.0" encoding="UTF-8"?>
<!-- Generated by org.testng.reporters.JUnitReportReporter -->
<testsuite hostname="Nom-31" failures="0" tests="1" name="Quaterly_Paye_Scheme_test.TC36subscriptNoAllowenceScheme_DefaultProfile" time="61.529" errors="0" timestamp="2021-12-06T22:39:04 IST" skipped="0">
  <testcase classname="Quaterly_Paye_Scheme_test.TC36subscriptNoAllowenceScheme_DefaultProfile" name="GoToUrlAssertUrlPositiveEnterEnterUsernamePositiveEnterEnterpasswordClickLoginButtonGoToUrlAs" time="61.529"/>
  <system-out/>
</testsuite> <!-- Quaterly_Paye_Scheme_test.TC36subscriptNoAllowenceScheme_DefaultProfile -->
