<?xml version="1.0" encoding="UTF-8"?>
<!-- Generated by org.testng.reporters.JUnitReportReporter -->
<testsuite hostname="Nom-31" failures="0" tests="1" name="_2170RTI_Submission.TC689CheckTaxablePay" time="43.544" errors="0" timestamp="2021-12-06T22:39:04 IST" skipped="0">
  <testcase classname="_2170RTI_Submission.TC689CheckTaxablePay" name="GoToUrlAssertUrlPositiveEnterEnterUsernamePositiveEnterEnterpasswordClickLoginButtonGoToUrlAs" time="43.544"/>
  <system-out/>
</testsuite> <!-- _2170RTI_Submission.TC689CheckTaxablePay -->
