<?xml version="1.0" encoding="UTF-8"?>
<!-- Generated by org.testng.reporters.JUnitReportReporter -->
<testsuite hostname="Nom-31" failures="0" tests="1" name="tests.TC05LeaverSubscript_DefaultProfileWrongDate" time="31.927" errors="0" timestamp="2021-11-11T04:10:41 IST" skipped="0">
  <testcase classname="tests.TC05LeaverSubscript_DefaultProfileWrongDate" name="GoToUrlAssertUrlPositiveEnterEnterUsernamePositiveEnterEnterpasswordClickLoginButtonGoToUrlAs1" time="31.927"/>
  <system-out/>
</testsuite> <!-- tests.TC05LeaverSubscript_DefaultProfileWrongDate -->
