<?xml version="1.0" encoding="UTF-8"?>
<!-- Generated by org.testng.reporters.JUnitReportReporter -->
<testsuite hostname="Nom-31" failures="0" tests="1" name="_2068.TC533PayrollwhenPaymentmngmnt" time="49.324" errors="0" timestamp="2021-12-06T22:39:04 IST" skipped="0">
  <testcase classname="_2068.TC533PayrollwhenPaymentmngmnt" name="GoToUrlAssertUrlPositiveEnterEnterUsernamePositiveEnterEnterpasswordClickLoginButtonGoToUrlAs" time="49.324"/>
  <system-out/>
</testsuite> <!-- _2068.TC533PayrollwhenPaymentmngmnt -->
