<?xml version="1.0" encoding="UTF-8"?>
<!-- Generated by org.testng.reporters.JUnitReportReporter -->
<testsuite hostname="Nom-31" failures="0" tests="4" name="_2078Test.TC406_409PaymentofMonthwhen3" time="182.484" errors="0" timestamp="2021-12-06T22:39:04 IST" skipped="0">
  <testcase classname="_2078Test.TC406_409PaymentofMonthwhen3" name="GoToUrlAssertUrlPositiveEnterEnterUsernamePositiveEnterEnterpasswordClickLoginButtonGoToUrlAs1" time="55.988"/>
  <system-out/>
  <testcase classname="_2078Test.TC406_409PaymentofMonthwhen3" name="GoToUrlAssertUrlClickRunPayroll1ClickRunPayroll2ClickgetSuccessMsgClickUndoLastPayrollClickcl" time="44.254"/>
  <system-out/>
  <testcase classname="_2078Test.TC406_409PaymentofMonthwhen3" name="GoToUrlAssertUrlClickRunPayroll1ClickRunPayroll2ClickgetSuccessMsgClickUndoLastPayrollClickc2" time="41.568"/>
  <system-out/>
  <testcase classname="_2078Test.TC406_409PaymentofMonthwhen3" name="GoToUrlAssertUrlClickRunPayroll1ClickRunPayroll2ClickgetSuccessMsgClickUndoLastPayrollClickc4" time="40.674"/>
  <system-out/>
</testsuite> <!-- _2078Test.TC406_409PaymentofMonthwhen3 -->
