<?xml version="1.0" encoding="UTF-8"?>
<!-- Generated by org.testng.reporters.JUnitReportReporter -->
<testsuite hostname="Nom-31" failures="0" tests="3" name="_1930.TC344_346_1930DirPaidTwoMonthonly" time="126.910" errors="0" timestamp="2021-12-21T12:09:45 IST" skipped="0">
  <testcase classname="_1930.TC344_346_1930DirPaidTwoMonthonly" name="GoToUrlAssertUrlClickRunPayroll1ClickRunPayroll2ClickgetSuccessMsgClickUndoLastPayrollClickcl" time="41.528"/>
  <system-out/>
  <testcase classname="_1930.TC344_346_1930DirPaidTwoMonthonly" name="GoToUrlAssertUrlClickRunPayroll1ClickRunPayroll2ClickgetSuccessMsgClickUndoLastPayrollClickc2" time="43.143"/>
  <system-out/>
  <testcase classname="_1930.TC344_346_1930DirPaidTwoMonthonly" name="GoToUrlAssertUrlClickRunPayroll1ClickRunPayroll2ClickgetSuccessMsgClickUndoLastPayrollClickc3" time="42.239"/>
  <system-out/>
</testsuite> <!-- _1930.TC344_346_1930DirPaidTwoMonthonly -->
