<?xml version="1.0" encoding="UTF-8"?>
<!-- Generated by org.testng.reporters.JUnitReportReporter -->
<testsuite hostname="Nom-31" failures="0" tests="1" name="verifyEmailsDataTest.TC238EmailHeaderWhenMainContactnotAvail" time="45.816" errors="0" timestamp="2021-12-06T22:39:04 IST" skipped="0">
  <testcase classname="verifyEmailsDataTest.TC238EmailHeaderWhenMainContactnotAvail" name="GoToUrlAssertUrlClickclickAllowancesSchemesClickmarkYesClickclickSaveClickgotoPayrollDashboard" time="45.816"/>
  <system-out/>
</testsuite> <!-- verifyEmailsDataTest.TC238EmailHeaderWhenMainContactnotAvail -->
