<?xml version="1.0" encoding="UTF-8"?>
<!-- Generated by org.testng.reporters.JUnitReportReporter -->
<testsuite hostname="Nom-31" failures="0" tests="1" name="_1743PayrollDSB.TC719CheckPayroll_6plusMonths_NotStarte" time="27.711" errors="0" timestamp="2021-12-24T14:37:57 IST" skipped="0">
  <testcase classname="_1743PayrollDSB.TC719CheckPayroll_6plusMonths_NotStarte" name="GoToUrlAssertUrlPositiveEnterEnterUsernamePositiveEnterEnterpasswordClickLoginButtonGoToUrlAs" time="27.711"/>
  <system-out/>
</testsuite> <!-- _1743PayrollDSB.TC719CheckPayroll_6plusMonths_NotStarte -->
