<?xml version="1.0" encoding="UTF-8"?>
<!-- Generated by org.testng.reporters.JUnitReportReporter -->
<testsuite hostname="Nom-31" failures="0" tests="1" name="Company_Director_Tests.TC11_CD_Pay4Monthonly2" time="42.054" errors="0" timestamp="2021-06-05T19:44:58 IST" skipped="0">
  <testcase classname="Company_Director_Tests.TC11_CD_Pay4Monthonly2" name="GoToUrlAssertUrlClickgotoReportsClickclickP11ClickgetLELAmountClickgetPTAmountClickgetUELAmou" time="42.054"/>
  <system-out/>
</testsuite> <!-- Company_Director_Tests.TC11_CD_Pay4Monthonly2 -->
