<?xml version="1.0" encoding="UTF-8"?>
<!-- Generated by org.testng.reporters.JUnitReportReporter -->
<testsuite hostname="Nom-31" failures="0" tests="3" name="_1912.TC392_394_1912WeeklyHighSalary" time="129.891" errors="0" timestamp="2021-12-21T12:09:45 IST" skipped="0">
  <testcase classname="_1912.TC392_394_1912WeeklyHighSalary" name="GoToUrlAssertUrlClickRunPayroll1ClickRunPayroll2ClickgetSuccessMsgClickUndoLastPayrollClickcl" time="44.840"/>
  <system-out/>
  <testcase classname="_1912.TC392_394_1912WeeklyHighSalary" name="GoToUrlAssertUrlClickRunPayroll1ClickRunPayroll2ClickgetSuccessMsgClickUndoLastPayrollClickc2" time="43.132"/>
  <system-out/>
  <testcase classname="_1912.TC392_394_1912WeeklyHighSalary" name="GoToUrlAssertUrlClickRunPayroll1ClickRunPayroll2ClickgetSuccessMsgClickUndoLastPayrollClickc3" time="41.919"/>
  <system-out/>
</testsuite> <!-- _1912.TC392_394_1912WeeklyHighSalary -->
