<?xml version="1.0" encoding="UTF-8"?>
<!-- Generated by org.testng.reporters.JUnitReportReporter -->
<testsuite hostname="Nom-31" failures="0" tests="3" name="_1930.TC341_343_1930DirPaidTwoMonthonly" time="124.767" errors="0" timestamp="2021-12-21T12:09:45 IST" skipped="0">
  <testcase classname="_1930.TC341_343_1930DirPaidTwoMonthonly" name="GoToUrlAssertUrlClickRunPayroll1ClickRunPayroll2ClickgetSuccessMsgClickUndoLastPayrollClickcl" time="41.122"/>
  <system-out/>
  <testcase classname="_1930.TC341_343_1930DirPaidTwoMonthonly" name="GoToUrlAssertUrlClickRunPayroll1ClickRunPayroll2ClickgetSuccessMsgClickUndoLastPayrollClickc2" time="41.886"/>
  <system-out/>
  <testcase classname="_1930.TC341_343_1930DirPaidTwoMonthonly" name="GoToUrlAssertUrlClickRunPayroll1ClickRunPayroll2ClickgetSuccessMsgClickUndoLastPayrollClickc3" time="41.759"/>
  <system-out/>
</testsuite> <!-- _1930.TC341_343_1930DirPaidTwoMonthonly -->
