<?xml version="1.0" encoding="UTF-8"?>
<!-- Generated by org.testng.reporters.JUnitReportReporter -->
<testsuite hostname="Nom-31" failures="0" tests="1" name="_2134StarterDetail.TC660LeaverDetailnotVisibleReportsof4Weekly" time="41.510" errors="0" timestamp="2021-12-06T22:39:04 IST" skipped="0">
  <testcase classname="_2134StarterDetail.TC660LeaverDetailnotVisibleReportsof4Weekly" name="GoToUrlAssertUrlClickclickAllowancesSchemesClickmarkYesClickclickSaveClickgotoPayrollDashboard" time="41.510"/>
  <system-out/>
</testsuite> <!-- _2134StarterDetail.TC660LeaverDetailnotVisibleReportsof4Weekly -->
