<?xml version="1.0" encoding="UTF-8"?>
<!-- Generated by org.testng.reporters.JUnitReportReporter -->
<testsuite hostname="Nom-31" failures="0" tests="1" name="verifyEmailsDataTest.TC229verifyAlertMsgWhenNoEmpEmail" time="44.448" errors="0" timestamp="2022-01-31T05:54:56 IST" skipped="0">
  <testcase classname="verifyEmailsDataTest.TC229verifyAlertMsgWhenNoEmpEmail" name="GoToUrlAssertUrlClickclickAllowancesSchemesClickmarkYesClickclickSaveClickgotoPayrollDashboard" time="44.448"/>
  <system-out/>
</testsuite> <!-- verifyEmailsDataTest.TC229verifyAlertMsgWhenNoEmpEmail -->
