<?xml version="1.0" encoding="UTF-8"?>
<!-- Generated by org.testng.reporters.JUnitReportReporter -->
<testsuite hostname="Nom-31" failures="0" tests="6" name="_1743PayrollDSB.TC732_737CheckPayroll_AwaitingReviewClient" time="312.097" errors="0" timestamp="2021-12-10T15:23:01 IST" skipped="0">
  <testcase classname="_1743PayrollDSB.TC732_737CheckPayroll_AwaitingReviewClient" name="AwaitingReview_Overdue" time="49.821"/>
  <system-out/>
  <testcase classname="_1743PayrollDSB.TC732_737CheckPayroll_AwaitingReviewClient" name="AwaitingReview_1week" time="52.545"/>
  <system-out/>
  <testcase classname="_1743PayrollDSB.TC732_737CheckPayroll_AwaitingReviewClient" name="AwaitingReview_1Month" time="53.607"/>
  <system-out/>
  <testcase classname="_1743PayrollDSB.TC732_737CheckPayroll_AwaitingReviewClient" name="AwaitingReview_2Month" time="50.479"/>
  <system-out/>
  <testcase classname="_1743PayrollDSB.TC732_737CheckPayroll_AwaitingReviewClient" name="AwaitingReview_3_6Month" time="51.136"/>
  <system-out/>
  <testcase classname="_1743PayrollDSB.TC732_737CheckPayroll_AwaitingReviewClient" name="AwaitingReview_6plusMonth" time="54.509"/>
  <system-out/>
</testsuite> <!-- _1743PayrollDSB.TC732_737CheckPayroll_AwaitingReviewClient -->
