<?xml version="1.0" encoding="UTF-8"?>
<!-- Generated by org.testng.reporters.JUnitReportReporter -->
<testsuite hostname="Nom-31" failures="0" tests="1" name="AlertsForEmployeeAge.TC473over21andEmpApperenticeIn2ndYear" time="66.242" errors="0" timestamp="2021-11-11T04:10:41 IST" skipped="0">
  <testcase classname="AlertsForEmployeeAge.TC473over21andEmpApperenticeIn2ndYear" name="GoToUrlAssertUrlPositiveEnterEnterUsernamePositiveEnterEnterpasswordClickLoginButtonGoToUrlAs" time="66.242"/>
  <system-out/>
</testsuite> <!-- AlertsForEmployeeAge.TC473over21andEmpApperenticeIn2ndYear -->
