<?xml version="1.0" encoding="UTF-8"?>
<!-- Generated by org.testng.reporters.JUnitReportReporter -->
<testsuite hostname="Nom-31" failures="0" tests="3" name="_1912.TC389_391_1912MiddleFPSWithLowSalary" time="122.469" errors="0" timestamp="2021-12-06T22:39:04 IST" skipped="0">
  <testcase classname="_1912.TC389_391_1912MiddleFPSWithLowSalary" name="GoToUrlAssertUrlClickRunPayroll1ClickRunPayroll2ClickgetSuccessMsgClickUndoLastPayrollClickcl" time="42.712"/>
  <system-out/>
  <testcase classname="_1912.TC389_391_1912MiddleFPSWithLowSalary" name="GoToUrlAssertUrlClickRunPayroll1ClickRunPayroll2ClickgetSuccessMsgClickUndoLastPayrollClickc2" time="39.857"/>
  <system-out/>
  <testcase classname="_1912.TC389_391_1912MiddleFPSWithLowSalary" name="GoToUrlAssertUrlClickRunPayroll1ClickRunPayroll2ClickgetSuccessMsgClickUndoLastPayrollClickc3" time="39.900"/>
  <system-out/>
</testsuite> <!-- _1912.TC389_391_1912MiddleFPSWithLowSalary -->
