<?xml version="1.0" encoding="UTF-8"?>
<!-- Generated by org.testng.reporters.JUnitReportReporter -->
<testsuite hostname="Nom-31" failures="0" tests="3" name="_2129SummaryCustomized.TC588_590SendEmailofQtrPayroll" time="135.362" errors="0" timestamp="2021-12-21T12:09:45 IST" skipped="0">
  <testcase classname="_2129SummaryCustomized.TC588_590SendEmailofQtrPayroll" name="GoToUrlAssertUrlPositiveSelectPayrollDateClickEmailClickTickCompanyemailaddressClickTickEmploy" time="45.685"/>
  <system-out/>
  <testcase classname="_2129SummaryCustomized.TC588_590SendEmailofQtrPayroll" name="GoToUrlAssertUrlPositiveSelectPayrollDateClickEmailClickTickCompanyemailaddressClickTickEmploy2" time="43.423"/>
  <system-out/>
  <testcase classname="_2129SummaryCustomized.TC588_590SendEmailofQtrPayroll" name="GoToUrlAssertUrlPositiveSelectPayrollDateClickEmailClickTickCompanyemailaddressClickTickEmploy1" time="46.254"/>
  <system-out/>
</testsuite> <!-- _2129SummaryCustomized.TC588_590SendEmailofQtrPayroll -->
