<?xml version="1.0" encoding="UTF-8"?>
<!-- Generated by org.testng.reporters.JUnitReportReporter -->
<testsuite hostname="Nom-31" failures="0" tests="1" name="tests1.subscriptEmployerNotes_DefaultProfile" time="40.911" errors="0" timestamp="2021-05-06T14:26:41 IST" skipped="0">
  <testcase classname="tests1.subscriptEmployerNotes_DefaultProfile" name="GoToUrlAssertUrlPositiveEnterEnterUsernamePositiveEnterEnterpasswordClickLoginButtonGoToUrlAs" time="40.911"/>
  <system-out/>
</testsuite> <!-- tests1.subscriptEmployerNotes_DefaultProfile -->
