<?xml version="1.0" encoding="UTF-8"?>
<!-- Generated by org.testng.reporters.JUnitReportReporter -->
<testsuite hostname="Nom-31" failures="0" tests="13" name="PayrollDashboardUItest.TC297_309PayrollDshboardChk" time="517.880" errors="0" timestamp="2021-12-06T22:39:04 IST" skipped="0">
  <testcase classname="PayrollDashboardUItest.TC297_309PayrollDshboardChk" name="GoToUrlAssertUrlClickclickAllowancesSchemesClickmarkYesClickclickSaveClickgotoPayrollDashboard" time="39.587"/>
  <system-out/>
  <testcase classname="PayrollDashboardUItest.TC297_309PayrollDshboardChk" name="GoToUrlAssertUrlClickclickAllowancesSchemesClickmarkYesClickclickSaveClickgotoPayrollDashboard1" time="40.271"/>
  <system-out/>
  <testcase classname="PayrollDashboardUItest.TC297_309PayrollDshboardChk" name="GoToUrlAssertUrlClickclickAllowancesSchemesClickmarkYesClickclickSaveClickgotoPayrollDashboard2" time="39.124"/>
  <system-out/>
  <testcase classname="PayrollDashboardUItest.TC297_309PayrollDshboardChk" name="GoToUrlAssertUrlClickclickAllowancesSchemesClickmarkYesClickclickSaveClickgotoPayrollDashboard3" time="38.630"/>
  <system-out/>
  <testcase classname="PayrollDashboardUItest.TC297_309PayrollDshboardChk" name="GoToUrlAssertUrlClickclickAllowancesSchemesClickmarkYesClickclickSaveClickgotoPayrollDashboard4" time="40.288"/>
  <system-out/>
  <testcase classname="PayrollDashboardUItest.TC297_309PayrollDshboardChk" name="GoToUrlAssertUrlClickclickAllowancesSchemesClickmarkYesClickclickSaveClickgotoPayrollDashboard5" time="40.262"/>
  <system-out/>
  <testcase classname="PayrollDashboardUItest.TC297_309PayrollDshboardChk" name="GoToUrlAssertUrlClickclickAllowancesSchemesClickmarkYesClickclickSaveClickgotoPayrollDashboard6" time="44.250"/>
  <system-out/>
  <testcase classname="PayrollDashboardUItest.TC297_309PayrollDshboardChk" name="GoToUrlAssertUrlClickclickAllowancesSchemesClickmarkYesClickclickSaveClickgotoPayrollDashboard7" time="38.633"/>
  <system-out/>
  <testcase classname="PayrollDashboardUItest.TC297_309PayrollDshboardChk" name="GoToUrlAssertUrlClickclickAllowancesSchemesClickmarkYesClickclickSaveClickgotoPayrollDashboard8" time="40.364"/>
  <system-out/>
  <testcase classname="PayrollDashboardUItest.TC297_309PayrollDshboardChk" name="GoToUrlAssertUrlClickclickAllowancesSchemesClickmarkYesClickclickSaveClickgotoPayrollDashboard9" time="40.277"/>
  <system-out/>
  <testcase classname="PayrollDashboardUItest.TC297_309PayrollDshboardChk" name="GoToUrlAssertUrlClickclickAllowancesSchemesClickmarkYesClickclickSaveClickgotoPayrollDashboard10" time="40.220"/>
  <system-out/>
  <testcase classname="PayrollDashboardUItest.TC297_309PayrollDshboardChk" name="GoToUrlAssertUrlClickclickAllowancesSchemesClickmarkYesClickclickSaveClickgotoPayrollDashboard11" time="38.494"/>
  <system-out/>
  <testcase classname="PayrollDashboardUItest.TC297_309PayrollDshboardChk" name="GoToUrlAssertUrlClickclickAllowancesSchemesClickmarkYesClickclickSaveClickgotoPayrollDashboard12" time="37.480"/>
  <system-out/>
</testsuite> <!-- PayrollDashboardUItest.TC297_309PayrollDshboardChk -->
