<?xml version="1.0" encoding="UTF-8"?>
<!-- Generated by org.testng.reporters.JUnitReportReporter -->
<testsuite hostname="Nom-31" failures="0" tests="1" name="tests.TC11SubscriptNomismaStartDate_DefaultProfile" time="61.726" errors="0" timestamp="2021-11-11T04:10:41 IST" skipped="0">
  <testcase classname="tests.TC11SubscriptNomismaStartDate_DefaultProfile" name="GoToUrlAssertUrlPositiveEnterEnterUsernamePositiveEnterEnterpasswordClickLoginButtonGoToUrlAs1" time="61.726"/>
  <system-out/>
</testsuite> <!-- tests.TC11SubscriptNomismaStartDate_DefaultProfile -->
