<?xml version="1.0" encoding="UTF-8"?>
<!-- Generated by org.testng.reporters.JUnitReportReporter -->
<testsuite hostname="Nom-31" failures="0" tests="3" name="PayrollDashboardUItest.TC321_323PayrollDoUndo" time="114.574" errors="0" timestamp="2021-12-21T12:09:45 IST" skipped="0">
  <testcase classname="PayrollDashboardUItest.TC321_323PayrollDoUndo" name="GoToUrlAssertUrlClickRunPayroll1ClickRunPayroll2ClickgetSuccessMsgClickUndoLastPayrollClickcl" time="42.415"/>
  <system-out/>
  <testcase classname="PayrollDashboardUItest.TC321_323PayrollDoUndo" name="GoToUrlAssertUrlClickRunPayroll1ClickRunPayroll2ClickgetSuccessMsgClickUndoLastPayrollClickc" time="36.572"/>
  <system-out/>
  <testcase classname="PayrollDashboardUItest.TC321_323PayrollDoUndo" name="GoToUrlAssertUrlClickRunPayroll1ClickRunPayroll2ClickgetSuccessMsgClickUndoLastPayrollClickc2" time="35.587"/>
  <system-out/>
</testsuite> <!-- PayrollDashboardUItest.TC321_323PayrollDoUndo -->
