<?xml version="1.0" encoding="UTF-8"?>
<!-- Generated by org.testng.reporters.JUnitReportReporter -->
<testsuite hostname="Nom-31" failures="0" tests="1" name="_2128AutoPayProtection.TC633NOProtectionandPaysliptoEE" time="55.946" errors="0" timestamp="2022-03-14T15:26:37 IST" skipped="0">
  <testcase classname="_2128AutoPayProtection.TC633NOProtectionandPaysliptoEE" name="GoToUrlAssertUrlPositiveEnterEnterUsernamePositiveEnterEnterpasswordClickLoginButtonGoToUrlAs" time="55.946"/>
  <system-out/>
</testsuite> <!-- _2128AutoPayProtection.TC633NOProtectionandPaysliptoEE -->
