<?xml version="1.0" encoding="UTF-8"?>
<!-- Generated by org.testng.reporters.JUnitReportReporter -->
<testsuite hostname="Nom-31" failures="0" tests="1" name="tests.TC17subScriptMannualPayroll_DefaultProfile" time="53.869" errors="0" timestamp="2021-12-10T13:22:31 IST" skipped="0">
  <testcase classname="tests.TC17subScriptMannualPayroll_DefaultProfile" name="GoToUrlAssertUrlPositiveEnterEnterUsernamePositiveEnterEnterpasswordClickLoginButtonGoToUrlAs" time="53.869"/>
  <system-out/>
</testsuite> <!-- tests.TC17subScriptMannualPayroll_DefaultProfile -->
