<?xml version="1.0" encoding="UTF-8"?>
<!-- Generated by org.testng.reporters.JUnitReportReporter -->
<testsuite hostname="Nom-31" failures="0" tests="1" name="PaymentManagement.T118TC05_PM_MidYear2" time="68.574" errors="0" timestamp="2022-03-14T15:26:37 IST" skipped="0">
  <testcase classname="PaymentManagement.T118TC05_PM_MidYear2" name="GoToUrlAssertUrlPositiveEnterEnterUsernamePositiveEnterEnterpasswordClickLoginButtonGoToUrlAs" time="68.574"/>
  <system-out/>
</testsuite> <!-- PaymentManagement.T118TC05_PM_MidYear2 -->
