<?xml version="1.0" encoding="UTF-8"?>
<!-- Generated by org.testng.reporters.JUnitReportReporter -->
<testsuite hostname="Nom-31" failures="0" tests="2" name="_1743PayrollDSB.TC698_699CheckTaxablePayJoinMidFortNight14" time="239.830" errors="0" timestamp="2021-12-10T15:23:01 IST" skipped="0">
  <testcase classname="_1743PayrollDSB.TC698_699CheckTaxablePayJoinMidFortNight14" name="GoToUrlAssertUrlPositiveEnterEnterUsernamePositiveEnterEnterpasswordClickLoginButtonGoToUrlAs" time="176.161"/>
  <system-out/>
  <testcase classname="_1743PayrollDSB.TC698_699CheckTaxablePayJoinMidFortNight14" name="GoToUrlAssertUrlPositiveEnterEnterUsernamePositiveEnterEnterpasswordClickLoginButtonGoToUrlAs1" time="63.669"/>
  <system-out/>
</testsuite> <!-- _1743PayrollDSB.TC698_699CheckTaxablePayJoinMidFortNight14 -->
