<?xml version="1.0" encoding="UTF-8"?>
<!-- Generated by org.testng.reporters.JUnitReportReporter -->
<testsuite hostname="Nom-31" failures="0" tests="1" name="_1747EPSverification.TC180EPSwhenSPP" time="51.274" errors="0" timestamp="2022-01-31T05:54:55 IST" skipped="0">
  <testcase classname="_1747EPSverification.TC180EPSwhenSPP" name="GoToUrlAssertUrlPositiveEnterEnterUsernamePositiveEnterEnterpasswordClickLoginButtonGoToUrlAs1" time="51.274"/>
  <system-out/>
</testsuite> <!-- _1747EPSverification.TC180EPSwhenSPP -->
