<?xml version="1.0" encoding="UTF-8"?>
<!-- Generated by org.testng.reporters.JUnitReportReporter -->
<testsuite hostname="Nom-31" failures="0" tests="3" name="_2129SummaryCustomized.TC588_590SendEmailofQtrPayroll" time="165.758" errors="0" timestamp="2022-01-31T05:54:56 IST" skipped="0">
  <testcase classname="_2129SummaryCustomized.TC588_590SendEmailofQtrPayroll" name="GoToUrlAssertUrlPositiveSelectPayrollDateClickEmailClickTickCompanyemailaddressClickTickEmploy1" time="56.438"/>
  <system-out/>
  <testcase classname="_2129SummaryCustomized.TC588_590SendEmailofQtrPayroll" name="GoToUrlAssertUrlPositiveSelectPayrollDateClickEmailClickTickCompanyemailaddressClickTickEmploy" time="55.626"/>
  <system-out/>
  <testcase classname="_2129SummaryCustomized.TC588_590SendEmailofQtrPayroll" name="GoToUrlAssertUrlPositiveSelectPayrollDateClickEmailClickTickCompanyemailaddressClickTickEmploy2" time="53.694"/>
  <system-out/>
</testsuite> <!-- _2129SummaryCustomized.TC588_590SendEmailofQtrPayroll -->
