<?xml version="1.0" encoding="UTF-8"?>
<!-- Generated by org.testng.reporters.JUnitReportReporter -->
<testsuite hostname="Nom-31" failures="0" tests="1" name="_1939_tests.TC02_AutoRunPayrollDateDiffer" time="70.287" errors="0" timestamp="2021-11-11T13:23:44 IST" skipped="0">
  <testcase classname="_1939_tests.TC02_AutoRunPayrollDateDiffer" name="GoToUrlAssertUrlPositiveEnterEnterUsernamePositiveEnterEnterpasswordClickLoginButtonGoToUrlAs" time="70.287"/>
  <system-out/>
</testsuite> <!-- _1939_tests.TC02_AutoRunPayrollDateDiffer -->
