<?xml version="1.0" encoding="UTF-8"?>
<!-- Generated by org.testng.reporters.JUnitReportReporter -->
<testsuite hostname="Nom-31" failures="0" tests="1" name="AlertsForEmployeeAge.TC481Over19AndApperentice" time="75.448" errors="0" timestamp="2022-01-31T05:54:56 IST" skipped="0">
  <testcase classname="AlertsForEmployeeAge.TC481Over19AndApperentice" name="GoToUrlAssertUrlPositiveEnterEnterUsernamePositiveEnterEnterpasswordClickLoginButtonGoToUrlAs" time="75.448"/>
  <system-out/>
</testsuite> <!-- AlertsForEmployeeAge.TC481Over19AndApperentice -->
