<?xml version="1.0" encoding="UTF-8"?>
<!-- Generated by org.testng.reporters.JUnitReportReporter -->
<testsuite hostname="Nom-31" failures="0" tests="2" name="_1956Test.TC327_328_1956LeaveNegativBalance" time="94.576" errors="0" timestamp="2022-03-14T15:26:38 IST" skipped="0">
  <testcase classname="_1956Test.TC327_328_1956LeaveNegativBalance" name="GoToUrlAssertUrlClickAddLeavePositiveSelectselectEmployeePositiveSelectselectLeaveTypePositive1" time="46.844"/>
  <system-out/>
  <testcase classname="_1956Test.TC327_328_1956LeaveNegativBalance" name="GoToUrlAssertUrlClickAddLeavePositiveSelectselectEmployeePositiveSelectselectLeaveTypePositive2" time="47.732"/>
  <system-out/>
</testsuite> <!-- _1956Test.TC327_328_1956LeaveNegativBalance -->
