<?xml version="1.0" encoding="UTF-8"?>
<!-- Generated by org.testng.reporters.JUnitReportReporter -->
<testsuite hostname="Nom-31" failures="0" tests="6" name="_1743PayrollDSB.TC780_785CheckPension_Overdue" time="217.955" errors="0" timestamp="2022-01-31T05:54:55 IST" skipped="0">
  <testcase classname="_1743PayrollDSB.TC780_785CheckPension_Overdue" name="NotstartedOverdue" time="35.820"/>
  <system-out/>
  <testcase classname="_1743PayrollDSB.TC780_785CheckPension_Overdue" name="Notstarted1Week" time="37.042"/>
  <system-out/>
  <testcase classname="_1743PayrollDSB.TC780_785CheckPension_Overdue" name="Notstarted1Month" time="36.514"/>
  <system-out/>
  <testcase classname="_1743PayrollDSB.TC780_785CheckPension_Overdue" name="Notstarted2Months" time="36.554"/>
  <system-out/>
  <testcase classname="_1743PayrollDSB.TC780_785CheckPension_Overdue" name="Notstarted3_6Months" time="35.733"/>
  <system-out/>
  <testcase classname="_1743PayrollDSB.TC780_785CheckPension_Overdue" name="Notstarted6plus" time="36.292"/>
  <system-out/>
</testsuite> <!-- _1743PayrollDSB.TC780_785CheckPension_Overdue -->
