<?xml version="1.0" encoding="UTF-8"?>
<!-- Generated by org.testng.reporters.JUnitReportReporter -->
<testsuite hostname="Nom-31" failures="0" tests="1" name="verifySummaryReportsData.TC253SummryWhenCISinAprforQtr" time="57.354" errors="0" timestamp="2022-03-14T15:26:38 IST" skipped="0">
  <testcase classname="verifySummaryReportsData.TC253SummryWhenCISinAprforQtr" name="GoToUrlAssertUrlClickclickAllowancesSchemesClickmarkYesClickclickSaveClickgotoPayrollDashboard" time="57.354"/>
  <system-out/>
</testsuite> <!-- verifySummaryReportsData.TC253SummryWhenCISinAprforQtr -->
