<?xml version="1.0" encoding="UTF-8"?>
<!-- Generated by org.testng.reporters.JUnitReportReporter -->
<testsuite hostname="Nom-31" failures="0" tests="7" name="AOE.TC859_865AOE_ChildSupportPopupA2" time="360.896" errors="0" timestamp="2022-03-14T15:26:38 IST" skipped="0">
  <testcase classname="AOE.TC859_865AOE_ChildSupportPopupA2" name="GoToUrlAssertUrlPositiveEnterEnterUsernamePositiveEnterEnterpasswordClickLoginButtonGoToUrlAs1" time="44.020"/>
  <system-out/>
  <testcase classname="AOE.TC859_865AOE_ChildSupportPopupA2" name="GoToUrlAssertUrlPositiveEnterEnterUsernamePositiveEnterEnterpasswordClickLoginButtonGoToUrlAs2" time="46.551"/>
  <system-out/>
  <testcase classname="AOE.TC859_865AOE_ChildSupportPopupA2" name="GoToUrlAssertUrlPositiveEnterEnterUsernamePositiveEnterEnterpasswordClickLoginButtonGoToUrlAs3" time="52.169"/>
  <system-out/>
  <testcase classname="AOE.TC859_865AOE_ChildSupportPopupA2" name="GoToUrlAssertUrlPositiveEnterEnterUsernamePositiveEnterEnterpasswordClickLoginButtonGoToUrlAs4" time="53.802"/>
  <system-out/>
  <testcase classname="AOE.TC859_865AOE_ChildSupportPopupA2" name="GoToUrlAssertUrlPositiveEnterEnterUsernamePositiveEnterEnterpasswordClickLoginButtonGoToUrlAs5" time="53.247"/>
  <system-out/>
  <testcase classname="AOE.TC859_865AOE_ChildSupportPopupA2" name="GoToUrlAssertUrlPositiveEnterEnterUsernamePositiveEnterEnterpasswordClickLoginButtonGoToUrlAs6" time="56.210"/>
  <system-out/>
  <testcase classname="AOE.TC859_865AOE_ChildSupportPopupA2" name="GoToUrlAssertUrlPositiveEnterEnterUsernamePositiveEnterEnterpasswordClickLoginButtonGoToUrlAs7" time="54.897"/>
  <system-out/>
</testsuite> <!-- AOE.TC859_865AOE_ChildSupportPopupA2 -->
