<?xml version="1.0" encoding="UTF-8"?>
<!-- Generated by org.testng.reporters.JUnitReportReporter -->
<testsuite hostname="Nom-31" failures="0" tests="1" name="Company_Director_Tests.T89TC6CDJoiningBeforeTxYr_DefaultProfile2" time="48.918" errors="0" timestamp="2022-01-31T05:54:55 IST" skipped="0">
  <testcase classname="Company_Director_Tests.T89TC6CDJoiningBeforeTxYr_DefaultProfile2" name="GoToUrlAssertUrlClickgotoReportsClickclickP11ClickgetLELAmountClickgetPTAmountClickgetUELAmou" time="48.918"/>
  <system-out/>
</testsuite> <!-- Company_Director_Tests.T89TC6CDJoiningBeforeTxYr_DefaultProfile2 -->
