<?xml version="1.0" encoding="UTF-8"?>
<!-- Generated by org.testng.reporters.JUnitReportReporter -->
<testsuite hostname="Nom-31" failures="0" tests="1" name="_1772Deregistration.TC647UndoLastPayrollErrorDeregisteration" time="50.073" errors="0" timestamp="2022-01-31T05:54:56 IST" skipped="0">
  <testcase classname="_1772Deregistration.TC647UndoLastPayrollErrorDeregisteration" name="GoToUrlAssertUrlPositiveEnterEnterUsernamePositiveEnterEnterpasswordClickLoginButtonGoToUrlAs1" time="50.073"/>
  <system-out/>
</testsuite> <!-- _1772Deregistration.TC647UndoLastPayrollErrorDeregisteration -->
