<?xml version="1.0" encoding="UTF-8"?>
<!-- Generated by org.testng.reporters.JUnitReportReporter -->
<testsuite hostname="Nom-31" failures="0" tests="1" name="_2129SummaryCustomized.TC596SummaryTaxPaymntWhenQtr" time="39.926" errors="0" timestamp="2021-12-06T22:39:04 IST" skipped="0">
  <testcase classname="_2129SummaryCustomized.TC596SummaryTaxPaymntWhenQtr" name="GoToUrlAssertUrlClickPayslipsPositiveSelectPayrollDateClickEmailPayslipsClickTickCompanyemaila" time="39.926"/>
  <system-out/>
</testsuite> <!-- _2129SummaryCustomized.TC596SummaryTaxPaymntWhenQtr -->
