<?xml version="1.0" encoding="UTF-8"?>
<!-- Generated by org.testng.reporters.JUnitReportReporter -->
<testsuite hostname="Nom-31" failures="0" tests="1" name="PaymentManagement.TC03_PM_weekly1" time="52.024" errors="0" timestamp="2021-06-04T19:12:26 IST" skipped="0">
  <testcase classname="PaymentManagement.TC03_PM_weekly1" name="GoToUrlAssertUrlPositiveEnterEnterUsernamePositiveEnterEnterpasswordClickLoginButtonGoToUrlAs" time="52.024"/>
  <system-out/>
</testsuite> <!-- PaymentManagement.TC03_PM_weekly1 -->
