<?xml version="1.0" encoding="UTF-8"?>
<!-- Generated by org.testng.reporters.JUnitReportReporter -->
<testsuite hostname="Nom-31" failures="0" tests="4" name="_2078Test.TC418_421PaymentofMonthwhenLastDayOfMonth" time="177.024" errors="0" timestamp="2021-12-06T22:39:04 IST" skipped="0">
  <testcase classname="_2078Test.TC418_421PaymentofMonthwhenLastDayOfMonth" name="GoToUrlAssertUrlPositiveEnterEnterUsernamePositiveEnterEnterpasswordClickLoginButtonGoToUrlAs1" time="54.340"/>
  <system-out/>
  <testcase classname="_2078Test.TC418_421PaymentofMonthwhenLastDayOfMonth" name="GoToUrlAssertUrlClickRunPayroll1ClickRunPayroll2ClickgetSuccessMsgClickUndoLastPayrollClickcl" time="39.271"/>
  <system-out/>
  <testcase classname="_2078Test.TC418_421PaymentofMonthwhenLastDayOfMonth" name="GoToUrlAssertUrlClickRunPayroll1ClickRunPayroll2ClickgetSuccessMsgClickUndoLastPayrollClickc2" time="41.847"/>
  <system-out/>
  <testcase classname="_2078Test.TC418_421PaymentofMonthwhenLastDayOfMonth" name="GoToUrlAssertUrlClickRunPayroll1ClickRunPayroll2ClickgetSuccessMsgClickUndoLastPayrollClickc4" time="41.566"/>
  <system-out/>
</testsuite> <!-- _2078Test.TC418_421PaymentofMonthwhenLastDayOfMonth -->
