<?xml version="1.0" encoding="UTF-8"?>
<!-- Generated by org.testng.reporters.JUnitReportReporter -->
<testsuite hostname="Nom-31" failures="0" tests="2" name="_2087EmailLog.TC457_458EmailLogFromSummary" time="104.478" errors="0" timestamp="2021-11-11T04:10:41 IST" skipped="0">
  <testcase classname="_2087EmailLog.TC457_458EmailLogFromSummary" name="GoToUrlAssertUrlClickclickAllowancesSchemesClickmarkYesClickclickSaveClickgotoPayrollDashboard" time="57.563"/>
  <system-out/>
  <testcase classname="_2087EmailLog.TC457_458EmailLogFromSummary" name="GoToUrlAssertUrlClickclickAllowancesSchemesClickmarkYesClickclickSaveClickgotoPayrollDashboard1" time="46.915"/>
  <system-out/>
</testsuite> <!-- _2087EmailLog.TC457_458EmailLogFromSummary -->
