<?xml version="1.0" encoding="UTF-8"?>
<!-- Generated by org.testng.reporters.JUnitReportReporter -->
<testsuite hostname="Nom-31" failures="0" tests="3" name="_1930.TC338_340_1930AlternativeMidYrDirector" time="142.506" errors="0" timestamp="2022-03-14T15:26:38 IST" skipped="0">
  <testcase classname="_1930.TC338_340_1930AlternativeMidYrDirector" name="GoToUrlAssertUrlClickRunPayroll1ClickRunPayroll2ClickgetSuccessMsgClickUndoLastPayrollClickcl" time="43.762"/>
  <system-out/>
  <testcase classname="_1930.TC338_340_1930AlternativeMidYrDirector" name="GoToUrlAssertUrlClickRunPayroll1ClickRunPayroll2ClickgetSuccessMsgClickUndoLastPayrollClickc2" time="44.159"/>
  <system-out/>
  <testcase classname="_1930.TC338_340_1930AlternativeMidYrDirector" name="GoToUrlAssertUrlClickRunPayroll1ClickRunPayroll2ClickgetSuccessMsgClickUndoLastPayrollClickc3" time="54.585"/>
  <system-out/>
</testsuite> <!-- _1930.TC338_340_1930AlternativeMidYrDirector -->
