<?xml version="1.0" encoding="UTF-8"?>
<!-- Generated by org.testng.reporters.JUnitReportReporter -->
<testsuite hostname="Nom-31" failures="0" tests="1" name="PaymentManagement.T120TC02_PM_MulFreq2" time="63.891" errors="0" timestamp="2022-01-31T05:54:55 IST" skipped="0">
  <testcase classname="PaymentManagement.T120TC02_PM_MulFreq2" name="GoToUrlAssertUrlPositiveEnterEnterUsernamePositiveEnterEnterpasswordClickLoginButtonGoToUrlAs" time="63.891"/>
  <system-out/>
</testsuite> <!-- PaymentManagement.T120TC02_PM_MulFreq2 -->
