<?xml version="1.0" encoding="UTF-8"?>
<!-- Generated by org.testng.reporters.JUnitReportReporter -->
<testsuite hostname="Nom-31" failures="0" tests="1" name="Volentry_Pension.TC75VCPension_DefaultProfile" time="88.074" errors="0" timestamp="2022-01-31T13:32:45 IST" skipped="0">
  <testcase classname="Volentry_Pension.TC75VCPension_DefaultProfile" name="GoToUrlAssertUrlClickgotoReportsClickgetEEPensionClickgetERpensionClickgotoPensionDashboardCl" time="88.074"/>
  <system-out/>
</testsuite> <!-- Volentry_Pension.TC75VCPension_DefaultProfile -->
