<?xml version="1.0" encoding="UTF-8"?>
<!-- Generated by org.testng.reporters.JUnitReportReporter -->
<testsuite hostname="Nom-31" failures="0" tests="1" name="Company_Director_Tests.T93TC7_CD_Alt_JoiningBetweenTxYr_DefaultProfile3" time="54.489" errors="0" timestamp="2022-01-31T05:54:56 IST" skipped="0">
  <testcase classname="Company_Director_Tests.T93TC7_CD_Alt_JoiningBetweenTxYr_DefaultProfile3" name="GoToUrlAssertUrlClickgotoReportsClickclickP11ClickgetLELAmountClickgetPTAmountClickgetUELAmou" time="54.489"/>
  <system-out/>
</testsuite> <!-- Company_Director_Tests.T93TC7_CD_Alt_JoiningBetweenTxYr_DefaultProfile3 -->
