<?xml version="1.0" encoding="UTF-8"?>
<!-- Generated by org.testng.reporters.JUnitReportReporter -->
<testsuite hostname="Nom-31" failures="0" tests="1" name="verifySummaryReportsData.TC274chkPaymentsummarywhenMonthly_Allowance" time="69.140" errors="0" timestamp="2021-12-06T22:39:04 IST" skipped="0">
  <testcase classname="verifySummaryReportsData.TC274chkPaymentsummarywhenMonthly_Allowance" name="GoToUrlAssertUrlClickclickAllowancesSchemesClickmarkYesClickclickSaveClickgotoPayrollDashboard" time="69.140"/>
  <system-out/>
</testsuite> <!-- verifySummaryReportsData.TC274chkPaymentsummarywhenMonthly_Allowance -->
