<?xml version="1.0" encoding="UTF-8"?>
<!-- Generated by org.testng.reporters.JUnitReportReporter -->
<testsuite hostname="Nom-31" failures="0" tests="1" name="SmallerEmployertest.TC137_SER_PrevEmpEligible" time="47.960" errors="0" timestamp="2021-11-11T04:10:42 IST" skipped="0">
  <testcase classname="SmallerEmployertest.TC137_SER_PrevEmpEligible" name="GoToUrlAssertUrlClickclickAllowancesSchemesClickselectYestosmallERClickselectNotosmallERClickc" time="47.960"/>
  <system-out/>
</testsuite> <!-- SmallerEmployertest.TC137_SER_PrevEmpEligible -->
