<?xml version="1.0" encoding="UTF-8"?>
<!-- Generated by org.testng.reporters.JUnitReportReporter -->
<testsuite hostname="Nom-31" failures="0" tests="1" name="verifyEmailsDataTest.TC291VerifySummaryDatainEmailAttachment" time="66.752" errors="0" timestamp="2021-11-11T04:10:41 IST" skipped="0">
  <testcase classname="verifyEmailsDataTest.TC291VerifySummaryDatainEmailAttachment" name="GoToUrlAssertUrlClickclickAllowancesSchemesClickmarkYesClickclickSaveClickgotoPayrollDashboard" time="66.752"/>
  <system-out/>
</testsuite> <!-- verifyEmailsDataTest.TC291VerifySummaryDatainEmailAttachment -->
