<?xml version="1.0" encoding="UTF-8"?>
<!-- Generated by org.testng.reporters.JUnitReportReporter -->
<testsuite hostname="Nom-31" failures="0" tests="6" name="_1743PayrollDSB.TC762_767CheckPayroll_AwaitingReviewClient" time="443.412" errors="0" timestamp="2021-12-10T15:23:01 IST" skipped="0">
  <testcase classname="_1743PayrollDSB.TC762_767CheckPayroll_AwaitingReviewClient" name="AwaitingReview_Overdue" time="101.374"/>
  <system-out/>
  <testcase classname="_1743PayrollDSB.TC762_767CheckPayroll_AwaitingReviewClient" name="AwaitingReview_1week" time="119.698"/>
  <system-out/>
  <testcase classname="_1743PayrollDSB.TC762_767CheckPayroll_AwaitingReviewClient" name="AwaitingReview_1Month" time="49.979"/>
  <system-out/>
  <testcase classname="_1743PayrollDSB.TC762_767CheckPayroll_AwaitingReviewClient" name="AwaitingReview_2Month" time="53.153"/>
  <system-out/>
  <testcase classname="_1743PayrollDSB.TC762_767CheckPayroll_AwaitingReviewClient" name="AwaitingReview_3_6Month" time="54.592"/>
  <system-out/>
  <testcase classname="_1743PayrollDSB.TC762_767CheckPayroll_AwaitingReviewClient" name="AwaitingReview_6plusMonth" time="64.616"/>
  <system-out/>
</testsuite> <!-- _1743PayrollDSB.TC762_767CheckPayroll_AwaitingReviewClient -->
