<?xml version="1.0" encoding="UTF-8"?>
<!-- Generated by org.testng.reporters.JUnitReportReporter -->
<testsuite hostname="Nom-31" failures="0" tests="1" name="Company_Director_Tests.TC19_CDwithPreviousEmpScreenshot3" time="51.286" errors="0" timestamp="2021-06-05T20:02:48 IST" skipped="0">
  <testcase classname="Company_Director_Tests.TC19_CDwithPreviousEmpScreenshot3" name="GoToUrlAssertUrlClickgotoReportsClickclickP11ClickgetLELAmountClickgetPTAmountClickgetUELAmou" time="51.286"/>
  <system-out/>
</testsuite> <!-- Company_Director_Tests.TC19_CDwithPreviousEmpScreenshot3 -->
