<?xml version="1.0" encoding="UTF-8"?>
<!-- Generated by org.testng.reporters.JUnitReportReporter -->
<testsuite hostname="Nom-31" failures="0" tests="1" name="_1939_tests.TC03_AutoRunEffectonMannual" time="61.581" errors="0" timestamp="2021-12-06T22:39:04 IST" skipped="0">
  <testcase classname="_1939_tests.TC03_AutoRunEffectonMannual" name="GoToUrlAssertUrlPositiveEnterEnterUsernamePositiveEnterEnterpasswordClickLoginButtonGoToUrlAs" time="61.581"/>
  <system-out/>
</testsuite> <!-- _1939_tests.TC03_AutoRunEffectonMannual -->
