<?xml version="1.0" encoding="UTF-8"?>
<!-- Generated by org.testng.reporters.JUnitReportReporter -->
<testsuite hostname="Nom-31" failures="0" tests="1" name="AOE.TC823AOE_ChildSupportPopup" time="53.251" errors="0" timestamp="2021-12-29T17:11:14 IST" skipped="0">
  <testcase classname="AOE.TC823AOE_ChildSupportPopup" name="GoToUrlAssertUrlPositiveEnterEnterUsernamePositiveEnterEnterpasswordClickLoginButtonGoToUrlAs1" time="53.251"/>
  <system-out/>
</testsuite> <!-- AOE.TC823AOE_ChildSupportPopup -->
