<?xml version="1.0" encoding="UTF-8"?>
<!-- Generated by org.testng.reporters.JUnitReportReporter -->
<testsuite hostname="Nom-31" failures="0" tests="1" name="_1911test.TC676PDFprotectionReportsPayslipBoth" time="53.723" errors="0" timestamp="2022-03-14T15:26:37 IST" skipped="0">
  <testcase classname="_1911test.TC676PDFprotectionReportsPayslipBoth" name="GoToUrlAssertUrlPositiveEnterEnterUsernamePositiveEnterEnterpasswordClickLoginButtonGoToUrlAs" time="53.723"/>
  <system-out/>
</testsuite> <!-- _1911test.TC676PDFprotectionReportsPayslipBoth -->
