<?xml version="1.0" encoding="UTF-8"?>
<!-- Generated by org.testng.reporters.JUnitReportReporter -->
<testsuite hostname="Nom-31" failures="0" tests="1" name="_1918NMW_Alert.TC02Under19AndnotApperentice" time="73.851" errors="0" timestamp="2022-03-14T15:26:38 IST" skipped="0">
  <testcase classname="_1918NMW_Alert.TC02Under19AndnotApperentice" name="GoToUrlAssertUrlPositiveEnterEnterUsernamePositiveEnterEnterpasswordClickLoginButtonGoToUrlAs" time="73.851"/>
  <system-out/>
</testsuite> <!-- _1918NMW_Alert.TC02Under19AndnotApperentice -->
