<?xml version="1.0" encoding="UTF-8"?>
<!-- Generated by org.testng.reporters.JUnitReportReporter -->
<testsuite hostname="Nom-31" failures="0" tests="1" name="_2134StarterDetail.TC660StarterDetailnotVisibleReportsof2Weekly" time="40.233" errors="0" timestamp="2021-11-08T12:23:29 IST" skipped="0">
  <testcase classname="_2134StarterDetail.TC660StarterDetailnotVisibleReportsof2Weekly" name="GoToUrlAssertUrlClickclickAllowancesSchemesClickmarkYesClickclickSaveClickgotoPayrollDashboard" time="40.233"/>
  <system-out/>
</testsuite> <!-- _2134StarterDetail.TC660StarterDetailnotVisibleReportsof2Weekly -->
