<?xml version="1.0" encoding="UTF-8"?>
<!-- Generated by org.testng.reporters.JUnitReportReporter -->
<testsuite hostname="Nom-31" failures="0" tests="3" name="_1748RunPayrollfromAgent.TC792AgentRunPayrollPDF_EE" time="154.853" errors="0" timestamp="2021-12-20T19:35:13 IST" skipped="1">
  <testcase classname="_1748RunPayrollfromAgent.TC792AgentRunPayrollPDF_EE" name="AgentRunPayrollPDF_EE" time="77.422"/>
  <system-out/>
  <testcase classname="_1748RunPayrollfromAgent.TC792AgentRunPayrollPDF_EE" name="AgentRunPayrollZIP_EE" time="77.431"/>
  <system-out/>
  <testcase classname="_1748RunPayrollfromAgent.TC792AgentRunPayrollPDF_EE" name="runPayrollPopup">
    <skipped/>
  </testcase> <!-- runPayrollPopup -->
  <system-out/>
</testsuite> <!-- _1748RunPayrollfromAgent.TC792AgentRunPayrollPDF_EE -->
