<?xml version="1.0" encoding="UTF-8"?>
<!-- Generated by org.testng.reporters.JUnitReportReporter -->
<testsuite hostname="Nom-31" failures="0" tests="2" name="TaxCode.TC437_438TaxCode_D0" time="110.237" errors="0" timestamp="2021-12-21T12:09:45 IST" skipped="0">
  <testcase classname="TaxCode.TC437_438TaxCode_D0" name="GoToUrlAssertUrlClickRunPayroll1ClickRunPayroll2ClickgetSuccessMsgClickUndoLastPayrollClickcl" time="43.096"/>
  <system-out/>
  <testcase classname="TaxCode.TC437_438TaxCode_D0" name="GoToUrlAssertUrlClickRunPayroll1ClickRunPayroll2ClickgetSuccessMsgClickUndoLastPayrollClickc4" time="67.141"/>
  <system-out/>
</testsuite> <!-- TaxCode.TC437_438TaxCode_D0 -->
