<?xml version="1.0" encoding="UTF-8"?>
<!-- Generated by org.testng.reporters.JUnitReportReporter -->
<testsuite hostname="Nom-31" failures="0" tests="1" name="_1943_GrossPay_Reports_Test.T149TC02_1943_Addition_gross_pay_DefaultProfile" time="42.638" errors="0" timestamp="2022-03-14T15:26:38 IST" skipped="0">
  <testcase classname="_1943_GrossPay_Reports_Test.T149TC02_1943_Addition_gross_pay_DefaultProfile" name="GoToUrlAssertUrlClickEEGrossPayClickclickRunPayroll1ClickclickRunPayroll2ClickgotoReportsClic" time="42.638"/>
  <system-out/>
</testsuite> <!-- _1943_GrossPay_Reports_Test.T149TC02_1943_Addition_gross_pay_DefaultProfile -->
