<?xml version="1.0" encoding="UTF-8"?>
<!-- Generated by org.testng.reporters.JUnitReportReporter -->
<testsuite hostname="Nom-31" failures="0" tests="13" name="PayrollDashboardUItest.TC297_309PayrollDshboardChk" time="492.956" errors="0" timestamp="2021-12-21T12:09:45 IST" skipped="0">
  <testcase classname="PayrollDashboardUItest.TC297_309PayrollDshboardChk" name="GoToUrlAssertUrlClickclickAllowancesSchemesClickmarkYesClickclickSaveClickgotoPayrollDashboard" time="36.510"/>
  <system-out/>
  <testcase classname="PayrollDashboardUItest.TC297_309PayrollDshboardChk" name="GoToUrlAssertUrlClickclickAllowancesSchemesClickmarkYesClickclickSaveClickgotoPayrollDashboard1" time="36.714"/>
  <system-out/>
  <testcase classname="PayrollDashboardUItest.TC297_309PayrollDshboardChk" name="GoToUrlAssertUrlClickclickAllowancesSchemesClickmarkYesClickclickSaveClickgotoPayrollDashboard2" time="38.374"/>
  <system-out/>
  <testcase classname="PayrollDashboardUItest.TC297_309PayrollDshboardChk" name="GoToUrlAssertUrlClickclickAllowancesSchemesClickmarkYesClickclickSaveClickgotoPayrollDashboard3" time="36.714"/>
  <system-out/>
  <testcase classname="PayrollDashboardUItest.TC297_309PayrollDshboardChk" name="GoToUrlAssertUrlClickclickAllowancesSchemesClickmarkYesClickclickSaveClickgotoPayrollDashboard4" time="37.470"/>
  <system-out/>
  <testcase classname="PayrollDashboardUItest.TC297_309PayrollDshboardChk" name="GoToUrlAssertUrlClickclickAllowancesSchemesClickmarkYesClickclickSaveClickgotoPayrollDashboard5" time="40.649"/>
  <system-out/>
  <testcase classname="PayrollDashboardUItest.TC297_309PayrollDshboardChk" name="GoToUrlAssertUrlClickclickAllowancesSchemesClickmarkYesClickclickSaveClickgotoPayrollDashboard6" time="41.088"/>
  <system-out/>
  <testcase classname="PayrollDashboardUItest.TC297_309PayrollDshboardChk" name="GoToUrlAssertUrlClickclickAllowancesSchemesClickmarkYesClickclickSaveClickgotoPayrollDashboard7" time="37.382"/>
  <system-out/>
  <testcase classname="PayrollDashboardUItest.TC297_309PayrollDshboardChk" name="GoToUrlAssertUrlClickclickAllowancesSchemesClickmarkYesClickclickSaveClickgotoPayrollDashboard8" time="38.462"/>
  <system-out/>
  <testcase classname="PayrollDashboardUItest.TC297_309PayrollDshboardChk" name="GoToUrlAssertUrlClickclickAllowancesSchemesClickmarkYesClickclickSaveClickgotoPayrollDashboard9" time="37.038"/>
  <system-out/>
  <testcase classname="PayrollDashboardUItest.TC297_309PayrollDshboardChk" name="GoToUrlAssertUrlClickclickAllowancesSchemesClickmarkYesClickclickSaveClickgotoPayrollDashboard10" time="38.587"/>
  <system-out/>
  <testcase classname="PayrollDashboardUItest.TC297_309PayrollDshboardChk" name="GoToUrlAssertUrlClickclickAllowancesSchemesClickmarkYesClickclickSaveClickgotoPayrollDashboard11" time="36.934"/>
  <system-out/>
  <testcase classname="PayrollDashboardUItest.TC297_309PayrollDshboardChk" name="GoToUrlAssertUrlClickclickAllowancesSchemesClickmarkYesClickclickSaveClickgotoPayrollDashboard12" time="37.034"/>
  <system-out/>
</testsuite> <!-- PayrollDashboardUItest.TC297_309PayrollDshboardChk -->
