<?xml version="1.0" encoding="UTF-8"?>
<!-- Generated by org.testng.reporters.JUnitReportReporter -->
<testsuite hostname="Nom-31" failures="0" tests="1" name="frequencytest.TC41subscriptweeklyemployeeleaverTS7" time="47.009" errors="0" timestamp="2021-12-06T22:39:04 IST" skipped="0">
  <testcase classname="frequencytest.TC41subscriptweeklyemployeeleaverTS7" name="GoToUrlAssertUrlPositiveEnterEnterUsernamePositiveEnterEnterpasswordClickLoginButtonGoToUrlAs1" time="47.009"/>
  <system-out/>
</testsuite> <!-- frequencytest.TC41subscriptweeklyemployeeleaverTS7 -->
