<?xml version="1.0" encoding="UTF-8"?>
<!-- Generated by org.testng.reporters.JUnitReportReporter -->
<testsuite hostname="Nom-31" failures="0" tests="1" name="Quaterly_Paye_Scheme_test.CIS_With_Disable_Scheme_test" time="51.762" errors="0" timestamp="2021-06-06T19:50:04 IST" skipped="0">
  <testcase classname="Quaterly_Paye_Scheme_test.CIS_With_Disable_Scheme_test" name="GoToUrlAssertUrlPositiveEnterEnterUsernamePositiveEnterEnterpasswordClickLoginButtonGoToUrlAs" time="51.762"/>
  <system-out/>
</testsuite> <!-- Quaterly_Paye_Scheme_test.CIS_With_Disable_Scheme_test -->
