<?xml version="1.0" encoding="UTF-8"?>
<!-- Generated by org.testng.reporters.JUnitReportReporter -->
<testsuite hostname="Nom-31" failures="0" tests="6" name="_1743PayrollDSB.TC768_773CheckPayroll_AwaitingApprovalClient" time="164.238" errors="0" timestamp="2021-12-24T14:37:57 IST" skipped="0">
  <testcase classname="_1743PayrollDSB.TC768_773CheckPayroll_AwaitingApprovalClient" name="AwaitingApproval_Overdue" time="27.694"/>
  <system-out/>
  <testcase classname="_1743PayrollDSB.TC768_773CheckPayroll_AwaitingApprovalClient" name="AwaitingApproval_1week" time="26.762"/>
  <system-out/>
  <testcase classname="_1743PayrollDSB.TC768_773CheckPayroll_AwaitingApprovalClient" name="AwaitingApproval_1Month" time="28.066"/>
  <system-out/>
  <testcase classname="_1743PayrollDSB.TC768_773CheckPayroll_AwaitingApprovalClient" name="AwaitingApproval_2Month" time="28.358"/>
  <system-out/>
  <testcase classname="_1743PayrollDSB.TC768_773CheckPayroll_AwaitingApprovalClient" name="AwaitingApproval_3_6Month" time="26.639"/>
  <system-out/>
  <testcase classname="_1743PayrollDSB.TC768_773CheckPayroll_AwaitingApprovalClient" name="AwaitingApproval_6plusMonth" time="26.719"/>
  <system-out/>
</testsuite> <!-- _1743PayrollDSB.TC768_773CheckPayroll_AwaitingApprovalClient -->
