<?xml version="1.0" encoding="UTF-8"?>
<!-- Generated by org.testng.reporters.JUnitReportReporter -->
<testsuite hostname="Nom-31" failures="0" tests="4" name="_2078Test.TC398PaymentofMonthwhen5" time="169.239" errors="0" timestamp="2021-08-10T12:59:52 IST" skipped="0">
  <testcase classname="_2078Test.TC398PaymentofMonthwhen5" name="GoToUrlAssertUrlPositiveEnterEnterUsernamePositiveEnterEnterpasswordClickLoginButtonGoToUrlAs1" time="43.145"/>
  <system-out/>
  <testcase classname="_2078Test.TC398PaymentofMonthwhen5" name="GoToUrlAssertUrlClickRunPayroll1ClickRunPayroll2ClickgetSuccessMsgClickUndoLastPayrollClickcl" time="38.840"/>
  <system-out/>
  <testcase classname="_2078Test.TC398PaymentofMonthwhen5" name="GoToUrlAssertUrlClickRunPayroll1ClickRunPayroll2ClickgetSuccessMsgClickUndoLastPayrollClickc2" time="45.302"/>
  <system-out/>
  <testcase classname="_2078Test.TC398PaymentofMonthwhen5" name="GoToUrlAssertUrlClickRunPayroll1ClickRunPayroll2ClickgetSuccessMsgClickUndoLastPayrollClickc4" time="41.952"/>
  <system-out/>
</testsuite> <!-- _2078Test.TC398PaymentofMonthwhen5 -->
