<?xml version="1.0" encoding="UTF-8"?>
<!-- Generated by org.testng.reporters.JUnitReportReporter -->
<testsuite hostname="Nom-31" failures="0" tests="1" name="_1939_tests.TC08_AutoRunPayrollChangeOther" time="74.300" errors="0" timestamp="2021-11-11T04:10:41 IST" skipped="0">
  <testcase classname="_1939_tests.TC08_AutoRunPayrollChangeOther" name="GoToUrlAssertUrlPositiveEnterEnterUsernamePositiveEnterEnterpasswordClickLoginButtonGoToUrlAs" time="74.300"/>
  <system-out/>
</testsuite> <!-- _1939_tests.TC08_AutoRunPayrollChangeOther -->
