<?xml version="1.0" encoding="UTF-8"?>
<!-- Generated by org.testng.reporters.JUnitReportReporter -->
<testsuite hostname="Nom-31" failures="0" tests="2" name="_2087EmailLog.TC461_462EmailLogFromP60" time="90.994" errors="0" timestamp="2021-11-11T04:10:41 IST" skipped="0">
  <testcase classname="_2087EmailLog.TC461_462EmailLogFromP60" name="GoToUrlAssertUrlClickclickAllowancesSchemesClickmarkYesClickclickSaveClickgotoPayrollDashboard" time="46.218"/>
  <system-out/>
  <testcase classname="_2087EmailLog.TC461_462EmailLogFromP60" name="GoToUrlAssertUrlClickclickAllowancesSchemesClickmarkYesClickclickSaveClickgotoPayrollDashboard1" time="44.776"/>
  <system-out/>
</testsuite> <!-- _2087EmailLog.TC461_462EmailLogFromP60 -->
