<?xml version="1.0" encoding="UTF-8"?>
<!-- Generated by org.testng.reporters.JUnitReportReporter -->
<testsuite hostname="Nom-31" failures="0" tests="1" name="verifySummaryReportsData.TC264summarywhenSMP_Mnthly_AllowanceinMid" time="69.785" errors="0" timestamp="2021-07-05T17:51:36 IST" skipped="0">
  <testcase classname="verifySummaryReportsData.TC264summarywhenSMP_Mnthly_AllowanceinMid" name="GoToUrlAssertUrlClickclickAllowancesSchemesClickmarkYesClickclickSaveClickgotoPayrollDashboard" time="69.785"/>
  <system-out/>
</testsuite> <!-- verifySummaryReportsData.TC264summarywhenSMP_Mnthly_AllowanceinMid -->
