<?xml version="1.0" encoding="UTF-8"?>
<!-- Generated by org.testng.reporters.JUnitReportReporter -->
<testsuite hostname="Nom-31" failures="0" tests="1" name="_1918NMW_Alert.TC13over21andEmpRateisBelowNMW" time="66.631" errors="0" timestamp="2021-12-21T12:09:45 IST" skipped="0">
  <testcase classname="_1918NMW_Alert.TC13over21andEmpRateisBelowNMW" name="GoToUrlAssertUrlPositiveEnterEnterUsernamePositiveEnterEnterpasswordClickLoginButtonGoToUrlAs" time="66.631"/>
  <system-out/>
</testsuite> <!-- _1918NMW_Alert.TC13over21andEmpRateisBelowNMW -->
