<?xml version="1.0" encoding="UTF-8"?>
<!-- Generated by org.testng.reporters.JUnitReportReporter -->
<testsuite hostname="Nom-31" failures="0" tests="1" name="_2106AutoPayroll.TC609AutoPayrollAndPayslipToEmpwithNoSummary" time="59.845" errors="0" timestamp="2022-03-14T15:26:37 IST" skipped="0">
  <testcase classname="_2106AutoPayroll.TC609AutoPayrollAndPayslipToEmpwithNoSummary" name="GoToUrlAssertUrlPositiveEnterEnterUsernamePositiveEnterEnterpasswordClickLoginButtonGoToUrlAs" time="59.845"/>
  <system-out/>
</testsuite> <!-- _2106AutoPayroll.TC609AutoPayrollAndPayslipToEmpwithNoSummary -->
