<?xml version="1.0" encoding="UTF-8"?>
<!-- Generated by org.testng.reporters.JUnitReportReporter -->
<testsuite hostname="Nom-31" failures="0" tests="1" name="_1943_GrossPay_Reports_Test.TC03_HourlyRate" time="52.656" errors="0" timestamp="2021-06-06T19:07:27 IST" skipped="0">
  <testcase classname="_1943_GrossPay_Reports_Test.TC03_HourlyRate" name="GoToUrlAssertUrlClickEEGrossPayClickclickRunPayroll1ClickclickRunPayroll2ClickgotoReportsClic" time="52.656"/>
  <system-out/>
</testsuite> <!-- _1943_GrossPay_Reports_Test.TC03_HourlyRate -->
