<?xml version="1.0" encoding="UTF-8"?>
<!-- Generated by org.testng.reporters.JUnitReportReporter -->
<testsuite hostname="Nom-31" failures="0" tests="7" name="AOE.TC873_879AOE_ChildSupportPopup4" time="368.426" errors="0" timestamp="2022-03-14T15:26:37 IST" skipped="0">
  <testcase classname="AOE.TC873_879AOE_ChildSupportPopup4" name="GoToUrlAssertUrlPositiveEnterEnterUsernamePositiveEnterEnterpasswordClickLoginButtonGoToUrlAs1" time="46.754"/>
  <system-out/>
  <testcase classname="AOE.TC873_879AOE_ChildSupportPopup4" name="GoToUrlAssertUrlPositiveEnterEnterUsernamePositiveEnterEnterpasswordClickLoginButtonGoToUrlAs2" time="47.595"/>
  <system-out/>
  <testcase classname="AOE.TC873_879AOE_ChildSupportPopup4" name="GoToUrlAssertUrlPositiveEnterEnterUsernamePositiveEnterEnterpasswordClickLoginButtonGoToUrlAs3" time="52.405"/>
  <system-out/>
  <testcase classname="AOE.TC873_879AOE_ChildSupportPopup4" name="GoToUrlAssertUrlPositiveEnterEnterUsernamePositiveEnterEnterpasswordClickLoginButtonGoToUrlAs4" time="54.466"/>
  <system-out/>
  <testcase classname="AOE.TC873_879AOE_ChildSupportPopup4" name="GoToUrlAssertUrlPositiveEnterEnterUsernamePositiveEnterEnterpasswordClickLoginButtonGoToUrlAs5" time="54.320"/>
  <system-out/>
  <testcase classname="AOE.TC873_879AOE_ChildSupportPopup4" name="GoToUrlAssertUrlPositiveEnterEnterUsernamePositiveEnterEnterpasswordClickLoginButtonGoToUrlAs6" time="58.382"/>
  <system-out/>
  <testcase classname="AOE.TC873_879AOE_ChildSupportPopup4" name="GoToUrlAssertUrlPositiveEnterEnterUsernamePositiveEnterEnterpasswordClickLoginButtonGoToUrlAs7" time="54.504"/>
  <system-out/>
</testsuite> <!-- AOE.TC873_879AOE_ChildSupportPopup4 -->
