<?xml version="1.0" encoding="UTF-8"?>
<!-- Generated by org.testng.reporters.JUnitReportReporter -->
<testsuite hostname="Nom-31" failures="0" tests="2" name="_1743B.TC15" time="102.145" errors="0" timestamp="2022-01-31T05:54:55 IST" skipped="0">
  <testcase classname="_1743B.TC15" name="GoToUrlAssertUrlPositiveEnterEnterUsernamePositiveEnterEnterpasswordClickLoginButtonGoToUrlAs" time="57.169"/>
  <system-out/>
  <testcase classname="_1743B.TC15" name="GoToUrlAssertUrlPositiveEnterEnterUsernamePositiveEnterEnterpasswordClickLoginButtonGoToUrlAs1" time="44.976"/>
  <system-out/>
</testsuite> <!-- _1743B.TC15 -->
