<?xml version="1.0" encoding="UTF-8"?>
<!-- Generated by org.testng.reporters.JUnitReportReporter -->
<testsuite hostname="Nom-31" failures="0" tests="2" name="_2170RTI_Submission.TC694_695CheckTaxablePayJoinMid" time="92.349" errors="0" timestamp="2021-12-21T12:09:45 IST" skipped="0">
  <testcase classname="_2170RTI_Submission.TC694_695CheckTaxablePayJoinMid" name="GoToUrlAssertUrlPositiveEnterEnterUsernamePositiveEnterEnterpasswordClickLoginButtonGoToUrlAs" time="52.219"/>
  <system-out/>
  <testcase classname="_2170RTI_Submission.TC694_695CheckTaxablePayJoinMid" name="GoToUrlAssertUrlPositiveEnterEnterUsernamePositiveEnterEnterpasswordClickLoginButtonGoToUrlAs1" time="40.130"/>
  <system-out/>
</testsuite> <!-- _2170RTI_Submission.TC694_695CheckTaxablePayJoinMid -->
