<?xml version="1.0" encoding="UTF-8"?>
<!-- Generated by org.testng.reporters.JUnitReportReporter -->
<testsuite hostname="Nom-31" failures="0" tests="1" name="_1995subContractorPayReportTest.TC202subcontractorPayReportDump" time="29.209" errors="0" timestamp="2021-11-11T04:10:41 IST" skipped="0">
  <testcase classname="_1995subContractorPayReportTest.TC202subcontractorPayReportDump" name="GoToUrlAssertUrlPositiveEnterEnterUsernamePositiveEnterEnterpasswordClickLoginButtonGoToUrlAs1" time="29.209"/>
  <system-out/>
</testsuite> <!-- _1995subContractorPayReportTest.TC202subcontractorPayReportDump -->
