<?xml version="1.0" encoding="UTF-8"?>
<!-- Generated by org.testng.reporters.JUnitReportReporter -->
<testsuite hostname="Nom-31" failures="0" tests="3" name="_1912.TC389_391_1912MiddleFPSWithLowSalary" time="123.890" errors="0" timestamp="2021-11-11T04:10:41 IST" skipped="0">
  <testcase classname="_1912.TC389_391_1912MiddleFPSWithLowSalary" name="GoToUrlAssertUrlClickRunPayroll1ClickRunPayroll2ClickgetSuccessMsgClickUndoLastPayrollClickcl" time="41.805"/>
  <system-out/>
  <testcase classname="_1912.TC389_391_1912MiddleFPSWithLowSalary" name="GoToUrlAssertUrlClickRunPayroll1ClickRunPayroll2ClickgetSuccessMsgClickUndoLastPayrollClickc2" time="41.205"/>
  <system-out/>
  <testcase classname="_1912.TC389_391_1912MiddleFPSWithLowSalary" name="GoToUrlAssertUrlClickRunPayroll1ClickRunPayroll2ClickgetSuccessMsgClickUndoLastPayrollClickc3" time="40.880"/>
  <system-out/>
</testsuite> <!-- _1912.TC389_391_1912MiddleFPSWithLowSalary -->
