<?xml version="1.0" encoding="UTF-8"?>
<!-- Generated by org.testng.reporters.JUnitReportReporter -->
<testsuite hostname="Nom-31" failures="0" tests="1" name="Company_Director_Tests.T92TC7_CD_Alt_JoiningBetweenTxYr_DefaultProfile2" time="42.169" errors="0" timestamp="2021-11-11T04:10:42 IST" skipped="0">
  <testcase classname="Company_Director_Tests.T92TC7_CD_Alt_JoiningBetweenTxYr_DefaultProfile2" name="GoToUrlAssertUrlClickgotoReportsClickclickP11ClickgetLELAmountClickgetPTAmountClickgetUELAmou" time="42.169"/>
  <system-out/>
</testsuite> <!-- Company_Director_Tests.T92TC7_CD_Alt_JoiningBetweenTxYr_DefaultProfile2 -->
