<?xml version="1.0" encoding="UTF-8"?>
<!-- Generated by org.testng.reporters.JUnitReportReporter -->
<testsuite hostname="Nom-31" failures="0" tests="1" name="EPStest.TC43subscriptyearEndEPS" time="43.558" errors="0" timestamp="2021-07-27T19:05:25 IST" skipped="0">
  <testcase classname="EPStest.TC43subscriptyearEndEPS" name="GoToUrlAssertUrlPositiveEnterEnterUsernamePositiveEnterEnterpasswordClickLoginButtonGoToUrlAs1" time="43.558"/>
  <system-out/>
</testsuite> <!-- EPStest.TC43subscriptyearEndEPS -->
