<?xml version="1.0" encoding="UTF-8"?>
<!-- Generated by org.testng.reporters.JUnitReportReporter -->
<testsuite hostname="Nom-31" failures="0" tests="1" name="EPStest.TC47SubscriptFirstEPS" time="44.166" errors="0" timestamp="2022-01-31T05:54:56 IST" skipped="0">
  <testcase classname="EPStest.TC47SubscriptFirstEPS" name="GoToUrlAssertUrlPositiveEnterEnterUsernamePositiveEnterEnterpasswordClickLoginButtonGoToUrlAs1" time="44.166"/>
  <system-out/>
</testsuite> <!-- EPStest.TC47SubscriptFirstEPS -->
