<?xml version="1.0" encoding="UTF-8"?>
<!-- Generated by org.testng.reporters.JUnitReportReporter -->
<testsuite hostname="Nom-31" failures="0" tests="1" name="PaymentManagement.T121TC02_PM_MulFreq3" time="51.988" errors="0" timestamp="2021-11-11T04:10:41 IST" skipped="0">
  <testcase classname="PaymentManagement.T121TC02_PM_MulFreq3" name="GoToUrlAssertUrlPositiveEnterEnterUsernamePositiveEnterEnterpasswordClickLoginButtonGoToUrlAs" time="51.988"/>
  <system-out/>
</testsuite> <!-- PaymentManagement.T121TC02_PM_MulFreq3 -->
