<?xml version="1.0" encoding="UTF-8"?>
<!-- Generated by org.testng.reporters.JUnitReportReporter -->
<testsuite hostname="Nom-31" failures="0" tests="2" name="_1744CISDSBTest.TC498_499InactiveActiveContractor" time="82.391" errors="0" timestamp="2022-01-31T05:54:56 IST" skipped="0">
  <testcase classname="_1744CISDSBTest.TC498_499InactiveActiveContractor" name="GoToUrlAssertUrlPositiveEnterEnterUsernamePositiveEnterEnterpasswordClickLoginButtonGoToUrlAs" time="43.081"/>
  <system-out/>
  <testcase classname="_1744CISDSBTest.TC498_499InactiveActiveContractor" name="GoToUrlAssertUrlPositiveEnterEnterUsernamePositiveEnterEnterpasswordClickLoginButtonGoToUrlAs1" time="39.310"/>
  <system-out/>
</testsuite> <!-- _1744CISDSBTest.TC498_499InactiveActiveContractor -->
