<?xml version="1.0" encoding="UTF-8"?>
<!-- Generated by org.testng.reporters.JUnitReportReporter -->
<testsuite hostname="Nom-31" failures="0" tests="1" name="EPStest.SubscriptFirstEPS" time="41.532" errors="0" timestamp="2021-06-03T23:42:48 IST" skipped="0">
  <testcase classname="EPStest.SubscriptFirstEPS" name="GoToUrlAssertUrlPositiveEnterEnterUsernamePositiveEnterEnterpasswordClickLoginButtonGoToUrlAs1" time="41.532"/>
  <system-out/>
</testsuite> <!-- EPStest.SubscriptFirstEPS -->
