<?xml version="1.0" encoding="UTF-8"?>
<!-- Generated by org.testng.reporters.JUnitReportReporter -->
<testsuite hostname="Nom-31" failures="0" tests="1" name="tests1.subscriptAllowenceSchemewithpaymentMngmnt_DefaultProfile" time="61.786" errors="0" timestamp="2021-04-15T20:27:59 IST" skipped="0">
  <testcase classname="tests1.subscriptAllowenceSchemewithpaymentMngmnt_DefaultProfile" name="GoToUrlAssertUrlPositiveEnterEnterUsernamePositiveEnterEnterpasswordClickLoginButtonGoToUrlAs" time="61.786"/>
  <system-out/>
</testsuite> <!-- tests1.subscriptAllowenceSchemewithpaymentMngmnt_DefaultProfile -->
