<?xml version="1.0" encoding="UTF-8"?>
<!-- Generated by org.testng.reporters.JUnitReportReporter -->
<testsuite hostname="Nom-31" failures="0" tests="1" name="Company_Director_Tests.TC14_CD_SalaryOneMonth2" time="48.139" errors="0" timestamp="2021-06-05T19:59:17 IST" skipped="0">
  <testcase classname="Company_Director_Tests.TC14_CD_SalaryOneMonth2" name="GoToUrlAssertUrlClickgotoReportsClickclickP11ClickgetLELAmountClickgetPTAmountClickgetUELAmou" time="48.139"/>
  <system-out/>
</testsuite> <!-- Company_Director_Tests.TC14_CD_SalaryOneMonth2 -->
