<?xml version="1.0" encoding="UTF-8"?>
<!-- Generated by org.testng.reporters.JUnitReportReporter -->
<testsuite hostname="Nom-31" failures="0" tests="1" name="AlertsForEmployeeAge.TC466Over19AndApperentice" time="66.435" errors="0" timestamp="2021-11-11T04:10:41 IST" skipped="0">
  <testcase classname="AlertsForEmployeeAge.TC466Over19AndApperentice" name="GoToUrlAssertUrlPositiveEnterEnterUsernamePositiveEnterEnterpasswordClickLoginButtonGoToUrlAs" time="66.435"/>
  <system-out/>
</testsuite> <!-- AlertsForEmployeeAge.TC466Over19AndApperentice -->
