<?xml version="1.0" encoding="UTF-8"?>
<!-- Generated by org.testng.reporters.JUnitReportReporter -->
<testsuite hostname="Nom-31" failures="0" tests="1" name="_2068.TC523PaymentMangmntSumary" time="45.944" errors="0" timestamp="2021-11-11T04:10:42 IST" skipped="0">
  <testcase classname="_2068.TC523PaymentMangmntSumary" name="GoToUrlAssertUrlPositiveEnterEnterUsernamePositiveEnterEnterpasswordClickLoginButtonGoToUrlAs" time="45.944"/>
  <system-out/>
</testsuite> <!-- _2068.TC523PaymentMangmntSumary -->
