<?xml version="1.0" encoding="UTF-8"?>
<!-- Generated by org.testng.reporters.JUnitReportReporter -->
<testsuite hostname="Nom-31" failures="0" tests="1" name="_1964_RunPayroll.T151TC01_1964_RunPayroll_OverDue_DefaultProfile" time="45.400" errors="0" timestamp="2021-11-11T22:30:22 IST" skipped="0">
  <testcase classname="_1964_RunPayroll.T151TC01_1964_RunPayroll_OverDue_DefaultProfile" name="GoToUrlAssertUrlClickEEGrossPayClickclickRunPayroll1ClickclickRunPayroll2ClickgotoReportsClic" time="45.400"/>
  <system-out/>
</testsuite> <!-- _1964_RunPayroll.T151TC01_1964_RunPayroll_OverDue_DefaultProfile -->
