<?xml version="1.0" encoding="UTF-8"?>
<!-- Generated by org.testng.reporters.JUnitReportReporter -->
<testsuite hostname="Nom-31" failures="0" tests="2" name="_2129SummaryCustomized.TC604_605JournalDataofSummary" time="89.964" errors="0" timestamp="2021-11-11T04:10:41 IST" skipped="0">
  <testcase classname="_2129SummaryCustomized.TC604_605JournalDataofSummary" name="GoToUrlAssertUrlClickPayslipsPositiveSelectPayrollDateClickEmailPayslipsClickTickCompanyemaila" time="50.448"/>
  <system-out/>
  <testcase classname="_2129SummaryCustomized.TC604_605JournalDataofSummary" name="GoToUrlAssertUrlClickPayslipsPositiveSelectPayrollDateClickEmailPayslipsClickTickCompanyemaila2" time="39.516"/>
  <system-out/>
</testsuite> <!-- _2129SummaryCustomized.TC604_605JournalDataofSummary -->
