<?xml version="1.0" encoding="UTF-8"?>
<!-- Generated by org.testng.reporters.JUnitReportReporter -->
<testsuite hostname="Nom-31" failures="0" tests="1" name="EPStest.TC43_FinalEPSGen" time="44.997" errors="0" timestamp="2022-01-31T05:54:56 IST" skipped="0">
  <testcase classname="EPStest.TC43_FinalEPSGen" name="GoToUrlAssertUrlPositiveEnterEnterUsernamePositiveEnterEnterpasswordClickLoginButtonGoToUrlAs1" time="44.997"/>
  <system-out/>
</testsuite> <!-- EPStest.TC43_FinalEPSGen -->
