<?xml version="1.0" encoding="UTF-8"?>
<!-- Generated by org.testng.reporters.JUnitReportReporter -->
<testsuite hostname="Nom-31" failures="0" tests="1" name="_1939_tests.TC10_AutoRunPayrollBackDate" time="75.616" errors="0" timestamp="2022-01-31T13:39:24 IST" skipped="0">
  <testcase classname="_1939_tests.TC10_AutoRunPayrollBackDate" name="GoToUrlAssertUrlPositiveEnterEnterUsernamePositiveEnterEnterpasswordClickLoginButtonGoToUrlAs" time="75.616"/>
  <system-out/>
</testsuite> <!-- _1939_tests.TC10_AutoRunPayrollBackDate -->
