<?xml version="1.0" encoding="UTF-8"?>
<!-- Generated by org.testng.reporters.JUnitReportReporter -->
<testsuite hostname="Nom-31" failures="0" tests="1" name="SMP_XML.TC554SMP_XMLFortNight5" time="42.034" errors="0" timestamp="2021-12-21T12:09:45 IST" skipped="0">
  <testcase classname="SMP_XML.TC554SMP_XMLFortNight5" name="GoToUrlAssertUrlClickgotoReportsClickclickP11ClickgetLELAmountClickgetPTAmountClickgetUELAmou" time="42.034"/>
  <system-out/>
</testsuite> <!-- SMP_XML.TC554SMP_XMLFortNight5 -->
