<?xml version="1.0" encoding="UTF-8"?>
<!-- Generated by org.testng.reporters.JUnitReportReporter -->
<testsuite hostname="Nom-31" failures="0" tests="1" name="_1756PayrollSummary.TC223verifysummarywhenCISinQtr" time="56.203" errors="0" timestamp="2021-12-06T22:39:04 IST" skipped="0">
  <testcase classname="_1756PayrollSummary.TC223verifysummarywhenCISinQtr" name="GoToUrlAssertUrlClickclickAllowancesSchemesClickmarkYesClickclickSaveClickgotoPayrollDashboard" time="56.203"/>
  <system-out/>
</testsuite> <!-- _1756PayrollSummary.TC223verifysummarywhenCISinQtr -->
