<?xml version="1.0" encoding="UTF-8"?>
<!-- Generated by org.testng.reporters.JUnitReportReporter -->
<testsuite hostname="Nom-31" failures="0" tests="1" name="Quaterly_Paye_Scheme_test.CIS_With_Disable_Scheme" time="35.850" errors="0" timestamp="2021-04-18T07:38:24 IST" skipped="0">
  <testcase classname="Quaterly_Paye_Scheme_test.CIS_With_Disable_Scheme" name="GoToUrlAssertUrlPositiveEnterEnterUsernamePositiveEnterEnterpasswordClickLoginButtonGoToUrlAs" time="35.850"/>
  <system-out/>
</testsuite> <!-- Quaterly_Paye_Scheme_test.CIS_With_Disable_Scheme -->
