<?xml version="1.0" encoding="UTF-8"?>
<!-- Generated by org.testng.reporters.JUnitReportReporter -->
<testsuite hostname="Nom-31" failures="0" tests="1" name="_1853Test.TC581IndividualEmployeeP60" time="45.473" errors="0" timestamp="2021-11-11T04:10:42 IST" skipped="0">
  <testcase classname="_1853Test.TC581IndividualEmployeeP60" name="GoToUrlAssertUrlPositiveSelectselectTaxYearsEnterEnterNotesPositiveSelectSubmitReasonClickNott" time="45.473"/>
  <system-out/>
</testsuite> <!-- _1853Test.TC581IndividualEmployeeP60 -->
