<?xml version="1.0" encoding="UTF-8"?>
<!-- Generated by org.testng.reporters.JUnitReportReporter -->
<testsuite hostname="Nom-31" failures="0" tests="1" name="Company_Director_Tests.CDBetweenTxYr_Alternative_DefaultProfile" time="37.266" errors="0" timestamp="2021-06-05T17:41:13 IST" skipped="0">
  <testcase classname="Company_Director_Tests.CDBetweenTxYr_Alternative_DefaultProfile" name="GoToUrlAssertUrlClickgotoReportsClickclickP11ClickgetLELAmountClickgetPTAmountClickgetUELAmou" time="37.266"/>
  <system-out/>
</testsuite> <!-- Company_Director_Tests.CDBetweenTxYr_Alternative_DefaultProfile -->
