<?xml version="1.0" encoding="UTF-8"?>
<!-- Generated by org.testng.reporters.JUnitReportReporter -->
<testsuite hostname="Nom-31" failures="0" tests="1" name="Company_Director_Tests.TC101_CD_SalaryOneMonth2" time="41.819" errors="0" timestamp="2022-03-14T15:26:37 IST" skipped="0">
  <testcase classname="Company_Director_Tests.TC101_CD_SalaryOneMonth2" name="GoToUrlAssertUrlClickgotoReportsClickclickP11ClickgetLELAmountClickgetPTAmountClickgetUELAmou" time="41.819"/>
  <system-out/>
</testsuite> <!-- Company_Director_Tests.TC101_CD_SalaryOneMonth2 -->
