<?xml version="1.0" encoding="UTF-8"?>
<!-- Generated by org.testng.reporters.JUnitReportReporter -->
<testsuite hostname="Nom-31" failures="0" tests="1" name="_1747EPSverification.TC182EPSwhenCIS" time="45.332" errors="0" timestamp="2021-11-11T04:10:41 IST" skipped="0">
  <testcase classname="_1747EPSverification.TC182EPSwhenCIS" name="GoToUrlAssertUrlPositiveEnterEnterUsernamePositiveEnterEnterpasswordClickLoginButtonGoToUrlAs1" time="45.332"/>
  <system-out/>
</testsuite> <!-- _1747EPSverification.TC182EPSwhenCIS -->
