<?xml version="1.0" encoding="UTF-8"?>
<!-- Generated by org.testng.reporters.JUnitReportReporter -->
<testsuite hostname="Nom-31" failures="0" tests="1" name="_1911test.TC687ZIPprotectionReportsPayslipEE" time="55.599" errors="0" timestamp="2022-03-14T15:26:38 IST" skipped="0">
  <testcase classname="_1911test.TC687ZIPprotectionReportsPayslipEE" name="GoToUrlAssertUrlPositiveEnterEnterUsernamePositiveEnterEnterpasswordClickLoginButtonGoToUrlAs" time="55.599"/>
  <system-out/>
</testsuite> <!-- _1911test.TC687ZIPprotectionReportsPayslipEE -->
