<?xml version="1.0" encoding="UTF-8"?>
<!-- Generated by org.testng.reporters.JUnitReportReporter -->
<testsuite hostname="Nom-31" failures="0" tests="1" name="_1744CISDSBTest.TC508MakeInactiveandcheckRemovalFromField" time="64.876" errors="0" timestamp="2021-12-06T22:39:04 IST" skipped="0">
  <testcase classname="_1744CISDSBTest.TC508MakeInactiveandcheckRemovalFromField" name="GoToUrlAssertUrlPositiveEnterEnterUsernamePositiveEnterEnterpasswordClickLoginButtonGoToUrlAs" time="64.876"/>
  <system-out/>
</testsuite> <!-- _1744CISDSBTest.TC508MakeInactiveandcheckRemovalFromField -->
