<?xml version="1.0" encoding="UTF-8"?>
<!-- Generated by org.testng.reporters.JUnitReportReporter -->
<testsuite hostname="Nom-31" failures="0" tests="6" name="_1743PayrollDSB.TC732_737CheckPayroll_AwaitingReviewClient" time="198.707" errors="0" timestamp="2022-03-14T15:26:38 IST" skipped="0">
  <testcase classname="_1743PayrollDSB.TC732_737CheckPayroll_AwaitingReviewClient" name="AwaitingReview_Overdue" time="32.677"/>
  <system-out/>
  <testcase classname="_1743PayrollDSB.TC732_737CheckPayroll_AwaitingReviewClient" name="AwaitingReview_1week" time="33.047"/>
  <system-out/>
  <testcase classname="_1743PayrollDSB.TC732_737CheckPayroll_AwaitingReviewClient" name="AwaitingReview_1Month" time="33.536"/>
  <system-out/>
  <testcase classname="_1743PayrollDSB.TC732_737CheckPayroll_AwaitingReviewClient" name="AwaitingReview_2Month" time="33.691"/>
  <system-out/>
  <testcase classname="_1743PayrollDSB.TC732_737CheckPayroll_AwaitingReviewClient" name="AwaitingReview_3_6Month" time="33.078"/>
  <system-out/>
  <testcase classname="_1743PayrollDSB.TC732_737CheckPayroll_AwaitingReviewClient" name="AwaitingReview_6plusMonth" time="32.678"/>
  <system-out/>
</testsuite> <!-- _1743PayrollDSB.TC732_737CheckPayroll_AwaitingReviewClient -->
