<?xml version="1.0" encoding="UTF-8"?>
<!-- Generated by org.testng.reporters.JUnitReportReporter -->
<testsuite hostname="Nom-31" failures="0" tests="1" name="PaymentManagement.T116TC02_PM_MulFreq1" time="57.456" errors="0" timestamp="2022-01-31T05:54:55 IST" skipped="0">
  <testcase classname="PaymentManagement.T116TC02_PM_MulFreq1" name="GoToUrlAssertUrlPositiveEnterEnterUsernamePositiveEnterEnterpasswordClickLoginButtonGoToUrlAs" time="57.456"/>
  <system-out/>
</testsuite> <!-- PaymentManagement.T116TC02_PM_MulFreq1 -->
