<?xml version="1.0" encoding="UTF-8"?>
<!-- Generated by org.testng.reporters.JUnitReportReporter -->
<testsuite hostname="Nom-31" failures="0" tests="1" name="Quaterly_Paye_Scheme_test.TC76subscriptT12EmployemntAllowence" time="58.994" errors="0" timestamp="2022-03-14T15:26:38 IST" skipped="0">
  <testcase classname="Quaterly_Paye_Scheme_test.TC76subscriptT12EmployemntAllowence" name="GoToUrlAssertUrlPositiveEnterEnterUsernamePositiveEnterEnterpasswordClickLoginButtonGoToUrlAs" time="58.994"/>
  <system-out/>
</testsuite> <!-- Quaterly_Paye_Scheme_test.TC76subscriptT12EmployemntAllowence -->
