<?xml version="1.0" encoding="UTF-8"?>
<!-- Generated by org.testng.reporters.JUnitReportReporter -->
<testsuite hostname="Nom-31" failures="0" tests="1" name="_1743PayrollDSB.TC717CheckPayroll_3Months_NotStarted" time="37.294" errors="0" timestamp="2022-01-31T05:54:56 IST" skipped="0">
  <testcase classname="_1743PayrollDSB.TC717CheckPayroll_3Months_NotStarted" name="GoToUrlAssertUrlPositiveEnterEnterUsernamePositiveEnterEnterpasswordClickLoginButtonGoToUrlAs" time="37.294"/>
  <system-out/>
</testsuite> <!-- _1743PayrollDSB.TC717CheckPayroll_3Months_NotStarted -->
