<?xml version="1.0" encoding="UTF-8"?>
<!-- Generated by org.testng.reporters.JUnitReportReporter -->
<testsuite hostname="Nom-31" failures="0" tests="7" name="AOE.TC880_886AOE_ChildSupportPopupA1" time="364.503" errors="0" timestamp="2022-03-14T15:26:38 IST" skipped="0">
  <testcase classname="AOE.TC880_886AOE_ChildSupportPopupA1" name="GoToUrlAssertUrlPositiveEnterEnterUsernamePositiveEnterEnterpasswordClickLoginButtonGoToUrlAs1" time="44.716"/>
  <system-out/>
  <testcase classname="AOE.TC880_886AOE_ChildSupportPopupA1" name="GoToUrlAssertUrlPositiveEnterEnterUsernamePositiveEnterEnterpasswordClickLoginButtonGoToUrlAs2" time="46.634"/>
  <system-out/>
  <testcase classname="AOE.TC880_886AOE_ChildSupportPopupA1" name="GoToUrlAssertUrlPositiveEnterEnterUsernamePositiveEnterEnterpasswordClickLoginButtonGoToUrlAs3" time="51.920"/>
  <system-out/>
  <testcase classname="AOE.TC880_886AOE_ChildSupportPopupA1" name="GoToUrlAssertUrlPositiveEnterEnterUsernamePositiveEnterEnterpasswordClickLoginButtonGoToUrlAs4" time="55.585"/>
  <system-out/>
  <testcase classname="AOE.TC880_886AOE_ChildSupportPopupA1" name="GoToUrlAssertUrlPositiveEnterEnterUsernamePositiveEnterEnterpasswordClickLoginButtonGoToUrlAs5" time="53.328"/>
  <system-out/>
  <testcase classname="AOE.TC880_886AOE_ChildSupportPopupA1" name="GoToUrlAssertUrlPositiveEnterEnterUsernamePositiveEnterEnterpasswordClickLoginButtonGoToUrlAs6" time="57.867"/>
  <system-out/>
  <testcase classname="AOE.TC880_886AOE_ChildSupportPopupA1" name="GoToUrlAssertUrlPositiveEnterEnterUsernamePositiveEnterEnterpasswordClickLoginButtonGoToUrlAs7" time="54.453"/>
  <system-out/>
</testsuite> <!-- AOE.TC880_886AOE_ChildSupportPopupA1 -->
