<?xml version="1.0" encoding="UTF-8"?>
<!-- Generated by org.testng.reporters.JUnitReportReporter -->
<testsuite hostname="Nom-31" failures="0" tests="3" name="_1540EEInfoImport.TC809_811RunPayrollTable" time="75.584" errors="0" timestamp="2022-03-14T15:26:38 IST" skipped="0">
  <testcase classname="_1540EEInfoImport.TC809_811RunPayrollTable" name="runPayrollPageTable" time="24.377"/>
  <system-out/>
  <testcase classname="_1540EEInfoImport.TC809_811RunPayrollTable" name="runPayrollPageAccMngrinAlphabetic" time="24.891"/>
  <system-out/>
  <testcase classname="_1540EEInfoImport.TC809_811RunPayrollTable" name="runPayrollPageShowSelectedAccoutMngrClient" time="26.316"/>
  <system-out/>
</testsuite> <!-- _1540EEInfoImport.TC809_811RunPayrollTable -->
