<?xml version="1.0" encoding="UTF-8"?>
<!-- Generated by org.testng.reporters.JUnitReportReporter -->
<testsuite hostname="Nom-31" failures="0" tests="1" name="_1939_tests.TC07_AutoRun_DateDiffer_NextPayroll" time="65.391" errors="0" timestamp="2022-03-14T15:26:38 IST" skipped="0">
  <testcase classname="_1939_tests.TC07_AutoRun_DateDiffer_NextPayroll" name="GoToUrlAssertUrlPositiveEnterEnterUsernamePositiveEnterEnterpasswordClickLoginButtonGoToUrlAs" time="65.391"/>
  <system-out/>
</testsuite> <!-- _1939_tests.TC07_AutoRun_DateDiffer_NextPayroll -->
