<?xml version="1.0" encoding="UTF-8"?>
<!-- Generated by org.testng.reporters.JUnitReportReporter -->
<testsuite hostname="Nom-31" failures="0" tests="1" name="_1939_tests.TC04_AutoRunPayrollAgainDateChange" time="80.673" errors="0" timestamp="2021-11-11T04:10:41 IST" skipped="0">
  <testcase classname="_1939_tests.TC04_AutoRunPayrollAgainDateChange" name="GoToUrlAssertUrlPositiveEnterEnterUsernamePositiveEnterEnterpasswordClickLoginButtonGoToUrlAs" time="80.673"/>
  <system-out/>
</testsuite> <!-- _1939_tests.TC04_AutoRunPayrollAgainDateChange -->
