<?xml version="1.0" encoding="UTF-8"?>
<!-- Generated by org.testng.reporters.JUnitReportReporter -->
<testsuite hostname="Nom-31" failures="0" tests="2" name="_1743PayrollDSB.TC690_691CheckTaxablePayForTwoMonths10" time="110.367" errors="0" timestamp="2021-12-07T18:45:42 IST" skipped="0">
  <testcase classname="_1743PayrollDSB.TC690_691CheckTaxablePayForTwoMonths10" name="GoToUrlAssertUrlPositiveEnterEnterUsernamePositiveEnterEnterpasswordClickLoginButtonGoToUrlAs" time="62.504"/>
  <system-out/>
  <testcase classname="_1743PayrollDSB.TC690_691CheckTaxablePayForTwoMonths10" name="GoToUrlAssertUrlPositiveEnterEnterUsernamePositiveEnterEnterpasswordClickLoginButtonGoToUrlAs1" time="47.863"/>
  <system-out/>
</testsuite> <!-- _1743PayrollDSB.TC690_691CheckTaxablePayForTwoMonths10 -->
