<?xml version="1.0" encoding="UTF-8"?>
<!-- Generated by org.testng.reporters.JUnitReportReporter -->
<testsuite hostname="Nom-31" failures="0" tests="1" name="_2128AutoPayProtection.TC637PaysliptoERandOtherwithPeriodOptionwithZIPProtection" time="59.476" errors="0" timestamp="2021-12-06T22:39:04 IST" skipped="0">
  <testcase classname="_2128AutoPayProtection.TC637PaysliptoERandOtherwithPeriodOptionwithZIPProtection" name="GoToUrlAssertUrlPositiveEnterEnterUsernamePositiveEnterEnterpasswordClickLoginButtonGoToUrlAs" time="59.476"/>
  <system-out/>
</testsuite> <!-- _2128AutoPayProtection.TC637PaysliptoERandOtherwithPeriodOptionwithZIPProtection -->
