<?xml version="1.0" encoding="UTF-8"?>
<!-- Generated by org.testng.reporters.JUnitReportReporter -->
<testsuite hostname="Nom-31" failures="0" tests="1" name="SMP_XML.TC558SMP_XMLFourWeekly4" time="50.524" errors="0" timestamp="2022-01-31T05:54:56 IST" skipped="0">
  <testcase classname="SMP_XML.TC558SMP_XMLFourWeekly4" name="GoToUrlAssertUrlClickgotoReportsClickclickP11ClickgetLELAmountClickgetPTAmountClickgetUELAmou" time="50.524"/>
  <system-out/>
</testsuite> <!-- SMP_XML.TC558SMP_XMLFourWeekly4 -->
