<?xml version="1.0" encoding="UTF-8"?>
<!-- Generated by org.testng.reporters.JUnitReportReporter -->
<testsuite hostname="Nom-31" failures="0" tests="1" name="SmallerEmployertest.TC136_SER_EnablewhenPrevEmp" time="51.120" errors="0" timestamp="2021-11-11T04:10:41 IST" skipped="0">
  <testcase classname="SmallerEmployertest.TC136_SER_EnablewhenPrevEmp" name="GoToUrlAssertUrlClickclickAllowancesSchemesClickselectYestosmallERClickselectNotosmallERClickc" time="51.120"/>
  <system-out/>
</testsuite> <!-- SmallerEmployertest.TC136_SER_EnablewhenPrevEmp -->
