<?xml version="1.0" encoding="UTF-8"?>
<!-- Generated by org.testng.reporters.JUnitReportReporter -->
<testsuite hostname="Nom-31" failures="0" tests="4" name="_2078Test.TC410_413PaymentofMonthwhen2" time="175.074" errors="0" timestamp="2021-12-21T12:09:45 IST" skipped="0">
  <testcase classname="_2078Test.TC410_413PaymentofMonthwhen2" name="GoToUrlAssertUrlPositiveEnterEnterUsernamePositiveEnterEnterpasswordClickLoginButtonGoToUrlAs1" time="56.195"/>
  <system-out/>
  <testcase classname="_2078Test.TC410_413PaymentofMonthwhen2" name="GoToUrlAssertUrlClickRunPayroll1ClickRunPayroll2ClickgetSuccessMsgClickUndoLastPayrollClickcl" time="37.836"/>
  <system-out/>
  <testcase classname="_2078Test.TC410_413PaymentofMonthwhen2" name="GoToUrlAssertUrlClickRunPayroll1ClickRunPayroll2ClickgetSuccessMsgClickUndoLastPayrollClickc2" time="41.049"/>
  <system-out/>
  <testcase classname="_2078Test.TC410_413PaymentofMonthwhen2" name="GoToUrlAssertUrlClickRunPayroll1ClickRunPayroll2ClickgetSuccessMsgClickUndoLastPayrollClickc4" time="39.994"/>
  <system-out/>
</testsuite> <!-- _2078Test.TC410_413PaymentofMonthwhen2 -->
