<?xml version="1.0" encoding="UTF-8"?>
<!-- Generated by org.testng.reporters.JUnitReportReporter -->
<testsuite hostname="Nom-31" failures="0" tests="1" name="AlertsForEmployeeAge.TC469over25andEmpApperenticeafterFirstYear" time="69.701" errors="0" timestamp="2022-03-14T15:26:38 IST" skipped="0">
  <testcase classname="AlertsForEmployeeAge.TC469over25andEmpApperenticeafterFirstYear" name="GoToUrlAssertUrlPositiveEnterEnterUsernamePositiveEnterEnterpasswordClickLoginButtonGoToUrlAs" time="69.701"/>
  <system-out/>
</testsuite> <!-- AlertsForEmployeeAge.TC469over25andEmpApperenticeafterFirstYear -->
