<?xml version="1.0" encoding="UTF-8"?>
<!-- Generated by org.testng.reporters.JUnitReportReporter -->
<testsuite hostname="Nom-31" failures="0" tests="1" name="_2078Test.TC398PayrollUndo" time="42.730" errors="0" timestamp="2021-08-09T18:41:48 IST" skipped="0">
  <testcase classname="_2078Test.TC398PayrollUndo" name="GoToUrlAssertUrlClickRunPayroll1ClickRunPayroll2ClickgetSuccessMsgClickUndoLastPayrollClickc2" time="42.730"/>
  <system-out/>
</testsuite> <!-- _2078Test.TC398PayrollUndo -->
