<?xml version="1.0" encoding="UTF-8"?>
<!-- Generated by org.testng.reporters.JUnitReportReporter -->
<testsuite hostname="Nom-31" failures="0" tests="13" name="PayrollDashboardUItest.TC297_309PayrollDshboardChk" time="529.061" errors="0" timestamp="2021-11-11T04:10:41 IST" skipped="0">
  <testcase classname="PayrollDashboardUItest.TC297_309PayrollDshboardChk" name="GoToUrlAssertUrlClickclickAllowancesSchemesClickmarkYesClickclickSaveClickgotoPayrollDashboard" time="39.754"/>
  <system-out/>
  <testcase classname="PayrollDashboardUItest.TC297_309PayrollDshboardChk" name="GoToUrlAssertUrlClickclickAllowancesSchemesClickmarkYesClickclickSaveClickgotoPayrollDashboard1" time="41.933"/>
  <system-out/>
  <testcase classname="PayrollDashboardUItest.TC297_309PayrollDshboardChk" name="GoToUrlAssertUrlClickclickAllowancesSchemesClickmarkYesClickclickSaveClickgotoPayrollDashboard2" time="38.373"/>
  <system-out/>
  <testcase classname="PayrollDashboardUItest.TC297_309PayrollDshboardChk" name="GoToUrlAssertUrlClickclickAllowancesSchemesClickmarkYesClickclickSaveClickgotoPayrollDashboard3" time="38.680"/>
  <system-out/>
  <testcase classname="PayrollDashboardUItest.TC297_309PayrollDshboardChk" name="GoToUrlAssertUrlClickclickAllowancesSchemesClickmarkYesClickclickSaveClickgotoPayrollDashboard4" time="40.446"/>
  <system-out/>
  <testcase classname="PayrollDashboardUItest.TC297_309PayrollDshboardChk" name="GoToUrlAssertUrlClickclickAllowancesSchemesClickmarkYesClickclickSaveClickgotoPayrollDashboard5" time="40.941"/>
  <system-out/>
  <testcase classname="PayrollDashboardUItest.TC297_309PayrollDshboardChk" name="GoToUrlAssertUrlClickclickAllowancesSchemesClickmarkYesClickclickSaveClickgotoPayrollDashboard6" time="42.941"/>
  <system-out/>
  <testcase classname="PayrollDashboardUItest.TC297_309PayrollDshboardChk" name="GoToUrlAssertUrlClickclickAllowancesSchemesClickmarkYesClickclickSaveClickgotoPayrollDashboard7" time="39.978"/>
  <system-out/>
  <testcase classname="PayrollDashboardUItest.TC297_309PayrollDshboardChk" name="GoToUrlAssertUrlClickclickAllowancesSchemesClickmarkYesClickclickSaveClickgotoPayrollDashboard8" time="40.331"/>
  <system-out/>
  <testcase classname="PayrollDashboardUItest.TC297_309PayrollDshboardChk" name="GoToUrlAssertUrlClickclickAllowancesSchemesClickmarkYesClickclickSaveClickgotoPayrollDashboard9" time="39.705"/>
  <system-out/>
  <testcase classname="PayrollDashboardUItest.TC297_309PayrollDshboardChk" name="GoToUrlAssertUrlClickclickAllowancesSchemesClickmarkYesClickclickSaveClickgotoPayrollDashboard10" time="43.778"/>
  <system-out/>
  <testcase classname="PayrollDashboardUItest.TC297_309PayrollDshboardChk" name="GoToUrlAssertUrlClickclickAllowancesSchemesClickmarkYesClickclickSaveClickgotoPayrollDashboard11" time="39.354"/>
  <system-out/>
  <testcase classname="PayrollDashboardUItest.TC297_309PayrollDshboardChk" name="GoToUrlAssertUrlClickclickAllowancesSchemesClickmarkYesClickclickSaveClickgotoPayrollDashboard12" time="42.847"/>
  <system-out/>
</testsuite> <!-- PayrollDashboardUItest.TC297_309PayrollDshboardChk -->
