<?xml version="1.0" encoding="UTF-8"?>
<!-- Generated by org.testng.reporters.JUnitReportReporter -->
<testsuite hostname="Nom-31" failures="0" tests="1" name="tests.ClosePayeWithoutRunPayrollSubscript" time="45.243" errors="0" timestamp="2021-05-06T14:26:41 IST" skipped="0">
  <testcase classname="tests.ClosePayeWithoutRunPayrollSubscript" name="GoToUrlAssertUrlPositiveEnterEnterUsernamePositiveEnterEnterpasswordClickLoginButtonGoToUrlAs1" time="45.243"/>
  <system-out/>
</testsuite> <!-- tests.ClosePayeWithoutRunPayrollSubscript -->
