<?xml version="1.0" encoding="UTF-8"?>
<!-- Generated by org.testng.reporters.JUnitReportReporter -->
<testsuite hostname="Nom-31" failures="0" tests="6" name="_1743PayrollDSB.TC732_737CheckPayroll_AwaitingReviewClient" time="217.811" errors="0" timestamp="2022-01-31T05:54:55 IST" skipped="0">
  <testcase classname="_1743PayrollDSB.TC732_737CheckPayroll_AwaitingReviewClient" name="AwaitingReview_Overdue" time="35.017"/>
  <system-out/>
  <testcase classname="_1743PayrollDSB.TC732_737CheckPayroll_AwaitingReviewClient" name="AwaitingReview_1week" time="37.164"/>
  <system-out/>
  <testcase classname="_1743PayrollDSB.TC732_737CheckPayroll_AwaitingReviewClient" name="AwaitingReview_1Month" time="36.488"/>
  <system-out/>
  <testcase classname="_1743PayrollDSB.TC732_737CheckPayroll_AwaitingReviewClient" name="AwaitingReview_2Month" time="36.931"/>
  <system-out/>
  <testcase classname="_1743PayrollDSB.TC732_737CheckPayroll_AwaitingReviewClient" name="AwaitingReview_3_6Month" time="35.659"/>
  <system-out/>
  <testcase classname="_1743PayrollDSB.TC732_737CheckPayroll_AwaitingReviewClient" name="AwaitingReview_6plusMonth" time="36.552"/>
  <system-out/>
</testsuite> <!-- _1743PayrollDSB.TC732_737CheckPayroll_AwaitingReviewClient -->
