<?xml version="1.0" encoding="UTF-8"?>
<!-- Generated by org.testng.reporters.JUnitReportReporter -->
<testsuite hostname="Nom-31" failures="0" tests="1" name="Company_Director_Tests.TC78CDBetweenTxYrLow_DefaultProfile" time="47.758" errors="0" timestamp="2021-12-06T22:39:04 IST" skipped="0">
  <testcase classname="Company_Director_Tests.TC78CDBetweenTxYrLow_DefaultProfile" name="GoToUrlAssertUrlClickgotoReportsClickclickP11ClickgetLELAmountClickgetPTAmountClickgetUELAmou" time="47.758"/>
  <system-out/>
</testsuite> <!-- Company_Director_Tests.TC78CDBetweenTxYrLow_DefaultProfile -->
