<?xml version="1.0" encoding="UTF-8"?>
<!-- Generated by org.testng.reporters.JUnitReportReporter -->
<testsuite hostname="Nom-31" failures="0" tests="2" name="_1706Test.TC696_697CheckTaxablePayJoinMidWeekly5" time="93.240" errors="0" timestamp="2022-03-14T15:26:38 IST" skipped="0">
  <testcase classname="_1706Test.TC696_697CheckTaxablePayJoinMidWeekly5" name="GoToUrlAssertUrlPositiveEnterEnterUsernamePositiveEnterEnterpasswordClickLoginButtonGoToUrlAs" time="53.626"/>
  <system-out/>
  <testcase classname="_1706Test.TC696_697CheckTaxablePayJoinMidWeekly5" name="GoToUrlAssertUrlPositiveEnterEnterUsernamePositiveEnterEnterpasswordClickLoginButtonGoToUrlAs1" time="39.614"/>
  <system-out/>
</testsuite> <!-- _1706Test.TC696_697CheckTaxablePayJoinMidWeekly5 -->
