<?xml version="1.0" encoding="UTF-8"?>
<!-- Generated by org.testng.reporters.JUnitReportReporter -->
<testsuite hostname="Nom-31" failures="0" tests="1" name="tests.TC10subscriptDeregisterWithEmploye_DefaultProfile" time="194.510" errors="0" timestamp="2021-11-11T13:19:21 IST" skipped="0">
  <testcase classname="tests.TC10subscriptDeregisterWithEmploye_DefaultProfile" name="GoToUrlAssertUrlPositiveSelectStatusSearch1ClickSelectCheckBoxPositiveSelectSubmitReasonClickS1" time="194.510"/>
  <system-out/>
</testsuite> <!-- tests.TC10subscriptDeregisterWithEmploye_DefaultProfile -->
