<?xml version="1.0" encoding="UTF-8"?>
<!-- Generated by org.testng.reporters.JUnitReportReporter -->
<testsuite hostname="Nom-31" failures="0" tests="1" name="Company_Director_Tests.TC8_CD_Alt_ResignBetweenTxYr_DefaultProfile3" time="47.422" errors="0" timestamp="2021-06-05T20:55:42 IST" skipped="0">
  <testcase classname="Company_Director_Tests.TC8_CD_Alt_ResignBetweenTxYr_DefaultProfile3" name="GoToUrlAssertUrlClickgotoReportsClickclickP11ClickgetLELAmountClickgetPTAmountClickgetUELAmou" time="47.422"/>
  <system-out/>
</testsuite> <!-- Company_Director_Tests.TC8_CD_Alt_ResignBetweenTxYr_DefaultProfile3 -->
