<?xml version="1.0" encoding="UTF-8"?>
<!-- Generated by org.testng.reporters.JUnitReportReporter -->
<testsuite hostname="Nom-31" failures="0" tests="1" name="tests.subscriptDeregisterWithEmploye_DefaultProfile" time="205.228" errors="0" timestamp="2021-05-13T14:54:23 IST" skipped="0">
  <testcase classname="tests.subscriptDeregisterWithEmploye_DefaultProfile" name="GoToUrlAssertUrlPositiveSelectStatusSearch1ClickSelectCheckBoxPositiveSelectSubmitReasonClickS1" time="205.228"/>
  <system-out/>
</testsuite> <!-- tests.subscriptDeregisterWithEmploye_DefaultProfile -->
