<?xml version="1.0" encoding="UTF-8"?>
<!-- Generated by org.testng.reporters.JUnitReportReporter -->
<testsuite hostname="Nom-31" failures="0" tests="2" name="_2170RTI_Submission.TC690_691CheckTaxablePayForTwoMonths" time="102.041" errors="0" timestamp="2022-01-31T05:54:56 IST" skipped="0">
  <testcase classname="_2170RTI_Submission.TC690_691CheckTaxablePayForTwoMonths" name="GoToUrlAssertUrlPositiveEnterEnterUsernamePositiveEnterEnterpasswordClickLoginButtonGoToUrlAs" time="58.255"/>
  <system-out/>
  <testcase classname="_2170RTI_Submission.TC690_691CheckTaxablePayForTwoMonths" name="GoToUrlAssertUrlPositiveEnterEnterUsernamePositiveEnterEnterpasswordClickLoginButtonGoToUrlAs1" time="43.786"/>
  <system-out/>
</testsuite> <!-- _2170RTI_Submission.TC690_691CheckTaxablePayForTwoMonths -->
