<?xml version="1.0" encoding="UTF-8"?>
<!-- Generated by org.testng.reporters.JUnitReportReporter -->
<testsuite hostname="Nom-31" failures="0" tests="2" name="TaxCode.TC437_438TaxCode_D0" time="113.524" errors="0" timestamp="2021-12-06T22:39:04 IST" skipped="0">
  <testcase classname="TaxCode.TC437_438TaxCode_D0" name="GoToUrlAssertUrlClickRunPayroll1ClickRunPayroll2ClickgetSuccessMsgClickUndoLastPayrollClickcl" time="42.434"/>
  <system-out/>
  <testcase classname="TaxCode.TC437_438TaxCode_D0" name="GoToUrlAssertUrlClickRunPayroll1ClickRunPayroll2ClickgetSuccessMsgClickUndoLastPayrollClickc4" time="71.090"/>
  <system-out/>
</testsuite> <!-- TaxCode.TC437_438TaxCode_D0 -->
