<?xml version="1.0" encoding="UTF-8"?>
<!-- Generated by org.testng.reporters.JUnitReportReporter -->
<testsuite hostname="Nom-31" failures="0" tests="2" name="_1743PayrollDSB.TC713_714CheckTaxablePayForTwoMonths10" time="49.465" errors="0" timestamp="2021-12-24T14:37:57 IST" skipped="0">
  <testcase classname="_1743PayrollDSB.TC713_714CheckTaxablePayForTwoMonths10" name="GoToUrlAssertUrlPositiveEnterEnterUsernamePositiveEnterEnterpasswordClickLoginButtonGoToUrlAs" time="25.780"/>
  <system-out/>
  <testcase classname="_1743PayrollDSB.TC713_714CheckTaxablePayForTwoMonths10" name="GoToUrlAssertUrlPositiveEnterEnterUsernamePositiveEnterEnterpasswordClickLoginButtonGoToUrlAs1" time="23.685"/>
  <system-out/>
</testsuite> <!-- _1743PayrollDSB.TC713_714CheckTaxablePayForTwoMonths10 -->
