<?xml version="1.0" encoding="UTF-8"?>
<!-- Generated by org.testng.reporters.JUnitReportReporter -->
<testsuite hostname="Nom-31" failures="0" tests="1" name="_1942_2010.TC197DeleteFreqAffect" time="48.164" errors="0" timestamp="2021-12-21T12:09:45 IST" skipped="0">
  <testcase classname="_1942_2010.TC197DeleteFreqAffect" name="GoToUrlAssertUrlPositiveEnterEnterUsernamePositiveEnterEnterpasswordClickLoginButtonGoToUrlAs1" time="48.164"/>
  <system-out/>
</testsuite> <!-- _1942_2010.TC197DeleteFreqAffect -->
