<?xml version="1.0" encoding="UTF-8"?>
<!-- Generated by org.testng.reporters.JUnitReportReporter -->
<testsuite hostname="Nom-31" failures="0" tests="1" name="test.frequency.subscriptFillingManagment_DefaultProfile" time="112.444" errors="0" timestamp="2021-06-04T15:30:50 IST" skipped="0">
  <testcase classname="test.frequency.subscriptFillingManagment_DefaultProfile" name="GoToUrlAssertUrlPositiveSelectStatusSearch1ClickSelectCheckBoxPositiveSelectSubmitReasonClickS1" time="112.444"/>
  <system-out/>
</testsuite> <!-- test.frequency.subscriptFillingManagment_DefaultProfile -->
