<?xml version="1.0" encoding="UTF-8"?>
<!-- Generated by org.testng.reporters.JUnitReportReporter -->
<testsuite hostname="Nom-31" failures="0" tests="7" name="AOE.TC837_844AOE_ChildSupportPopup" time="667.779" errors="0" timestamp="2022-03-14T15:26:38 IST" skipped="0">
  <testcase classname="AOE.TC837_844AOE_ChildSupportPopup" name="GoToUrlAssertUrlPositiveEnterEnterUsernamePositiveEnterEnterpasswordClickLoginButtonGoToUrlAs1" time="43.766"/>
  <system-out/>
  <testcase classname="AOE.TC837_844AOE_ChildSupportPopup" name="GoToUrlAssertUrlPositiveEnterEnterUsernamePositiveEnterEnterpasswordClickLoginButtonGoToUrlAs2" time="48.113"/>
  <system-out/>
  <testcase classname="AOE.TC837_844AOE_ChildSupportPopup" name="GoToUrlAssertUrlPositiveEnterEnterUsernamePositiveEnterEnterpasswordClickLoginButtonGoToUrlAs3" time="53.182"/>
  <system-out/>
  <testcase classname="AOE.TC837_844AOE_ChildSupportPopup" name="GoToUrlAssertUrlPositiveEnterEnterUsernamePositiveEnterEnterpasswordClickLoginButtonGoToUrlAs4" time="357.091"/>
  <system-out/>
  <testcase classname="AOE.TC837_844AOE_ChildSupportPopup" name="GoToUrlAssertUrlPositiveEnterEnterUsernamePositiveEnterEnterpasswordClickLoginButtonGoToUrlAs5" time="54.565"/>
  <system-out/>
  <testcase classname="AOE.TC837_844AOE_ChildSupportPopup" name="GoToUrlAssertUrlPositiveEnterEnterUsernamePositiveEnterEnterpasswordClickLoginButtonGoToUrlAs6" time="56.609"/>
  <system-out/>
  <testcase classname="AOE.TC837_844AOE_ChildSupportPopup" name="GoToUrlAssertUrlPositiveEnterEnterUsernamePositiveEnterEnterpasswordClickLoginButtonGoToUrlAs7" time="54.453"/>
  <system-out/>
</testsuite> <!-- AOE.TC837_844AOE_ChildSupportPopup -->
