<?xml version="1.0" encoding="UTF-8"?>
<!-- Generated by org.testng.reporters.JUnitReportReporter -->
<testsuite hostname="Nom-31" failures="0" tests="4" name="_2078Test.TC418_421PaymentofMonthwhenLastDayOfMonth" time="176.217" errors="0" timestamp="2021-12-21T12:09:45 IST" skipped="0">
  <testcase classname="_2078Test.TC418_421PaymentofMonthwhenLastDayOfMonth" name="GoToUrlAssertUrlPositiveEnterEnterUsernamePositiveEnterEnterpasswordClickLoginButtonGoToUrlAs1" time="54.407"/>
  <system-out/>
  <testcase classname="_2078Test.TC418_421PaymentofMonthwhenLastDayOfMonth" name="GoToUrlAssertUrlClickRunPayroll1ClickRunPayroll2ClickgetSuccessMsgClickUndoLastPayrollClickcl" time="41.886"/>
  <system-out/>
  <testcase classname="_2078Test.TC418_421PaymentofMonthwhenLastDayOfMonth" name="GoToUrlAssertUrlClickRunPayroll1ClickRunPayroll2ClickgetSuccessMsgClickUndoLastPayrollClickc2" time="40.758"/>
  <system-out/>
  <testcase classname="_2078Test.TC418_421PaymentofMonthwhenLastDayOfMonth" name="GoToUrlAssertUrlClickRunPayroll1ClickRunPayroll2ClickgetSuccessMsgClickUndoLastPayrollClickc4" time="39.166"/>
  <system-out/>
</testsuite> <!-- _2078Test.TC418_421PaymentofMonthwhenLastDayOfMonth -->
