<?xml version="1.0" encoding="UTF-8"?>
<!-- Generated by org.testng.reporters.JUnitReportReporter -->
<testsuite hostname="Nom-31" failures="0" tests="4" name="_2078Test.TC430_433PaymentofMonthwhenPaymentManagement" time="169.231" errors="0" timestamp="2022-03-14T15:26:38 IST" skipped="0">
  <testcase classname="_2078Test.TC430_433PaymentofMonthwhenPaymentManagement" name="GoToUrlAssertUrlPositiveEnterEnterUsernamePositiveEnterEnterpasswordClickLoginButtonGoToUrlAs1" time="42.969"/>
  <system-out/>
  <testcase classname="_2078Test.TC430_433PaymentofMonthwhenPaymentManagement" name="GoToUrlAssertUrlClickRunPayroll1ClickRunPayroll2ClickgetSuccessMsgClickUndoLastPayrollClickcl" time="39.541"/>
  <system-out/>
  <testcase classname="_2078Test.TC430_433PaymentofMonthwhenPaymentManagement" name="GoToUrlAssertUrlClickRunPayroll1ClickRunPayroll2ClickgetSuccessMsgClickUndoLastPayrollClickc2" time="39.934"/>
  <system-out/>
  <testcase classname="_2078Test.TC430_433PaymentofMonthwhenPaymentManagement" name="GoToUrlAssertUrlClickRunPayroll1ClickRunPayroll2ClickgetSuccessMsgClickUndoLastPayrollClickc4" time="46.787"/>
  <system-out/>
</testsuite> <!-- _2078Test.TC430_433PaymentofMonthwhenPaymentManagement -->
