<?xml version="1.0" encoding="UTF-8"?>
<!-- Generated by org.testng.reporters.JUnitReportReporter -->
<testsuite hostname="Nom-31" failures="0" tests="2" name="_1743PayrollDSB.TC690_691CheckTaxablePayForTwoMonthsG" time="92.429" errors="0" timestamp="2021-12-06T22:39:04 IST" skipped="0">
  <testcase classname="_1743PayrollDSB.TC690_691CheckTaxablePayForTwoMonthsG" name="GoToUrlAssertUrlPositiveEnterEnterUsernamePositiveEnterEnterpasswordClickLoginButtonGoToUrlAs" time="52.802"/>
  <system-out/>
  <testcase classname="_1743PayrollDSB.TC690_691CheckTaxablePayForTwoMonthsG" name="GoToUrlAssertUrlPositiveEnterEnterUsernamePositiveEnterEnterpasswordClickLoginButtonGoToUrlAs1" time="39.627"/>
  <system-out/>
</testsuite> <!-- _1743PayrollDSB.TC690_691CheckTaxablePayForTwoMonthsG -->
