<?xml version="1.0" encoding="UTF-8"?>
<!-- Generated by org.testng.reporters.JUnitReportReporter -->
<testsuite hostname="Nom-31" failures="0" tests="1" name="_1942_2010.TC196_ToalpaymentofSubcontrorinsummary" time="41.461" errors="0" timestamp="2021-12-21T12:09:45 IST" skipped="0">
  <testcase classname="_1942_2010.TC196_ToalpaymentofSubcontrorinsummary" name="GoToUrlAssertUrlPositiveEnterEnterUsernamePositiveEnterEnterpasswordClickLoginButtonGoToUrlAs" time="41.461"/>
  <system-out/>
</testsuite> <!-- _1942_2010.TC196_ToalpaymentofSubcontrorinsummary -->
