<?xml version="1.0" encoding="UTF-8"?>
<!-- Generated by org.testng.reporters.JUnitReportReporter -->
<testsuite hostname="Nom-31" failures="0" tests="1" name="_1760ER_Allow.TC01_1760_ERNI_DefaultProfile" time="81.522" errors="0" timestamp="2021-06-06T16:54:47 IST" skipped="0">
  <testcase classname="_1760ER_Allow.TC01_1760_ERNI_DefaultProfile" name="GoToUrlAssertUrlPositiveEnterEnterUsernamePositiveEnterEnterpasswordClickLoginButtonGoToUrlAs" time="81.522"/>
  <system-out/>
</testsuite> <!-- _1760ER_Allow.TC01_1760_ERNI_DefaultProfile -->
