<?xml version="1.0" encoding="UTF-8"?>
<!-- Generated by org.testng.reporters.JUnitReportReporter -->
<testsuite hostname="Nom-31" failures="0" tests="1" name="_1756PayrollSummary.TC219verifysummaryPaye_NIforMonthJune" time="55.818" errors="0" timestamp="2021-11-11T04:10:41 IST" skipped="0">
  <testcase classname="_1756PayrollSummary.TC219verifysummaryPaye_NIforMonthJune" name="GoToUrlAssertUrlClickclickAllowancesSchemesClickmarkYesClickclickSaveClickgotoPayrollDashboard" time="55.818"/>
  <system-out/>
</testsuite> <!-- _1756PayrollSummary.TC219verifysummaryPaye_NIforMonthJune -->
