<?xml version="1.0" encoding="UTF-8"?>
<!-- Generated by org.testng.reporters.JUnitReportReporter -->
<testsuite hostname="Nom-31" failures="0" tests="1" name="verifySummaryReportsData.TC257verifysummaryPayeNIreportwhenMonthly" time="50.520" errors="0" timestamp="2021-11-11T04:10:42 IST" skipped="0">
  <testcase classname="verifySummaryReportsData.TC257verifysummaryPayeNIreportwhenMonthly" name="GoToUrlAssertUrlClickclickAllowancesSchemesClickmarkYesClickclickSaveClickgotoPayrollDashboard" time="50.520"/>
  <system-out/>
</testsuite> <!-- verifySummaryReportsData.TC257verifysummaryPayeNIreportwhenMonthly -->
