<?xml version="1.0" encoding="UTF-8"?>
<!-- Generated by org.testng.reporters.JUnitReportReporter -->
<testsuite hostname="Nom-31" failures="0" tests="1" name="EPStest.TC48subscriptEveryMonthEPS" time="34.871" errors="0" timestamp="2021-11-11T04:10:42 IST" skipped="0">
  <testcase classname="EPStest.TC48subscriptEveryMonthEPS" name="GoToUrlAssertUrlPositiveEnterEnterUsernamePositiveEnterEnterpasswordClickLoginButtonGoToUrlAs1" time="34.871"/>
  <system-out/>
</testsuite> <!-- EPStest.TC48subscriptEveryMonthEPS -->
