<?xml version="1.0" encoding="UTF-8"?>
<!-- Generated by org.testng.reporters.JUnitReportReporter -->
<testsuite hostname="Nom-31" failures="0" tests="7" name="AOE.TC907_913AOE_ChildSupportPopupA5" time="396.031" errors="0" timestamp="2022-01-31T05:54:55 IST" skipped="0">
  <testcase classname="AOE.TC907_913AOE_ChildSupportPopupA5" name="GoToUrlAssertUrlPositiveEnterEnterUsernamePositiveEnterEnterpasswordClickLoginButtonGoToUrlAs1" time="46.984"/>
  <system-out/>
  <testcase classname="AOE.TC907_913AOE_ChildSupportPopupA5" name="GoToUrlAssertUrlPositiveEnterEnterUsernamePositiveEnterEnterpasswordClickLoginButtonGoToUrlAs2" time="52.084"/>
  <system-out/>
  <testcase classname="AOE.TC907_913AOE_ChildSupportPopupA5" name="GoToUrlAssertUrlPositiveEnterEnterUsernamePositiveEnterEnterpasswordClickLoginButtonGoToUrlAs3" time="57.160"/>
  <system-out/>
  <testcase classname="AOE.TC907_913AOE_ChildSupportPopupA5" name="GoToUrlAssertUrlPositiveEnterEnterUsernamePositiveEnterEnterpasswordClickLoginButtonGoToUrlAs4" time="58.335"/>
  <system-out/>
  <testcase classname="AOE.TC907_913AOE_ChildSupportPopupA5" name="GoToUrlAssertUrlPositiveEnterEnterUsernamePositiveEnterEnterpasswordClickLoginButtonGoToUrlAs5" time="58.327"/>
  <system-out/>
  <testcase classname="AOE.TC907_913AOE_ChildSupportPopupA5" name="GoToUrlAssertUrlPositiveEnterEnterUsernamePositiveEnterEnterpasswordClickLoginButtonGoToUrlAs6" time="63.400"/>
  <system-out/>
  <testcase classname="AOE.TC907_913AOE_ChildSupportPopupA5" name="GoToUrlAssertUrlPositiveEnterEnterUsernamePositiveEnterEnterpasswordClickLoginButtonGoToUrlAs7" time="59.741"/>
  <system-out/>
</testsuite> <!-- AOE.TC907_913AOE_ChildSupportPopupA5 -->
