<?xml version="1.0" encoding="UTF-8"?>
<!-- Generated by org.testng.reporters.JUnitReportReporter -->
<testsuite hostname="Nom-31" failures="0" tests="1" name="SMP_XML.TC552SMP_XMLFortNight3" time="42.042" errors="0" timestamp="2021-11-11T04:10:42 IST" skipped="0">
  <testcase classname="SMP_XML.TC552SMP_XMLFortNight3" name="GoToUrlAssertUrlClickgotoReportsClickclickP11ClickgetLELAmountClickgetPTAmountClickgetUELAmou" time="42.042"/>
  <system-out/>
</testsuite> <!-- SMP_XML.TC552SMP_XMLFortNight3 -->
