<?xml version="1.0" encoding="UTF-8"?>
<!-- Generated by org.testng.reporters.JUnitReportReporter -->
<testsuite hostname="Nom-31" failures="0" tests="11" name="PayrollDashboardUItest.TC310_320PayrollDshboardChk" time="412.389" errors="0" timestamp="2021-12-21T12:09:45 IST" skipped="0">
  <testcase classname="PayrollDashboardUItest.TC310_320PayrollDshboardChk" name="GoToUrlAssertUrlClickclickAllowancesSchemesClickmarkYesClickclickSaveClickgotoPayrollDashboard" time="36.803"/>
  <system-out/>
  <testcase classname="PayrollDashboardUItest.TC310_320PayrollDshboardChk" name="GoToUrlAssertUrlClickclickAllowancesSchemesClickmarkYesClickclickSaveClickgotoPayrollDashboard1" time="36.450"/>
  <system-out/>
  <testcase classname="PayrollDashboardUItest.TC310_320PayrollDshboardChk" name="GoToUrlAssertUrlClickclickAllowancesSchemesClickmarkYesClickclickSaveClickgotoPayrollDashboard2" time="36.688"/>
  <system-out/>
  <testcase classname="PayrollDashboardUItest.TC310_320PayrollDshboardChk" name="GoToUrlAssertUrlClickclickAllowancesSchemesClickmarkYesClickclickSaveClickgotoPayrollDashboard3" time="37.471"/>
  <system-out/>
  <testcase classname="PayrollDashboardUItest.TC310_320PayrollDshboardChk" name="GoToUrlAssertUrlClickclickAllowancesSchemesClickmarkYesClickclickSaveClickgotoPayrollDashboard4" time="38.698"/>
  <system-out/>
  <testcase classname="PayrollDashboardUItest.TC310_320PayrollDshboardChk" name="GoToUrlAssertUrlClickclickAllowancesSchemesClickmarkYesClickclickSaveClickgotoPayrollDashboard5" time="36.374"/>
  <system-out/>
  <testcase classname="PayrollDashboardUItest.TC310_320PayrollDshboardChk" name="GoToUrlAssertUrlClickclickAllowancesSchemesClickmarkYesClickclickSaveClickgotoPayrollDashboard6" time="37.521"/>
  <system-out/>
  <testcase classname="PayrollDashboardUItest.TC310_320PayrollDshboardChk" name="GoToUrlAssertUrlClickclickAllowancesSchemesClickmarkYesClickclickSaveClickgotoPayrollDashboard7" time="37.412"/>
  <system-out/>
  <testcase classname="PayrollDashboardUItest.TC310_320PayrollDshboardChk" name="GoToUrlAssertUrlClickclickAllowancesSchemesClickmarkYesClickclickSaveClickgotoPayrollDashboard8" time="37.858"/>
  <system-out/>
  <testcase classname="PayrollDashboardUItest.TC310_320PayrollDshboardChk" name="GoToUrlAssertUrlClickclickAllowancesSchemesClickmarkYesClickclickSaveClickgotoPayrollDashboard9" time="38.763"/>
  <system-out/>
  <testcase classname="PayrollDashboardUItest.TC310_320PayrollDshboardChk" name="GoToUrlAssertUrlClickclickAllowancesSchemesClickmarkYesClickclickSaveClickgotoPayrollDashboard10" time="38.351"/>
  <system-out/>
</testsuite> <!-- PayrollDashboardUItest.TC310_320PayrollDshboardChk -->
