<?xml version="1.0" encoding="UTF-8"?>
<!-- Generated by org.testng.reporters.JUnitReportReporter -->
<testsuite hostname="Nom-31" failures="0" tests="1" name="verifyEmailsDataTest.TC291VerifySummaryDatainEmailAttachment" time="73.480" errors="0" timestamp="2022-01-31T05:54:55 IST" skipped="0">
  <testcase classname="verifyEmailsDataTest.TC291VerifySummaryDatainEmailAttachment" name="GoToUrlAssertUrlClickclickAllowancesSchemesClickmarkYesClickclickSaveClickgotoPayrollDashboard" time="73.480"/>
  <system-out/>
</testsuite> <!-- verifyEmailsDataTest.TC291VerifySummaryDatainEmailAttachment -->
