<?xml version="1.0" encoding="UTF-8"?>
<!-- Generated by org.testng.reporters.JUnitReportReporter -->
<testsuite hostname="Nom-31" failures="0" tests="6" name="_1743PayrollDSB.TC720_725CheckPayroll_InprogressClient" time="296.803" errors="0" timestamp="2022-01-31T05:54:56 IST" skipped="0">
  <testcase classname="_1743PayrollDSB.TC720_725CheckPayroll_InprogressClient" name="Inprogress_Overdue" time="36.493"/>
  <system-out/>
  <testcase classname="_1743PayrollDSB.TC720_725CheckPayroll_InprogressClient" name="Inprogress_1week" time="40.631"/>
  <system-out/>
  <testcase classname="_1743PayrollDSB.TC720_725CheckPayroll_InprogressClient" name="Inprogress_1Month" time="61.763"/>
  <system-out/>
  <testcase classname="_1743PayrollDSB.TC720_725CheckPayroll_InprogressClient" name="Inprogress_2Month" time="78.647"/>
  <system-out/>
  <testcase classname="_1743PayrollDSB.TC720_725CheckPayroll_InprogressClient" name="Inprogress_3_6Month" time="43.100"/>
  <system-out/>
  <testcase classname="_1743PayrollDSB.TC720_725CheckPayroll_InprogressClient" name="Inprogress_6plusMonth" time="36.169"/>
  <system-out/>
</testsuite> <!-- _1743PayrollDSB.TC720_725CheckPayroll_InprogressClient -->
