<?xml version="1.0" encoding="UTF-8"?>
<!-- Generated by org.testng.reporters.JUnitReportReporter -->
<testsuite hostname="Nom-31" failures="0" tests="2" name="_1743PayrollDSB.TC711_712CheckTaxablePayForTwoMonths10" time="51.335" errors="0" timestamp="2021-12-24T15:39:44 IST" skipped="0">
  <testcase classname="_1743PayrollDSB.TC711_712CheckTaxablePayForTwoMonths10" name="GoToUrlAssertUrlPositiveEnterEnterUsernamePositiveEnterEnterpasswordClickLoginButtonGoToUrlAs" time="26.125"/>
  <system-out/>
  <testcase classname="_1743PayrollDSB.TC711_712CheckTaxablePayForTwoMonths10" name="GoToUrlAssertUrlPositiveEnterEnterUsernamePositiveEnterEnterpasswordClickLoginButtonGoToUrlAs1" time="25.210"/>
  <system-out/>
</testsuite> <!-- _1743PayrollDSB.TC711_712CheckTaxablePayForTwoMonths10 -->
