<?xml version="1.0" encoding="UTF-8"?>
<!-- Generated by org.testng.reporters.JUnitReportReporter -->
<testsuite hostname="Nom-31" failures="0" tests="1" name="PaymentManagement.TC71subscriptPaymentmmgtwhenMidyear" time="50.331" errors="0" timestamp="2022-03-14T15:26:38 IST" skipped="0">
  <testcase classname="PaymentManagement.TC71subscriptPaymentmmgtwhenMidyear" name="GoToUrlAssertUrlPositiveEnterEnterUsernamePositiveEnterEnterpasswordClickLoginButtonGoToUrlAs" time="50.331"/>
  <system-out/>
</testsuite> <!-- PaymentManagement.TC71subscriptPaymentmmgtwhenMidyear -->
