<?xml version="1.0" encoding="UTF-8"?>
<!-- Generated by org.testng.reporters.JUnitReportReporter -->
<testsuite hostname="Nom-31" failures="0" tests="1" name="verifySummaryReportsData.TC283chkPymntofsummarywhenSMP_Mnthly" time="74.398" errors="0" timestamp="2021-11-11T04:10:41 IST" skipped="0">
  <testcase classname="verifySummaryReportsData.TC283chkPymntofsummarywhenSMP_Mnthly" name="GoToUrlAssertUrlClickclickAllowancesSchemesClickmarkYesClickclickSaveClickgotoPayrollDashboard" time="74.398"/>
  <system-out/>
</testsuite> <!-- verifySummaryReportsData.TC283chkPymntofsummarywhenSMP_Mnthly -->
