<?xml version="1.0" encoding="UTF-8"?>
<!-- Generated by org.testng.reporters.JUnitReportReporter -->
<testsuite hostname="Nom-31" failures="0" tests="1" name="_1760ER_Allow.T156TC03_1760_ERNI_MaxEmpAllow_DefaultProfile" time="61.875" errors="0" timestamp="2021-12-06T22:39:04 IST" skipped="0">
  <testcase classname="_1760ER_Allow.T156TC03_1760_ERNI_MaxEmpAllow_DefaultProfile" name="GoToUrlAssertUrlPositiveEnterEnterUsernamePositiveEnterEnterpasswordClickLoginButtonGoToUrlAs" time="61.875"/>
  <system-out/>
</testsuite> <!-- _1760ER_Allow.T156TC03_1760_ERNI_MaxEmpAllow_DefaultProfile -->
