<?xml version="1.0" encoding="UTF-8"?>
<!-- Generated by org.testng.reporters.JUnitReportReporter -->
<testsuite hostname="Nom-31" failures="0" tests="1" name="AlertsForEmployeeAge.TC475over21andEmpRateisBelowNMW" time="78.684" errors="0" timestamp="2022-01-31T05:54:56 IST" skipped="0">
  <testcase classname="AlertsForEmployeeAge.TC475over21andEmpRateisBelowNMW" name="GoToUrlAssertUrlPositiveEnterEnterUsernamePositiveEnterEnterpasswordClickLoginButtonGoToUrlAs" time="78.684"/>
  <system-out/>
</testsuite> <!-- AlertsForEmployeeAge.TC475over21andEmpRateisBelowNMW -->
