<?xml version="1.0" encoding="UTF-8"?>
<!-- Generated by org.testng.reporters.JUnitReportReporter -->
<testsuite hostname="Nom-31" failures="0" tests="1" name="EPStest.TC48subscriptEveryMonthEPS" time="35.150" errors="0" timestamp="2022-03-14T15:26:38 IST" skipped="0">
  <testcase classname="EPStest.TC48subscriptEveryMonthEPS" name="GoToUrlAssertUrlPositiveEnterEnterUsernamePositiveEnterEnterpasswordClickLoginButtonGoToUrlAs1" time="35.150"/>
  <system-out/>
</testsuite> <!-- EPStest.TC48subscriptEveryMonthEPS -->
