<?xml version="1.0" encoding="UTF-8"?>
<!-- Generated by org.testng.reporters.JUnitReportReporter -->
<testsuite hostname="Nom-31" failures="0" tests="1" name="EPStest.TC47SubscriptFirstEPS" time="45.138" errors="0" timestamp="2021-11-11T04:10:41 IST" skipped="0">
  <testcase classname="EPStest.TC47SubscriptFirstEPS" name="GoToUrlAssertUrlPositiveEnterEnterUsernamePositiveEnterEnterpasswordClickLoginButtonGoToUrlAs1" time="45.138"/>
  <system-out/>
</testsuite> <!-- EPStest.TC47SubscriptFirstEPS -->
