<?xml version="1.0" encoding="UTF-8"?>
<!-- Generated by org.testng.reporters.JUnitReportReporter -->
<testsuite hostname="Nom-31" failures="0" tests="4" name="_2078Test.TC402_405PaymentofMonthwhen4" time="179.452" errors="0" timestamp="2021-12-06T22:39:04 IST" skipped="0">
  <testcase classname="_2078Test.TC402_405PaymentofMonthwhen4" name="GoToUrlAssertUrlPositiveEnterEnterUsernamePositiveEnterEnterpasswordClickLoginButtonGoToUrlAs1" time="55.033"/>
  <system-out/>
  <testcase classname="_2078Test.TC402_405PaymentofMonthwhen4" name="GoToUrlAssertUrlClickRunPayroll1ClickRunPayroll2ClickgetSuccessMsgClickUndoLastPayrollClickcl" time="39.400"/>
  <system-out/>
  <testcase classname="_2078Test.TC402_405PaymentofMonthwhen4" name="GoToUrlAssertUrlClickRunPayroll1ClickRunPayroll2ClickgetSuccessMsgClickUndoLastPayrollClickc2" time="43.287"/>
  <system-out/>
  <testcase classname="_2078Test.TC402_405PaymentofMonthwhen4" name="GoToUrlAssertUrlClickRunPayroll1ClickRunPayroll2ClickgetSuccessMsgClickUndoLastPayrollClickc4" time="41.732"/>
  <system-out/>
</testsuite> <!-- _2078Test.TC402_405PaymentofMonthwhen4 -->
