<?xml version="1.0" encoding="UTF-8"?>
<!-- Generated by org.testng.reporters.JUnitReportReporter -->
<testsuite hostname="Nom-31" failures="0" tests="1" name="_2128AutoPayProtection.TC628ZIPandPayslip" time="55.919" errors="0" timestamp="2021-12-06T22:39:04 IST" skipped="0">
  <testcase classname="_2128AutoPayProtection.TC628ZIPandPayslip" name="GoToUrlAssertUrlPositiveEnterEnterUsernamePositiveEnterEnterpasswordClickLoginButtonGoToUrlAs" time="55.919"/>
  <system-out/>
</testsuite> <!-- _2128AutoPayProtection.TC628ZIPandPayslip -->
