<?xml version="1.0" encoding="UTF-8"?>
<!-- Generated by org.testng.reporters.JUnitReportReporter -->
<testsuite hostname="Nom-31" failures="0" tests="4" name="PayrollDashboardUItest.TC330_333EditCopannypage" time="157.807" errors="0" timestamp="2021-12-21T12:09:45 IST" skipped="0">
  <testcase classname="PayrollDashboardUItest.TC330_333EditCopannypage" name="GoToUrlAssertUrlClickRunPayroll1ClickRunPayroll2ClickgetSuccessMsgClickUndoLastPayrollClickcl" time="37.936"/>
  <system-out/>
  <testcase classname="PayrollDashboardUItest.TC330_333EditCopannypage" name="GoToUrlAssertUrlClickRunPayroll1ClickRunPayroll2ClickgetSuccessMsgClickUndoLastPayrollClickc" time="40.112"/>
  <system-out/>
  <testcase classname="PayrollDashboardUItest.TC330_333EditCopannypage" name="GoToUrlAssertUrlClickRunPayroll1ClickRunPayroll2ClickgetSuccessMsgClickUndoLastPayrollClickc3" time="40.748"/>
  <system-out/>
  <testcase classname="PayrollDashboardUItest.TC330_333EditCopannypage" name="GoToUrlAssertUrlClickRunPayroll1ClickRunPayroll2ClickgetSuccessMsgClickUndoLastPayrollClickc2" time="39.011"/>
  <system-out/>
</testsuite> <!-- PayrollDashboardUItest.TC330_333EditCopannypage -->
