<?xml version="1.0" encoding="UTF-8"?>
<!-- Generated by org.testng.reporters.JUnitReportReporter -->
<testsuite hostname="Nom-31" failures="0" tests="6" name="_1743PayrollDSB.TC738_743CheckPayroll_AwaitingApprovalClient" time="147.683" errors="0" timestamp="2021-12-10T15:23:01 IST" skipped="0">
  <testcase classname="_1743PayrollDSB.TC738_743CheckPayroll_AwaitingApprovalClient" name="AwaitingApproval_Overdue" time="23.207"/>
  <system-out/>
  <testcase classname="_1743PayrollDSB.TC738_743CheckPayroll_AwaitingApprovalClient" name="AwaitingApproval_1week" time="23.081"/>
  <system-out/>
  <testcase classname="_1743PayrollDSB.TC738_743CheckPayroll_AwaitingApprovalClient" name="AwaitingApproval_1Month" time="25.334"/>
  <system-out/>
  <testcase classname="_1743PayrollDSB.TC738_743CheckPayroll_AwaitingApprovalClient" name="AwaitingApproval_2Month" time="24.933"/>
  <system-out/>
  <testcase classname="_1743PayrollDSB.TC738_743CheckPayroll_AwaitingApprovalClient" name="AwaitingApproval_3_6Month" time="24.528"/>
  <system-out/>
  <testcase classname="_1743PayrollDSB.TC738_743CheckPayroll_AwaitingApprovalClient" name="AwaitingApproval_6plusMonth" time="26.600"/>
  <system-out/>
</testsuite> <!-- _1743PayrollDSB.TC738_743CheckPayroll_AwaitingApprovalClient -->
