<?xml version="1.0" encoding="UTF-8"?>
<!-- Generated by org.testng.reporters.JUnitReportReporter -->
<testsuite hostname="Nom-31" failures="0" tests="6" name="_1912.TC377_382_1912TwoDir" time="247.834" errors="0" timestamp="2021-11-11T04:10:42 IST" skipped="0">
  <testcase classname="_1912.TC377_382_1912TwoDir" name="GoToUrlAssertUrlClickRunPayroll1ClickRunPayroll2ClickgetSuccessMsgClickUndoLastPayrollClickcl" time="41.095"/>
  <system-out/>
  <testcase classname="_1912.TC377_382_1912TwoDir" name="GoToUrlAssertUrlClickRunPayroll1ClickRunPayroll2ClickgetSuccessMsgClickUndoLastPayrollClickc2" time="41.762"/>
  <system-out/>
  <testcase classname="_1912.TC377_382_1912TwoDir" name="GoToUrlAssertUrlClickRunPayroll1ClickRunPayroll2ClickgetSuccessMsgClickUndoLastPayrollClickc3" time="42.974"/>
  <system-out/>
  <testcase classname="_1912.TC377_382_1912TwoDir" name="GoToUrlAssertUrlClickRunPayroll1ClickRunPayroll2ClickgetSuccessMsgClickUndoLastPayrollClickc4" time="40.750"/>
  <system-out/>
  <testcase classname="_1912.TC377_382_1912TwoDir" name="GoToUrlAssertUrlClickRunPayroll1ClickRunPayroll2ClickgetSuccessMsgClickUndoLastPayrollClickc5" time="40.084"/>
  <system-out/>
  <testcase classname="_1912.TC377_382_1912TwoDir" name="GoToUrlAssertUrlClickRunPayroll1ClickRunPayroll2ClickgetSuccessMsgClickUndoLastPayrollClickc6" time="41.169"/>
  <system-out/>
</testsuite> <!-- _1912.TC377_382_1912TwoDir -->
