<?xml version="1.0" encoding="UTF-8"?>
<!-- Generated by org.testng.reporters.JUnitReportReporter -->
<testsuite hostname="Nom-31" failures="0" tests="1" name="_1772Deregistration.TC646P45NotIssuedErrorDeregisteration" time="39.128" errors="0" timestamp="2021-11-11T22:30:22 IST" skipped="0">
  <testcase classname="_1772Deregistration.TC646P45NotIssuedErrorDeregisteration" name="GoToUrlAssertUrlPositiveEnterEnterUsernamePositiveEnterEnterpasswordClickLoginButtonGoToUrlAs1" time="39.128"/>
  <system-out/>
</testsuite> <!-- _1772Deregistration.TC646P45NotIssuedErrorDeregisteration -->
