<?xml version="1.0" encoding="UTF-8"?>
<!-- Generated by org.testng.reporters.JUnitReportReporter -->
<testsuite hostname="Nom-31" failures="0" tests="4" name="_2078Test.TC410_413PaymentofMonthwhen2" time="178.754" errors="0" timestamp="2021-11-11T04:10:42 IST" skipped="0">
  <testcase classname="_2078Test.TC410_413PaymentofMonthwhen2" name="GoToUrlAssertUrlPositiveEnterEnterUsernamePositiveEnterEnterpasswordClickLoginButtonGoToUrlAs1" time="55.145"/>
  <system-out/>
  <testcase classname="_2078Test.TC410_413PaymentofMonthwhen2" name="GoToUrlAssertUrlClickRunPayroll1ClickRunPayroll2ClickgetSuccessMsgClickUndoLastPayrollClickcl" time="42.612"/>
  <system-out/>
  <testcase classname="_2078Test.TC410_413PaymentofMonthwhen2" name="GoToUrlAssertUrlClickRunPayroll1ClickRunPayroll2ClickgetSuccessMsgClickUndoLastPayrollClickc2" time="40.248"/>
  <system-out/>
  <testcase classname="_2078Test.TC410_413PaymentofMonthwhen2" name="GoToUrlAssertUrlClickRunPayroll1ClickRunPayroll2ClickgetSuccessMsgClickUndoLastPayrollClickc4" time="40.749"/>
  <system-out/>
</testsuite> <!-- _2078Test.TC410_413PaymentofMonthwhen2 -->
