<?xml version="1.0" encoding="UTF-8"?>
<!-- Generated by org.testng.reporters.JUnitReportReporter -->
<testsuite hostname="Nom-31" failures="0" tests="4" name="PayrollDashboardUItest.TC330_333EditCopannypage" time="180.150" errors="0" timestamp="2022-01-31T05:54:56 IST" skipped="0">
  <testcase classname="PayrollDashboardUItest.TC330_333EditCopannypage" name="GoToUrlAssertUrlClickRunPayroll1ClickRunPayroll2ClickgetSuccessMsgClickUndoLastPayrollClickcl" time="44.077"/>
  <system-out/>
  <testcase classname="PayrollDashboardUItest.TC330_333EditCopannypage" name="GoToUrlAssertUrlClickRunPayroll1ClickRunPayroll2ClickgetSuccessMsgClickUndoLastPayrollClickc" time="44.703"/>
  <system-out/>
  <testcase classname="PayrollDashboardUItest.TC330_333EditCopannypage" name="GoToUrlAssertUrlClickRunPayroll1ClickRunPayroll2ClickgetSuccessMsgClickUndoLastPayrollClickc3" time="46.088"/>
  <system-out/>
  <testcase classname="PayrollDashboardUItest.TC330_333EditCopannypage" name="GoToUrlAssertUrlClickRunPayroll1ClickRunPayroll2ClickgetSuccessMsgClickUndoLastPayrollClickc2" time="45.282"/>
  <system-out/>
</testsuite> <!-- PayrollDashboardUItest.TC330_333EditCopannypage -->
