<?xml version="1.0" encoding="UTF-8"?>
<!-- Generated by org.testng.reporters.JUnitReportReporter -->
<testsuite hostname="Nom-31" failures="0" tests="1" name="AlertsForEmployeeAge.TC464Under19AndnotApperentice" time="69.943" errors="0" timestamp="2021-11-11T04:10:42 IST" skipped="0">
  <testcase classname="AlertsForEmployeeAge.TC464Under19AndnotApperentice" name="GoToUrlAssertUrlPositiveEnterEnterUsernamePositiveEnterEnterpasswordClickLoginButtonGoToUrlAs" time="69.943"/>
  <system-out/>
</testsuite> <!-- AlertsForEmployeeAge.TC464Under19AndnotApperentice -->
