<?xml version="1.0" encoding="UTF-8"?>
<!-- Generated by org.testng.reporters.JUnitReportReporter -->
<testsuite hostname="Nom-31" failures="0" tests="1" name="frequencytest.TC56subScriptFortnightlytoMnthly_DefaultProfile" time="100.437" errors="0" timestamp="2022-01-31T05:54:56 IST" skipped="0">
  <testcase classname="frequencytest.TC56subScriptFortnightlytoMnthly_DefaultProfile" name="GoToUrlAssertUrlPositiveEnterEnterUsernamePositiveEnterEnterpasswordClickLoginButtonGoToUrlAs1" time="100.437"/>
  <system-out/>
</testsuite> <!-- frequencytest.TC56subScriptFortnightlytoMnthly_DefaultProfile -->
