<?xml version="1.0" encoding="UTF-8"?>
<!-- Generated by org.testng.reporters.JUnitReportReporter -->
<testsuite hostname="Nom-31" failures="0" tests="8" name="_2099PreviousEmployment.TC830_837EE_Previous_Yr_Detail" time="309.502" errors="0" timestamp="2022-03-14T15:26:38 IST" skipped="0">
  <testcase classname="_2099PreviousEmployment.TC830_837EE_Previous_Yr_Detail" name="GoToUrlAssertUrlPositiveEnterEnterUsernamePositiveEnterEnterpasswordClickLoginButtonGoToUrlAs1" time="38.274"/>
  <system-out/>
  <testcase classname="_2099PreviousEmployment.TC830_837EE_Previous_Yr_Detail" name="GoToUrlAssertUrlPositiveEnterEnterUsernamePositiveEnterEnterpasswordClickLoginButtonGoToUrlAs2" time="37.489"/>
  <system-out/>
  <testcase classname="_2099PreviousEmployment.TC830_837EE_Previous_Yr_Detail" name="GoToUrlAssertUrlPositiveEnterEnterUsernamePositiveEnterEnterpasswordClickLoginButtonGoToUrlAs3" time="38.781"/>
  <system-out/>
  <testcase classname="_2099PreviousEmployment.TC830_837EE_Previous_Yr_Detail" name="GoToUrlAssertUrlPositiveEnterEnterUsernamePositiveEnterEnterpasswordClickLoginButtonGoToUrlAs4" time="40.045"/>
  <system-out/>
  <testcase classname="_2099PreviousEmployment.TC830_837EE_Previous_Yr_Detail" name="GoToUrlAssertUrlPositiveEnterEnterUsernamePositiveEnterEnterpasswordClickLoginButtonGoToUrlAs5" time="38.873"/>
  <system-out/>
  <testcase classname="_2099PreviousEmployment.TC830_837EE_Previous_Yr_Detail" name="GoToUrlAssertUrlPositiveEnterEnterUsernamePositiveEnterEnterpasswordClickLoginButtonGoToUrlAs6" time="38.410"/>
  <system-out/>
  <testcase classname="_2099PreviousEmployment.TC830_837EE_Previous_Yr_Detail" name="GoToUrlAssertUrlPositiveEnterEnterUsernamePositiveEnterEnterpasswordClickLoginButtonGoToUrlAs7" time="39.430"/>
  <system-out/>
  <testcase classname="_2099PreviousEmployment.TC830_837EE_Previous_Yr_Detail" name="GoToUrlAssertUrlPositiveEnterEnterUsernamePositiveEnterEnterpasswordClickLoginButtonGoToUrlAs8" time="38.200"/>
  <system-out/>
</testsuite> <!-- _2099PreviousEmployment.TC830_837EE_Previous_Yr_Detail -->
