<?xml version="1.0" encoding="UTF-8"?>
<!-- Generated by org.testng.reporters.JUnitReportReporter -->
<testsuite hostname="Nom-31" failures="0" tests="1" name="test.frequency.subScriptFortnightFrequency_DefaultProfile" time="61.949" errors="0" timestamp="2021-06-04T16:38:02 IST" skipped="0">
  <testcase classname="test.frequency.subScriptFortnightFrequency_DefaultProfile" name="GoToUrlAssertUrlPositiveEnterEnterUsernamePositiveEnterEnterpasswordClickLoginButtonGoToUrlAs1" time="61.949"/>
  <system-out/>
</testsuite> <!-- test.frequency.subScriptFortnightFrequency_DefaultProfile -->
