<?xml version="1.0" encoding="UTF-8"?>
<!-- Generated by org.testng.reporters.JUnitReportReporter -->
<testsuite hostname="Nom-31" failures="0" tests="1" name="tests.TC04ClosePayeWithoutRunPayrollSubscript" time="61.305" errors="0" timestamp="2022-01-31T12:53:33 IST" skipped="0">
  <testcase classname="tests.TC04ClosePayeWithoutRunPayrollSubscript" name="GoToUrlAssertUrlPositiveEnterEnterUsernamePositiveEnterEnterpasswordClickLoginButtonGoToUrlAs1" time="61.305"/>
  <system-out/>
</testsuite> <!-- tests.TC04ClosePayeWithoutRunPayrollSubscript -->
