<?xml version="1.0" encoding="UTF-8"?>
<!-- Generated by org.testng.reporters.JUnitReportReporter -->
<testsuite hostname="Nom-31" failures="0" tests="7" name="AOE.TC859_865AOE_ChildSupportPopupA5" time="366.761" errors="0" timestamp="2022-03-14T15:26:38 IST" skipped="0">
  <testcase classname="AOE.TC859_865AOE_ChildSupportPopupA5" name="GoToUrlAssertUrlPositiveEnterEnterUsernamePositiveEnterEnterpasswordClickLoginButtonGoToUrlAs1" time="44.518"/>
  <system-out/>
  <testcase classname="AOE.TC859_865AOE_ChildSupportPopupA5" name="GoToUrlAssertUrlPositiveEnterEnterUsernamePositiveEnterEnterpasswordClickLoginButtonGoToUrlAs2" time="47.100"/>
  <system-out/>
  <testcase classname="AOE.TC859_865AOE_ChildSupportPopupA5" name="GoToUrlAssertUrlPositiveEnterEnterUsernamePositiveEnterEnterpasswordClickLoginButtonGoToUrlAs3" time="54.067"/>
  <system-out/>
  <testcase classname="AOE.TC859_865AOE_ChildSupportPopupA5" name="GoToUrlAssertUrlPositiveEnterEnterUsernamePositiveEnterEnterpasswordClickLoginButtonGoToUrlAs4" time="54.735"/>
  <system-out/>
  <testcase classname="AOE.TC859_865AOE_ChildSupportPopupA5" name="GoToUrlAssertUrlPositiveEnterEnterUsernamePositiveEnterEnterpasswordClickLoginButtonGoToUrlAs5" time="54.201"/>
  <system-out/>
  <testcase classname="AOE.TC859_865AOE_ChildSupportPopupA5" name="GoToUrlAssertUrlPositiveEnterEnterUsernamePositiveEnterEnterpasswordClickLoginButtonGoToUrlAs6" time="56.984"/>
  <system-out/>
  <testcase classname="AOE.TC859_865AOE_ChildSupportPopupA5" name="GoToUrlAssertUrlPositiveEnterEnterUsernamePositiveEnterEnterpasswordClickLoginButtonGoToUrlAs7" time="55.156"/>
  <system-out/>
</testsuite> <!-- AOE.TC859_865AOE_ChildSupportPopupA5 -->
