<?xml version="1.0" encoding="UTF-8"?>
<!-- Generated by org.testng.reporters.JUnitReportReporter -->
<testsuite hostname="Nom-31" failures="0" tests="1" name="_1911test.TC678ZIPprotectionReportsPayslipEE" time="64.866" errors="0" timestamp="2022-01-31T05:54:55 IST" skipped="0">
  <testcase classname="_1911test.TC678ZIPprotectionReportsPayslipEE" name="GoToUrlAssertUrlPositiveEnterEnterUsernamePositiveEnterEnterpasswordClickLoginButtonGoToUrlAs" time="64.866"/>
  <system-out/>
</testsuite> <!-- _1911test.TC678ZIPprotectionReportsPayslipEE -->
