<?xml version="1.0" encoding="UTF-8"?>
<!-- Generated by org.testng.reporters.JUnitReportReporter -->
<testsuite hostname="Nom-31" failures="0" tests="6" name="_1912.TC377_382_1912TwoDir" time="254.117" errors="0" timestamp="2022-03-14T15:26:37 IST" skipped="0">
  <testcase classname="_1912.TC377_382_1912TwoDir" name="GoToUrlAssertUrlClickRunPayroll1ClickRunPayroll2ClickgetSuccessMsgClickUndoLastPayrollClickcl" time="43.630"/>
  <system-out/>
  <testcase classname="_1912.TC377_382_1912TwoDir" name="GoToUrlAssertUrlClickRunPayroll1ClickRunPayroll2ClickgetSuccessMsgClickUndoLastPayrollClickc2" time="43.363"/>
  <system-out/>
  <testcase classname="_1912.TC377_382_1912TwoDir" name="GoToUrlAssertUrlClickRunPayroll1ClickRunPayroll2ClickgetSuccessMsgClickUndoLastPayrollClickc3" time="43.204"/>
  <system-out/>
  <testcase classname="_1912.TC377_382_1912TwoDir" name="GoToUrlAssertUrlClickRunPayroll1ClickRunPayroll2ClickgetSuccessMsgClickUndoLastPayrollClickc4" time="42.249"/>
  <system-out/>
  <testcase classname="_1912.TC377_382_1912TwoDir" name="GoToUrlAssertUrlClickRunPayroll1ClickRunPayroll2ClickgetSuccessMsgClickUndoLastPayrollClickc5" time="40.709"/>
  <system-out/>
  <testcase classname="_1912.TC377_382_1912TwoDir" name="GoToUrlAssertUrlClickRunPayroll1ClickRunPayroll2ClickgetSuccessMsgClickUndoLastPayrollClickc6" time="40.962"/>
  <system-out/>
</testsuite> <!-- _1912.TC377_382_1912TwoDir -->
