<?xml version="1.0" encoding="UTF-8"?>
<!-- Generated by org.testng.reporters.JUnitReportReporter -->
<testsuite hostname="Nom-31" failures="0" tests="1" name="_1744CISDSBTest.TC508MakeInactiveandcheckRemovalFromField" time="65.171" errors="0" timestamp="2022-01-31T05:54:55 IST" skipped="0">
  <testcase classname="_1744CISDSBTest.TC508MakeInactiveandcheckRemovalFromField" name="GoToUrlAssertUrlPositiveEnterEnterUsernamePositiveEnterEnterpasswordClickLoginButtonGoToUrlAs" time="65.171"/>
  <system-out/>
</testsuite> <!-- _1744CISDSBTest.TC508MakeInactiveandcheckRemovalFromField -->
