<?xml version="1.0" encoding="UTF-8"?>
<!-- Generated by org.testng.reporters.JUnitReportReporter -->
<testsuite hostname="Nom-31" failures="0" tests="4" name="_2078Test.TC414_417PaymentofMonthwhen1" time="177.259" errors="0" timestamp="2021-12-21T12:09:45 IST" skipped="0">
  <testcase classname="_2078Test.TC414_417PaymentofMonthwhen1" name="GoToUrlAssertUrlPositiveEnterEnterUsernamePositiveEnterEnterpasswordClickLoginButtonGoToUrlAs1" time="55.865"/>
  <system-out/>
  <testcase classname="_2078Test.TC414_417PaymentofMonthwhen1" name="GoToUrlAssertUrlClickRunPayroll1ClickRunPayroll2ClickgetSuccessMsgClickUndoLastPayrollClickcl" time="42.477"/>
  <system-out/>
  <testcase classname="_2078Test.TC414_417PaymentofMonthwhen1" name="GoToUrlAssertUrlClickRunPayroll1ClickRunPayroll2ClickgetSuccessMsgClickUndoLastPayrollClickc2" time="39.844"/>
  <system-out/>
  <testcase classname="_2078Test.TC414_417PaymentofMonthwhen1" name="GoToUrlAssertUrlClickRunPayroll1ClickRunPayroll2ClickgetSuccessMsgClickUndoLastPayrollClickc4" time="39.073"/>
  <system-out/>
</testsuite> <!-- _2078Test.TC414_417PaymentofMonthwhen1 -->
