<?xml version="1.0" encoding="UTF-8"?>
<!-- Generated by org.testng.reporters.JUnitReportReporter -->
<testsuite hostname="Nom-31" failures="0" tests="2" name="_1750Test.TC788_789RTI_List" time="64.011" errors="0" timestamp="2022-03-14T15:26:38 IST" skipped="0">
  <testcase classname="_1750Test.TC788_789RTI_List" name="GoToUrlAssertUrlPositiveEnterEnterUsernamePositiveEnterEnterpasswordClickLoginButtonGoToUrlAs" time="37.096"/>
  <system-out/>
  <testcase classname="_1750Test.TC788_789RTI_List" name="GoToUrlAssertUrlPositiveEnterEnterUsernamePositiveEnterEnterpasswordClickLoginButtonGoToUrlAs1" time="26.915"/>
  <system-out/>
</testsuite> <!-- _1750Test.TC788_789RTI_List -->
