<?xml version="1.0" encoding="UTF-8"?>
<!-- Generated by org.testng.reporters.JUnitReportReporter -->
<testsuite hostname="Nom-31" failures="0" tests="7" name="AOE.TC859_865AOE_ChildSupportPopup" time="403.192" errors="0" timestamp="2022-01-31T05:54:55 IST" skipped="0">
  <testcase classname="AOE.TC859_865AOE_ChildSupportPopup" name="GoToUrlAssertUrlPositiveEnterEnterUsernamePositiveEnterEnterpasswordClickLoginButtonGoToUrlAs1" time="50.516"/>
  <system-out/>
  <testcase classname="AOE.TC859_865AOE_ChildSupportPopup" name="GoToUrlAssertUrlPositiveEnterEnterUsernamePositiveEnterEnterpasswordClickLoginButtonGoToUrlAs2" time="54.611"/>
  <system-out/>
  <testcase classname="AOE.TC859_865AOE_ChildSupportPopup" name="GoToUrlAssertUrlPositiveEnterEnterUsernamePositiveEnterEnterpasswordClickLoginButtonGoToUrlAs3" time="57.212"/>
  <system-out/>
  <testcase classname="AOE.TC859_865AOE_ChildSupportPopup" name="GoToUrlAssertUrlPositiveEnterEnterUsernamePositiveEnterEnterpasswordClickLoginButtonGoToUrlAs4" time="58.405"/>
  <system-out/>
  <testcase classname="AOE.TC859_865AOE_ChildSupportPopup" name="GoToUrlAssertUrlPositiveEnterEnterUsernamePositiveEnterEnterpasswordClickLoginButtonGoToUrlAs5" time="57.688"/>
  <system-out/>
  <testcase classname="AOE.TC859_865AOE_ChildSupportPopup" name="GoToUrlAssertUrlPositiveEnterEnterUsernamePositiveEnterEnterpasswordClickLoginButtonGoToUrlAs6" time="62.405"/>
  <system-out/>
  <testcase classname="AOE.TC859_865AOE_ChildSupportPopup" name="GoToUrlAssertUrlPositiveEnterEnterUsernamePositiveEnterEnterpasswordClickLoginButtonGoToUrlAs7" time="62.355"/>
  <system-out/>
</testsuite> <!-- AOE.TC859_865AOE_ChildSupportPopup -->
