<?xml version="1.0" encoding="UTF-8"?>
<!-- Generated by org.testng.reporters.JUnitReportReporter -->
<testsuite hostname="Nom-31" failures="0" tests="1" name="Company_Director_Tests.TC8_CD_Alt_ResignBetweenTxYr_DefaultProfile1" time="40.424" errors="0" timestamp="2021-06-05T20:52:27 IST" skipped="0">
  <testcase classname="Company_Director_Tests.TC8_CD_Alt_ResignBetweenTxYr_DefaultProfile1" name="GoToUrlAssertUrlClickgotoReportsClickclickP11ClickgetLELAmountClickgetPTAmountClickgetUELAmou" time="40.424"/>
  <system-out/>
</testsuite> <!-- Company_Director_Tests.TC8_CD_Alt_ResignBetweenTxYr_DefaultProfile1 -->
