<?xml version="1.0" encoding="UTF-8"?>
<!-- Generated by org.testng.reporters.JUnitReportReporter -->
<testsuite hostname="Nom-31" failures="0" tests="1" name="frequencytest.TC51subscriptChngfrqMtoFourWeekly" time="55.338" errors="0" timestamp="2021-12-21T12:09:45 IST" skipped="0">
  <testcase classname="frequencytest.TC51subscriptChngfrqMtoFourWeekly" name="GoToUrlAssertUrlPositiveEnterEnterUsernamePositiveEnterEnterpasswordClickLoginButtonGoToUrlAs1" time="55.338"/>
  <system-out/>
</testsuite> <!-- frequencytest.TC51subscriptChngfrqMtoFourWeekly -->
