<?xml version="1.0" encoding="UTF-8"?>
<!-- Generated by org.testng.reporters.JUnitReportReporter -->
<testsuite hostname="Nom-31" failures="0" tests="2" name="tests.TC10subscriptDeregisterWithEmploye_DefaultProfile" time="392.751" errors="0" timestamp="2022-03-14T15:26:38 IST" skipped="0">
  <testcase classname="tests.TC10subscriptDeregisterWithEmploye_DefaultProfile" name="GoToUrlAssertUrlPositiveSelectStatusSearch1ClickSelectCheckBoxPositiveSelectSubmitReasonClickS1" time="197.752"/>
  <system-out/>
  <testcase classname="tests.TC10subscriptDeregisterWithEmploye_DefaultProfile" name="GoToUrlAssertUrlPositiveSelectStatusSearch1ClickSelectCheckBoxPositiveSelectSubmitReasonClickS1" time="194.999"/>
  <system-out/>
</testsuite> <!-- tests.TC10subscriptDeregisterWithEmploye_DefaultProfile -->
