<?xml version="1.0" encoding="UTF-8"?>
<!-- Generated by org.testng.reporters.JUnitReportReporter -->
<testsuite hostname="Nom-31" failures="0" tests="1" name="verifySummaryReportsData.TC286chkPaymentssummarywhenOverpayment_Mnthly" time="76.211" errors="0" timestamp="2022-01-31T05:54:56 IST" skipped="0">
  <testcase classname="verifySummaryReportsData.TC286chkPaymentssummarywhenOverpayment_Mnthly" name="GoToUrlAssertUrlClickclickAllowancesSchemesClickmarkYesClickclickSaveClickgotoPayrollDashboard" time="76.211"/>
  <system-out/>
</testsuite> <!-- verifySummaryReportsData.TC286chkPaymentssummarywhenOverpayment_Mnthly -->
