<?xml version="1.0" encoding="UTF-8"?>
<!-- Generated by org.testng.reporters.JUnitReportReporter -->
<testsuite hostname="Nom-31" failures="0" tests="3" name="PayrollDashboardUItest.TC321_323PayrollDoUndo" time="119.229" errors="0" timestamp="2021-12-06T22:39:04 IST" skipped="0">
  <testcase classname="PayrollDashboardUItest.TC321_323PayrollDoUndo" name="GoToUrlAssertUrlClickRunPayroll1ClickRunPayroll2ClickgetSuccessMsgClickUndoLastPayrollClickcl" time="43.719"/>
  <system-out/>
  <testcase classname="PayrollDashboardUItest.TC321_323PayrollDoUndo" name="GoToUrlAssertUrlClickRunPayroll1ClickRunPayroll2ClickgetSuccessMsgClickUndoLastPayrollClickc" time="38.932"/>
  <system-out/>
  <testcase classname="PayrollDashboardUItest.TC321_323PayrollDoUndo" name="GoToUrlAssertUrlClickRunPayroll1ClickRunPayroll2ClickgetSuccessMsgClickUndoLastPayrollClickc2" time="36.578"/>
  <system-out/>
</testsuite> <!-- PayrollDashboardUItest.TC321_323PayrollDoUndo -->
