<?xml version="1.0" encoding="UTF-8"?>
<!-- Generated by org.testng.reporters.JUnitReportReporter -->
<testsuite hostname="Nom-31" failures="0" tests="1" name="EPStest.subscriptyearEndEPS" time="40.125" errors="0" timestamp="2021-06-03T17:19:15 IST" skipped="0">
  <testcase classname="EPStest.subscriptyearEndEPS" name="GoToUrlAssertUrlPositiveEnterEnterUsernamePositiveEnterEnterpasswordClickLoginButtonGoToUrlAs1" time="40.125"/>
  <system-out/>
</testsuite> <!-- EPStest.subscriptyearEndEPS -->
