<?xml version="1.0" encoding="UTF-8"?>
<!-- Generated by org.testng.reporters.JUnitReportReporter -->
<testsuite hostname="Nom-31" failures="0" tests="6" name="_1748RunPayrollfromAgent.TC726_731CheckPayroll_OnHoldClient1" time="200.790" errors="0" timestamp="2022-03-14T15:26:38 IST" skipped="0">
  <testcase classname="_1748RunPayrollfromAgent.TC726_731CheckPayroll_OnHoldClient1" name="OnHold_Overdue" time="34.327"/>
  <system-out/>
  <testcase classname="_1748RunPayrollfromAgent.TC726_731CheckPayroll_OnHoldClient1" name="OnHold_1week" time="32.821"/>
  <system-out/>
  <testcase classname="_1748RunPayrollfromAgent.TC726_731CheckPayroll_OnHoldClient1" name="OnHold_1Month" time="32.752"/>
  <system-out/>
  <testcase classname="_1748RunPayrollfromAgent.TC726_731CheckPayroll_OnHoldClient1" name="OnHold_2Month" time="34.220"/>
  <system-out/>
  <testcase classname="_1748RunPayrollfromAgent.TC726_731CheckPayroll_OnHoldClient1" name="OnHold_3_6Month" time="33.013"/>
  <system-out/>
  <testcase classname="_1748RunPayrollfromAgent.TC726_731CheckPayroll_OnHoldClient1" name="OnHold_6plusMonth" time="33.657"/>
  <system-out/>
</testsuite> <!-- _1748RunPayrollfromAgent.TC726_731CheckPayroll_OnHoldClient1 -->
