<?xml version="1.0" encoding="UTF-8"?>
<!-- Generated by org.testng.reporters.JUnitReportReporter -->
<testsuite hostname="Nom-31" failures="0" tests="1" name="Quaterly_Paye_Scheme_test.subscriptMulfreqQPSdisable" time="69.116" errors="0" timestamp="2021-06-05T13:21:37 IST" skipped="0">
  <testcase classname="Quaterly_Paye_Scheme_test.subscriptMulfreqQPSdisable" name="GoToUrlAssertUrlPositiveEnterEnterUsernamePositiveEnterEnterpasswordClickLoginButtonGoToUrlAs" time="69.116"/>
  <system-out/>
</testsuite> <!-- Quaterly_Paye_Scheme_test.subscriptMulfreqQPSdisable -->
