<?xml version="1.0" encoding="UTF-8"?>
<!-- Generated by org.testng.reporters.JUnitReportReporter -->
<testsuite hostname="Nom-31" failures="0" tests="4" name="_2078Test.TC414_417PaymentofMonthwhen1" time="198.174" errors="0" timestamp="2022-01-31T05:54:56 IST" skipped="0">
  <testcase classname="_2078Test.TC414_417PaymentofMonthwhen1" name="GoToUrlAssertUrlPositiveEnterEnterUsernamePositiveEnterEnterpasswordClickLoginButtonGoToUrlAs1" time="64.291"/>
  <system-out/>
  <testcase classname="_2078Test.TC414_417PaymentofMonthwhen1" name="GoToUrlAssertUrlClickRunPayroll1ClickRunPayroll2ClickgetSuccessMsgClickUndoLastPayrollClickcl" time="43.415"/>
  <system-out/>
  <testcase classname="_2078Test.TC414_417PaymentofMonthwhen1" name="GoToUrlAssertUrlClickRunPayroll1ClickRunPayroll2ClickgetSuccessMsgClickUndoLastPayrollClickc2" time="46.683"/>
  <system-out/>
  <testcase classname="_2078Test.TC414_417PaymentofMonthwhen1" name="GoToUrlAssertUrlClickRunPayroll1ClickRunPayroll2ClickgetSuccessMsgClickUndoLastPayrollClickc4" time="43.785"/>
  <system-out/>
</testsuite> <!-- _2078Test.TC414_417PaymentofMonthwhen1 -->
