<?xml version="1.0" encoding="UTF-8"?>
<!-- Generated by org.testng.reporters.JUnitReportReporter -->
<testsuite hostname="Nom-31" failures="0" tests="1" name="SMP_XML.TC552SMP_XMLFortNight3" time="37.430" errors="0" timestamp="2021-12-21T12:09:45 IST" skipped="0">
  <testcase classname="SMP_XML.TC552SMP_XMLFortNight3" name="GoToUrlAssertUrlClickgotoReportsClickclickP11ClickgetLELAmountClickgetPTAmountClickgetUELAmou" time="37.430"/>
  <system-out/>
</testsuite> <!-- SMP_XML.TC552SMP_XMLFortNight3 -->
