<?xml version="1.0" encoding="UTF-8"?>
<!-- Generated by org.testng.reporters.JUnitReportReporter -->
<testsuite hostname="Nom-31" failures="0" tests="1" name="PaymentManagement.subscriptPaymentmmgtwhenfreqMultiple" time="56.386" errors="0" timestamp="2021-06-05T14:06:34 IST" skipped="0">
  <testcase classname="PaymentManagement.subscriptPaymentmmgtwhenfreqMultiple" name="GoToUrlAssertUrlPositiveEnterEnterUsernamePositiveEnterEnterpasswordClickLoginButtonGoToUrlAs" time="56.386"/>
  <system-out/>
</testsuite> <!-- PaymentManagement.subscriptPaymentmmgtwhenfreqMultiple -->
